0 verbose cli C:\Program Files\nodejs\node.exe C:\Users\Asus\AppData\Roaming\npm\node_modules\npm\bin\npm-cli.js
1 info using npm@11.5.2
2 info using node@v22.17.0
3 silly config load:file:C:\Users\Asus\AppData\Roaming\npm\node_modules\npm\npmrc
4 silly config load:file:D:\Projects\Swasth-Raho\Backend\.npmrc
5 silly config load:file:C:\Users\Asus\.npmrc
6 silly config load:file:C:\Users\Asus\AppData\Roaming\npm\etc\npmrc
7 verbose title npm install socket.io
8 verbose argv "install" "socket.io"
9 verbose logfile logs-max:10 dir:D:\Projects\Swasth-Raho\Backend\npm-cache\_logs\2025-12-27T15_38_48_280Z-
10 verbose logfile D:\Projects\Swasth-Raho\Backend\npm-cache\_logs\2025-12-27T15_38_48_280Z-debug-0.log
11 silly logfile done cleaning log files
12 silly packumentCache heap:2197815296 maxSize:549453824 maxEntrySize:274726912
13 silly idealTree buildDeps
14 silly fetch manifest socket.io@*
15 silly packumentCache full:https://registry.npmjs.org/socket.io cache-miss
16 verbose shrinkwrap failed to load node_modules/.package-lock.json out of date, updated: node_modules
17 http fetch GET 200 https://registry.npmjs.org/socket.io 1207ms (cache miss)
18 silly packumentCache full:https://registry.npmjs.org/socket.io set size:undefined disposed:false
19 silly placeDep ROOT socket.io@4.8.3 OK for: backend@1.0.0 want: *
20 silly fetch manifest accepts@~1.3.4
21 silly packumentCache full:https://registry.npmjs.org/accepts cache-miss
22 silly fetch manifest base64id@~2.0.0
23 silly packumentCache full:https://registry.npmjs.org/base64id cache-miss
24 silly fetch manifest engine.io@~6.6.0
25 silly packumentCache full:https://registry.npmjs.org/engine.io cache-miss
26 silly fetch manifest socket.io-adapter@~2.5.2
27 silly packumentCache full:https://registry.npmjs.org/socket.io-adapter cache-miss
28 silly fetch manifest socket.io-parser@~4.2.4
29 silly packumentCache full:https://registry.npmjs.org/socket.io-parser cache-miss
30 http fetch GET 200 https://registry.npmjs.org/accepts 134ms (cache miss)
31 silly packumentCache full:https://registry.npmjs.org/accepts set size:undefined disposed:false
32 http fetch GET 200 https://registry.npmjs.org/socket.io-adapter 330ms (cache miss)
33 silly packumentCache full:https://registry.npmjs.org/socket.io-adapter set size:undefined disposed:false
34 http fetch GET 200 https://registry.npmjs.org/socket.io-parser 372ms (cache miss)
35 silly packumentCache full:https://registry.npmjs.org/socket.io-parser set size:undefined disposed:false
36 http fetch GET 200 https://registry.npmjs.org/base64id 620ms (cache miss)
37 silly packumentCache full:https://registry.npmjs.org/base64id set size:undefined disposed:false
38 http fetch GET 200 https://registry.npmjs.org/engine.io 1232ms (cache miss)
39 silly packumentCache full:https://registry.npmjs.org/engine.io set size:undefined disposed:false
40 silly placeDep node_modules/socket.io accepts@1.3.8 OK for: socket.io@4.8.3 want: ~1.3.4
41 silly placeDep ROOT base64id@2.0.0 OK for: socket.io@4.8.3 want: ~2.0.0
42 silly placeDep ROOT engine.io@6.6.5 OK for: socket.io@4.8.3 want: ~6.6.0
43 silly placeDep ROOT socket.io-adapter@2.5.6 OK for: socket.io@4.8.3 want: ~2.5.2
44 silly placeDep ROOT socket.io-parser@4.2.5 OK for: socket.io@4.8.3 want: ~4.2.4
45 silly fetch manifest mime-types@~2.1.34
46 silly packumentCache full:https://registry.npmjs.org/mime-types cache-miss
47 silly fetch manifest negotiator@0.6.3
48 silly packumentCache full:https://registry.npmjs.org/negotiator cache-miss
49 silly fetch manifest @types/cors@^2.8.12
50 silly packumentCache full:https://registry.npmjs.org/@types%2fcors cache-miss
51 silly fetch manifest @types/node@>=10.0.0
52 silly packumentCache full:https://registry.npmjs.org/@types%2fnode cache-miss
53 silly fetch manifest engine.io-parser@~5.2.1
54 silly packumentCache full:https://registry.npmjs.org/engine.io-parser cache-miss
55 silly fetch manifest @socket.io/component-emitter@~3.1.0
56 silly packumentCache full:https://registry.npmjs.org/@socket.io%2fcomponent-emitter cache-miss
57 http fetch GET 200 https://registry.npmjs.org/mime-types 130ms (cache miss)
58 silly packumentCache full:https://registry.npmjs.org/mime-types set size:undefined disposed:false
59 http fetch GET 200 https://registry.npmjs.org/negotiator 170ms (cache miss)
60 silly packumentCache full:https://registry.npmjs.org/negotiator set size:undefined disposed:false
61 http fetch GET 200 https://registry.npmjs.org/@types%2fcors 175ms (cache miss)
62 silly packumentCache full:https://registry.npmjs.org/@types%2fcors set size:undefined disposed:false
63 http fetch GET 200 https://registry.npmjs.org/engine.io-parser 1652ms (cache miss)
64 silly packumentCache full:https://registry.npmjs.org/engine.io-parser set size:undefined disposed:false
65 http fetch GET 200 https://registry.npmjs.org/@socket.io%2fcomponent-emitter 1774ms (cache miss)
66 silly packumentCache full:https://registry.npmjs.org/@socket.io%2fcomponent-emitter set size:undefined disposed:false
67 http fetch GET 200 https://registry.npmjs.org/@types%2fnode 2154ms (cache miss)
68 silly packumentCache full:https://registry.npmjs.org/@types%2fnode set size:undefined disposed:false
69 silly placeDep ROOT @types/cors@2.8.19 OK for: engine.io@6.6.5 want: ^2.8.12
70 silly placeDep ROOT @types/node@25.0.3 OK for: engine.io@6.6.5 want: >=10.0.0
71 silly placeDep node_modules/engine.io accepts@1.3.8 OK for: engine.io@6.6.5 want: ~1.3.4
72 silly placeDep ROOT engine.io-parser@5.2.3 OK for: engine.io@6.6.5 want: ~5.2.1
73 silly fetch manifest @types/node@*
74 silly packumentCache full:https://registry.npmjs.org/@types%2fnode cache-miss
75 silly fetch manifest undici-types@~7.16.0
76 silly packumentCache full:https://registry.npmjs.org/undici-types cache-miss
77 http cache https://registry.npmjs.org/@types%2fnode 55ms (cache hit)
78 silly packumentCache full:https://registry.npmjs.org/@types%2fnode set size:10733106 disposed:false
79 http fetch GET 200 https://registry.npmjs.org/undici-types 219ms (cache miss)
80 silly packumentCache full:https://registry.npmjs.org/undici-types set size:undefined disposed:false
81 silly placeDep ROOT undici-types@7.16.0 OK for: @types/node@25.0.3 want: ~7.16.0
82 silly placeDep ROOT @socket.io/component-emitter@3.1.2 OK for: socket.io-parser@4.2.5 want: ~3.1.0
83 silly placeDep node_modules/engine.io mime-types@2.1.35 OK for: accepts@1.3.8 want: ~2.1.34
84 silly placeDep node_modules/engine.io negotiator@0.6.3 OK for: accepts@1.3.8 want: 0.6.3
85 silly fetch manifest mime-db@1.52.0
86 silly packumentCache full:https://registry.npmjs.org/mime-db cache-miss
87 http fetch GET 200 https://registry.npmjs.org/mime-db 107ms (cache miss)
88 silly packumentCache full:https://registry.npmjs.org/mime-db set size:undefined disposed:false
89 silly placeDep node_modules/engine.io mime-db@1.52.0 OK for: mime-types@2.1.35 want: 1.52.0
90 silly placeDep node_modules/socket.io mime-types@2.1.35 OK for: accepts@1.3.8 want: ~2.1.34
91 silly placeDep node_modules/socket.io negotiator@0.6.3 OK for: accepts@1.3.8 want: 0.6.3
92 silly placeDep node_modules/socket.io mime-db@1.52.0 OK for: mime-types@2.1.35 want: 1.52.0
93 silly reify moves {}
94 silly audit bulk request {
94 silly audit   '@google/genai': [ '1.34.0' ],
94 silly audit   '@isaacs/cliui': [ '8.0.2' ],
94 silly audit   '@mongodb-js/saslprep': [ '1.3.1' ],
94 silly audit   '@pkgjs/parseargs': [ '0.11.0' ],
94 silly audit   '@types/webidl-conversions': [ '7.0.3' ],
94 silly audit   '@types/whatwg-url': [ '11.0.5' ],
94 silly audit   accepts: [ '2.0.0', '1.3.8' ],
94 silly audit   'agent-base': [ '7.1.4' ],
94 silly audit   'ansi-regex': [ '6.2.2', '5.0.1' ],
94 silly audit   'ansi-styles': [ '6.2.3', '4.3.0' ],
94 silly audit   anymatch: [ '3.1.3' ],
94 silly audit   asynckit: [ '0.4.0' ],
94 silly audit   axios: [ '1.13.2' ],
94 silly audit   'balanced-match': [ '1.0.2' ],
94 silly audit   'base64-js': [ '1.5.1' ],
94 silly audit   bcryptjs: [ '3.0.2' ],
94 silly audit   'bignumber.js': [ '9.3.1' ],
94 silly audit   'binary-extensions': [ '2.3.0' ],
94 silly audit   'body-parser': [ '2.2.0' ],
94 silly audit   'brace-expansion': [ '1.1.12', '2.0.2' ],
94 silly audit   braces: [ '3.0.3' ],
94 silly audit   bson: [ '6.10.4' ],
94 silly audit   'buffer-equal-constant-time': [ '1.0.1' ],
94 silly audit   bytes: [ '3.1.2' ],
94 silly audit   'call-bind-apply-helpers': [ '1.0.2' ],
94 silly audit   'call-bound': [ '1.0.4' ],
94 silly audit   chokidar: [ '3.6.0' ],
94 silly audit   'color-convert': [ '2.0.1' ],
94 silly audit   'color-name': [ '1.1.4' ],
94 silly audit   'combined-stream': [ '1.0.8' ],
94 silly audit   'concat-map': [ '0.0.1' ],
94 silly audit   'content-disposition': [ '1.0.0' ],
94 silly audit   'content-type': [ '1.0.5' ],
94 silly audit   cookie: [ '0.7.2' ],
94 silly audit   'cookie-parser': [ '1.4.7' ],
94 silly audit   'cookie-signature': [ '1.0.6', '1.2.2' ],
94 silly audit   cors: [ '2.8.5' ],
94 silly audit   'cross-spawn': [ '7.0.6' ],
94 silly audit   'data-uri-to-buffer': [ '4.0.1' ],
94 silly audit   debug: [ '4.4.3' ],
94 silly audit   'delayed-stream': [ '1.0.0' ],
94 silly audit   depd: [ '2.0.0' ],
94 silly audit   dotenv: [ '17.2.3' ],
94 silly audit   'dunder-proto': [ '1.0.1' ],
94 silly audit   eastasianwidth: [ '0.2.0' ],
94 silly audit   'ecdsa-sig-formatter': [ '1.0.11' ],
94 silly audit   'ee-first': [ '1.1.1' ],
94 silly audit   'emoji-regex': [ '9.2.2', '8.0.0' ],
94 silly audit   encodeurl: [ '2.0.0' ],
94 silly audit   'es-define-property': [ '1.0.1' ],
94 silly audit   'es-errors': [ '1.3.0' ],
94 silly audit   'es-object-atoms': [ '1.1.1' ],
94 silly audit   'es-set-tostringtag': [ '2.1.0' ],
94 silly audit   'escape-html': [ '1.0.3' ],
94 silly audit   etag: [ '1.8.1' ],
94 silly audit   express: [ '5.1.0' ],
94 silly audit   extend: [ '3.0.2' ],
94 silly audit   'fetch-blob': [ '3.2.0' ],
94 silly audit   'fill-range': [ '7.1.1' ],
94 silly audit   finalhandler: [ '2.1.0' ],
94 silly audit   'follow-redirects': [ '1.15.11' ],
94 silly audit   'foreground-child': [ '3.3.1' ],
94 silly audit   'form-data': [ '4.0.5' ],
94 silly audit   'mime-db': [ '1.52.0', '1.54.0' ],
94 silly audit   'mime-types': [ '2.1.35', '3.0.1' ],
94 silly audit   'formdata-polyfill': [ '4.0.10' ],
94 silly audit   forwarded: [ '0.2.0' ],
94 silly audit   fresh: [ '2.0.0' ],
94 silly audit   fsevents: [ '2.3.3' ],
94 silly audit   'function-bind': [ '1.1.2' ],
94 silly audit   gaxios: [ '7.1.3' ],
94 silly audit   'get-intrinsic': [ '1.3.0' ],
94 silly audit   'get-proto': [ '1.0.1' ],
94 silly audit   glob: [ '10.5.0' ],
94 silly audit   'glob-parent': [ '5.1.2' ],
94 silly audit   minimatch: [ '9.0.5', '3.1.2' ],
94 silly audit   'google-auth-library': [ '10.5.0' ],
94 silly audit   'gcp-metadata': [ '8.1.2' ],
94 silly audit   jwa: [ '2.0.1', '1.4.2' ],
94 silly audit   jws: [ '4.0.1', '3.2.2' ],
94 silly audit   'google-logging-utils': [ '1.1.3' ],
94 silly audit   gopd: [ '1.2.0' ],
94 silly audit   gtoken: [ '8.0.0' ],
94 silly audit   'has-flag': [ '3.0.0' ],
94 silly audit   'has-symbols': [ '1.1.0' ],
94 silly audit   'has-tostringtag': [ '1.0.2' ],
94 silly audit   hasown: [ '2.0.2' ],
94 silly audit   'http-errors': [ '2.0.0' ],
94 silly audit   statuses: [ '2.0.1', '2.0.2' ],
94 silly audit   'https-proxy-agent': [ '7.0.6' ],
94 silly audit   'iconv-lite': [ '0.6.3', '0.7.0' ],
94 silly audit   'ignore-by-default': [ '1.0.1' ],
94 silly audit   inherits: [ '2.0.4' ],
94 silly audit   'ipaddr.js': [ '1.9.1' ],
94 silly audit   'is-binary-path': [ '2.1.0' ],
94 silly audit   'is-extglob': [ '2.1.1' ],
94 silly audit   'is-fullwidth-code-point': [ '3.0.0' ],
94 silly audit   'is-glob': [ '4.0.3' ],
94 silly audit   'is-number': [ '7.0.0' ],
94 silly audit   'is-promise': [ '4.0.0' ],
94 silly audit   isexe: [ '2.0.0' ],
94 silly audit   jackspeak: [ '3.4.3' ],
94 silly audit   'json-bigint': [ '1.0.0' ],
94 silly audit   jsonwebtoken: [ '9.0.2' ],
94 silly audit   kareem: [ '2.6.3' ],
94 silly audit   'lodash.includes': [ '4.3.0' ],
94 silly audit   'lodash.isboolean': [ '3.0.3' ],
94 silly audit   'lodash.isinteger': [ '4.0.4' ],
94 silly audit   'lodash.isnumber': [ '3.0.3' ],
94 silly audit   'lodash.isplainobject': [ '4.0.6' ],
94 silly audit   'lodash.isstring': [ '4.0.1' ],
94 silly audit   'lodash.once': [ '4.1.1' ],
94 silly audit   'lru-cache': [ '10.4.3' ],
94 silly audit   'math-intrinsics': [ '1.1.0' ],
94 silly audit   'media-typer': [ '1.1.0' ],
94 silly audit   'memory-pager': [ '1.5.0' ],
94 silly audit   'merge-descriptors': [ '2.0.0' ],
94 silly audit   minipass: [ '7.1.2' ],
94 silly audit   mongodb: [ '6.20.0' ],
94 silly audit   'mongodb-connection-string-url': [ '3.0.2' ],
94 silly audit   mongoose: [ '8.19.1' ],
94 silly audit   mpath: [ '0.9.0' ],
94 silly audit   mquery: [ '5.0.0' ],
94 silly audit   ms: [ '2.1.3' ],
94 silly audit   negotiator: [ '1.0.0', '0.6.3' ],
94 silly audit   'node-domexception': [ '1.0.0' ],
94 silly audit   'node-fetch': [ '3.3.2' ],
94 silly audit   nodemon: [ '3.1.10' ],
94 silly audit   'normalize-path': [ '3.0.0' ],
94 silly audit   'object-assign': [ '4.1.1' ],
94 silly audit   'object-inspect': [ '1.13.4' ],
94 silly audit   'on-finished': [ '2.4.1' ],
94 silly audit   once: [ '1.4.0' ],
94 silly audit   'package-json-from-dist': [ '1.0.1' ],
94 silly audit   parseurl: [ '1.3.3' ],
94 silly audit   'path-key': [ '3.1.1' ],
94 silly audit   'path-scurry': [ '1.11.1' ],
94 silly audit   'path-to-regexp': [ '8.3.0' ],
94 silly audit   picomatch: [ '2.3.1' ],
94 silly audit   'proxy-addr': [ '2.0.7' ],
94 silly audit   'proxy-from-env': [ '1.1.0' ],
94 silly audit   'pstree.remy': [ '1.1.8' ],
94 silly audit   punycode: [ '2.3.1' ],
94 silly audit   qs: [ '6.14.0' ],
94 silly audit   'range-parser': [ '1.2.1' ],
94 silly audit   'raw-body': [ '3.0.1' ],
94 silly audit   readdirp: [ '3.6.0' ],
94 silly audit   rimraf: [ '5.0.10' ],
94 silly audit   router: [ '2.2.0' ],
94 silly audit   'safe-buffer': [ '5.2.1' ],
94 silly audit   'safer-buffer': [ '2.1.2' ],
94 silly audit   semver: [ '7.7.3' ],
94 silly audit   send: [ '1.2.0' ],
94 silly audit   'serve-static': [ '2.2.0' ],
94 silly audit   setprototypeof: [ '1.2.0' ],
94 silly audit   'shebang-command': [ '2.0.0' ],
94 silly audit   'shebang-regex': [ '3.0.0' ],
94 silly audit   'side-channel': [ '1.1.0' ],
94 silly audit   'side-channel-list': [ '1.0.0' ],
94 silly audit   'side-channel-map': [ '1.0.1' ],
94 silly audit   'side-channel-weakmap': [ '1.0.2' ],
94 silly audit   sift: [ '17.1.3' ],
94 silly audit   'signal-exit': [ '4.1.0' ],
94 silly audit   'simple-update-notifier': [ '2.0.0' ],
94 silly audit   'sparse-bitfield': [ '3.0.3' ],
94 silly audit   'string-width': [ '5.1.2', '4.2.3' ],
94 silly audit   'strip-ansi': [ '6.0.1', '7.1.2' ],
94 silly audit   'supports-color': [ '5.5.0' ],
94 silly audit   'to-regex-range': [ '5.0.1' ],
94 silly audit   toidentifier: [ '1.0.1' ],
94 silly audit   touch: [ '3.1.1' ],
94 silly audit   tr46: [ '5.1.1' ],
94 silly audit   'type-is': [ '2.0.1' ],
94 silly audit   undefsafe: [ '2.0.5' ],
94 silly audit   unpipe: [ '1.0.0' ],
94 silly audit   vary: [ '1.1.2' ],
94 silly audit   'web-streams-polyfill': [ '3.3.3' ],
94 silly audit   'webidl-conversions': [ '7.0.0' ],
94 silly audit   'whatwg-url': [ '14.2.0' ],
94 silly audit   which: [ '2.0.2' ],
94 silly audit   'wrap-ansi': [ '8.1.0', '7.0.0' ],
94 silly audit   wrappy: [ '1.0.2' ],
94 silly audit   ws: [ '8.18.3' ],
94 silly audit   'socket.io': [ '4.8.3' ],
94 silly audit   base64id: [ '2.0.0' ],
94 silly audit   'engine.io': [ '6.6.5' ],
94 silly audit   'socket.io-adapter': [ '2.5.6' ],
94 silly audit   'socket.io-parser': [ '4.2.5' ],
94 silly audit   '@types/cors': [ '2.8.19' ],
94 silly audit   '@types/node': [ '25.0.3' ],
94 silly audit   'engine.io-parser': [ '5.2.3' ],
94 silly audit   'undici-types': [ '7.16.0' ],
94 silly audit   '@socket.io/component-emitter': [ '3.1.2' ]
94 silly audit }
95 verbose reify failed optional dependency D:\Projects\Swasth-Raho\Backend\node_modules\fsevents
96 silly reify mark deleted [ 'D:\\Projects\\Swasth-Raho\\Backend\\node_modules\\fsevents' ]
97 http cache undici-types@https://registry.npmjs.org/undici-types/-/undici-types-7.16.0.tgz 0ms (cache hit)
98 http cache @socket.io/component-emitter@https://registry.npmjs.org/@socket.io/component-emitter/-/component-emitter-3.1.2.tgz 0ms (cache hit)
99 http cache engine.io-parser@https://registry.npmjs.org/engine.io-parser/-/engine.io-parser-5.2.3.tgz 0ms (cache hit)
100 http cache socket.io-parser@https://registry.npmjs.org/socket.io-parser/-/socket.io-parser-4.2.5.tgz 0ms (cache hit)
101 http cache @types/node@https://registry.npmjs.org/@types/node/-/node-25.0.3.tgz 0ms (cache hit)
102 http cache @types/cors@https://registry.npmjs.org/@types/cors/-/cors-2.8.19.tgz 0ms (cache hit)
103 http cache socket.io-adapter@https://registry.npmjs.org/socket.io-adapter/-/socket.io-adapter-2.5.6.tgz 1ms (cache hit)
104 http cache mime-db@https://registry.npmjs.org/mime-db/-/mime-db-1.52.0.tgz 0ms (cache hit)
105 http cache mime-db@https://registry.npmjs.org/mime-db/-/mime-db-1.52.0.tgz 0ms (cache hit)
106 http cache base64id@https://registry.npmjs.org/base64id/-/base64id-2.0.0.tgz 0ms (cache hit)
107 http cache engine.io@https://registry.npmjs.org/engine.io/-/engine.io-6.6.5.tgz 0ms (cache hit)
108 http cache socket.io@https://registry.npmjs.org/socket.io/-/socket.io-4.8.3.tgz 0ms (cache hit)
109 http cache accepts@https://registry.npmjs.org/accepts/-/accepts-1.3.8.tgz 0ms (cache hit)
110 http cache negotiator@https://registry.npmjs.org/negotiator/-/negotiator-0.6.3.tgz 0ms (cache hit)
111 http cache mime-types@https://registry.npmjs.org/mime-types/-/mime-types-2.1.35.tgz 0ms (cache hit)
112 http cache mime-types@https://registry.npmjs.org/mime-types/-/mime-types-2.1.35.tgz 0ms (cache hit)
113 http cache accepts@https://registry.npmjs.org/accepts/-/accepts-1.3.8.tgz 0ms (cache hit)
114 http cache negotiator@https://registry.npmjs.org/negotiator/-/negotiator-0.6.3.tgz 0ms (cache hit)
115 silly tarball no local data for undici-types@https://registry.npmjs.org/undici-types/-/undici-types-7.16.0.tgz. Extracting by manifest.
116 silly tarball no local data for @socket.io/component-emitter@https://registry.npmjs.org/@socket.io/component-emitter/-/component-emitter-3.1.2.tgz. Extracting by manifest.
117 silly tarball no local data for engine.io-parser@https://registry.npmjs.org/engine.io-parser/-/engine.io-parser-5.2.3.tgz. Extracting by manifest.
118 silly tarball no local data for socket.io-parser@https://registry.npmjs.org/socket.io-parser/-/socket.io-parser-4.2.5.tgz. Extracting by manifest.
119 silly tarball no local data for @types/node@https://registry.npmjs.org/@types/node/-/node-25.0.3.tgz. Extracting by manifest.
120 silly tarball no local data for @types/cors@https://registry.npmjs.org/@types/cors/-/cors-2.8.19.tgz. Extracting by manifest.
121 silly tarball no local data for socket.io-adapter@https://registry.npmjs.org/socket.io-adapter/-/socket.io-adapter-2.5.6.tgz. Extracting by manifest.
122 silly tarball no local data for mime-db@https://registry.npmjs.org/mime-db/-/mime-db-1.52.0.tgz. Extracting by manifest.
123 silly tarball no local data for mime-db@https://registry.npmjs.org/mime-db/-/mime-db-1.52.0.tgz. Extracting by manifest.
124 silly tarball no local data for base64id@https://registry.npmjs.org/base64id/-/base64id-2.0.0.tgz. Extracting by manifest.
125 silly tarball no local data for engine.io@https://registry.npmjs.org/engine.io/-/engine.io-6.6.5.tgz. Extracting by manifest.
126 silly tarball no local data for socket.io@https://registry.npmjs.org/socket.io/-/socket.io-4.8.3.tgz. Extracting by manifest.
127 silly tarball no local data for accepts@https://registry.npmjs.org/accepts/-/accepts-1.3.8.tgz. Extracting by manifest.
128 silly tarball no local data for negotiator@https://registry.npmjs.org/negotiator/-/negotiator-0.6.3.tgz. Extracting by manifest.
129 silly tarball no local data for mime-types@https://registry.npmjs.org/mime-types/-/mime-types-2.1.35.tgz. Extracting by manifest.
130 silly tarball no local data for mime-types@https://registry.npmjs.org/mime-types/-/mime-types-2.1.35.tgz. Extracting by manifest.
131 silly tarball no local data for accepts@https://registry.npmjs.org/accepts/-/accepts-1.3.8.tgz. Extracting by manifest.
132 silly tarball no local data for negotiator@https://registry.npmjs.org/negotiator/-/negotiator-0.6.3.tgz. Extracting by manifest.
133 http fetch GET 200 https://registry.npmjs.org/engine.io-parser/-/engine.io-parser-5.2.3.tgz 161ms (cache miss)
134 http fetch GET 200 https://registry.npmjs.org/socket.io-parser/-/socket.io-parser-4.2.5.tgz 257ms (cache miss)
135 http fetch GET 200 https://registry.npmjs.org/undici-types/-/undici-types-7.16.0.tgz 283ms (cache miss)
136 http fetch GET 200 https://registry.npmjs.org/mime-types/-/mime-types-2.1.35.tgz 292ms (cache miss)
137 http fetch POST 200 https://registry.npmjs.org/-/npm/v1/security/advisories/bulk 442ms
138 silly audit report {
138 silly audit report   'body-parser': [
138 silly audit report     {
138 silly audit report       id: 1110858,
138 silly audit report       url: 'https://github.com/advisories/GHSA-wqch-xfxh-vrr4',
138 silly audit report       title: 'body-parser is vulnerable to denial of service when url encoding is used',
138 silly audit report       severity: 'moderate',
138 silly audit report       vulnerable_versions: '>=2.2.0 <2.2.1',
138 silly audit report       cwe: [Array],
138 silly audit report       cvss: [Object]
138 silly audit report     }
138 silly audit report   ],
138 silly audit report   jws: [
138 silly audit report     {
138 silly audit report       id: 1111244,
138 silly audit report       url: 'https://github.com/advisories/GHSA-869p-cjfg-cm3x',
138 silly audit report       title: 'auth0/node-jws Improperly Verifies HMAC Signature',
138 silly audit report       severity: 'high',
138 silly audit report       vulnerable_versions: '<3.2.3',
138 silly audit report       cwe: [Array],
138 silly audit report       cvss: [Object]
138 silly audit report     }
138 silly audit report   ]
138 silly audit report }
139 silly packumentCache corgi:https://registry.npmjs.org/body-parser cache-miss
140 silly packumentCache corgi:https://registry.npmjs.org/jws cache-miss
141 http fetch GET 200 https://registry.npmjs.org/mime-types/-/mime-types-2.1.35.tgz 430ms (cache miss)
142 http fetch GET 200 https://registry.npmjs.org/accepts/-/accepts-1.3.8.tgz 444ms (cache miss)
143 http fetch GET 200 https://registry.npmjs.org/@socket.io/component-emitter/-/component-emitter-3.1.2.tgz 463ms (cache miss)
144 http fetch GET 200 https://registry.npmjs.org/negotiator/-/negotiator-0.6.3.tgz 748ms (cache miss)
145 http fetch GET 200 https://registry.npmjs.org/@types/cors/-/cors-2.8.19.tgz 771ms (cache miss)
146 http fetch GET 200 https://registry.npmjs.org/jws 357ms (cache miss)
147 silly packumentCache corgi:https://registry.npmjs.org/jws set size:undefined disposed:false
148 http fetch GET 200 https://registry.npmjs.org/body-parser 378ms (cache miss)
149 silly packumentCache corgi:https://registry.npmjs.org/body-parser set size:undefined disposed:false
150 http fetch GET 200 https://registry.npmjs.org/socket.io-adapter/-/socket.io-adapter-2.5.6.tgz 847ms (cache miss)
151 http fetch GET 200 https://registry.npmjs.org/negotiator/-/negotiator-0.6.3.tgz 852ms (cache miss)
152 http fetch GET 200 https://registry.npmjs.org/mime-db/-/mime-db-1.52.0.tgz 858ms (cache miss)
153 silly packumentCache corgi:https://registry.npmjs.org/express cache-miss
154 http fetch GET 200 https://registry.npmjs.org/mime-db/-/mime-db-1.52.0.tgz 865ms (cache miss)
155 http fetch GET 200 https://registry.npmjs.org/accepts/-/accepts-1.3.8.tgz 868ms (cache miss)
156 http fetch GET 200 https://registry.npmjs.org/engine.io/-/engine.io-6.6.5.tgz 966ms (cache miss)
157 http fetch GET 200 https://registry.npmjs.org/@types/node/-/node-25.0.3.tgz 1015ms (cache miss)
158 http fetch GET 200 https://registry.npmjs.org/socket.io/-/socket.io-4.8.3.tgz 1275ms (cache miss)
159 http fetch GET 200 https://registry.npmjs.org/express 451ms (cache miss)
160 silly packumentCache corgi:https://registry.npmjs.org/express set size:undefined disposed:false
161 silly packumentCache corgi:https://registry.npmjs.org/jsonwebtoken cache-miss
162 http fetch GET 200 https://registry.npmjs.org/base64id/-/base64id-2.0.0.tgz 1511ms (cache miss)
163 http fetch GET 200 https://registry.npmjs.org/jsonwebtoken 393ms (cache miss)
164 silly packumentCache corgi:https://registry.npmjs.org/jsonwebtoken set size:undefined disposed:false
165 silly ADD node_modules/@socket.io/component-emitter
166 silly ADD node_modules/undici-types
167 silly ADD node_modules/engine.io-parser
168 silly ADD node_modules/@types/node
169 silly ADD node_modules/@types/cors
170 silly ADD node_modules/socket.io-parser
171 silly ADD node_modules/socket.io-adapter
172 silly ADD node_modules/engine.io
173 silly ADD node_modules/engine.io/node_modules/mime-db
174 silly ADD node_modules/engine.io/node_modules/negotiator
175 silly ADD node_modules/engine.io/node_modules/mime-types
176 silly ADD node_modules/engine.io/node_modules/accepts
177 silly ADD node_modules/base64id
178 silly ADD node_modules/socket.io
179 silly ADD node_modules/socket.io/node_modules/mime-db
180 silly ADD node_modules/socket.io/node_modules/negotiator
181 silly ADD node_modules/socket.io/node_modules/mime-types
182 silly ADD node_modules/socket.io/node_modules/accepts
183 silly ADD node_modules/fsevents
184 verbose cwd D:\Projects\Swasth-Raho\Backend
185 verbose os Windows_NT 10.0.22631
186 verbose node v22.17.0
187 verbose npm  v11.5.2
188 verbose exit 0
189 info ok
