0 verbose cli C:\Program Files\nodejs\node.exe C:\Users\Asus\AppData\Roaming\npm\node_modules\npm\bin\npm-cli.js
1 info using npm@11.5.2
2 info using node@v22.17.0
3 silly config load:file:C:\Users\Asus\AppData\Roaming\npm\node_modules\npm\npmrc
4 silly config load:file:d:\Projects\Swasth-Raho\Backend\.npmrc
5 silly config load:file:C:\Users\Asus\.npmrc
6 silly config load:file:C:\Users\Asus\AppData\Roaming\npm\etc\npmrc
7 verbose title npm view @google/genai description dist-tags.latest homepage version time
8 verbose argv "view" "--json" "--" "@google/genai" "description" "dist-tags.latest" "homepage" "version" "time"
9 verbose logfile logs-max:10 dir:D:\Projects\Swasth-Raho\Backend\npm-cache\_logs\2026-01-24T06_27_58_801Z-
10 verbose logfile D:\Projects\Swasth-Raho\Backend\npm-cache\_logs\2026-01-24T06_27_58_801Z-debug-0.log
11 silly logfile start cleaning logs, removing 1 files
12 silly logfile done cleaning log files
13 http fetch GET 200 https://registry.npmjs.org/npm 752ms
14 http fetch GET 200 https://registry.npmjs.org/@google%2fgenai 1777ms (cache updated)
15 verbose cwd d:\Projects\Swasth-Raho\Backend
16 verbose os Windows_NT 10.0.22631
17 verbose node v22.17.0
18 verbose npm  v11.5.2
19 notice
19 notice New minor version of npm available! 11.5.2 -> 11.8.0
19 notice Changelog: https://github.com/npm/cli/releases/tag/v11.8.0
19 notice To update run: npm install -g npm@11.8.0
19 notice  { force: true, [Symbol(proc-log.meta)]: true }
20 verbose exit 0
21 info ok
