0 verbose cli C:\Program Files\nodejs\node.exe C:\Users\Asus\AppData\Roaming\npm\node_modules\npm\bin\npm-cli.js
1 info using npm@11.5.2
2 info using node@v22.17.0
3 silly config load:file:C:\Users\Asus\AppData\Roaming\npm\node_modules\npm\npmrc
4 silly config load:file:D:\Projects\Swasth-Raho\Backend\.npmrc
5 silly config load:file:C:\Users\Asus\.npmrc
6 silly config load:file:C:\Users\Asus\AppData\Roaming\npm\etc\npmrc
7 verbose title npm install passport passport-google-oauth20
8 verbose argv "install" "passport" "passport-google-oauth20"
9 verbose logfile logs-max:10 dir:D:\Projects\Swasth-Raho\Backend\npm-cache\_logs\2026-01-10T07_39_30_556Z-
10 verbose logfile D:\Projects\Swasth-Raho\Backend\npm-cache\_logs\2026-01-10T07_39_30_556Z-debug-0.log
11 silly logfile start cleaning logs, removing 1 files
12 silly packumentCache heap:2197815296 maxSize:549453824 maxEntrySize:274726912
13 silly logfile done cleaning log files
14 silly idealTree buildDeps
15 silly fetch manifest passport@*
16 silly packumentCache full:https://registry.npmjs.org/passport cache-miss
17 http fetch GET 200 https://registry.npmjs.org/passport 807ms (cache miss)
18 silly packumentCache full:https://registry.npmjs.org/passport set size:undefined disposed:false
19 silly fetch manifest passport-google-oauth20@*
20 silly packumentCache full:https://registry.npmjs.org/passport-google-oauth20 cache-miss
21 http fetch GET 200 https://registry.npmjs.org/passport-google-oauth20 1021ms (cache miss)
22 silly packumentCache full:https://registry.npmjs.org/passport-google-oauth20 set size:undefined disposed:false
23 silly placeDep ROOT passport@0.7.0 OK for: backend@1.0.0 want: *
24 silly placeDep ROOT passport-google-oauth20@2.0.0 OK for: backend@1.0.0 want: *
25 silly fetch manifest pause@0.0.1
26 silly packumentCache full:https://registry.npmjs.org/pause cache-miss
27 silly fetch manifest utils-merge@^1.0.1
28 silly packumentCache full:https://registry.npmjs.org/utils-merge cache-miss
29 silly fetch manifest passport-strategy@1.x.x
30 silly packumentCache full:https://registry.npmjs.org/passport-strategy cache-miss
31 silly fetch manifest passport-oauth2@1.x.x
32 silly packumentCache full:https://registry.npmjs.org/passport-oauth2 cache-miss
33 http fetch GET 200 https://registry.npmjs.org/pause 133ms (cache miss)
34 silly packumentCache full:https://registry.npmjs.org/pause set size:undefined disposed:false
35 http fetch GET 200 https://registry.npmjs.org/passport-strategy 605ms (cache miss)
36 silly packumentCache full:https://registry.npmjs.org/passport-strategy set size:undefined disposed:false
37 http fetch GET 200 https://registry.npmjs.org/utils-merge 655ms (cache miss)
38 silly packumentCache full:https://registry.npmjs.org/utils-merge set size:undefined disposed:false
39 http fetch GET 200 https://registry.npmjs.org/passport-oauth2 1567ms (cache miss)
40 silly packumentCache full:https://registry.npmjs.org/passport-oauth2 set size:undefined disposed:false
41 silly placeDep ROOT passport-strategy@1.0.0 OK for: passport@0.7.0 want: 1.x.x
42 silly placeDep ROOT pause@0.0.1 OK for: passport@0.7.0 want: 0.0.1
43 silly placeDep ROOT utils-merge@1.0.1 OK for: passport@0.7.0 want: ^1.0.1
44 silly placeDep ROOT passport-oauth2@1.8.0 OK for: passport-google-oauth20@2.0.0 want: 1.x.x
45 silly fetch manifest base64url@3.x.x
46 silly packumentCache full:https://registry.npmjs.org/base64url cache-miss
47 silly fetch manifest oauth@0.10.x
48 silly packumentCache full:https://registry.npmjs.org/oauth cache-miss
49 silly fetch manifest uid2@0.0.x
50 silly packumentCache full:https://registry.npmjs.org/uid2 cache-miss
51 http fetch GET 200 https://registry.npmjs.org/uid2 627ms (cache miss)
52 silly packumentCache full:https://registry.npmjs.org/uid2 set size:undefined disposed:false
53 http fetch GET 200 https://registry.npmjs.org/oauth 632ms (cache miss)
54 silly packumentCache full:https://registry.npmjs.org/oauth set size:undefined disposed:false
55 http fetch GET 200 https://registry.npmjs.org/base64url 637ms (cache miss)
56 silly packumentCache full:https://registry.npmjs.org/base64url set size:undefined disposed:false
57 silly placeDep ROOT base64url@3.0.1 OK for: passport-oauth2@1.8.0 want: 3.x.x
58 silly placeDep ROOT oauth@0.10.2 OK for: passport-oauth2@1.8.0 want: 0.10.x
59 silly placeDep ROOT uid2@0.0.4 OK for: passport-oauth2@1.8.0 want: 0.0.x
60 silly reify moves {}
61 silly audit bulk request {
61 silly audit   '@google/genai': [ '1.34.0' ],
61 silly audit   '@isaacs/cliui': [ '8.0.2' ],
61 silly audit   '@mongodb-js/saslprep': [ '1.3.1' ],
61 silly audit   '@pkgjs/parseargs': [ '0.11.0' ],
61 silly audit   '@socket.io/component-emitter': [ '3.1.2' ],
61 silly audit   '@types/cors': [ '2.8.19' ],
61 silly audit   '@types/node': [ '25.0.3' ],
61 silly audit   '@types/webidl-conversions': [ '7.0.3' ],
61 silly audit   '@types/whatwg-url': [ '11.0.5' ],
61 silly audit   accepts: [ '2.0.0', '1.3.8' ],
61 silly audit   'agent-base': [ '7.1.4' ],
61 silly audit   'ansi-regex': [ '6.2.2', '5.0.1' ],
61 silly audit   'ansi-styles': [ '6.2.3', '4.3.0' ],
61 silly audit   anymatch: [ '3.1.3' ],
61 silly audit   asynckit: [ '0.4.0' ],
61 silly audit   axios: [ '1.13.2' ],
61 silly audit   'balanced-match': [ '1.0.2' ],
61 silly audit   'base64-js': [ '1.5.1' ],
61 silly audit   base64id: [ '2.0.0' ],
61 silly audit   bcryptjs: [ '3.0.2' ],
61 silly audit   'bignumber.js': [ '9.3.1' ],
61 silly audit   'binary-extensions': [ '2.3.0' ],
61 silly audit   'body-parser': [ '2.2.0' ],
61 silly audit   'brace-expansion': [ '1.1.12', '2.0.2' ],
61 silly audit   braces: [ '3.0.3' ],
61 silly audit   bson: [ '6.10.4' ],
61 silly audit   'buffer-equal-constant-time': [ '1.0.1' ],
61 silly audit   bytes: [ '3.1.2' ],
61 silly audit   'call-bind-apply-helpers': [ '1.0.2' ],
61 silly audit   'call-bound': [ '1.0.4' ],
61 silly audit   chokidar: [ '3.6.0' ],
61 silly audit   'color-convert': [ '2.0.1' ],
61 silly audit   'color-name': [ '1.1.4' ],
61 silly audit   'combined-stream': [ '1.0.8' ],
61 silly audit   'concat-map': [ '0.0.1' ],
61 silly audit   'content-disposition': [ '1.0.0' ],
61 silly audit   'content-type': [ '1.0.5' ],
61 silly audit   cookie: [ '1.1.1', '0.7.2' ],
61 silly audit   'cookie-parser': [ '1.4.7' ],
61 silly audit   'cookie-signature': [ '1.0.6', '1.2.2' ],
61 silly audit   cors: [ '2.8.5' ],
61 silly audit   'cross-spawn': [ '7.0.6' ],
61 silly audit   'data-uri-to-buffer': [ '4.0.1' ],
61 silly audit   debug: [ '4.4.3' ],
61 silly audit   'delayed-stream': [ '1.0.0' ],
61 silly audit   depd: [ '2.0.0' ],
61 silly audit   dotenv: [ '17.2.3' ],
61 silly audit   'dunder-proto': [ '1.0.1' ],
61 silly audit   eastasianwidth: [ '0.2.0' ],
61 silly audit   'ecdsa-sig-formatter': [ '1.0.11' ],
61 silly audit   'ee-first': [ '1.1.1' ],
61 silly audit   'emoji-regex': [ '9.2.2', '8.0.0' ],
61 silly audit   encodeurl: [ '2.0.0' ],
61 silly audit   'engine.io': [ '6.6.5' ],
61 silly audit   'engine.io-parser': [ '5.2.3' ],
61 silly audit   'mime-db': [ '1.52.0', '1.54.0' ],
61 silly audit   'mime-types': [ '2.1.35', '3.0.1' ],
61 silly audit   negotiator: [ '0.6.3', '1.0.0' ],
61 silly audit   'es-define-property': [ '1.0.1' ],
61 silly audit   'es-errors': [ '1.3.0' ],
61 silly audit   'es-object-atoms': [ '1.1.1' ],
61 silly audit   'es-set-tostringtag': [ '2.1.0' ],
61 silly audit   'escape-html': [ '1.0.3' ],
61 silly audit   etag: [ '1.8.1' ],
61 silly audit   express: [ '5.1.0' ],
61 silly audit   extend: [ '3.0.2' ],
61 silly audit   'fetch-blob': [ '3.2.0' ],
61 silly audit   'fill-range': [ '7.1.1' ],
61 silly audit   finalhandler: [ '2.1.0' ],
61 silly audit   'follow-redirects': [ '1.15.11' ],
61 silly audit   'foreground-child': [ '3.3.1' ],
61 silly audit   'form-data': [ '4.0.5' ],
61 silly audit   'formdata-polyfill': [ '4.0.10' ],
61 silly audit   forwarded: [ '0.2.0' ],
61 silly audit   fresh: [ '2.0.0' ],
61 silly audit   fsevents: [ '2.3.3' ],
61 silly audit   'function-bind': [ '1.1.2' ],
61 silly audit   gaxios: [ '7.1.3' ],
61 silly audit   'get-intrinsic': [ '1.3.0' ],
61 silly audit   'get-proto': [ '1.0.1' ],
61 silly audit   glob: [ '10.5.0' ],
61 silly audit   'glob-parent': [ '5.1.2' ],
61 silly audit   minimatch: [ '9.0.5', '3.1.2' ],
61 silly audit   'google-auth-library': [ '10.5.0' ],
61 silly audit   'gcp-metadata': [ '8.1.2' ],
61 silly audit   jwa: [ '2.0.1', '1.4.2' ],
61 silly audit   jws: [ '4.0.1', '3.2.2' ],
61 silly audit   'google-logging-utils': [ '1.1.3' ],
61 silly audit   gopd: [ '1.2.0' ],
61 silly audit   gtoken: [ '8.0.0' ],
61 silly audit   'has-flag': [ '3.0.0' ],
61 silly audit   'has-symbols': [ '1.1.0' ],
61 silly audit   'has-tostringtag': [ '1.0.2' ],
61 silly audit   hasown: [ '2.0.2' ],
61 silly audit   'http-errors': [ '2.0.0' ],
61 silly audit   statuses: [ '2.0.1', '2.0.2' ],
61 silly audit   'https-proxy-agent': [ '7.0.6' ],
61 silly audit   'iconv-lite': [ '0.6.3', '0.7.0' ],
61 silly audit   'ignore-by-default': [ '1.0.1' ],
61 silly audit   inherits: [ '2.0.4' ],
61 silly audit   'ipaddr.js': [ '1.9.1' ],
61 silly audit   'is-binary-path': [ '2.1.0' ],
61 silly audit   'is-extglob': [ '2.1.1' ],
61 silly audit   'is-fullwidth-code-point': [ '3.0.0' ],
61 silly audit   'is-glob': [ '4.0.3' ],
61 silly audit   'is-number': [ '7.0.0' ],
61 silly audit   'is-promise': [ '4.0.0' ],
61 silly audit   isexe: [ '2.0.0' ],
61 silly audit   jackspeak: [ '3.4.3' ],
61 silly audit   'json-bigint': [ '1.0.0' ],
61 silly audit   jsonwebtoken: [ '9.0.2' ],
61 silly audit   kareem: [ '2.6.3' ],
61 silly audit   'lodash.includes': [ '4.3.0' ],
61 silly audit   'lodash.isboolean': [ '3.0.3' ],
61 silly audit   'lodash.isinteger': [ '4.0.4' ],
61 silly audit   'lodash.isnumber': [ '3.0.3' ],
61 silly audit   'lodash.isplainobject': [ '4.0.6' ],
61 silly audit   'lodash.isstring': [ '4.0.1' ],
61 silly audit   'lodash.once': [ '4.1.1' ],
61 silly audit   'lru-cache': [ '10.4.3' ],
61 silly audit   'math-intrinsics': [ '1.1.0' ],
61 silly audit   'media-typer': [ '1.1.0' ],
61 silly audit   'memory-pager': [ '1.5.0' ],
61 silly audit   'merge-descriptors': [ '2.0.0' ],
61 silly audit   minipass: [ '7.1.2' ],
61 silly audit   mongodb: [ '6.20.0' ],
61 silly audit   'mongodb-connection-string-url': [ '3.0.2' ],
61 silly audit   mongoose: [ '8.19.1' ],
61 silly audit   mpath: [ '0.9.0' ],
61 silly audit   mquery: [ '5.0.0' ],
61 silly audit   ms: [ '2.1.3' ],
61 silly audit   'node-domexception': [ '1.0.0' ],
61 silly audit   'node-fetch': [ '3.3.2' ],
61 silly audit   nodemon: [ '3.1.10' ],
61 silly audit   'normalize-path': [ '3.0.0' ],
61 silly audit   'object-assign': [ '4.1.1' ],
61 silly audit   'object-inspect': [ '1.13.4' ],
61 silly audit   'on-finished': [ '2.4.1' ],
61 silly audit   once: [ '1.4.0' ],
61 silly audit   'package-json-from-dist': [ '1.0.1' ],
61 silly audit   parseurl: [ '1.3.3' ],
61 silly audit   'path-key': [ '3.1.1' ],
61 silly audit   'path-scurry': [ '1.11.1' ],
61 silly audit   'path-to-regexp': [ '8.3.0' ],
61 silly audit   picomatch: [ '2.3.1' ],
61 silly audit   'proxy-addr': [ '2.0.7' ],
61 silly audit   'proxy-from-env': [ '1.1.0' ],
61 silly audit   'pstree.remy': [ '1.1.8' ],
61 silly audit   punycode: [ '2.3.1' ],
61 silly audit   qs: [ '6.14.0' ],
61 silly audit   'range-parser': [ '1.2.1' ],
61 silly audit   'raw-body': [ '3.0.1' ],
61 silly audit   readdirp: [ '3.6.0' ],
61 silly audit   rimraf: [ '5.0.10' ],
61 silly audit   router: [ '2.2.0' ],
61 silly audit   'safe-buffer': [ '5.2.1' ],
61 silly audit   'safer-buffer': [ '2.1.2' ],
61 silly audit   semver: [ '7.7.3' ],
61 silly audit   send: [ '1.2.0' ],
61 silly audit   'serve-static': [ '2.2.0' ],
61 silly audit   setprototypeof: [ '1.2.0' ],
61 silly audit   'shebang-command': [ '2.0.0' ],
61 silly audit   'shebang-regex': [ '3.0.0' ],
61 silly audit   'side-channel': [ '1.1.0' ],
61 silly audit   'side-channel-list': [ '1.0.0' ],
61 silly audit   'side-channel-map': [ '1.0.1' ],
61 silly audit   'side-channel-weakmap': [ '1.0.2' ],
61 silly audit   sift: [ '17.1.3' ],
61 silly audit   'signal-exit': [ '4.1.0' ],
61 silly audit   'simple-update-notifier': [ '2.0.0' ],
61 silly audit   'socket.io': [ '4.8.3' ],
61 silly audit   'socket.io-adapter': [ '2.5.6' ],
61 silly audit   'socket.io-parser': [ '4.2.5' ],
61 silly audit   'sparse-bitfield': [ '3.0.3' ],
61 silly audit   'string-width': [ '5.1.2', '4.2.3' ],
61 silly audit   'strip-ansi': [ '6.0.1', '7.1.2' ],
61 silly audit   'supports-color': [ '5.5.0' ],
61 silly audit   'to-regex-range': [ '5.0.1' ],
61 silly audit   toidentifier: [ '1.0.1' ],
61 silly audit   touch: [ '3.1.1' ],
61 silly audit   tr46: [ '5.1.1' ],
61 silly audit   'type-is': [ '2.0.1' ],
61 silly audit   undefsafe: [ '2.0.5' ],
61 silly audit   'undici-types': [ '7.16.0' ],
61 silly audit   unpipe: [ '1.0.0' ],
61 silly audit   vary: [ '1.1.2' ],
61 silly audit   'web-streams-polyfill': [ '3.3.3' ],
61 silly audit   'webidl-conversions': [ '7.0.0' ],
61 silly audit   'whatwg-url': [ '14.2.0' ],
61 silly audit   which: [ '2.0.2' ],
61 silly audit   'wrap-ansi': [ '8.1.0', '7.0.0' ],
61 silly audit   wrappy: [ '1.0.2' ],
61 silly audit   ws: [ '8.18.3' ],
61 silly audit   passport: [ '0.7.0' ],
61 silly audit   'passport-google-oauth20': [ '2.0.0' ],
61 silly audit   'passport-strategy': [ '1.0.0' ],
61 silly audit   pause: [ '0.0.1' ],
61 silly audit   'utils-merge': [ '1.0.1' ],
61 silly audit   'passport-oauth2': [ '1.8.0' ],
61 silly audit   base64url: [ '3.0.1' ],
61 silly audit   oauth: [ '0.10.2' ],
61 silly audit   uid2: [ '0.0.4' ]
61 silly audit }
62 http cache uid2@https://registry.npmjs.org/uid2/-/uid2-0.0.4.tgz 1ms (cache hit)
63 http cache base64url@https://registry.npmjs.org/base64url/-/base64url-3.0.1.tgz 0ms (cache hit)
64 http cache oauth@https://registry.npmjs.org/oauth/-/oauth-0.10.2.tgz 0ms (cache hit)
65 http cache utils-merge@https://registry.npmjs.org/utils-merge/-/utils-merge-1.0.1.tgz 0ms (cache hit)
66 http cache passport-oauth2@https://registry.npmjs.org/passport-oauth2/-/passport-oauth2-1.8.0.tgz 0ms (cache hit)
67 http cache pause@https://registry.npmjs.org/pause/-/pause-0.0.1.tgz 0ms (cache hit)
68 http cache passport-strategy@https://registry.npmjs.org/passport-strategy/-/passport-strategy-1.0.0.tgz 0ms (cache hit)
69 http cache passport-google-oauth20@https://registry.npmjs.org/passport-google-oauth20/-/passport-google-oauth20-2.0.0.tgz 0ms (cache hit)
70 silly tarball no local data for uid2@https://registry.npmjs.org/uid2/-/uid2-0.0.4.tgz. Extracting by manifest.
71 http cache passport@https://registry.npmjs.org/passport/-/passport-0.7.0.tgz 1ms (cache hit)
72 silly tarball no local data for base64url@https://registry.npmjs.org/base64url/-/base64url-3.0.1.tgz. Extracting by manifest.
73 silly tarball no local data for oauth@https://registry.npmjs.org/oauth/-/oauth-0.10.2.tgz. Extracting by manifest.
74 silly tarball no local data for utils-merge@https://registry.npmjs.org/utils-merge/-/utils-merge-1.0.1.tgz. Extracting by manifest.
75 silly tarball no local data for passport-oauth2@https://registry.npmjs.org/passport-oauth2/-/passport-oauth2-1.8.0.tgz. Extracting by manifest.
76 silly tarball no local data for pause@https://registry.npmjs.org/pause/-/pause-0.0.1.tgz. Extracting by manifest.
77 silly tarball no local data for passport-strategy@https://registry.npmjs.org/passport-strategy/-/passport-strategy-1.0.0.tgz. Extracting by manifest.
78 silly tarball no local data for passport-google-oauth20@https://registry.npmjs.org/passport-google-oauth20/-/passport-google-oauth20-2.0.0.tgz. Extracting by manifest.
79 silly tarball no local data for passport@https://registry.npmjs.org/passport/-/passport-0.7.0.tgz. Extracting by manifest.
80 http fetch GET 200 https://registry.npmjs.org/uid2/-/uid2-0.0.4.tgz 207ms (cache miss)
81 http fetch GET 200 https://registry.npmjs.org/base64url/-/base64url-3.0.1.tgz 224ms (cache miss)
82 http fetch GET 200 https://registry.npmjs.org/oauth/-/oauth-0.10.2.tgz 238ms (cache miss)
83 http fetch GET 200 https://registry.npmjs.org/utils-merge/-/utils-merge-1.0.1.tgz 245ms (cache miss)
84 http fetch GET 200 https://registry.npmjs.org/pause/-/pause-0.0.1.tgz 265ms (cache miss)
85 http fetch POST 200 https://registry.npmjs.org/-/npm/v1/security/advisories/bulk 332ms
86 silly audit report {
86 silly audit report   'body-parser': [
86 silly audit report     {
86 silly audit report       id: 1110858,
86 silly audit report       url: 'https://github.com/advisories/GHSA-wqch-xfxh-vrr4',
86 silly audit report       title: 'body-parser is vulnerable to denial of service when url encoding is used',
86 silly audit report       severity: 'moderate',
86 silly audit report       vulnerable_versions: '>=2.2.0 <2.2.1',
86 silly audit report       cwe: [Array],
86 silly audit report       cvss: [Object]
86 silly audit report     }
86 silly audit report   ],
86 silly audit report   jws: [
86 silly audit report     {
86 silly audit report       id: 1111244,
86 silly audit report       url: 'https://github.com/advisories/GHSA-869p-cjfg-cm3x',
86 silly audit report       title: 'auth0/node-jws Improperly Verifies HMAC Signature',
86 silly audit report       severity: 'high',
86 silly audit report       vulnerable_versions: '<3.2.3',
86 silly audit report       cwe: [Array],
86 silly audit report       cvss: [Object]
86 silly audit report     }
86 silly audit report   ],
86 silly audit report   qs: [
86 silly audit report     {
86 silly audit report       id: 1111755,
86 silly audit report       url: 'https://github.com/advisories/GHSA-6rw7-vpxm-498p',
86 silly audit report       title: "qs's arrayLimit bypass in its bracket notation allows DoS via memory exhaustion",
86 silly audit report       severity: 'high',
86 silly audit report       vulnerable_versions: '<6.14.1',
86 silly audit report       cwe: [Array],
86 silly audit report       cvss: [Object]
86 silly audit report     }
86 silly audit report   ]
86 silly audit report }
87 silly packumentCache corgi:https://registry.npmjs.org/body-parser cache-miss
88 silly packumentCache corgi:https://registry.npmjs.org/jws cache-miss
89 silly packumentCache corgi:https://registry.npmjs.org/qs cache-miss
90 http fetch GET 200 https://registry.npmjs.org/passport-strategy/-/passport-strategy-1.0.0.tgz 320ms (cache miss)
91 http fetch GET 200 https://registry.npmjs.org/passport-google-oauth20/-/passport-google-oauth20-2.0.0.tgz 346ms (cache miss)
92 http fetch GET 200 https://registry.npmjs.org/passport-oauth2/-/passport-oauth2-1.8.0.tgz 366ms (cache miss)
93 http fetch GET 200 https://registry.npmjs.org/jws 97ms (cache revalidated)
94 silly packumentCache corgi:https://registry.npmjs.org/jws set size:20153 disposed:false
95 http fetch GET 200 https://registry.npmjs.org/body-parser 111ms (cache updated)
96 silly packumentCache corgi:https://registry.npmjs.org/body-parser set size:undefined disposed:false
97 http fetch GET 200 https://registry.npmjs.org/passport/-/passport-0.7.0.tgz 430ms (cache miss)
98 http fetch GET 200 https://registry.npmjs.org/qs 381ms (cache miss)
99 silly packumentCache corgi:https://registry.npmjs.org/qs set size:undefined disposed:false
100 silly packumentCache corgi:https://registry.npmjs.org/express cache-miss
101 http fetch GET 200 https://registry.npmjs.org/express 130ms (cache updated)
102 silly packumentCache corgi:https://registry.npmjs.org/express set size:undefined disposed:false
103 silly packumentCache corgi:https://registry.npmjs.org/jsonwebtoken cache-miss
104 http fetch GET 200 https://registry.npmjs.org/jsonwebtoken 81ms (cache revalidated)
105 silly packumentCache corgi:https://registry.npmjs.org/jsonwebtoken set size:67367 disposed:false
106 silly ADD node_modules/uid2
107 silly ADD node_modules/oauth
108 silly ADD node_modules/base64url
109 silly ADD node_modules/passport-oauth2
110 silly ADD node_modules/utils-merge
111 silly ADD node_modules/pause
112 silly ADD node_modules/passport-strategy
113 silly ADD node_modules/passport-google-oauth20
114 silly ADD node_modules/passport
115 verbose cwd D:\Projects\Swasth-Raho\Backend
116 verbose os Windows_NT 10.0.22631
117 verbose node v22.17.0
118 verbose npm  v11.5.2
119 verbose exit 0
120 info ok
