0 verbose cli C:\Program Files\nodejs\node.exe C:\Users\Asus\AppData\Roaming\npm\node_modules\npm\bin\npm-cli.js
0 verbose cli C:\Program Files\nodejs\node.exe C:\Users\Asus\AppData\Roaming\npm\node_modules\npm\bin\npm-cli.js
1 info using npm@11.5.2
1 info using npm@11.5.2
2 info using node@v22.17.0
3 silly config load:file:C:\Users\Asus\AppData\Roaming\npm\node_modules\npm\npmrc
4 silly config load:file:d:\Projects\Swasth-Raho\Backend\.npmrc
2 info using node@v22.17.0
5 silly config load:file:C:\Users\Asus\.npmrc
3 silly config load:file:C:\Users\Asus\AppData\Roaming\npm\node_modules\npm\npmrc
6 silly config load:file:C:\Users\Asus\AppData\Roaming\npm\etc\npmrc
4 silly config load:file:D:\Projects\Swasth-Raho\Backend\.npmrc
7 verbose title npm view @google/genai description dist-tags.latest homepage version time
5 silly config load:file:C:\Users\Asus\.npmrc
6 silly config load:file:C:\Users\Asus\AppData\Roaming\npm\etc\npmrc
8 verbose argv "view" "--json" "--" "@google/genai" "description" "dist-tags.latest" "homepage" "version" "time"
7 verbose title npm run dev
9 verbose logfile logs-max:10 dir:D:\Projects\Swasth-Raho\Backend\npm-cache\_logs\2026-02-03T10_09_27_781Z-
8 verbose argv "run" "dev"
10 verbose logfile D:\Projects\Swasth-Raho\Backend\npm-cache\_logs\2026-02-03T10_09_27_781Z-debug-0.log
9 verbose logfile logs-max:10 dir:D:\Projects\Swasth-Raho\Backend\npm-cache\_logs\2026-02-03T10_09_27_781Z-
10 verbose logfile D:\Projects\Swasth-Raho\Backend\npm-cache\_logs\2026-02-03T10_09_27_781Z-debug-0.log
11 silly logfile start cleaning logs, removing 1 files
11 silly logfile start cleaning logs, removing 1 files
12 silly logfile done cleaning log files
12 silly logfile done cleaning log files
13 http fetch GET 200 https://registry.npmjs.org/@google%2fgenai 362ms (cache updated)
14 verbose cwd d:\Projects\Swasth-Raho\Backend
15 verbose os Windows_NT 10.0.22631
16 verbose node v22.17.0
17 verbose npm  v11.5.2
18 verbose exit 0
19 info ok
13 http fetch GET 200 https://registry.npmjs.org/npm 467ms
14 verbose cwd D:\Projects\Swasth-Raho\Backend
15 verbose os Windows_NT 10.0.22631
16 verbose node v22.17.0
17 verbose npm  v11.5.2
18 notice
18 notice New [33mminor[39m version of npm available! [33m11.5.2[39m -> [34m11.8.0[39m
18 notice Changelog: [34mhttps://github.com/npm/cli/releases/tag/v11.8.0[39m
18 notice To update run: [4mnpm install -g npm@11.8.0[24m
18 notice  { force: true, [Symbol(proc-log.meta)]: true }
19 verbose exit 1
20 verbose code 1
21 error A complete log of this run can be found in: D:\Projects\Swasth-Raho\Backend\npm-cache\_logs\2026-02-03T10_09_27_781Z-debug-0.log
