0 verbose cli C:\Program Files\nodejs\node.exe C:\Users\Asus\AppData\Roaming\npm\node_modules\npm\bin\npm-cli.js
1 info using npm@11.5.2
2 info using node@v22.17.0
3 silly config load:file:C:\Users\Asus\AppData\Roaming\npm\node_modules\npm\npmrc
4 silly config load:file:D:\Projects\Swasth-Raho\Backend\.npmrc
5 silly config load:file:C:\Users\Asus\.npmrc
6 silly config load:file:C:\Users\Asus\AppData\Roaming\npm\etc\npmrc
7 verbose title npm install nodemailer
8 verbose argv "install" "nodemailer"
9 verbose logfile logs-max:10 dir:D:\Projects\Swasth-Raho\Backend\npm-cache\_logs\2026-01-14T15_28_34_154Z-
10 verbose logfile D:\Projects\Swasth-Raho\Backend\npm-cache\_logs\2026-01-14T15_28_34_154Z-debug-0.log
11 silly logfile start cleaning logs, removing 1 files
12 silly packumentCache heap:2197815296 maxSize:549453824 maxEntrySize:274726912
13 silly logfile done cleaning log files
14 silly idealTree buildDeps
15 silly fetch manifest nodemailer@*
16 silly packumentCache full:https://registry.npmjs.org/nodemailer cache-miss
17 http fetch GET 200 https://registry.npmjs.org/nodemailer 390ms (cache miss)
18 silly packumentCache full:https://registry.npmjs.org/nodemailer set size:undefined disposed:false
19 silly placeDep ROOT nodemailer@7.0.12 OK for: backend@1.0.0 want: *
20 silly reify moves {}
21 silly audit bulk request {
21 silly audit   '@google/genai': [ '1.34.0' ],
21 silly audit   '@isaacs/cliui': [ '8.0.2' ],
21 silly audit   '@mongodb-js/saslprep': [ '1.3.1' ],
21 silly audit   '@pkgjs/parseargs': [ '0.11.0' ],
21 silly audit   '@socket.io/component-emitter': [ '3.1.2' ],
21 silly audit   '@types/cors': [ '2.8.19' ],
21 silly audit   '@types/node': [ '25.0.3' ],
21 silly audit   '@types/webidl-conversions': [ '7.0.3' ],
21 silly audit   '@types/whatwg-url': [ '11.0.5' ],
21 silly audit   accepts: [ '2.0.0', '1.3.8' ],
21 silly audit   'agent-base': [ '7.1.4' ],
21 silly audit   'ansi-regex': [ '6.2.2', '5.0.1' ],
21 silly audit   'ansi-styles': [ '6.2.3', '4.3.0' ],
21 silly audit   anymatch: [ '3.1.3' ],
21 silly audit   asynckit: [ '0.4.0' ],
21 silly audit   axios: [ '1.13.2' ],
21 silly audit   'balanced-match': [ '1.0.2' ],
21 silly audit   'base64-js': [ '1.5.1' ],
21 silly audit   base64id: [ '2.0.0' ],
21 silly audit   base64url: [ '3.0.1' ],
21 silly audit   bcryptjs: [ '3.0.2' ],
21 silly audit   'bignumber.js': [ '9.3.1' ],
21 silly audit   'binary-extensions': [ '2.3.0' ],
21 silly audit   'body-parser': [ '2.2.0' ],
21 silly audit   'brace-expansion': [ '1.1.12', '2.0.2' ],
21 silly audit   braces: [ '3.0.3' ],
21 silly audit   bson: [ '6.10.4' ],
21 silly audit   'buffer-equal-constant-time': [ '1.0.1' ],
21 silly audit   bytes: [ '3.1.2' ],
21 silly audit   'call-bind-apply-helpers': [ '1.0.2' ],
21 silly audit   'call-bound': [ '1.0.4' ],
21 silly audit   chokidar: [ '3.6.0' ],
21 silly audit   'color-convert': [ '2.0.1' ],
21 silly audit   'color-name': [ '1.1.4' ],
21 silly audit   'combined-stream': [ '1.0.8' ],
21 silly audit   'concat-map': [ '0.0.1' ],
21 silly audit   'content-disposition': [ '1.0.0' ],
21 silly audit   'content-type': [ '1.0.5' ],
21 silly audit   cookie: [ '1.1.1', '0.7.2' ],
21 silly audit   'cookie-parser': [ '1.4.7' ],
21 silly audit   'cookie-signature': [ '1.0.6', '1.2.2', '1.0.7' ],
21 silly audit   cors: [ '2.8.5' ],
21 silly audit   'cross-spawn': [ '7.0.6' ],
21 silly audit   'data-uri-to-buffer': [ '4.0.1' ],
21 silly audit   debug: [ '4.4.3', '2.6.9' ],
21 silly audit   'delayed-stream': [ '1.0.0' ],
21 silly audit   depd: [ '2.0.0' ],
21 silly audit   dotenv: [ '17.2.3' ],
21 silly audit   'dunder-proto': [ '1.0.1' ],
21 silly audit   eastasianwidth: [ '0.2.0' ],
21 silly audit   'ecdsa-sig-formatter': [ '1.0.11' ],
21 silly audit   'ee-first': [ '1.1.1' ],
21 silly audit   'emoji-regex': [ '9.2.2', '8.0.0' ],
21 silly audit   encodeurl: [ '2.0.0' ],
21 silly audit   'engine.io': [ '6.6.5' ],
21 silly audit   'engine.io-parser': [ '5.2.3' ],
21 silly audit   'mime-db': [ '1.52.0', '1.54.0' ],
21 silly audit   'mime-types': [ '2.1.35', '3.0.1' ],
21 silly audit   negotiator: [ '0.6.3', '1.0.0' ],
21 silly audit   'es-define-property': [ '1.0.1' ],
21 silly audit   'es-errors': [ '1.3.0' ],
21 silly audit   'es-object-atoms': [ '1.1.1' ],
21 silly audit   'es-set-tostringtag': [ '2.1.0' ],
21 silly audit   'escape-html': [ '1.0.3' ],
21 silly audit   etag: [ '1.8.1' ],
21 silly audit   express: [ '5.1.0' ],
21 silly audit   'express-session': [ '1.18.2' ],
21 silly audit   ms: [ '2.0.0', '2.1.3' ],
21 silly audit   extend: [ '3.0.2' ],
21 silly audit   'fetch-blob': [ '3.2.0' ],
21 silly audit   'fill-range': [ '7.1.1' ],
21 silly audit   finalhandler: [ '2.1.0' ],
21 silly audit   'follow-redirects': [ '1.15.11' ],
21 silly audit   'foreground-child': [ '3.3.1' ],
21 silly audit   'form-data': [ '4.0.5' ],
21 silly audit   'formdata-polyfill': [ '4.0.10' ],
21 silly audit   forwarded: [ '0.2.0' ],
21 silly audit   fresh: [ '2.0.0' ],
21 silly audit   fsevents: [ '2.3.3' ],
21 silly audit   'function-bind': [ '1.1.2' ],
21 silly audit   gaxios: [ '7.1.3' ],
21 silly audit   'get-intrinsic': [ '1.3.0' ],
21 silly audit   'get-proto': [ '1.0.1' ],
21 silly audit   glob: [ '10.5.0' ],
21 silly audit   'glob-parent': [ '5.1.2' ],
21 silly audit   minimatch: [ '9.0.5', '3.1.2' ],
21 silly audit   'google-auth-library': [ '10.5.0' ],
21 silly audit   'gcp-metadata': [ '8.1.2' ],
21 silly audit   jwa: [ '2.0.1', '1.4.2' ],
21 silly audit   jws: [ '4.0.1', '3.2.2' ],
21 silly audit   'google-logging-utils': [ '1.1.3' ],
21 silly audit   gopd: [ '1.2.0' ],
21 silly audit   gtoken: [ '8.0.0' ],
21 silly audit   'has-flag': [ '3.0.0' ],
21 silly audit   'has-symbols': [ '1.1.0' ],
21 silly audit   'has-tostringtag': [ '1.0.2' ],
21 silly audit   hasown: [ '2.0.2' ],
21 silly audit   'http-errors': [ '2.0.0' ],
21 silly audit   statuses: [ '2.0.1', '2.0.2' ],
21 silly audit   'https-proxy-agent': [ '7.0.6' ],
21 silly audit   'iconv-lite': [ '0.6.3', '0.7.0' ],
21 silly audit   'ignore-by-default': [ '1.0.1' ],
21 silly audit   inherits: [ '2.0.4' ],
21 silly audit   'ipaddr.js': [ '1.9.1' ],
21 silly audit   'is-binary-path': [ '2.1.0' ],
21 silly audit   'is-extglob': [ '2.1.1' ],
21 silly audit   'is-fullwidth-code-point': [ '3.0.0' ],
21 silly audit   'is-glob': [ '4.0.3' ],
21 silly audit   'is-number': [ '7.0.0' ],
21 silly audit   'is-promise': [ '4.0.0' ],
21 silly audit   isexe: [ '2.0.0' ],
21 silly audit   jackspeak: [ '3.4.3' ],
21 silly audit   'json-bigint': [ '1.0.0' ],
21 silly audit   jsonwebtoken: [ '9.0.2' ],
21 silly audit   kareem: [ '2.6.3' ],
21 silly audit   'lodash.includes': [ '4.3.0' ],
21 silly audit   'lodash.isboolean': [ '3.0.3' ],
21 silly audit   'lodash.isinteger': [ '4.0.4' ],
21 silly audit   'lodash.isnumber': [ '3.0.3' ],
21 silly audit   'lodash.isplainobject': [ '4.0.6' ],
21 silly audit   'lodash.isstring': [ '4.0.1' ],
21 silly audit   'lodash.once': [ '4.1.1' ],
21 silly audit   'lru-cache': [ '10.4.3' ],
21 silly audit   'math-intrinsics': [ '1.1.0' ],
21 silly audit   'media-typer': [ '1.1.0' ],
21 silly audit   'memory-pager': [ '1.5.0' ],
21 silly audit   'merge-descriptors': [ '2.0.0' ],
21 silly audit   minipass: [ '7.1.2' ],
21 silly audit   mongodb: [ '6.20.0' ],
21 silly audit   'mongodb-connection-string-url': [ '3.0.2' ],
21 silly audit   mongoose: [ '8.19.1' ],
21 silly audit   mpath: [ '0.9.0' ],
21 silly audit   mquery: [ '5.0.0' ],
21 silly audit   'node-domexception': [ '1.0.0' ],
21 silly audit   'node-fetch': [ '3.3.2' ],
21 silly audit   nodemon: [ '3.1.10' ],
21 silly audit   'normalize-path': [ '3.0.0' ],
21 silly audit   oauth: [ '0.10.2' ],
21 silly audit   'object-assign': [ '4.1.1' ],
21 silly audit   'object-inspect': [ '1.13.4' ],
21 silly audit   'on-finished': [ '2.4.1' ],
21 silly audit   'on-headers': [ '1.1.0' ],
21 silly audit   once: [ '1.4.0' ],
21 silly audit   'package-json-from-dist': [ '1.0.1' ],
21 silly audit   parseurl: [ '1.3.3' ],
21 silly audit   passport: [ '0.7.0' ],
21 silly audit   'passport-google-oauth20': [ '2.0.0' ],
21 silly audit   'passport-oauth2': [ '1.8.0' ],
21 silly audit   'passport-strategy': [ '1.0.0' ],
21 silly audit   'path-key': [ '3.1.1' ],
21 silly audit   'path-scurry': [ '1.11.1' ],
21 silly audit   'path-to-regexp': [ '8.3.0' ],
21 silly audit   pause: [ '0.0.1' ],
21 silly audit   picomatch: [ '2.3.1' ],
21 silly audit   'proxy-addr': [ '2.0.7' ],
21 silly audit   'proxy-from-env': [ '1.1.0' ],
21 silly audit   'pstree.remy': [ '1.1.8' ],
21 silly audit   punycode: [ '2.3.1' ],
21 silly audit   qs: [ '6.14.0' ],
21 silly audit   'random-bytes': [ '1.0.0' ],
21 silly audit   'range-parser': [ '1.2.1' ],
21 silly audit   'raw-body': [ '3.0.1' ],
21 silly audit   readdirp: [ '3.6.0' ],
21 silly audit   rimraf: [ '5.0.10' ],
21 silly audit   router: [ '2.2.0' ],
21 silly audit   'safe-buffer': [ '5.2.1' ],
21 silly audit   'safer-buffer': [ '2.1.2' ],
21 silly audit   semver: [ '7.7.3' ],
21 silly audit   send: [ '1.2.0' ],
21 silly audit   'serve-static': [ '2.2.0' ],
21 silly audit   setprototypeof: [ '1.2.0' ],
21 silly audit   'shebang-command': [ '2.0.0' ],
21 silly audit   'shebang-regex': [ '3.0.0' ],
21 silly audit   'side-channel': [ '1.1.0' ],
21 silly audit   'side-channel-list': [ '1.0.0' ],
21 silly audit   'side-channel-map': [ '1.0.1' ],
21 silly audit   'side-channel-weakmap': [ '1.0.2' ],
21 silly audit   sift: [ '17.1.3' ],
21 silly audit   'signal-exit': [ '4.1.0' ],
21 silly audit   'simple-update-notifier': [ '2.0.0' ],
21 silly audit   'socket.io': [ '4.8.3' ],
21 silly audit   'socket.io-adapter': [ '2.5.6' ],
21 silly audit   'socket.io-parser': [ '4.2.5' ],
21 silly audit   'sparse-bitfield': [ '3.0.3' ],
21 silly audit   'string-width': [ '5.1.2', '4.2.3' ],
21 silly audit   'strip-ansi': [ '6.0.1', '7.1.2' ],
21 silly audit   'supports-color': [ '5.5.0' ],
21 silly audit   'to-regex-range': [ '5.0.1' ],
21 silly audit   toidentifier: [ '1.0.1' ],
21 silly audit   touch: [ '3.1.1' ],
21 silly audit   tr46: [ '5.1.1' ],
21 silly audit   'type-is': [ '2.0.1' ],
21 silly audit   'uid-safe': [ '2.1.5' ],
21 silly audit   uid2: [ '0.0.4' ],
21 silly audit   undefsafe: [ '2.0.5' ],
21 silly audit   'undici-types': [ '7.16.0' ],
21 silly audit   unpipe: [ '1.0.0' ],
21 silly audit   'utils-merge': [ '1.0.1' ],
21 silly audit   vary: [ '1.1.2' ],
21 silly audit   'web-streams-polyfill': [ '3.3.3' ],
21 silly audit   'webidl-conversions': [ '7.0.0' ],
21 silly audit   'whatwg-url': [ '14.2.0' ],
21 silly audit   which: [ '2.0.2' ],
21 silly audit   'wrap-ansi': [ '8.1.0', '7.0.0' ],
21 silly audit   wrappy: [ '1.0.2' ],
21 silly audit   ws: [ '8.18.3' ],
21 silly audit   nodemailer: [ '7.0.12' ]
21 silly audit }
22 http cache nodemailer@https://registry.npmjs.org/nodemailer/-/nodemailer-7.0.12.tgz 1ms (cache hit)
23 silly tarball no local data for nodemailer@https://registry.npmjs.org/nodemailer/-/nodemailer-7.0.12.tgz. Extracting by manifest.
24 http fetch POST 200 https://registry.npmjs.org/-/npm/v1/security/advisories/bulk 417ms
25 silly audit report {
25 silly audit report   'body-parser': [
25 silly audit report     {
25 silly audit report       id: 1110858,
25 silly audit report       url: 'https://github.com/advisories/GHSA-wqch-xfxh-vrr4',
25 silly audit report       title: 'body-parser is vulnerable to denial of service when url encoding is used',
25 silly audit report       severity: 'moderate',
25 silly audit report       vulnerable_versions: '>=2.2.0 <2.2.1',
25 silly audit report       cwe: [Array],
25 silly audit report       cvss: [Object]
25 silly audit report     }
25 silly audit report   ],
25 silly audit report   jws: [
25 silly audit report     {
25 silly audit report       id: 1111244,
25 silly audit report       url: 'https://github.com/advisories/GHSA-869p-cjfg-cm3x',
25 silly audit report       title: 'auth0/node-jws Improperly Verifies HMAC Signature',
25 silly audit report       severity: 'high',
25 silly audit report       vulnerable_versions: '<3.2.3',
25 silly audit report       cwe: [Array],
25 silly audit report       cvss: [Object]
25 silly audit report     }
25 silly audit report   ],
25 silly audit report   qs: [
25 silly audit report     {
25 silly audit report       id: 1111755,
25 silly audit report       url: 'https://github.com/advisories/GHSA-6rw7-vpxm-498p',
25 silly audit report       title: "qs's arrayLimit bypass in its bracket notation allows DoS via memory exhaustion",
25 silly audit report       severity: 'high',
25 silly audit report       vulnerable_versions: '<6.14.1',
25 silly audit report       cwe: [Array],
25 silly audit report       cvss: [Object]
25 silly audit report     }
25 silly audit report   ]
25 silly audit report }
26 silly packumentCache corgi:https://registry.npmjs.org/body-parser cache-miss
27 silly packumentCache corgi:https://registry.npmjs.org/jws cache-miss
28 silly packumentCache corgi:https://registry.npmjs.org/qs cache-miss
29 http fetch GET 200 https://registry.npmjs.org/nodemailer/-/nodemailer-7.0.12.tgz 438ms (cache miss)
30 http fetch GET 200 https://registry.npmjs.org/jws 203ms (cache revalidated)
31 silly packumentCache corgi:https://registry.npmjs.org/jws set size:20153 disposed:false
32 http fetch GET 200 https://registry.npmjs.org/body-parser 207ms (cache revalidated)
33 silly packumentCache corgi:https://registry.npmjs.org/body-parser set size:77795 disposed:false
34 http fetch GET 200 https://registry.npmjs.org/qs 319ms (cache revalidated)
35 silly packumentCache corgi:https://registry.npmjs.org/qs set size:111251 disposed:false
36 silly packumentCache corgi:https://registry.npmjs.org/express cache-miss
37 http fetch GET 200 https://registry.npmjs.org/express 84ms (cache revalidated)
38 silly packumentCache corgi:https://registry.npmjs.org/express set size:337735 disposed:false
39 silly packumentCache corgi:https://registry.npmjs.org/jsonwebtoken cache-miss
40 http fetch GET 200 https://registry.npmjs.org/jsonwebtoken 64ms (cache revalidated)
41 silly packumentCache corgi:https://registry.npmjs.org/jsonwebtoken set size:67367 disposed:false
42 silly ADD node_modules/nodemailer
43 verbose cwd D:\Projects\Swasth-Raho\Backend
44 verbose os Windows_NT 10.0.22631
45 verbose node v22.17.0
46 verbose npm  v11.5.2
47 verbose exit 0
48 info ok
