0 verbose cli C:\Program Files\nodejs\node.exe C:\Users\Asus\AppData\Roaming\npm\node_modules\npm\bin\npm-cli.js
1 info using npm@11.5.2
2 info using node@v22.17.0
3 silly config load:file:C:\Users\Asus\AppData\Roaming\npm\node_modules\npm\npmrc
4 silly config load:file:D:\Projects\Swasth-Raho\Backend\.npmrc
5 silly config load:file:C:\Users\Asus\.npmrc
6 silly config load:file:C:\Users\Asus\AppData\Roaming\npm\etc\npmrc
7 verbose title npm install @upstash/redis
8 verbose argv "install" "@upstash/redis"
9 verbose logfile logs-max:10 dir:D:\Projects\Swasth-Raho\Backend\npm-cache\_logs\2026-04-06T03_16_14_540Z-
10 verbose logfile D:\Projects\Swasth-Raho\Backend\npm-cache\_logs\2026-04-06T03_16_14_540Z-debug-0.log
11 silly logfile start cleaning logs, removing 1 files
12 silly packumentCache heap:2197815296 maxSize:549453824 maxEntrySize:274726912
13 silly logfile done cleaning log files
14 silly idealTree buildDeps
15 silly fetch manifest @upstash/redis@*
16 silly packumentCache full:https://registry.npmjs.org/@upstash%2fredis cache-miss
17 http fetch GET 200 https://registry.npmjs.org/npm 484ms
18 http fetch GET 200 https://registry.npmjs.org/@upstash%2fredis 1332ms (cache miss)
19 silly packumentCache full:https://registry.npmjs.org/@upstash%2fredis set size:undefined disposed:false
20 silly placeDep ROOT @upstash/redis@1.37.0 OK for: backend@1.0.0 want: *
21 silly fetch manifest uncrypto@^0.1.3
22 silly packumentCache full:https://registry.npmjs.org/uncrypto cache-miss
23 http fetch GET 200 https://registry.npmjs.org/uncrypto 825ms (cache miss)
24 silly packumentCache full:https://registry.npmjs.org/uncrypto set size:undefined disposed:false
25 silly placeDep ROOT uncrypto@0.1.3 OK for: @upstash/redis@1.37.0 want: ^0.1.3
26 silly reify moves {}
27 silly audit bulk request {
27 silly audit   '@google/genai': [ '1.34.0' ],
27 silly audit   '@isaacs/cliui': [ '8.0.2' ],
27 silly audit   '@mongodb-js/saslprep': [ '1.3.1' ],
27 silly audit   '@pkgjs/parseargs': [ '0.11.0' ],
27 silly audit   '@socket.io/component-emitter': [ '3.1.2' ],
27 silly audit   '@types/cors': [ '2.8.19' ],
27 silly audit   '@types/node': [ '25.0.3' ],
27 silly audit   '@types/webidl-conversions': [ '7.0.3' ],
27 silly audit   '@types/whatwg-url': [ '11.0.5' ],
27 silly audit   accepts: [ '2.0.0', '1.3.8' ],
27 silly audit   'agent-base': [ '7.1.4' ],
27 silly audit   'ansi-regex': [ '6.2.2', '5.0.1' ],
27 silly audit   'ansi-styles': [ '6.2.3', '4.3.0' ],
27 silly audit   anymatch: [ '3.1.3' ],
27 silly audit   asynckit: [ '0.4.0' ],
27 silly audit   axios: [ '1.13.2' ],
27 silly audit   'balanced-match': [ '1.0.2' ],
27 silly audit   'base64-js': [ '1.5.1' ],
27 silly audit   base64id: [ '2.0.0' ],
27 silly audit   base64url: [ '3.0.1' ],
27 silly audit   bcryptjs: [ '3.0.2' ],
27 silly audit   'bignumber.js': [ '9.3.1' ],
27 silly audit   'binary-extensions': [ '2.3.0' ],
27 silly audit   'body-parser': [ '2.2.0' ],
27 silly audit   'brace-expansion': [ '1.1.12', '2.0.2' ],
27 silly audit   braces: [ '3.0.3' ],
27 silly audit   bson: [ '6.10.4' ],
27 silly audit   'buffer-equal-constant-time': [ '1.0.1' ],
27 silly audit   bytes: [ '3.1.2' ],
27 silly audit   'call-bind-apply-helpers': [ '1.0.2' ],
27 silly audit   'call-bound': [ '1.0.4' ],
27 silly audit   chokidar: [ '3.6.0' ],
27 silly audit   'color-convert': [ '2.0.1' ],
27 silly audit   'color-name': [ '1.1.4' ],
27 silly audit   'combined-stream': [ '1.0.8' ],
27 silly audit   'concat-map': [ '0.0.1' ],
27 silly audit   'content-disposition': [ '1.0.0' ],
27 silly audit   'content-type': [ '1.0.5' ],
27 silly audit   cookie: [ '1.1.1', '0.7.2' ],
27 silly audit   'cookie-parser': [ '1.4.7' ],
27 silly audit   'cookie-signature': [ '1.0.6', '1.2.2', '1.0.7' ],
27 silly audit   cors: [ '2.8.5' ],
27 silly audit   'cross-spawn': [ '7.0.6' ],
27 silly audit   'data-uri-to-buffer': [ '4.0.1' ],
27 silly audit   debug: [ '4.4.3', '2.6.9' ],
27 silly audit   'delayed-stream': [ '1.0.0' ],
27 silly audit   depd: [ '2.0.0' ],
27 silly audit   dotenv: [ '17.2.3' ],
27 silly audit   'dunder-proto': [ '1.0.1' ],
27 silly audit   eastasianwidth: [ '0.2.0' ],
27 silly audit   'ecdsa-sig-formatter': [ '1.0.11' ],
27 silly audit   'ee-first': [ '1.1.1' ],
27 silly audit   'emoji-regex': [ '9.2.2', '8.0.0' ],
27 silly audit   encodeurl: [ '2.0.0' ],
27 silly audit   'engine.io': [ '6.6.5' ],
27 silly audit   'engine.io-parser': [ '5.2.3' ],
27 silly audit   'mime-db': [ '1.52.0', '1.54.0' ],
27 silly audit   'mime-types': [ '2.1.35', '3.0.1' ],
27 silly audit   negotiator: [ '0.6.3', '1.0.0' ],
27 silly audit   'es-define-property': [ '1.0.1' ],
27 silly audit   'es-errors': [ '1.3.0' ],
27 silly audit   'es-object-atoms': [ '1.1.1' ],
27 silly audit   'es-set-tostringtag': [ '2.1.0' ],
27 silly audit   'escape-html': [ '1.0.3' ],
27 silly audit   etag: [ '1.8.1' ],
27 silly audit   express: [ '5.1.0' ],
27 silly audit   'express-session': [ '1.18.2' ],
27 silly audit   ms: [ '2.0.0', '2.1.3' ],
27 silly audit   extend: [ '3.0.2' ],
27 silly audit   'fetch-blob': [ '3.2.0' ],
27 silly audit   'fill-range': [ '7.1.1' ],
27 silly audit   finalhandler: [ '2.1.0' ],
27 silly audit   'follow-redirects': [ '1.15.11' ],
27 silly audit   'foreground-child': [ '3.3.1' ],
27 silly audit   'form-data': [ '4.0.5' ],
27 silly audit   'formdata-polyfill': [ '4.0.10' ],
27 silly audit   forwarded: [ '0.2.0' ],
27 silly audit   fresh: [ '2.0.0' ],
27 silly audit   fsevents: [ '2.3.3' ],
27 silly audit   'function-bind': [ '1.1.2' ],
27 silly audit   gaxios: [ '7.1.3' ],
27 silly audit   'get-intrinsic': [ '1.3.0' ],
27 silly audit   'get-proto': [ '1.0.1' ],
27 silly audit   glob: [ '10.5.0' ],
27 silly audit   'glob-parent': [ '5.1.2' ],
27 silly audit   minimatch: [ '9.0.5', '3.1.2' ],
27 silly audit   'google-auth-library': [ '10.5.0' ],
27 silly audit   'gcp-metadata': [ '8.1.2' ],
27 silly audit   jwa: [ '2.0.1', '1.4.2' ],
27 silly audit   jws: [ '4.0.1', '3.2.2' ],
27 silly audit   'google-logging-utils': [ '1.1.3' ],
27 silly audit   gopd: [ '1.2.0' ],
27 silly audit   gtoken: [ '8.0.0' ],
27 silly audit   'has-flag': [ '3.0.0' ],
27 silly audit   'has-symbols': [ '1.1.0' ],
27 silly audit   'has-tostringtag': [ '1.0.2' ],
27 silly audit   hasown: [ '2.0.2' ],
27 silly audit   'http-errors': [ '2.0.0' ],
27 silly audit   statuses: [ '2.0.1', '2.0.2' ],
27 silly audit   'https-proxy-agent': [ '7.0.6' ],
27 silly audit   'iconv-lite': [ '0.6.3', '0.7.0' ],
27 silly audit   'ignore-by-default': [ '1.0.1' ],
27 silly audit   inherits: [ '2.0.4' ],
27 silly audit   'ipaddr.js': [ '1.9.1' ],
27 silly audit   'is-binary-path': [ '2.1.0' ],
27 silly audit   'is-extglob': [ '2.1.1' ],
27 silly audit   'is-fullwidth-code-point': [ '3.0.0' ],
27 silly audit   'is-glob': [ '4.0.3' ],
27 silly audit   'is-number': [ '7.0.0' ],
27 silly audit   'is-promise': [ '4.0.0' ],
27 silly audit   isexe: [ '2.0.0' ],
27 silly audit   jackspeak: [ '3.4.3' ],
27 silly audit   'json-bigint': [ '1.0.0' ],
27 silly audit   jsonwebtoken: [ '9.0.2' ],
27 silly audit   kareem: [ '2.6.3' ],
27 silly audit   'lodash.includes': [ '4.3.0' ],
27 silly audit   'lodash.isboolean': [ '3.0.3' ],
27 silly audit   'lodash.isinteger': [ '4.0.4' ],
27 silly audit   'lodash.isnumber': [ '3.0.3' ],
27 silly audit   'lodash.isplainobject': [ '4.0.6' ],
27 silly audit   'lodash.isstring': [ '4.0.1' ],
27 silly audit   'lodash.once': [ '4.1.1' ],
27 silly audit   'lru-cache': [ '10.4.3' ],
27 silly audit   'math-intrinsics': [ '1.1.0' ],
27 silly audit   'media-typer': [ '1.1.0' ],
27 silly audit   'memory-pager': [ '1.5.0' ],
27 silly audit   'merge-descriptors': [ '2.0.0' ],
27 silly audit   minipass: [ '7.1.2' ],
27 silly audit   mongodb: [ '6.20.0' ],
27 silly audit   'mongodb-connection-string-url': [ '3.0.2' ],
27 silly audit   mongoose: [ '8.19.1' ],
27 silly audit   mpath: [ '0.9.0' ],
27 silly audit   mquery: [ '5.0.0' ],
27 silly audit   'node-domexception': [ '1.0.0' ],
27 silly audit   'node-fetch': [ '3.3.2' ],
27 silly audit   nodemailer: [ '7.0.12' ],
27 silly audit   nodemon: [ '3.1.10' ],
27 silly audit   'normalize-path': [ '3.0.0' ],
27 silly audit   oauth: [ '0.10.2' ],
27 silly audit   'object-assign': [ '4.1.1' ],
27 silly audit   'object-inspect': [ '1.13.4' ],
27 silly audit   'on-finished': [ '2.4.1' ],
27 silly audit   'on-headers': [ '1.1.0' ],
27 silly audit   once: [ '1.4.0' ],
27 silly audit   'package-json-from-dist': [ '1.0.1' ],
27 silly audit   parseurl: [ '1.3.3' ],
27 silly audit   passport: [ '0.7.0' ],
27 silly audit   'passport-google-oauth20': [ '2.0.0' ],
27 silly audit   'passport-oauth2': [ '1.8.0' ],
27 silly audit   'passport-strategy': [ '1.0.0' ],
27 silly audit   'path-key': [ '3.1.1' ],
27 silly audit   'path-scurry': [ '1.11.1' ],
27 silly audit   'path-to-regexp': [ '8.3.0' ],
27 silly audit   pause: [ '0.0.1' ],
27 silly audit   picomatch: [ '2.3.1' ],
27 silly audit   'proxy-addr': [ '2.0.7' ],
27 silly audit   'proxy-from-env': [ '1.1.0' ],
27 silly audit   'pstree.remy': [ '1.1.8' ],
27 silly audit   punycode: [ '2.3.1' ],
27 silly audit   qs: [ '6.14.0' ],
27 silly audit   'random-bytes': [ '1.0.0' ],
27 silly audit   'range-parser': [ '1.2.1' ],
27 silly audit   'raw-body': [ '3.0.1' ],
27 silly audit   readdirp: [ '3.6.0' ],
27 silly audit   rimraf: [ '5.0.10' ],
27 silly audit   router: [ '2.2.0' ],
27 silly audit   'safe-buffer': [ '5.2.1' ],
27 silly audit   'safer-buffer': [ '2.1.2' ],
27 silly audit   semver: [ '7.7.3' ],
27 silly audit   send: [ '1.2.0' ],
27 silly audit   'serve-static': [ '2.2.0' ],
27 silly audit   setprototypeof: [ '1.2.0' ],
27 silly audit   'shebang-command': [ '2.0.0' ],
27 silly audit   'shebang-regex': [ '3.0.0' ],
27 silly audit   'side-channel': [ '1.1.0' ],
27 silly audit   'side-channel-list': [ '1.0.0' ],
27 silly audit   'side-channel-map': [ '1.0.1' ],
27 silly audit   'side-channel-weakmap': [ '1.0.2' ],
27 silly audit   sift: [ '17.1.3' ],
27 silly audit   'signal-exit': [ '4.1.0' ],
27 silly audit   'simple-update-notifier': [ '2.0.0' ],
27 silly audit   'socket.io': [ '4.8.3' ],
27 silly audit   'socket.io-adapter': [ '2.5.6' ],
27 silly audit   'socket.io-parser': [ '4.2.5' ],
27 silly audit   'sparse-bitfield': [ '3.0.3' ],
27 silly audit   'string-width': [ '5.1.2', '4.2.3' ],
27 silly audit   'strip-ansi': [ '6.0.1', '7.1.2' ],
27 silly audit   'supports-color': [ '5.5.0' ],
27 silly audit   'to-regex-range': [ '5.0.1' ],
27 silly audit   toidentifier: [ '1.0.1' ],
27 silly audit   touch: [ '3.1.1' ],
27 silly audit   tr46: [ '5.1.1' ],
27 silly audit   'type-is': [ '2.0.1' ],
27 silly audit   'uid-safe': [ '2.1.5' ],
27 silly audit   uid2: [ '0.0.4' ],
27 silly audit   undefsafe: [ '2.0.5' ],
27 silly audit   'undici-types': [ '7.16.0' ],
27 silly audit   unpipe: [ '1.0.0' ],
27 silly audit   'utils-merge': [ '1.0.1' ],
27 silly audit   vary: [ '1.1.2' ],
27 silly audit   'web-streams-polyfill': [ '3.3.3' ],
27 silly audit   'webidl-conversions': [ '7.0.0' ],
27 silly audit   'whatwg-url': [ '14.2.0' ],
27 silly audit   which: [ '2.0.2' ],
27 silly audit   'wrap-ansi': [ '8.1.0', '7.0.0' ],
27 silly audit   wrappy: [ '1.0.2' ],
27 silly audit   ws: [ '8.18.3' ],
27 silly audit   '@upstash/redis': [ '1.37.0' ],
27 silly audit   uncrypto: [ '0.1.3' ]
27 silly audit }
28 http cache uncrypto@https://registry.npmjs.org/uncrypto/-/uncrypto-0.1.3.tgz 1ms (cache hit)
29 http cache @upstash/redis@https://registry.npmjs.org/@upstash/redis/-/redis-1.37.0.tgz 0ms (cache hit)
30 silly tarball no local data for uncrypto@https://registry.npmjs.org/uncrypto/-/uncrypto-0.1.3.tgz. Extracting by manifest.
31 silly tarball no local data for @upstash/redis@https://registry.npmjs.org/@upstash/redis/-/redis-1.37.0.tgz. Extracting by manifest.
32 http fetch GET 200 https://registry.npmjs.org/uncrypto/-/uncrypto-0.1.3.tgz 109ms (cache miss)
33 http fetch POST 200 https://registry.npmjs.org/-/npm/v1/security/advisories/bulk 409ms
34 silly audit report {
34 silly audit report   axios: [
34 silly audit report     {
34 silly audit report       id: 1113275,
34 silly audit report       url: 'https://github.com/advisories/GHSA-43fc-jf86-j433',
34 silly audit report       title: 'Axios is Vulnerable to Denial of Service via __proto__ Key in mergeConfig',
34 silly audit report       severity: 'high',
34 silly audit report       vulnerable_versions: '>=1.0.0 <=1.13.4',
34 silly audit report       cwe: [Array],
34 silly audit report       cvss: [Object]
34 silly audit report     }
34 silly audit report   ],
34 silly audit report   'body-parser': [
34 silly audit report     {
34 silly audit report       id: 1110858,
34 silly audit report       url: 'https://github.com/advisories/GHSA-wqch-xfxh-vrr4',
34 silly audit report       title: 'body-parser is vulnerable to denial of service when url encoding is used',
34 silly audit report       severity: 'moderate',
34 silly audit report       vulnerable_versions: '>=2.2.0 <2.2.1',
34 silly audit report       cwe: [Array],
34 silly audit report       cvss: [Object]
34 silly audit report     }
34 silly audit report   ],
34 silly audit report   'brace-expansion': [
34 silly audit report     {
34 silly audit report       id: 1115540,
34 silly audit report       url: 'https://github.com/advisories/GHSA-f886-m6hf-6m8v',
34 silly audit report       title: 'brace-expansion: Zero-step sequence causes process hang and memory exhaustion',
34 silly audit report       severity: 'moderate',
34 silly audit report       vulnerable_versions: '<1.1.13',
34 silly audit report       cwe: [Array],
34 silly audit report       cvss: [Object]
34 silly audit report     },
34 silly audit report     {
34 silly audit report       id: 1115541,
34 silly audit report       url: 'https://github.com/advisories/GHSA-f886-m6hf-6m8v',
34 silly audit report       title: 'brace-expansion: Zero-step sequence causes process hang and memory exhaustion',
34 silly audit report       severity: 'moderate',
34 silly audit report       vulnerable_versions: '>=2.0.0 <2.0.3',
34 silly audit report       cwe: [Array],
34 silly audit report       cvss: [Object]
34 silly audit report     }
34 silly audit report   ],
34 silly audit report   minimatch: [
34 silly audit report     {
34 silly audit report       id: 1113459,
34 silly audit report       url: 'https://github.com/advisories/GHSA-3ppc-4f35-3m26',
34 silly audit report       title: 'minimatch has a ReDoS via repeated wildcards with non-matching literal in pattern',
34 silly audit report       severity: 'high',
34 silly audit report       vulnerable_versions: '<3.1.3',
34 silly audit report       cwe: [Array],
34 silly audit report       cvss: [Object]
34 silly audit report     },
34 silly audit report     {
34 silly audit report       id: 1113465,
34 silly audit report       url: 'https://github.com/advisories/GHSA-3ppc-4f35-3m26',
34 silly audit report       title: 'minimatch has a ReDoS via repeated wildcards with non-matching literal in pattern',
34 silly audit report       severity: 'high',
34 silly audit report       vulnerable_versions: '>=9.0.0 <9.0.6',
34 silly audit report       cwe: [Array],
34 silly audit report       cvss: [Object]
34 silly audit report     },
34 silly audit report     {
34 silly audit report       id: 1113538,
34 silly audit report       url: 'https://github.com/advisories/GHSA-7r86-cg39-jmmj',
34 silly audit report       title: 'minimatch has ReDoS: matchOne() combinatorial backtracking via multiple non-adjacent GLOBSTAR segments',
34 silly audit report       severity: 'high',
34 silly audit report       vulnerable_versions: '<3.1.3',
34 silly audit report       cwe: [Array],
34 silly audit report       cvss: [Object]
34 silly audit report     },
34 silly audit report     {
34 silly audit report       id: 1113544,
34 silly audit report       url: 'https://github.com/advisories/GHSA-7r86-cg39-jmmj',
34 silly audit report       title: 'minimatch has ReDoS: matchOne() combinatorial backtracking via multiple non-adjacent GLOBSTAR segments',
34 silly audit report       severity: 'high',
34 silly audit report       vulnerable_versions: '>=9.0.0 <9.0.7',
34 silly audit report       cwe: [Array],
34 silly audit report       cvss: [Object]
34 silly audit report     },
34 silly audit report     {
34 silly audit report       id: 1113546,
34 silly audit report       url: 'https://github.com/advisories/GHSA-23c5-xmqv-rm74',
34 silly audit report       title: 'minimatch ReDoS: nested *() extglobs generate catastrophically backtracking regular expressions',
34 silly audit report       severity: 'high',
34 silly audit report       vulnerable_versions: '<3.1.4',
34 silly audit report       cwe: [Array],
34 silly audit report       cvss: [Object]
34 silly audit report     },
34 silly audit report     {
34 silly audit report       id: 1113552,
34 silly audit report       url: 'https://github.com/advisories/GHSA-23c5-xmqv-rm74',
34 silly audit report       title: 'minimatch ReDoS: nested *() extglobs generate catastrophically backtracking regular expressions',
34 silly audit report       severity: 'high',
34 silly audit report       vulnerable_versions: '>=9.0.0 <9.0.7',
34 silly audit report       cwe: [Array],
34 silly audit report       cvss: [Object]
34 silly audit report     }
34 silly audit report   ],
34 silly audit report   jws: [
34 silly audit report     {
34 silly audit report       id: 1111244,
34 silly audit report       url: 'https://github.com/advisories/GHSA-869p-cjfg-cm3x',
34 silly audit report       title: 'auth0/node-jws Improperly Verifies HMAC Signature',
34 silly audit report       severity: 'high',
34 silly audit report       vulnerable_versions: '<3.2.3',
34 silly audit report       cwe: [Array],
34 silly audit report       cvss: [Object]
34 silly audit report     }
34 silly audit report   ],
34 silly audit report   nodemailer: [
34 silly audit report     {
34 silly audit report       id: 1115470,
34 silly audit report       url: 'https://github.com/advisories/GHSA-c7w3-x93f-qmm8',
34 silly audit report       title: 'Nodemailer has SMTP command injection due to unsanitized `envelope.size` parameter',
34 silly audit report       severity: 'low',
34 silly audit report       vulnerable_versions: '<8.0.4',
34 silly audit report       cwe: [Array],
34 silly audit report       cvss: [Object]
34 silly audit report     }
34 silly audit report   ],
34 silly audit report   'path-to-regexp': [
34 silly audit report     {
34 silly audit report       id: 1115573,
34 silly audit report       url: 'https://github.com/advisories/GHSA-j3q9-mxjg-w52f',
34 silly audit report       title: 'path-to-regexp vulnerable to Denial of Service via sequential optional groups',
34 silly audit report       severity: 'high',
34 silly audit report       vulnerable_versions: '>=8.0.0 <8.4.0',
34 silly audit report       cwe: [Array],
34 silly audit report       cvss: [Object]
34 silly audit report     },
34 silly audit report     {
34 silly audit report       id: 1115582,
34 silly audit report       url: 'https://github.com/advisories/GHSA-27v5-c462-wpq7',
34 silly audit report       title: 'path-to-regexp vulnerable to Regular Expression Denial of Service via multiple wildcards',
34 silly audit report       severity: 'moderate',
34 silly audit report       vulnerable_versions: '>=8.0.0 <8.4.0',
34 silly audit report       cwe: [Array],
34 silly audit report       cvss: [Object]
34 silly audit report     }
34 silly audit report   ],
34 silly audit report   picomatch: [
34 silly audit report     {
34 silly audit report       id: 1115549,
34 silly audit report       url: 'https://github.com/advisories/GHSA-3v7f-55p6-f55p',
34 silly audit report       title: 'Picomatch: Method Injection in POSIX Character Classes causes incorrect Glob Matching',
34 silly audit report       severity: 'moderate',
34 silly audit report       vulnerable_versions: '<2.3.2',
34 silly audit report       cwe: [Array],
34 silly audit report       cvss: [Object]
34 silly audit report     },
34 silly audit report     {
34 silly audit report       id: 1115552,
34 silly audit report       url: 'https://github.com/advisories/GHSA-c2c7-rcm5-vvqj',
34 silly audit report       title: 'Picomatch has a ReDoS vulnerability via extglob quantifiers',
34 silly audit report       severity: 'high',
34 silly audit report       vulnerable_versions: '<2.3.2',
34 silly audit report       cwe: [Array],
34 silly audit report       cvss: [Object]
34 silly audit report     }
34 silly audit report   ],
34 silly audit report   qs: [
34 silly audit report     {
34 silly audit report       id: 1113161,
34 silly audit report       url: 'https://github.com/advisories/GHSA-w7fw-mjwx-w883',
34 silly audit report       title: "qs's arrayLimit bypass in comma parsing allows denial of service",
34 silly audit report       severity: 'low',
34 silly audit report       vulnerable_versions: '>=6.7.0 <=6.14.1',
34 silly audit report       cwe: [Array],
34 silly audit report       cvss: [Object]
34 silly audit report     },
34 silly audit report     {
34 silly audit report       id: 1113719,
34 silly audit report       url: 'https://github.com/advisories/GHSA-6rw7-vpxm-498p',
34 silly audit report       title: "qs's arrayLimit bypass in its bracket notation allows DoS via memory exhaustion",
34 silly audit report       severity: 'moderate',
34 silly audit report       vulnerable_versions: '<6.14.1',
34 silly audit report       cwe: [Array],
34 silly audit report       cvss: [Object]
34 silly audit report     }
34 silly audit report   ],
34 silly audit report   'socket.io-parser': [
34 silly audit report     {
34 silly audit report       id: 1115154,
34 silly audit report       url: 'https://github.com/advisories/GHSA-677m-j7p3-52f9',
34 silly audit report       title: 'socket.io allows an unbounded number of binary attachments',
34 silly audit report       severity: 'high',
34 silly audit report       vulnerable_versions: '>=4.0.0 <4.2.6',
34 silly audit report       cwe: [Array],
34 silly audit report       cvss: [Object]
34 silly audit report     }
34 silly audit report   ]
34 silly audit report }
35 silly packumentCache corgi:https://registry.npmjs.org/axios cache-miss
36 silly packumentCache corgi:https://registry.npmjs.org/body-parser cache-miss
37 silly packumentCache corgi:https://registry.npmjs.org/brace-expansion cache-miss
38 silly packumentCache corgi:https://registry.npmjs.org/minimatch cache-miss
39 silly packumentCache corgi:https://registry.npmjs.org/jws cache-miss
40 silly packumentCache corgi:https://registry.npmjs.org/nodemailer cache-miss
41 silly packumentCache corgi:https://registry.npmjs.org/path-to-regexp cache-miss
42 silly packumentCache corgi:https://registry.npmjs.org/picomatch cache-miss
43 silly packumentCache corgi:https://registry.npmjs.org/qs cache-miss
44 silly packumentCache corgi:https://registry.npmjs.org/socket.io-parser cache-miss
45 http fetch GET 200 https://registry.npmjs.org/brace-expansion 86ms (cache miss)
46 silly packumentCache corgi:https://registry.npmjs.org/brace-expansion set size:undefined disposed:false
47 http fetch GET 200 https://registry.npmjs.org/minimatch 182ms (cache miss)
48 silly packumentCache corgi:https://registry.npmjs.org/minimatch set size:undefined disposed:false
49 http fetch GET 200 https://registry.npmjs.org/jws 250ms (cache revalidated)
50 silly packumentCache corgi:https://registry.npmjs.org/jws set size:20153 disposed:false
51 http fetch GET 200 https://registry.npmjs.org/picomatch 307ms (cache miss)
52 silly packumentCache corgi:https://registry.npmjs.org/picomatch set size:undefined disposed:false
53 http fetch GET 200 https://registry.npmjs.org/qs 320ms (cache updated)
54 silly packumentCache corgi:https://registry.npmjs.org/qs set size:undefined disposed:false
55 http fetch GET 200 https://registry.npmjs.org/socket.io-parser 362ms (cache miss)
56 silly packumentCache corgi:https://registry.npmjs.org/socket.io-parser set size:undefined disposed:false
57 http fetch GET 200 https://registry.npmjs.org/@upstash/redis/-/redis-1.37.0.tgz 789ms (cache miss)
58 http fetch GET 200 https://registry.npmjs.org/body-parser 554ms (cache revalidated)
59 silly packumentCache corgi:https://registry.npmjs.org/body-parser set size:77795 disposed:false
60 http fetch GET 200 https://registry.npmjs.org/path-to-regexp 560ms (cache miss)
61 silly packumentCache corgi:https://registry.npmjs.org/path-to-regexp set size:undefined disposed:false
62 http fetch GET 200 https://registry.npmjs.org/nodemailer 572ms (cache miss)
63 silly packumentCache corgi:https://registry.npmjs.org/nodemailer set size:undefined disposed:false
64 http fetch GET 200 https://registry.npmjs.org/axios 1085ms (cache miss)
65 silly packumentCache corgi:https://registry.npmjs.org/axios set size:undefined disposed:false
66 silly packumentCache corgi:https://registry.npmjs.org/express cache-miss
67 http fetch GET 200 https://registry.npmjs.org/express 76ms (cache updated)
68 silly packumentCache corgi:https://registry.npmjs.org/express set size:undefined disposed:false
69 silly packumentCache corgi:https://registry.npmjs.org/nodemon cache-miss
70 http fetch GET 200 https://registry.npmjs.org/nodemon 189ms (cache miss)
71 silly packumentCache corgi:https://registry.npmjs.org/nodemon set size:undefined disposed:false
72 silly packumentCache corgi:https://registry.npmjs.org/glob cache-miss
73 http fetch GET 200 https://registry.npmjs.org/glob 81ms (cache miss)
74 silly packumentCache corgi:https://registry.npmjs.org/glob set size:undefined disposed:false
75 silly packumentCache corgi:https://registry.npmjs.org/jsonwebtoken cache-miss
76 http fetch GET 200 https://registry.npmjs.org/jsonwebtoken 98ms (cache updated)
77 silly packumentCache corgi:https://registry.npmjs.org/jsonwebtoken set size:undefined disposed:false
78 silly packumentCache corgi:https://registry.npmjs.org/router cache-miss
79 http fetch GET 200 https://registry.npmjs.org/router 354ms (cache miss)
80 silly packumentCache corgi:https://registry.npmjs.org/router set size:undefined disposed:false
81 silly packumentCache corgi:https://registry.npmjs.org/anymatch cache-miss
82 silly packumentCache corgi:https://registry.npmjs.org/readdirp cache-miss
83 http fetch GET 200 https://registry.npmjs.org/anymatch 67ms (cache miss)
84 silly packumentCache corgi:https://registry.npmjs.org/anymatch set size:undefined disposed:false
85 http fetch GET 200 https://registry.npmjs.org/readdirp 113ms (cache miss)
86 silly packumentCache corgi:https://registry.npmjs.org/readdirp set size:undefined disposed:false
87 silly packumentCache corgi:https://registry.npmjs.org/socket.io cache-miss
88 http fetch GET 200 https://registry.npmjs.org/socket.io 382ms (cache miss)
89 silly packumentCache corgi:https://registry.npmjs.org/socket.io set size:undefined disposed:false
90 silly ADD node_modules/uncrypto
91 silly ADD node_modules/@upstash/redis
92 verbose cwd D:\Projects\Swasth-Raho\Backend
93 verbose os Windows_NT 10.0.26200
94 verbose node v22.17.0
95 verbose npm  v11.5.2
96 notice
96 notice New [33mminor[39m version of npm available! [33m11.5.2[39m -> [34m11.12.1[39m
96 notice Changelog: [34mhttps://github.com/npm/cli/releases/tag/v11.12.1[39m
96 notice To update run: [4mnpm install -g npm@11.12.1[24m
96 notice  { force: true, [Symbol(proc-log.meta)]: true }
97 verbose exit 0
98 info ok
