0 verbose cli C:\Program Files\nodejs\node.exe C:\Users\Asus\AppData\Roaming\npm\node_modules\npm\bin\npm-cli.js
1 info using npm@11.5.2
2 info using node@v22.17.0
3 silly config load:file:C:\Users\Asus\AppData\Roaming\npm\node_modules\npm\npmrc
4 silly config load:file:D:\Projects\Swasth-Raho\Backend\.npmrc
5 silly config load:file:C:\Users\Asus\.npmrc
6 silly config load:file:C:\Users\Asus\AppData\Roaming\npm\etc\npmrc
7 verbose title npm install express-session
8 verbose argv "install" "express-session"
9 verbose logfile logs-max:10 dir:D:\Projects\Swasth-Raho\Backend\npm-cache\_logs\2026-01-10T08_04_38_881Z-
10 verbose logfile D:\Projects\Swasth-Raho\Backend\npm-cache\_logs\2026-01-10T08_04_38_881Z-debug-0.log
11 silly logfile start cleaning logs, removing 1 files
12 silly packumentCache heap:2197815296 maxSize:549453824 maxEntrySize:274726912
13 silly logfile done cleaning log files
14 silly idealTree buildDeps
15 silly fetch manifest express-session@*
16 silly packumentCache full:https://registry.npmjs.org/express-session cache-miss
17 http fetch GET https://registry.npmjs.org/express-session attempt 1 failed with ENOTFOUND
18 http fetch GET 200 https://registry.npmjs.org/express-session 21740ms attempt #2 (cache miss)
19 silly packumentCache full:https://registry.npmjs.org/express-session set size:undefined disposed:false
20 silly placeDep ROOT express-session@1.18.2 OK for: backend@1.0.0 want: *
21 silly fetch manifest cookie@0.7.2
22 silly packumentCache full:https://registry.npmjs.org/cookie cache-miss
23 silly fetch manifest cookie-signature@1.0.7
24 silly packumentCache full:https://registry.npmjs.org/cookie-signature cache-miss
25 silly fetch manifest debug@2.6.9
26 silly packumentCache full:https://registry.npmjs.org/debug cache-miss
27 silly fetch manifest on-headers@~1.1.0
28 silly packumentCache full:https://registry.npmjs.org/on-headers cache-miss
29 silly fetch manifest uid-safe@~2.1.5
30 silly packumentCache full:https://registry.npmjs.org/uid-safe cache-miss
31 http fetch GET 200 https://registry.npmjs.org/cookie-signature 187ms (cache miss)
32 silly packumentCache full:https://registry.npmjs.org/cookie-signature set size:undefined disposed:false
33 http fetch GET 200 https://registry.npmjs.org/cookie 767ms (cache revalidated)
34 silly packumentCache full:https://registry.npmjs.org/cookie set size:72891 disposed:false
35 http fetch GET 200 https://registry.npmjs.org/on-headers 772ms (cache miss)
36 silly packumentCache full:https://registry.npmjs.org/on-headers set size:undefined disposed:false
37 http fetch GET 200 https://registry.npmjs.org/uid-safe 777ms (cache miss)
38 silly packumentCache full:https://registry.npmjs.org/uid-safe set size:undefined disposed:false
39 http fetch GET 200 https://registry.npmjs.org/debug 798ms (cache miss)
40 silly packumentCache full:https://registry.npmjs.org/debug set size:undefined disposed:false
41 silly placeDep node_modules/express-session cookie@0.7.2 OK for: express-session@1.18.2 want: 0.7.2
42 silly placeDep node_modules/express-session cookie-signature@1.0.7 OK for: express-session@1.18.2 want: 1.0.7
43 silly placeDep node_modules/express-session debug@2.6.9 OK for: express-session@1.18.2 want: 2.6.9
44 silly placeDep ROOT on-headers@1.1.0 OK for: express-session@1.18.2 want: ~1.1.0
45 silly placeDep ROOT uid-safe@2.1.5 OK for: express-session@1.18.2 want: ~2.1.5
46 silly fetch manifest ms@2.0.0
47 silly packumentCache full:https://registry.npmjs.org/ms cache-miss
48 silly fetch manifest random-bytes@~1.0.0
49 silly packumentCache full:https://registry.npmjs.org/random-bytes cache-miss
50 http fetch GET 200 https://registry.npmjs.org/random-bytes 85ms (cache miss)
51 silly packumentCache full:https://registry.npmjs.org/random-bytes set size:undefined disposed:false
52 http fetch GET 200 https://registry.npmjs.org/ms 88ms (cache miss)
53 silly packumentCache full:https://registry.npmjs.org/ms set size:undefined disposed:false
54 silly placeDep ROOT random-bytes@1.0.0 OK for: uid-safe@2.1.5 want: ~1.0.0
55 silly placeDep node_modules/express-session ms@2.0.0 OK for: debug@2.6.9 want: 2.0.0
56 silly reify moves {}
57 silly audit bulk request {
57 silly audit   '@google/genai': [ '1.34.0' ],
57 silly audit   '@isaacs/cliui': [ '8.0.2' ],
57 silly audit   '@mongodb-js/saslprep': [ '1.3.1' ],
57 silly audit   '@pkgjs/parseargs': [ '0.11.0' ],
57 silly audit   '@socket.io/component-emitter': [ '3.1.2' ],
57 silly audit   '@types/cors': [ '2.8.19' ],
57 silly audit   '@types/node': [ '25.0.3' ],
57 silly audit   '@types/webidl-conversions': [ '7.0.3' ],
57 silly audit   '@types/whatwg-url': [ '11.0.5' ],
57 silly audit   accepts: [ '2.0.0', '1.3.8' ],
57 silly audit   'agent-base': [ '7.1.4' ],
57 silly audit   'ansi-regex': [ '6.2.2', '5.0.1' ],
57 silly audit   'ansi-styles': [ '6.2.3', '4.3.0' ],
57 silly audit   anymatch: [ '3.1.3' ],
57 silly audit   asynckit: [ '0.4.0' ],
57 silly audit   axios: [ '1.13.2' ],
57 silly audit   'balanced-match': [ '1.0.2' ],
57 silly audit   'base64-js': [ '1.5.1' ],
57 silly audit   base64id: [ '2.0.0' ],
57 silly audit   base64url: [ '3.0.1' ],
57 silly audit   bcryptjs: [ '3.0.2' ],
57 silly audit   'bignumber.js': [ '9.3.1' ],
57 silly audit   'binary-extensions': [ '2.3.0' ],
57 silly audit   'body-parser': [ '2.2.0' ],
57 silly audit   'brace-expansion': [ '1.1.12', '2.0.2' ],
57 silly audit   braces: [ '3.0.3' ],
57 silly audit   bson: [ '6.10.4' ],
57 silly audit   'buffer-equal-constant-time': [ '1.0.1' ],
57 silly audit   bytes: [ '3.1.2' ],
57 silly audit   'call-bind-apply-helpers': [ '1.0.2' ],
57 silly audit   'call-bound': [ '1.0.4' ],
57 silly audit   chokidar: [ '3.6.0' ],
57 silly audit   'color-convert': [ '2.0.1' ],
57 silly audit   'color-name': [ '1.1.4' ],
57 silly audit   'combined-stream': [ '1.0.8' ],
57 silly audit   'concat-map': [ '0.0.1' ],
57 silly audit   'content-disposition': [ '1.0.0' ],
57 silly audit   'content-type': [ '1.0.5' ],
57 silly audit   cookie: [ '1.1.1', '0.7.2' ],
57 silly audit   'cookie-parser': [ '1.4.7' ],
57 silly audit   'cookie-signature': [ '1.0.6', '1.2.2', '1.0.7' ],
57 silly audit   cors: [ '2.8.5' ],
57 silly audit   'cross-spawn': [ '7.0.6' ],
57 silly audit   'data-uri-to-buffer': [ '4.0.1' ],
57 silly audit   debug: [ '4.4.3', '2.6.9' ],
57 silly audit   'delayed-stream': [ '1.0.0' ],
57 silly audit   depd: [ '2.0.0' ],
57 silly audit   dotenv: [ '17.2.3' ],
57 silly audit   'dunder-proto': [ '1.0.1' ],
57 silly audit   eastasianwidth: [ '0.2.0' ],
57 silly audit   'ecdsa-sig-formatter': [ '1.0.11' ],
57 silly audit   'ee-first': [ '1.1.1' ],
57 silly audit   'emoji-regex': [ '9.2.2', '8.0.0' ],
57 silly audit   encodeurl: [ '2.0.0' ],
57 silly audit   'engine.io': [ '6.6.5' ],
57 silly audit   'engine.io-parser': [ '5.2.3' ],
57 silly audit   'mime-db': [ '1.52.0', '1.54.0' ],
57 silly audit   'mime-types': [ '2.1.35', '3.0.1' ],
57 silly audit   negotiator: [ '0.6.3', '1.0.0' ],
57 silly audit   'es-define-property': [ '1.0.1' ],
57 silly audit   'es-errors': [ '1.3.0' ],
57 silly audit   'es-object-atoms': [ '1.1.1' ],
57 silly audit   'es-set-tostringtag': [ '2.1.0' ],
57 silly audit   'escape-html': [ '1.0.3' ],
57 silly audit   etag: [ '1.8.1' ],
57 silly audit   express: [ '5.1.0' ],
57 silly audit   extend: [ '3.0.2' ],
57 silly audit   'fetch-blob': [ '3.2.0' ],
57 silly audit   'fill-range': [ '7.1.1' ],
57 silly audit   finalhandler: [ '2.1.0' ],
57 silly audit   'follow-redirects': [ '1.15.11' ],
57 silly audit   'foreground-child': [ '3.3.1' ],
57 silly audit   'form-data': [ '4.0.5' ],
57 silly audit   'formdata-polyfill': [ '4.0.10' ],
57 silly audit   forwarded: [ '0.2.0' ],
57 silly audit   fresh: [ '2.0.0' ],
57 silly audit   fsevents: [ '2.3.3' ],
57 silly audit   'function-bind': [ '1.1.2' ],
57 silly audit   gaxios: [ '7.1.3' ],
57 silly audit   'get-intrinsic': [ '1.3.0' ],
57 silly audit   'get-proto': [ '1.0.1' ],
57 silly audit   glob: [ '10.5.0' ],
57 silly audit   'glob-parent': [ '5.1.2' ],
57 silly audit   minimatch: [ '9.0.5', '3.1.2' ],
57 silly audit   'google-auth-library': [ '10.5.0' ],
57 silly audit   'gcp-metadata': [ '8.1.2' ],
57 silly audit   jwa: [ '2.0.1', '1.4.2' ],
57 silly audit   jws: [ '4.0.1', '3.2.2' ],
57 silly audit   'google-logging-utils': [ '1.1.3' ],
57 silly audit   gopd: [ '1.2.0' ],
57 silly audit   gtoken: [ '8.0.0' ],
57 silly audit   'has-flag': [ '3.0.0' ],
57 silly audit   'has-symbols': [ '1.1.0' ],
57 silly audit   'has-tostringtag': [ '1.0.2' ],
57 silly audit   hasown: [ '2.0.2' ],
57 silly audit   'http-errors': [ '2.0.0' ],
57 silly audit   statuses: [ '2.0.1', '2.0.2' ],
57 silly audit   'https-proxy-agent': [ '7.0.6' ],
57 silly audit   'iconv-lite': [ '0.6.3', '0.7.0' ],
57 silly audit   'ignore-by-default': [ '1.0.1' ],
57 silly audit   inherits: [ '2.0.4' ],
57 silly audit   'ipaddr.js': [ '1.9.1' ],
57 silly audit   'is-binary-path': [ '2.1.0' ],
57 silly audit   'is-extglob': [ '2.1.1' ],
57 silly audit   'is-fullwidth-code-point': [ '3.0.0' ],
57 silly audit   'is-glob': [ '4.0.3' ],
57 silly audit   'is-number': [ '7.0.0' ],
57 silly audit   'is-promise': [ '4.0.0' ],
57 silly audit   isexe: [ '2.0.0' ],
57 silly audit   jackspeak: [ '3.4.3' ],
57 silly audit   'json-bigint': [ '1.0.0' ],
57 silly audit   jsonwebtoken: [ '9.0.2' ],
57 silly audit   kareem: [ '2.6.3' ],
57 silly audit   'lodash.includes': [ '4.3.0' ],
57 silly audit   'lodash.isboolean': [ '3.0.3' ],
57 silly audit   'lodash.isinteger': [ '4.0.4' ],
57 silly audit   'lodash.isnumber': [ '3.0.3' ],
57 silly audit   'lodash.isplainobject': [ '4.0.6' ],
57 silly audit   'lodash.isstring': [ '4.0.1' ],
57 silly audit   'lodash.once': [ '4.1.1' ],
57 silly audit   'lru-cache': [ '10.4.3' ],
57 silly audit   'math-intrinsics': [ '1.1.0' ],
57 silly audit   'media-typer': [ '1.1.0' ],
57 silly audit   'memory-pager': [ '1.5.0' ],
57 silly audit   'merge-descriptors': [ '2.0.0' ],
57 silly audit   minipass: [ '7.1.2' ],
57 silly audit   mongodb: [ '6.20.0' ],
57 silly audit   'mongodb-connection-string-url': [ '3.0.2' ],
57 silly audit   mongoose: [ '8.19.1' ],
57 silly audit   mpath: [ '0.9.0' ],
57 silly audit   mquery: [ '5.0.0' ],
57 silly audit   ms: [ '2.1.3', '2.0.0' ],
57 silly audit   'node-domexception': [ '1.0.0' ],
57 silly audit   'node-fetch': [ '3.3.2' ],
57 silly audit   nodemon: [ '3.1.10' ],
57 silly audit   'normalize-path': [ '3.0.0' ],
57 silly audit   oauth: [ '0.10.2' ],
57 silly audit   'object-assign': [ '4.1.1' ],
57 silly audit   'object-inspect': [ '1.13.4' ],
57 silly audit   'on-finished': [ '2.4.1' ],
57 silly audit   once: [ '1.4.0' ],
57 silly audit   'package-json-from-dist': [ '1.0.1' ],
57 silly audit   parseurl: [ '1.3.3' ],
57 silly audit   passport: [ '0.7.0' ],
57 silly audit   'passport-google-oauth20': [ '2.0.0' ],
57 silly audit   'passport-oauth2': [ '1.8.0' ],
57 silly audit   'passport-strategy': [ '1.0.0' ],
57 silly audit   'path-key': [ '3.1.1' ],
57 silly audit   'path-scurry': [ '1.11.1' ],
57 silly audit   'path-to-regexp': [ '8.3.0' ],
57 silly audit   pause: [ '0.0.1' ],
57 silly audit   picomatch: [ '2.3.1' ],
57 silly audit   'proxy-addr': [ '2.0.7' ],
57 silly audit   'proxy-from-env': [ '1.1.0' ],
57 silly audit   'pstree.remy': [ '1.1.8' ],
57 silly audit   punycode: [ '2.3.1' ],
57 silly audit   qs: [ '6.14.0' ],
57 silly audit   'range-parser': [ '1.2.1' ],
57 silly audit   'raw-body': [ '3.0.1' ],
57 silly audit   readdirp: [ '3.6.0' ],
57 silly audit   rimraf: [ '5.0.10' ],
57 silly audit   router: [ '2.2.0' ],
57 silly audit   'safe-buffer': [ '5.2.1' ],
57 silly audit   'safer-buffer': [ '2.1.2' ],
57 silly audit   semver: [ '7.7.3' ],
57 silly audit   send: [ '1.2.0' ],
57 silly audit   'serve-static': [ '2.2.0' ],
57 silly audit   setprototypeof: [ '1.2.0' ],
57 silly audit   'shebang-command': [ '2.0.0' ],
57 silly audit   'shebang-regex': [ '3.0.0' ],
57 silly audit   'side-channel': [ '1.1.0' ],
57 silly audit   'side-channel-list': [ '1.0.0' ],
57 silly audit   'side-channel-map': [ '1.0.1' ],
57 silly audit   'side-channel-weakmap': [ '1.0.2' ],
57 silly audit   sift: [ '17.1.3' ],
57 silly audit   'signal-exit': [ '4.1.0' ],
57 silly audit   'simple-update-notifier': [ '2.0.0' ],
57 silly audit   'socket.io': [ '4.8.3' ],
57 silly audit   'socket.io-adapter': [ '2.5.6' ],
57 silly audit   'socket.io-parser': [ '4.2.5' ],
57 silly audit   'sparse-bitfield': [ '3.0.3' ],
57 silly audit   'string-width': [ '5.1.2', '4.2.3' ],
57 silly audit   'strip-ansi': [ '6.0.1', '7.1.2' ],
57 silly audit   'supports-color': [ '5.5.0' ],
57 silly audit   'to-regex-range': [ '5.0.1' ],
57 silly audit   toidentifier: [ '1.0.1' ],
57 silly audit   touch: [ '3.1.1' ],
57 silly audit   tr46: [ '5.1.1' ],
57 silly audit   'type-is': [ '2.0.1' ],
57 silly audit   uid2: [ '0.0.4' ],
57 silly audit   undefsafe: [ '2.0.5' ],
57 silly audit   'undici-types': [ '7.16.0' ],
57 silly audit   unpipe: [ '1.0.0' ],
57 silly audit   'utils-merge': [ '1.0.1' ],
57 silly audit   vary: [ '1.1.2' ],
57 silly audit   'web-streams-polyfill': [ '3.3.3' ],
57 silly audit   'webidl-conversions': [ '7.0.0' ],
57 silly audit   'whatwg-url': [ '14.2.0' ],
57 silly audit   which: [ '2.0.2' ],
57 silly audit   'wrap-ansi': [ '8.1.0', '7.0.0' ],
57 silly audit   wrappy: [ '1.0.2' ],
57 silly audit   ws: [ '8.18.3' ],
57 silly audit   'express-session': [ '1.18.2' ],
57 silly audit   'on-headers': [ '1.1.0' ],
57 silly audit   'uid-safe': [ '2.1.5' ],
57 silly audit   'random-bytes': [ '1.0.0' ]
57 silly audit }
58 http cache random-bytes@https://registry.npmjs.org/random-bytes/-/random-bytes-1.0.0.tgz 0ms (cache hit)
59 http cache ms@https://registry.npmjs.org/ms/-/ms-2.0.0.tgz 0ms (cache hit)
60 http cache uid-safe@https://registry.npmjs.org/uid-safe/-/uid-safe-2.1.5.tgz 0ms (cache hit)
61 http cache on-headers@https://registry.npmjs.org/on-headers/-/on-headers-1.1.0.tgz 0ms (cache hit)
62 http cache debug@https://registry.npmjs.org/debug/-/debug-2.6.9.tgz 0ms (cache hit)
63 http cache express-session@https://registry.npmjs.org/express-session/-/express-session-1.18.2.tgz 0ms (cache hit)
64 http cache cookie-signature@https://registry.npmjs.org/cookie-signature/-/cookie-signature-1.0.7.tgz 0ms (cache hit)
65 http cache cookie@https://registry.npmjs.org/cookie/-/cookie-0.7.2.tgz 0ms (cache hit)
66 silly tarball no local data for random-bytes@https://registry.npmjs.org/random-bytes/-/random-bytes-1.0.0.tgz. Extracting by manifest.
67 silly tarball no local data for ms@https://registry.npmjs.org/ms/-/ms-2.0.0.tgz. Extracting by manifest.
68 silly tarball no local data for uid-safe@https://registry.npmjs.org/uid-safe/-/uid-safe-2.1.5.tgz. Extracting by manifest.
69 silly tarball no local data for on-headers@https://registry.npmjs.org/on-headers/-/on-headers-1.1.0.tgz. Extracting by manifest.
70 silly tarball no local data for debug@https://registry.npmjs.org/debug/-/debug-2.6.9.tgz. Extracting by manifest.
71 silly tarball no local data for express-session@https://registry.npmjs.org/express-session/-/express-session-1.18.2.tgz. Extracting by manifest.
72 silly tarball no local data for cookie-signature@https://registry.npmjs.org/cookie-signature/-/cookie-signature-1.0.7.tgz. Extracting by manifest.
73 http fetch GET 200 https://registry.npmjs.org/uid-safe/-/uid-safe-2.1.5.tgz 180ms (cache miss)
74 http fetch GET 200 https://registry.npmjs.org/random-bytes/-/random-bytes-1.0.0.tgz 183ms (cache miss)
75 http fetch GET 200 https://registry.npmjs.org/ms/-/ms-2.0.0.tgz 182ms (cache miss)
76 http fetch GET 200 https://registry.npmjs.org/on-headers/-/on-headers-1.1.0.tgz 184ms (cache miss)
77 http fetch GET 200 https://registry.npmjs.org/cookie-signature/-/cookie-signature-1.0.7.tgz 263ms (cache miss)
78 http fetch GET 200 https://registry.npmjs.org/debug/-/debug-2.6.9.tgz 275ms (cache miss)
79 http fetch POST 200 https://registry.npmjs.org/-/npm/v1/security/advisories/bulk 340ms
80 silly audit report {
80 silly audit report   'body-parser': [
80 silly audit report     {
80 silly audit report       id: 1110858,
80 silly audit report       url: 'https://github.com/advisories/GHSA-wqch-xfxh-vrr4',
80 silly audit report       title: 'body-parser is vulnerable to denial of service when url encoding is used',
80 silly audit report       severity: 'moderate',
80 silly audit report       vulnerable_versions: '>=2.2.0 <2.2.1',
80 silly audit report       cwe: [Array],
80 silly audit report       cvss: [Object]
80 silly audit report     }
80 silly audit report   ],
80 silly audit report   jws: [
80 silly audit report     {
80 silly audit report       id: 1111244,
80 silly audit report       url: 'https://github.com/advisories/GHSA-869p-cjfg-cm3x',
80 silly audit report       title: 'auth0/node-jws Improperly Verifies HMAC Signature',
80 silly audit report       severity: 'high',
80 silly audit report       vulnerable_versions: '<3.2.3',
80 silly audit report       cwe: [Array],
80 silly audit report       cvss: [Object]
80 silly audit report     }
80 silly audit report   ],
80 silly audit report   qs: [
80 silly audit report     {
80 silly audit report       id: 1111755,
80 silly audit report       url: 'https://github.com/advisories/GHSA-6rw7-vpxm-498p',
80 silly audit report       title: "qs's arrayLimit bypass in its bracket notation allows DoS via memory exhaustion",
80 silly audit report       severity: 'high',
80 silly audit report       vulnerable_versions: '<6.14.1',
80 silly audit report       cwe: [Array],
80 silly audit report       cvss: [Object]
80 silly audit report     }
80 silly audit report   ]
80 silly audit report }
81 silly packumentCache corgi:https://registry.npmjs.org/body-parser cache-miss
82 silly packumentCache corgi:https://registry.npmjs.org/jws cache-miss
83 silly packumentCache corgi:https://registry.npmjs.org/qs cache-miss
84 http fetch GET 200 https://registry.npmjs.org/express-session/-/express-session-1.18.2.tgz 372ms (cache miss)
85 http fetch GET 200 https://registry.npmjs.org/jws 298ms (cache revalidated)
86 silly packumentCache corgi:https://registry.npmjs.org/jws set size:20153 disposed:false
87 http fetch GET 200 https://registry.npmjs.org/qs 300ms (cache revalidated)
88 silly packumentCache corgi:https://registry.npmjs.org/qs set size:111251 disposed:false
89 http fetch GET 200 https://registry.npmjs.org/body-parser 387ms (cache revalidated)
90 silly packumentCache corgi:https://registry.npmjs.org/body-parser set size:77795 disposed:false
91 silly packumentCache corgi:https://registry.npmjs.org/express cache-miss
92 http fetch GET 200 https://registry.npmjs.org/express 80ms (cache revalidated)
93 silly packumentCache corgi:https://registry.npmjs.org/express set size:337735 disposed:false
94 silly packumentCache corgi:https://registry.npmjs.org/jsonwebtoken cache-miss
95 http fetch GET 200 https://registry.npmjs.org/jsonwebtoken 97ms (cache revalidated)
96 silly packumentCache corgi:https://registry.npmjs.org/jsonwebtoken set size:67367 disposed:false
97 silly ADD node_modules/random-bytes
98 silly ADD node_modules/uid-safe
99 silly ADD node_modules/on-headers
100 silly ADD node_modules/express-session
101 silly ADD node_modules/express-session/node_modules/ms
102 silly ADD node_modules/express-session/node_modules/debug
103 silly ADD node_modules/express-session/node_modules/cookie-signature
104 silly ADD node_modules/express-session/node_modules/cookie
105 verbose cwd D:\Projects\Swasth-Raho\Backend
106 verbose os Windows_NT 10.0.22631
107 verbose node v22.17.0
108 verbose npm  v11.5.2
109 verbose exit 0
110 info ok
