0 verbose cli C:\Program Files\nodejs\node.exe C:\Users\Asus\AppData\Roaming\npm\node_modules\npm\bin\npm-cli.js
0 verbose cli C:\Program Files\nodejs\node.exe C:\Users\Asus\AppData\Roaming\npm\node_modules\npm\bin\npm-cli.js
1 info using npm@11.5.2
1 info using npm@11.5.2
2 info using node@v22.17.0
3 silly config load:file:C:\Users\Asus\AppData\Roaming\npm\node_modules\npm\npmrc
4 silly config load:file:d:\Projects\Swasth-Raho\Backend\.npmrc
2 info using node@v22.17.0
5 silly config load:file:C:\Users\Asus\.npmrc
6 silly config load:file:C:\Users\Asus\AppData\Roaming\npm\etc\npmrc
3 silly config load:file:C:\Users\Asus\AppData\Roaming\npm\node_modules\npm\npmrc
7 verbose title npm view socket.io@latest description homepage version time
4 silly config load:file:d:\Projects\Swasth-Raho\Backend\.npmrc
5 silly config load:file:C:\Users\Asus\.npmrc
6 silly config load:file:C:\Users\Asus\AppData\Roaming\npm\etc\npmrc
7 verbose title npm ls socket.io
8 verbose argv "view" "--json" "--" "socket.io@latest" "description" "homepage" "version" "time"
8 verbose argv "ls" "--json" "--depth" "0" "--" "socket.io"
9 verbose logfile logs-max:10 dir:D:\Projects\Swasth-Raho\Backend\npm-cache\_logs\2026-04-28T11_49_04_481Z-
10 verbose logfile D:\Projects\Swasth-Raho\Backend\npm-cache\_logs\2026-04-28T11_49_04_481Z-debug-0.log
9 verbose logfile logs-max:10 dir:D:\Projects\Swasth-Raho\Backend\npm-cache\_logs\2026-04-28T11_49_04_481Z-
10 verbose logfile D:\Projects\Swasth-Raho\Backend\npm-cache\_logs\2026-04-28T11_49_04_481Z-debug-0.log
11 silly logfile start cleaning logs, removing 1 files
11 silly logfile start cleaning logs, removing 1 files
12 silly logfile done cleaning log files
12 silly logfile done cleaning log files
13 silly packumentCache heap:2197815296 maxSize:549453824 maxEntrySize:274726912
14 verbose cwd d:\Projects\Swasth-Raho\Backend
15 verbose os Windows_NT 10.0.26200
16 verbose node v22.17.0
17 verbose npm  v11.5.2
18 verbose exit 0
19 info ok
13 http fetch GET 200 https://registry.npmjs.org/socket.io 1313ms (cache revalidated)
14 verbose cwd d:\Projects\Swasth-Raho\Backend
15 verbose os Windows_NT 10.0.26200
16 verbose node v22.17.0
17 verbose npm  v11.5.2
18 verbose exit 0
19 info ok
