0 verbose cli C:\Program Files\nodejs\node.exe C:\Users\Asus\AppData\Roaming\npm\node_modules\npm\bin\npm-cli.js
1 info using npm@11.5.2
2 info using node@v22.17.0
3 silly config load:file:C:\Users\Asus\AppData\Roaming\npm\node_modules\npm\npmrc
4 silly config load:file:D:\Projects\Swasth-Raho\Frontend\hospital\.npmrc
5 silly config load:file:C:\Users\Asus\.npmrc
6 silly config load:file:C:\Users\Asus\AppData\Roaming\npm\etc\npmrc
7 verbose title npm install socket.io-client
8 verbose argv "install" "socket.io-client"
9 verbose logfile logs-max:10 dir:D:\Projects\Swasth-Raho\Frontend\hospital\npm-cache\_logs\2025-12-27T15_39_17_529Z-
10 verbose logfile D:\Projects\Swasth-Raho\Frontend\hospital\npm-cache\_logs\2025-12-27T15_39_17_529Z-debug-0.log
11 silly logfile done cleaning log files
12 silly packumentCache heap:2197815296 maxSize:549453824 maxEntrySize:274726912
13 silly idealTree buildDeps
14 silly fetch manifest socket.io-client@*
15 silly packumentCache full:https://registry.npmjs.org/socket.io-client cache-miss
16 http fetch GET 200 https://registry.npmjs.org/socket.io-client 983ms (cache miss)
17 silly packumentCache full:https://registry.npmjs.org/socket.io-client set size:undefined disposed:false
18 silly placeDep ROOT socket.io-client@4.8.3 OK for: hospital@0.1.0 want: *
19 silly fetch manifest @socket.io/component-emitter@~3.1.0
20 silly packumentCache full:https://registry.npmjs.org/@socket.io%2fcomponent-emitter cache-miss
21 silly fetch manifest engine.io-client@~6.6.1
22 silly packumentCache full:https://registry.npmjs.org/engine.io-client cache-miss
23 silly fetch manifest socket.io-parser@~4.2.4
24 silly packumentCache full:https://registry.npmjs.org/socket.io-parser cache-miss
25 http fetch GET 200 https://registry.npmjs.org/socket.io-parser 552ms (cache miss)
26 silly packumentCache full:https://registry.npmjs.org/socket.io-parser set size:undefined disposed:false
27 http fetch GET 200 https://registry.npmjs.org/@socket.io%2fcomponent-emitter 669ms (cache miss)
28 silly packumentCache full:https://registry.npmjs.org/@socket.io%2fcomponent-emitter set size:undefined disposed:false
29 http fetch GET 200 https://registry.npmjs.org/engine.io-client 1952ms (cache miss)
30 silly packumentCache full:https://registry.npmjs.org/engine.io-client set size:undefined disposed:false
31 silly placeDep ROOT @socket.io/component-emitter@3.1.2 OK for: socket.io-client@4.8.3 want: ~3.1.0
32 silly placeDep ROOT engine.io-client@6.6.4 OK for: socket.io-client@4.8.3 want: ~6.6.1
33 silly placeDep ROOT socket.io-parser@4.2.5 OK for: socket.io-client@4.8.3 want: ~4.2.4
34 silly fetch manifest engine.io-parser@~5.2.1
35 silly packumentCache full:https://registry.npmjs.org/engine.io-parser cache-miss
36 silly fetch manifest ws@~8.18.3
37 silly packumentCache full:https://registry.npmjs.org/ws cache-miss
38 silly fetch manifest xmlhttprequest-ssl@~2.1.1
39 silly packumentCache full:https://registry.npmjs.org/xmlhttprequest-ssl cache-miss
40 http fetch GET 200 https://registry.npmjs.org/engine.io-parser 514ms (cache miss)
41 silly packumentCache full:https://registry.npmjs.org/engine.io-parser set size:undefined disposed:false
42 http fetch GET 200 https://registry.npmjs.org/ws 811ms (cache miss)
43 silly packumentCache full:https://registry.npmjs.org/ws set size:undefined disposed:false
44 http fetch GET 200 https://registry.npmjs.org/xmlhttprequest-ssl 949ms (cache miss)
45 silly packumentCache full:https://registry.npmjs.org/xmlhttprequest-ssl set size:undefined disposed:false
46 silly fetch manifest bufferutil@^4.0.1
47 silly packumentCache full:https://registry.npmjs.org/bufferutil cache-miss
48 http fetch GET 200 https://registry.npmjs.org/bufferutil 241ms (cache miss)
49 silly packumentCache full:https://registry.npmjs.org/bufferutil set size:undefined disposed:false
50 silly fetch manifest utf-8-validate@>=5.0.2
51 silly packumentCache full:https://registry.npmjs.org/utf-8-validate cache-miss
52 http fetch GET 200 https://registry.npmjs.org/utf-8-validate 151ms (cache miss)
53 silly packumentCache full:https://registry.npmjs.org/utf-8-validate set size:undefined disposed:false
54 silly placeDep ROOT engine.io-parser@5.2.3 OK for: engine.io-client@6.6.4 want: ~5.2.1
55 silly placeDep ROOT ws@8.18.3 OK for: engine.io-client@6.6.4 want: ~8.18.3
56 silly placeDep ROOT xmlhttprequest-ssl@2.1.2 OK for: engine.io-client@6.6.4 want: ~2.1.1
57 silly reify moves {}
58 silly audit bulk request {
58 silly audit   '@alloc/quick-lru': [ '5.2.0' ],
58 silly audit   '@emnapi/core': [ '1.7.1' ],
58 silly audit   '@emnapi/runtime': [ '1.7.1' ],
58 silly audit   '@emnapi/wasi-threads': [ '1.1.0' ],
58 silly audit   '@eslint-community/eslint-utils': [ '4.9.0' ],
58 silly audit   'eslint-visitor-keys': [ '3.4.3', '4.2.1' ],
58 silly audit   '@eslint-community/regexpp': [ '4.12.2' ],
58 silly audit   '@eslint/config-array': [ '0.21.1' ],
58 silly audit   '@eslint/config-helpers': [ '0.4.2' ],
58 silly audit   '@eslint/core': [ '0.17.0' ],
58 silly audit   '@eslint/eslintrc': [ '3.3.3' ],
58 silly audit   '@eslint/js': [ '9.39.2' ],
58 silly audit   '@eslint/object-schema': [ '2.1.7' ],
58 silly audit   '@eslint/plugin-kit': [ '0.4.1' ],
58 silly audit   '@humanfs/core': [ '0.19.1' ],
58 silly audit   '@humanfs/node': [ '0.16.7' ],
58 silly audit   '@humanwhocodes/module-importer': [ '1.0.1' ],
58 silly audit   '@humanwhocodes/retry': [ '0.4.3' ],
58 silly audit   '@img/colour': [ '1.0.0' ],
58 silly audit   '@img/sharp-darwin-arm64': [ '0.34.5' ],
58 silly audit   '@img/sharp-darwin-x64': [ '0.34.5' ],
58 silly audit   '@img/sharp-libvips-darwin-arm64': [ '1.2.4' ],
58 silly audit   '@img/sharp-libvips-darwin-x64': [ '1.2.4' ],
58 silly audit   '@img/sharp-libvips-linux-arm': [ '1.2.4' ],
58 silly audit   '@img/sharp-libvips-linux-arm64': [ '1.2.4' ],
58 silly audit   '@img/sharp-libvips-linux-ppc64': [ '1.2.4' ],
58 silly audit   '@img/sharp-libvips-linux-riscv64': [ '1.2.4' ],
58 silly audit   '@img/sharp-libvips-linux-s390x': [ '1.2.4' ],
58 silly audit   '@img/sharp-libvips-linux-x64': [ '1.2.4' ],
58 silly audit   '@img/sharp-libvips-linuxmusl-arm64': [ '1.2.4' ],
58 silly audit   '@img/sharp-libvips-linuxmusl-x64': [ '1.2.4' ],
58 silly audit   '@img/sharp-linux-arm': [ '0.34.5' ],
58 silly audit   '@img/sharp-linux-arm64': [ '0.34.5' ],
58 silly audit   '@img/sharp-linux-ppc64': [ '0.34.5' ],
58 silly audit   '@img/sharp-linux-riscv64': [ '0.34.5' ],
58 silly audit   '@img/sharp-linux-s390x': [ '0.34.5' ],
58 silly audit   '@img/sharp-linux-x64': [ '0.34.5' ],
58 silly audit   '@img/sharp-linuxmusl-arm64': [ '0.34.5' ],
58 silly audit   '@img/sharp-linuxmusl-x64': [ '0.34.5' ],
58 silly audit   '@img/sharp-wasm32': [ '0.34.5' ],
58 silly audit   '@img/sharp-win32-arm64': [ '0.34.5' ],
58 silly audit   '@img/sharp-win32-ia32': [ '0.34.5' ],
58 silly audit   '@img/sharp-win32-x64': [ '0.34.5' ],
58 silly audit   '@jridgewell/gen-mapping': [ '0.3.13' ],
58 silly audit   '@jridgewell/remapping': [ '2.3.5' ],
58 silly audit   '@jridgewell/resolve-uri': [ '3.1.2' ],
58 silly audit   '@jridgewell/sourcemap-codec': [ '1.5.5' ],
58 silly audit   '@jridgewell/trace-mapping': [ '0.3.31' ],
58 silly audit   '@napi-rs/wasm-runtime': [ '0.2.12' ],
58 silly audit   '@next/env': [ '16.1.1' ],
58 silly audit   '@next/eslint-plugin-next': [ '15.5.5' ],
58 silly audit   '@next/swc-darwin-arm64': [ '16.1.1' ],
58 silly audit   '@next/swc-darwin-x64': [ '16.1.1' ],
58 silly audit   '@next/swc-linux-arm64-gnu': [ '16.1.1' ],
58 silly audit   '@next/swc-linux-arm64-musl': [ '16.1.1' ],
58 silly audit   '@next/swc-linux-x64-gnu': [ '16.1.1' ],
58 silly audit   '@next/swc-linux-x64-musl': [ '16.1.1' ],
58 silly audit   '@next/swc-win32-arm64-msvc': [ '16.1.1' ],
58 silly audit   '@next/swc-win32-x64-msvc': [ '16.1.1' ],
58 silly audit   '@nodelib/fs.scandir': [ '2.1.5' ],
58 silly audit   '@nodelib/fs.stat': [ '2.0.5' ],
58 silly audit   '@nodelib/fs.walk': [ '1.2.8' ],
58 silly audit   '@nolyfill/is-core-module': [ '1.0.39' ],
58 silly audit   '@rtsao/scc': [ '1.1.0' ],
58 silly audit   '@rushstack/eslint-patch': [ '1.15.0' ],
58 silly audit   '@swc/helpers': [ '0.5.15' ],
58 silly audit   '@tailwindcss/node': [ '4.1.18' ],
58 silly audit   '@tailwindcss/oxide': [ '4.1.18' ],
58 silly audit   '@tailwindcss/oxide-android-arm64': [ '4.1.18' ],
58 silly audit   '@tailwindcss/oxide-darwin-arm64': [ '4.1.18' ],
58 silly audit   '@tailwindcss/oxide-darwin-x64': [ '4.1.18' ],
58 silly audit   '@tailwindcss/oxide-freebsd-x64': [ '4.1.18' ],
58 silly audit   '@tailwindcss/oxide-linux-arm-gnueabihf': [ '4.1.18' ],
58 silly audit   '@tailwindcss/oxide-linux-arm64-gnu': [ '4.1.18' ],
58 silly audit   '@tailwindcss/oxide-linux-arm64-musl': [ '4.1.18' ],
58 silly audit   '@tailwindcss/oxide-linux-x64-gnu': [ '4.1.18' ],
58 silly audit   '@tailwindcss/oxide-linux-x64-musl': [ '4.1.18' ],
58 silly audit   '@tailwindcss/oxide-wasm32-wasi': [ '4.1.18' ],
58 silly audit   '@tailwindcss/oxide-win32-arm64-msvc': [ '4.1.18' ],
58 silly audit   '@tailwindcss/oxide-win32-x64-msvc': [ '4.1.18' ],
58 silly audit   '@tailwindcss/postcss': [ '4.1.18' ],
58 silly audit   '@tybys/wasm-util': [ '0.10.1' ],
58 silly audit   '@types/estree': [ '1.0.8' ],
58 silly audit   '@types/json-schema': [ '7.0.15' ],
58 silly audit   '@types/json5': [ '0.0.29' ],
58 silly audit   '@types/node': [ '20.19.27' ],
58 silly audit   '@types/react': [ '19.2.7' ],
58 silly audit   '@types/react-dom': [ '19.2.3' ],
58 silly audit   '@typescript-eslint/eslint-plugin': [ '8.50.1' ],
58 silly audit   ignore: [ '7.0.5', '5.3.2' ],
58 silly audit   '@typescript-eslint/parser': [ '8.50.1' ],
58 silly audit   '@typescript-eslint/project-service': [ '8.50.1' ],
58 silly audit   '@typescript-eslint/scope-manager': [ '8.50.1' ],
58 silly audit   '@typescript-eslint/tsconfig-utils': [ '8.50.1' ],
58 silly audit   '@typescript-eslint/type-utils': [ '8.50.1' ],
58 silly audit   '@typescript-eslint/types': [ '8.50.1' ],
58 silly audit   '@typescript-eslint/typescript-estree': [ '8.50.1' ],
58 silly audit   'brace-expansion': [ '2.0.2', '1.1.12' ],
58 silly audit   minimatch: [ '9.0.5', '3.1.2' ],
58 silly audit   '@typescript-eslint/utils': [ '8.50.1' ],
58 silly audit   '@typescript-eslint/visitor-keys': [ '8.50.1' ],
58 silly audit   '@unrs/resolver-binding-android-arm-eabi': [ '1.11.1' ],
58 silly audit   '@unrs/resolver-binding-android-arm64': [ '1.11.1' ],
58 silly audit   '@unrs/resolver-binding-darwin-arm64': [ '1.11.1' ],
58 silly audit   '@unrs/resolver-binding-darwin-x64': [ '1.11.1' ],
58 silly audit   '@unrs/resolver-binding-freebsd-x64': [ '1.11.1' ],
58 silly audit   '@unrs/resolver-binding-linux-arm-gnueabihf': [ '1.11.1' ],
58 silly audit   '@unrs/resolver-binding-linux-arm-musleabihf': [ '1.11.1' ],
58 silly audit   '@unrs/resolver-binding-linux-arm64-gnu': [ '1.11.1' ],
58 silly audit   '@unrs/resolver-binding-linux-arm64-musl': [ '1.11.1' ],
58 silly audit   '@unrs/resolver-binding-linux-ppc64-gnu': [ '1.11.1' ],
58 silly audit   '@unrs/resolver-binding-linux-riscv64-gnu': [ '1.11.1' ],
58 silly audit   '@unrs/resolver-binding-linux-riscv64-musl': [ '1.11.1' ],
58 silly audit   '@unrs/resolver-binding-linux-s390x-gnu': [ '1.11.1' ],
58 silly audit   '@unrs/resolver-binding-linux-x64-gnu': [ '1.11.1' ],
58 silly audit   '@unrs/resolver-binding-linux-x64-musl': [ '1.11.1' ],
58 silly audit   '@unrs/resolver-binding-wasm32-wasi': [ '1.11.1' ],
58 silly audit   '@unrs/resolver-binding-win32-arm64-msvc': [ '1.11.1' ],
58 silly audit   '@unrs/resolver-binding-win32-ia32-msvc': [ '1.11.1' ],
58 silly audit   '@unrs/resolver-binding-win32-x64-msvc': [ '1.11.1' ],
58 silly audit   acorn: [ '8.15.0' ],
58 silly audit   'acorn-jsx': [ '5.3.2' ],
58 silly audit   ajv: [ '6.12.6' ],
58 silly audit   'ansi-styles': [ '4.3.0' ],
58 silly audit   aos: [ '2.3.4' ],
58 silly audit   argparse: [ '2.0.1' ],
58 silly audit   'aria-query': [ '5.3.2' ],
58 silly audit   'array-buffer-byte-length': [ '1.0.2' ],
58 silly audit   'array-includes': [ '3.1.9' ],
58 silly audit   'array.prototype.findlast': [ '1.2.5' ],
58 silly audit   'array.prototype.findlastindex': [ '1.2.6' ],
58 silly audit   'array.prototype.flat': [ '1.3.3' ],
58 silly audit   'array.prototype.flatmap': [ '1.3.3' ],
58 silly audit   'array.prototype.tosorted': [ '1.1.4' ],
58 silly audit   'arraybuffer.prototype.slice': [ '1.0.4' ],
58 silly audit   'ast-types-flow': [ '0.0.8' ],
58 silly audit   'async-function': [ '1.0.0' ],
58 silly audit   asynckit: [ '0.4.0' ],
58 silly audit   'available-typed-arrays': [ '1.0.7' ],
58 silly audit   'axe-core': [ '4.11.0' ],
58 silly audit   axios: [ '1.13.2' ],
58 silly audit   'axobject-query': [ '4.1.0' ],
58 silly audit   'balanced-match': [ '1.0.2' ],
58 silly audit   'baseline-browser-mapping': [ '2.9.11' ],
58 silly audit   braces: [ '3.0.3' ],
58 silly audit   'call-bind': [ '1.0.8' ],
58 silly audit   'call-bind-apply-helpers': [ '1.0.2' ],
58 silly audit   'call-bound': [ '1.0.4' ],
58 silly audit   callsites: [ '3.1.0' ],
58 silly audit   'caniuse-lite': [ '1.0.30001761' ],
58 silly audit   chalk: [ '4.1.2' ],
58 silly audit   'classlist-polyfill': [ '1.2.0' ],
58 silly audit   'client-only': [ '0.0.1' ],
58 silly audit   'color-convert': [ '2.0.1' ],
58 silly audit   'color-name': [ '1.1.4' ],
58 silly audit   'combined-stream': [ '1.0.8' ],
58 silly audit   'concat-map': [ '0.0.1' ],
58 silly audit   'cross-spawn': [ '7.0.6' ],
58 silly audit   csstype: [ '3.2.3' ],
58 silly audit   'damerau-levenshtein': [ '1.0.8' ],
58 silly audit   'data-view-buffer': [ '1.0.2' ],
58 silly audit   'data-view-byte-length': [ '1.0.2' ],
58 silly audit   'data-view-byte-offset': [ '1.0.1' ],
58 silly audit   debug: [ '4.4.3', '3.2.7' ],
58 silly audit   'deep-is': [ '0.1.4' ],
58 silly audit   'define-data-property': [ '1.1.4' ],
58 silly audit   'define-properties': [ '1.2.1' ],
58 silly audit   'delayed-stream': [ '1.0.0' ],
58 silly audit   'detect-libc': [ '2.1.2' ],
58 silly audit   doctrine: [ '2.1.0' ],
58 silly audit   'dunder-proto': [ '1.0.1' ],
58 silly audit   'emoji-regex': [ '9.2.2' ],
58 silly audit   'enhanced-resolve': [ '5.18.4' ],
58 silly audit   'es-abstract': [ '1.24.1' ],
58 silly audit   'es-define-property': [ '1.0.1' ],
58 silly audit   'es-errors': [ '1.3.0' ],
58 silly audit   'es-iterator-helpers': [ '1.2.2' ],
58 silly audit   'es-object-atoms': [ '1.1.1' ],
58 silly audit   'es-set-tostringtag': [ '2.1.0' ],
58 silly audit   'es-shim-unscopables': [ '1.1.0' ],
58 silly audit   'es-to-primitive': [ '1.3.0' ],
58 silly audit   'escape-string-regexp': [ '4.0.0' ],
58 silly audit   eslint: [ '9.39.2' ],
58 silly audit   'eslint-config-next': [ '15.5.5' ],
58 silly audit   'eslint-import-resolver-node': [ '0.3.9' ],
58 silly audit   'eslint-import-resolver-typescript': [ '3.10.1' ],
58 silly audit   'eslint-module-utils': [ '2.12.1' ],
58 silly audit   'eslint-plugin-import': [ '2.32.0' ],
58 silly audit   semver: [ '6.3.1', '7.7.3' ],
58 silly audit   'eslint-plugin-jsx-a11y': [ '6.10.2' ],
58 silly audit   'eslint-plugin-react': [ '7.37.5' ],
58 silly audit   'eslint-plugin-react-hooks': [ '5.2.0' ],
58 silly audit   resolve: [ '2.0.0-next.5', '1.22.11' ],
58 silly audit   'eslint-scope': [ '8.4.0' ],
58 silly audit   espree: [ '10.4.0' ],
58 silly audit   esquery: [ '1.6.0' ],
58 silly audit   esrecurse: [ '4.3.0' ],
58 silly audit   estraverse: [ '5.3.0' ],
58 silly audit   esutils: [ '2.0.3' ],
58 silly audit   'fast-deep-equal': [ '3.1.3' ],
58 silly audit   'fast-glob': [ '3.3.1' ],
58 silly audit   'glob-parent': [ '5.1.2', '6.0.2' ],
58 silly audit   'fast-json-stable-stringify': [ '2.1.0' ],
58 silly audit   'fast-levenshtein': [ '2.0.6' ],
58 silly audit   fastq: [ '1.20.1' ],
58 silly audit   'file-entry-cache': [ '8.0.0' ],
58 silly audit   'fill-range': [ '7.1.1' ],
58 silly audit   'find-up': [ '5.0.0' ],
58 silly audit   'flat-cache': [ '4.0.1' ],
58 silly audit   flatted: [ '3.3.3' ],
58 silly audit   'follow-redirects': [ '1.15.11' ],
58 silly audit   'for-each': [ '0.3.5' ],
58 silly audit   'form-data': [ '4.0.5' ],
58 silly audit   'function-bind': [ '1.1.2' ],
58 silly audit   'function.prototype.name': [ '1.1.8' ],
58 silly audit   'functions-have-names': [ '1.2.3' ],
58 silly audit   'generator-function': [ '2.0.1' ],
58 silly audit   'get-intrinsic': [ '1.3.0' ],
58 silly audit   'get-proto': [ '1.0.1' ],
58 silly audit   'get-symbol-description': [ '1.1.0' ],
58 silly audit   'get-tsconfig': [ '4.13.0' ],
58 silly audit   globals: [ '14.0.0' ],
58 silly audit   globalthis: [ '1.0.4' ],
58 silly audit   gopd: [ '1.2.0' ],
58 silly audit   'graceful-fs': [ '4.2.11' ],
58 silly audit   'has-bigints': [ '1.1.0' ],
58 silly audit   'has-flag': [ '4.0.0' ],
58 silly audit   'has-property-descriptors': [ '1.0.2' ],
58 silly audit   'has-proto': [ '1.2.0' ],
58 silly audit   'has-symbols': [ '1.1.0' ],
58 silly audit   'has-tostringtag': [ '1.0.2' ],
58 silly audit   hasown: [ '2.0.2' ],
58 silly audit   'import-fresh': [ '3.3.1' ],
58 silly audit   imurmurhash: [ '0.1.4' ],
58 silly audit   'internal-slot': [ '1.1.0' ],
58 silly audit   'is-array-buffer': [ '3.0.5' ],
58 silly audit   'is-async-function': [ '2.1.1' ],
58 silly audit   'is-bigint': [ '1.1.0' ],
58 silly audit   'is-boolean-object': [ '1.2.2' ],
58 silly audit   'is-bun-module': [ '2.0.0' ],
58 silly audit   'is-callable': [ '1.2.7' ],
58 silly audit   'is-core-module': [ '2.16.1' ],
58 silly audit   'is-data-view': [ '1.0.2' ],
58 silly audit   'is-date-object': [ '1.1.0' ],
58 silly audit   'is-extglob': [ '2.1.1' ],
58 silly audit   'is-finalizationregistry': [ '1.1.1' ],
58 silly audit   'is-generator-function': [ '1.1.2' ],
58 silly audit   'is-glob': [ '4.0.3' ],
58 silly audit   'is-map': [ '2.0.3' ],
58 silly audit   'is-negative-zero': [ '2.0.3' ],
58 silly audit   'is-number': [ '7.0.0' ],
58 silly audit   'is-number-object': [ '1.1.1' ],
58 silly audit   'is-regex': [ '1.2.1' ],
58 silly audit   'is-set': [ '2.0.3' ],
58 silly audit   'is-shared-array-buffer': [ '1.0.4' ],
58 silly audit   'is-string': [ '1.1.1' ],
58 silly audit   'is-symbol': [ '1.1.1' ],
58 silly audit   'is-typed-array': [ '1.1.15' ],
58 silly audit   'is-weakmap': [ '2.0.2' ],
58 silly audit   'is-weakref': [ '1.1.1' ],
58 silly audit   'is-weakset': [ '2.0.4' ],
58 silly audit   isarray: [ '2.0.5' ],
58 silly audit   isexe: [ '2.0.0' ],
58 silly audit   'iterator.prototype': [ '1.1.5' ],
58 silly audit   jiti: [ '2.6.1' ],
58 silly audit   jose: [ '6.1.3' ],
58 silly audit   'js-tokens': [ '4.0.0' ],
58 silly audit   'js-yaml': [ '4.1.1' ],
58 silly audit   'json-buffer': [ '3.0.1' ],
58 silly audit   'json-schema-traverse': [ '0.4.1' ],
58 silly audit   'json-stable-stringify-without-jsonify': [ '1.0.1' ],
58 silly audit   json5: [ '1.0.2' ],
58 silly audit   'jsx-ast-utils': [ '3.3.5' ],
58 silly audit   keyv: [ '4.5.4' ],
58 silly audit   'language-subtag-registry': [ '0.3.23' ],
58 silly audit   'language-tags': [ '1.0.9' ],
58 silly audit   levn: [ '0.4.1' ],
58 silly audit   lightningcss: [ '1.30.2' ],
58 silly audit   'lightningcss-android-arm64': [ '1.30.2' ],
58 silly audit   'lightningcss-darwin-arm64': [ '1.30.2' ],
58 silly audit   'lightningcss-darwin-x64': [ '1.30.2' ],
58 silly audit   'lightningcss-freebsd-x64': [ '1.30.2' ],
58 silly audit   'lightningcss-linux-arm-gnueabihf': [ '1.30.2' ],
58 silly audit   'lightningcss-linux-arm64-gnu': [ '1.30.2' ],
58 silly audit   'lightningcss-linux-arm64-musl': [ '1.30.2' ],
58 silly audit   'lightningcss-linux-x64-gnu': [ '1.30.2' ],
58 silly audit   'lightningcss-linux-x64-musl': [ '1.30.2' ],
58 silly audit   'lightningcss-win32-arm64-msvc': [ '1.30.2' ],
58 silly audit   'lightningcss-win32-x64-msvc': [ '1.30.2' ],
58 silly audit   'locate-path': [ '6.0.0' ],
58 silly audit   'lodash.debounce': [ '4.0.8' ],
58 silly audit   'lodash.merge': [ '4.6.2' ],
58 silly audit   'lodash.throttle': [ '4.1.1' ],
58 silly audit   'loose-envify': [ '1.4.0' ],
58 silly audit   'lucide-react': [ '0.552.0' ],
58 silly audit   'magic-string': [ '0.30.21' ],
58 silly audit   'math-intrinsics': [ '1.1.0' ],
58 silly audit   merge2: [ '1.4.1' ],
58 silly audit   micromatch: [ '4.0.8' ],
58 silly audit   'mime-db': [ '1.52.0' ],
58 silly audit   'mime-types': [ '2.1.35' ],
58 silly audit   minimist: [ '1.2.8' ],
58 silly audit   ms: [ '2.1.3' ],
58 silly audit   nanoid: [ '3.3.11' ],
58 silly audit   'napi-postinstall': [ '0.3.4' ],
58 silly audit   'natural-compare': [ '1.4.0' ],
58 silly audit   next: [ '16.1.1' ],
58 silly audit   postcss: [ '8.4.31', '8.5.6' ],
58 silly audit   'object-assign': [ '4.1.1' ],
58 silly audit   'object-inspect': [ '1.13.4' ],
58 silly audit   'object-keys': [ '1.1.1' ],
58 silly audit   'object.assign': [ '4.1.7' ],
58 silly audit   'object.entries': [ '1.1.9' ],
58 silly audit   'object.fromentries': [ '2.0.8' ],
58 silly audit   'object.groupby': [ '1.0.3' ],
58 silly audit   'object.values': [ '1.2.1' ],
58 silly audit   optionator: [ '0.9.4' ],
58 silly audit   'own-keys': [ '1.0.1' ],
58 silly audit   'p-limit': [ '3.1.0' ],
58 silly audit   'p-locate': [ '5.0.0' ],
58 silly audit   'parent-module': [ '1.0.1' ],
58 silly audit   'path-exists': [ '4.0.0' ],
58 silly audit   'path-key': [ '3.1.1' ],
58 silly audit   'path-parse': [ '1.0.7' ],
58 silly audit   picocolors: [ '1.1.1' ],
58 silly audit   picomatch: [ '2.3.1', '4.0.3' ],
58 silly audit   'possible-typed-array-names': [ '1.1.0' ],
58 silly audit   'prelude-ls': [ '1.2.1' ],
58 silly audit   'prop-types': [ '15.8.1' ],
58 silly audit   'proxy-from-env': [ '1.1.0' ],
58 silly audit   punycode: [ '2.3.1' ],
58 silly audit   'queue-microtask': [ '1.2.3' ],
58 silly audit   react: [ '19.2.3' ],
58 silly audit   'react-dom': [ '19.2.3' ],
58 silly audit   'react-is': [ '16.13.1' ],
58 silly audit   'reflect.getprototypeof': [ '1.0.10' ],
58 silly audit   'regexp.prototype.flags': [ '1.5.4' ],
58 silly audit   'resolve-from': [ '4.0.0' ],
58 silly audit   'resolve-pkg-maps': [ '1.0.0' ],
58 silly audit   reusify: [ '1.1.0' ],
58 silly audit   'run-parallel': [ '1.2.0' ],
58 silly audit   'safe-array-concat': [ '1.1.3' ],
58 silly audit   'safe-push-apply': [ '1.0.0' ],
58 silly audit   'safe-regex-test': [ '1.1.0' ],
58 silly audit   scheduler: [ '0.27.0' ],
58 silly audit   'set-function-length': [ '1.2.2' ],
58 silly audit   'set-function-name': [ '2.0.2' ],
58 silly audit   'set-proto': [ '1.0.0' ],
58 silly audit   sharp: [ '0.34.5' ],
58 silly audit   'shebang-command': [ '2.0.0' ],
58 silly audit   'shebang-regex': [ '3.0.0' ],
58 silly audit   'side-channel': [ '1.1.0' ],
58 silly audit   'side-channel-list': [ '1.0.0' ],
58 silly audit   'side-channel-map': [ '1.0.1' ],
58 silly audit   'side-channel-weakmap': [ '1.0.2' ],
58 silly audit   'source-map-js': [ '1.2.1' ],
58 silly audit   'stable-hash': [ '0.0.5' ],
58 silly audit   'stop-iteration-iterator': [ '1.1.0' ],
58 silly audit   'string.prototype.includes': [ '2.0.1' ],
58 silly audit   'string.prototype.matchall': [ '4.0.12' ],
58 silly audit   'string.prototype.repeat': [ '1.0.0' ],
58 silly audit   'string.prototype.trim': [ '1.2.10' ],
58 silly audit   'string.prototype.trimend': [ '1.0.9' ],
58 silly audit   'string.prototype.trimstart': [ '1.0.8' ],
58 silly audit   'strip-bom': [ '3.0.0' ],
58 silly audit   'strip-json-comments': [ '3.1.1' ],
58 silly audit   'styled-jsx': [ '5.1.6' ],
58 silly audit   'supports-color': [ '7.2.0' ],
58 silly audit   'supports-preserve-symlinks-flag': [ '1.0.0' ],
58 silly audit   tailwindcss: [ '4.1.18' ],
58 silly audit   tapable: [ '2.3.0' ],
58 silly audit   tinyglobby: [ '0.2.15' ],
58 silly audit   fdir: [ '6.5.0' ],
58 silly audit   'to-regex-range': [ '5.0.1' ],
58 silly audit   'ts-api-utils': [ '2.2.0' ],
58 silly audit   'tsconfig-paths': [ '3.15.0' ],
58 silly audit   tslib: [ '2.8.1' ],
58 silly audit   'type-check': [ '0.4.0' ],
58 silly audit   'typed-array-buffer': [ '1.0.3' ],
58 silly audit   'typed-array-byte-length': [ '1.0.3' ],
58 silly audit   'typed-array-byte-offset': [ '1.0.4' ],
58 silly audit   'typed-array-length': [ '1.0.7' ],
58 silly audit   typescript: [ '5.9.3' ],
58 silly audit   'unbox-primitive': [ '1.1.0' ],
58 silly audit   'undici-types': [ '6.21.0' ],
58 silly audit   'unrs-resolver': [ '1.11.1' ],
58 silly audit   'uri-js': [ '4.4.1' ],
58 silly audit   which: [ '2.0.2' ],
58 silly audit   'which-boxed-primitive': [ '1.1.1' ],
58 silly audit   'which-builtin-type': [ '1.2.1' ],
58 silly audit   'which-collection': [ '1.0.2' ],
58 silly audit   'which-typed-array': [ '1.1.19' ],
58 silly audit   'word-wrap': [ '1.2.5' ],
58 silly audit   'yocto-queue': [ '0.1.0' ],
58 silly audit   'socket.io-client': [ '4.8.3' ],
58 silly audit   '@socket.io/component-emitter': [ '3.1.2' ],
58 silly audit   'engine.io-client': [ '6.6.4' ],
58 silly audit   'socket.io-parser': [ '4.2.5' ],
58 silly audit   'engine.io-parser': [ '5.2.3' ],
58 silly audit   ws: [ '8.18.3' ],
58 silly audit   'xmlhttprequest-ssl': [ '2.1.2' ]
58 silly audit }
59 http cache @socket.io/component-emitter@https://registry.npmjs.org/@socket.io/component-emitter/-/component-emitter-3.1.2.tgz 0ms (cache hit)
60 http cache xmlhttprequest-ssl@https://registry.npmjs.org/xmlhttprequest-ssl/-/xmlhttprequest-ssl-2.1.2.tgz 0ms (cache hit)
61 http cache ws@https://registry.npmjs.org/ws/-/ws-8.18.3.tgz 0ms (cache hit)
62 http cache engine.io-parser@https://registry.npmjs.org/engine.io-parser/-/engine.io-parser-5.2.3.tgz 0ms (cache hit)
63 http cache socket.io-parser@https://registry.npmjs.org/socket.io-parser/-/socket.io-parser-4.2.5.tgz 0ms (cache hit)
64 http cache engine.io-client@https://registry.npmjs.org/engine.io-client/-/engine.io-client-6.6.4.tgz 0ms (cache hit)
65 http cache socket.io-client@https://registry.npmjs.org/socket.io-client/-/socket.io-client-4.8.3.tgz 1ms (cache hit)
66 silly tarball no local data for @socket.io/component-emitter@https://registry.npmjs.org/@socket.io/component-emitter/-/component-emitter-3.1.2.tgz. Extracting by manifest.
67 silly tarball no local data for xmlhttprequest-ssl@https://registry.npmjs.org/xmlhttprequest-ssl/-/xmlhttprequest-ssl-2.1.2.tgz. Extracting by manifest.
68 silly tarball no local data for ws@https://registry.npmjs.org/ws/-/ws-8.18.3.tgz. Extracting by manifest.
69 silly tarball no local data for engine.io-parser@https://registry.npmjs.org/engine.io-parser/-/engine.io-parser-5.2.3.tgz. Extracting by manifest.
70 silly tarball no local data for socket.io-parser@https://registry.npmjs.org/socket.io-parser/-/socket.io-parser-4.2.5.tgz. Extracting by manifest.
71 silly tarball no local data for engine.io-client@https://registry.npmjs.org/engine.io-client/-/engine.io-client-6.6.4.tgz. Extracting by manifest.
72 silly tarball no local data for socket.io-client@https://registry.npmjs.org/socket.io-client/-/socket.io-client-4.8.3.tgz. Extracting by manifest.
73 http fetch GET 200 https://registry.npmjs.org/xmlhttprequest-ssl/-/xmlhttprequest-ssl-2.1.2.tgz 118ms (cache miss)
74 http fetch GET 200 https://registry.npmjs.org/@socket.io/component-emitter/-/component-emitter-3.1.2.tgz 404ms (cache miss)
75 http fetch POST 200 https://registry.npmjs.org/-/npm/v1/security/advisories/bulk 502ms
76 silly audit report {}
77 http fetch GET 200 https://registry.npmjs.org/ws/-/ws-8.18.3.tgz 496ms (cache miss)
78 http fetch GET 200 https://registry.npmjs.org/engine.io-parser/-/engine.io-parser-5.2.3.tgz 572ms (cache miss)
79 http fetch GET 200 https://registry.npmjs.org/socket.io-parser/-/socket.io-parser-4.2.5.tgz 813ms (cache miss)
80 http fetch GET 200 https://registry.npmjs.org/engine.io-client/-/engine.io-client-6.6.4.tgz 1618ms (cache miss)
81 http fetch GET 200 https://registry.npmjs.org/socket.io-client/-/socket.io-client-4.8.3.tgz 1795ms (cache miss)
82 silly ADD node_modules/xmlhttprequest-ssl
83 silly ADD node_modules/ws
84 silly ADD node_modules/engine.io-parser
85 silly ADD node_modules/socket.io-parser
86 silly ADD node_modules/engine.io-client
87 silly ADD node_modules/@socket.io/component-emitter
88 silly ADD node_modules/socket.io-client
89 verbose cwd D:\Projects\Swasth-Raho\Frontend\hospital
90 verbose os Windows_NT 10.0.22631
91 verbose node v22.17.0
92 verbose npm  v11.5.2
93 verbose exit 0
94 info ok
