0 verbose cli C:\Program Files\nodejs\node.exe C:\Users\Asus\AppData\Roaming\npm\node_modules\npm\bin\npm-cli.js
1 info using npm@11.5.2
2 info using node@v22.17.0
3 silly config load:file:C:\Users\Asus\AppData\Roaming\npm\node_modules\npm\npmrc
4 silly config load:file:D:\Projects\Swasth-Raho\Frontend\hospital\.npmrc
5 silly config load:file:C:\Users\Asus\.npmrc
6 silly config load:file:C:\Users\Asus\AppData\Roaming\npm\etc\npmrc
7 verbose title npm install next@latest react@latest react-dom@latest
8 verbose argv "install" "next@latest" "react@latest" "react-dom@latest"
9 verbose logfile logs-max:10 dir:D:\Projects\Swasth-Raho\Frontend\hospital\npm-cache\_logs\2025-12-27T13_52_12_093Z-
10 verbose logfile D:\Projects\Swasth-Raho\Frontend\hospital\npm-cache\_logs\2025-12-27T13_52_12_093Z-debug-0.log
11 silly logfile done cleaning log files
12 silly packumentCache heap:2197815296 maxSize:549453824 maxEntrySize:274726912
13 silly packumentCache corgi:https://registry.npmjs.org/next cache-miss
14 silly packumentCache corgi:https://registry.npmjs.org/react cache-miss
15 silly packumentCache corgi:https://registry.npmjs.org/react-dom cache-miss
16 verbose shrinkwrap failed to load node_modules/.package-lock.json out of date, updated: node_modules
17 http fetch GET 200 https://registry.npmjs.org/react-dom 3157ms (cache miss)
18 silly packumentCache corgi:https://registry.npmjs.org/react-dom set size:undefined disposed:false
19 http fetch GET 200 https://registry.npmjs.org/react 3628ms (cache miss)
20 silly packumentCache corgi:https://registry.npmjs.org/react set size:undefined disposed:false
21 http fetch GET 200 https://registry.npmjs.org/next 5041ms (cache miss)
22 silly packumentCache corgi:https://registry.npmjs.org/next set size:undefined disposed:false
23 silly idealTree buildDeps
24 silly fetch manifest next@16.1.1
25 silly packumentCache full:https://registry.npmjs.org/next cache-miss
26 http fetch GET 200 https://registry.npmjs.org/next 1502ms (cache miss)
27 silly packumentCache full:https://registry.npmjs.org/next set size:undefined disposed:false
28 silly fetch manifest @opentelemetry/api@^1.1.0
29 silly packumentCache full:https://registry.npmjs.org/@opentelemetry%2fapi cache-miss
30 http fetch GET 200 https://registry.npmjs.org/@opentelemetry%2fapi 196ms (cache miss)
31 silly packumentCache full:https://registry.npmjs.org/@opentelemetry%2fapi set size:undefined disposed:false
32 silly fetch manifest @playwright/test@^1.51.1
33 silly packumentCache full:https://registry.npmjs.org/@playwright%2ftest cache-miss
34 http fetch GET 200 https://registry.npmjs.org/@playwright%2ftest 1665ms (cache miss)
35 silly packumentCache full:https://registry.npmjs.org/@playwright%2ftest set size:undefined disposed:false
36 silly fetch manifest babel-plugin-react-compiler@*
37 silly packumentCache full:https://registry.npmjs.org/babel-plugin-react-compiler cache-miss
38 http fetch GET 200 https://registry.npmjs.org/babel-plugin-react-compiler 141ms (cache miss)
39 silly packumentCache full:https://registry.npmjs.org/babel-plugin-react-compiler set size:undefined disposed:false
40 silly fetch manifest react@19.2.3
41 silly packumentCache full:https://registry.npmjs.org/react cache-miss
42 http fetch GET 200 https://registry.npmjs.org/react 976ms (cache miss)
43 silly packumentCache full:https://registry.npmjs.org/react set size:undefined disposed:false
44 silly fetch manifest react-dom@19.2.3
45 silly packumentCache full:https://registry.npmjs.org/react-dom cache-miss
46 http fetch GET 200 https://registry.npmjs.org/react-dom 831ms (cache miss)
47 silly packumentCache full:https://registry.npmjs.org/react-dom set size:undefined disposed:false
48 silly fetch manifest sass@^1.3.0
49 silly packumentCache full:https://registry.npmjs.org/sass cache-miss
50 http fetch GET 200 https://registry.npmjs.org/sass 160ms (cache miss)
51 silly packumentCache full:https://registry.npmjs.org/sass set size:undefined disposed:false
52 silly placeDep ROOT next@16.1.1 REPLACE for: hospital@0.1.0 want: 16.1.1
53 silly placeDep ROOT react@19.2.3 REPLACE for: hospital@0.1.0 want: 19.2.3
54 silly placeDep ROOT react-dom@19.2.3 REPLACE for: hospital@0.1.0 want: 19.2.3
55 silly fetch manifest @next/env@16.1.1
56 silly packumentCache full:https://registry.npmjs.org/@next%2fenv cache-miss
57 silly fetch manifest baseline-browser-mapping@^2.8.3
58 silly packumentCache full:https://registry.npmjs.org/baseline-browser-mapping cache-miss
59 silly fetch manifest @next/swc-darwin-x64@16.1.1
60 silly packumentCache full:https://registry.npmjs.org/@next%2fswc-darwin-x64 cache-miss
61 silly fetch manifest @next/swc-darwin-arm64@16.1.1
62 silly packumentCache full:https://registry.npmjs.org/@next%2fswc-darwin-arm64 cache-miss
63 silly fetch manifest @next/swc-linux-x64-gnu@16.1.1
64 silly packumentCache full:https://registry.npmjs.org/@next%2fswc-linux-x64-gnu cache-miss
65 silly fetch manifest @next/swc-linux-x64-musl@16.1.1
66 silly packumentCache full:https://registry.npmjs.org/@next%2fswc-linux-x64-musl cache-miss
67 silly fetch manifest @next/swc-win32-x64-msvc@16.1.1
68 silly packumentCache full:https://registry.npmjs.org/@next%2fswc-win32-x64-msvc cache-miss
69 http fetch GET 200 https://registry.npmjs.org/baseline-browser-mapping 135ms (cache miss)
70 silly packumentCache full:https://registry.npmjs.org/baseline-browser-mapping set size:undefined disposed:false
71 silly fetch manifest @next/swc-linux-arm64-gnu@16.1.1
72 silly packumentCache full:https://registry.npmjs.org/@next%2fswc-linux-arm64-gnu cache-miss
73 http fetch GET 200 https://registry.npmjs.org/@next%2fswc-darwin-x64 1364ms (cache miss)
74 silly packumentCache full:https://registry.npmjs.org/@next%2fswc-darwin-x64 set size:undefined disposed:false
75 silly fetch manifest @next/swc-linux-arm64-musl@16.1.1
76 silly packumentCache full:https://registry.npmjs.org/@next%2fswc-linux-arm64-musl cache-miss
77 http fetch GET 200 https://registry.npmjs.org/@next%2fenv 1438ms (cache miss)
78 silly packumentCache full:https://registry.npmjs.org/@next%2fenv set size:undefined disposed:false
79 silly fetch manifest @next/swc-win32-arm64-msvc@16.1.1
80 silly packumentCache full:https://registry.npmjs.org/@next%2fswc-win32-arm64-msvc cache-miss
81 http fetch GET 200 https://registry.npmjs.org/@next%2fswc-darwin-arm64 2759ms (cache miss)
82 silly packumentCache full:https://registry.npmjs.org/@next%2fswc-darwin-arm64 set size:undefined disposed:false
83 silly fetch manifest scheduler@^0.27.0
84 silly packumentCache full:https://registry.npmjs.org/scheduler cache-miss
85 http fetch GET 200 https://registry.npmjs.org/@next%2fswc-linux-arm64-gnu 2688ms (cache miss)
86 silly packumentCache full:https://registry.npmjs.org/@next%2fswc-linux-arm64-gnu set size:undefined disposed:false
87 http fetch GET 200 https://registry.npmjs.org/@next%2fswc-linux-x64-musl 2928ms (cache miss)
88 silly packumentCache full:https://registry.npmjs.org/@next%2fswc-linux-x64-musl set size:undefined disposed:false
89 http fetch GET 200 https://registry.npmjs.org/@next%2fswc-linux-x64-gnu 3042ms (cache miss)
90 silly packumentCache full:https://registry.npmjs.org/@next%2fswc-linux-x64-gnu set size:undefined disposed:false
91 http fetch GET 200 https://registry.npmjs.org/@next%2fswc-win32-x64-msvc 3096ms (cache miss)
92 silly packumentCache full:https://registry.npmjs.org/@next%2fswc-win32-x64-msvc set size:undefined disposed:false
93 http fetch GET 200 https://registry.npmjs.org/@next%2fswc-linux-arm64-musl 2333ms (cache miss)
94 silly packumentCache full:https://registry.npmjs.org/@next%2fswc-linux-arm64-musl set size:undefined disposed:false
95 http fetch GET 200 https://registry.npmjs.org/@next%2fswc-win32-arm64-msvc 2275ms (cache miss)
96 silly packumentCache full:https://registry.npmjs.org/@next%2fswc-win32-arm64-msvc set size:undefined disposed:false
97 http fetch GET 200 https://registry.npmjs.org/scheduler 1436ms (cache miss)
98 silly packumentCache full:https://registry.npmjs.org/scheduler set size:undefined disposed:false
99 silly placeDep ROOT @next/env@16.1.1 OK for: next@16.1.1 want: 16.1.1
100 silly placeDep ROOT @next/swc-darwin-arm64@16.1.1 OK for: next@16.1.1 want: 16.1.1
101 silly placeDep ROOT @next/swc-darwin-x64@16.1.1 OK for: next@16.1.1 want: 16.1.1
102 silly placeDep ROOT @next/swc-linux-arm64-gnu@16.1.1 OK for: next@16.1.1 want: 16.1.1
103 silly placeDep ROOT @next/swc-linux-arm64-musl@16.1.1 OK for: next@16.1.1 want: 16.1.1
104 silly placeDep ROOT @next/swc-linux-x64-gnu@16.1.1 OK for: next@16.1.1 want: 16.1.1
105 silly placeDep ROOT @next/swc-linux-x64-musl@16.1.1 OK for: next@16.1.1 want: 16.1.1
106 silly placeDep ROOT @next/swc-win32-arm64-msvc@16.1.1 OK for: next@16.1.1 want: 16.1.1
107 silly placeDep ROOT @next/swc-win32-x64-msvc@16.1.1 OK for: next@16.1.1 want: 16.1.1
108 silly placeDep ROOT baseline-browser-mapping@2.9.11 OK for: next@16.1.1 want: ^2.8.3
109 silly placeDep ROOT scheduler@0.27.0 OK for: react-dom@19.2.3 want: ^0.27.0
110 silly reify mark retired [
110 silly reify   'D:\\Projects\\Swasth-Raho\\Frontend\\hospital\\node_modules\\next',
110 silly reify   'D:\\Projects\\Swasth-Raho\\Frontend\\hospital\\node_modules\\.bin\\next',
110 silly reify   'D:\\Projects\\Swasth-Raho\\Frontend\\hospital\\node_modules\\.bin\\next.cmd',
110 silly reify   'D:\\Projects\\Swasth-Raho\\Frontend\\hospital\\node_modules\\.bin\\next.ps1'
110 silly reify ]
111 silly reify mark retired [
111 silly reify   'D:\\Projects\\Swasth-Raho\\Frontend\\hospital\\node_modules\\react'
111 silly reify ]
112 silly reify mark retired [
112 silly reify   'D:\\Projects\\Swasth-Raho\\Frontend\\hospital\\node_modules\\react-dom'
112 silly reify ]
113 silly reify mark retired [
113 silly reify   'D:\\Projects\\Swasth-Raho\\Frontend\\hospital\\node_modules\\scheduler'
113 silly reify ]
114 silly reify mark retired [
114 silly reify   'D:\\Projects\\Swasth-Raho\\Frontend\\hospital\\node_modules\\@next\\env'
114 silly reify ]
115 silly reify mark retired [
115 silly reify   'D:\\Projects\\Swasth-Raho\\Frontend\\hospital\\node_modules\\@next\\swc-win32-x64-msvc'
115 silly reify ]
116 silly reify moves {
116 silly reify   'D:\\Projects\\Swasth-Raho\\Frontend\\hospital\\node_modules\\next': 'D:\\Projects\\Swasth-Raho\\Frontend\\hospital\\node_modules\\.next-u39fv3XV',
116 silly reify   'D:\\Projects\\Swasth-Raho\\Frontend\\hospital\\node_modules\\.bin\\next': 'D:\\Projects\\Swasth-Raho\\Frontend\\hospital\\node_modules\\.bin\\.next-UqHPeYbB',
116 silly reify   'D:\\Projects\\Swasth-Raho\\Frontend\\hospital\\node_modules\\.bin\\next.cmd': 'D:\\Projects\\Swasth-Raho\\Frontend\\hospital\\node_modules\\.bin\\.next.cmd-Bek9OTN8',
116 silly reify   'D:\\Projects\\Swasth-Raho\\Frontend\\hospital\\node_modules\\.bin\\next.ps1': 'D:\\Projects\\Swasth-Raho\\Frontend\\hospital\\node_modules\\.bin\\.next.ps1-ZgkqHD5g',
116 silly reify   'D:\\Projects\\Swasth-Raho\\Frontend\\hospital\\node_modules\\react': 'D:\\Projects\\Swasth-Raho\\Frontend\\hospital\\node_modules\\.react-12mivEgl',
116 silly reify   'D:\\Projects\\Swasth-Raho\\Frontend\\hospital\\node_modules\\react-dom': 'D:\\Projects\\Swasth-Raho\\Frontend\\hospital\\node_modules\\.react-dom-644dZjai',
116 silly reify   'D:\\Projects\\Swasth-Raho\\Frontend\\hospital\\node_modules\\scheduler': 'D:\\Projects\\Swasth-Raho\\Frontend\\hospital\\node_modules\\.scheduler-BgB2HMPq',
116 silly reify   'D:\\Projects\\Swasth-Raho\\Frontend\\hospital\\node_modules\\@next\\env': 'D:\\Projects\\Swasth-Raho\\Frontend\\hospital\\node_modules\\@next\\.env-1ddzXFGq',
116 silly reify   'D:\\Projects\\Swasth-Raho\\Frontend\\hospital\\node_modules\\@next\\swc-win32-x64-msvc': 'D:\\Projects\\Swasth-Raho\\Frontend\\hospital\\node_modules\\@next\\.swc-win32-x64-msvc-WOOskH6D'
116 silly reify }
117 verbose reify failed optional dependency D:\Projects\Swasth-Raho\Frontend\hospital\node_modules\@tailwindcss\oxide-wasm32-wasi
118 silly reify mark deleted [
118 silly reify   'D:\\Projects\\Swasth-Raho\\Frontend\\hospital\\node_modules\\@tailwindcss\\oxide-wasm32-wasi'
118 silly reify ]
119 silly audit bulk request {
119 silly audit   '@alloc/quick-lru': [ '5.2.0' ],
119 silly audit   '@emnapi/core': [ '1.6.0' ],
119 silly audit   '@emnapi/runtime': [ '1.6.0' ],
119 silly audit   '@emnapi/wasi-threads': [ '1.1.0' ],
119 silly audit   '@eslint-community/eslint-utils': [ '4.9.0' ],
119 silly audit   'eslint-visitor-keys': [ '3.4.3', '4.2.1' ],
119 silly audit   '@eslint-community/regexpp': [ '4.12.2' ],
119 silly audit   '@eslint/config-array': [ '0.21.1' ],
119 silly audit   '@eslint/config-helpers': [ '0.4.2' ],
119 silly audit   '@eslint/core': [ '0.17.0', '0.16.0' ],
119 silly audit   '@eslint/eslintrc': [ '3.3.1' ],
119 silly audit   '@eslint/js': [ '9.38.0' ],
119 silly audit   '@eslint/object-schema': [ '2.1.7' ],
119 silly audit   '@eslint/plugin-kit': [ '0.4.1' ],
119 silly audit   '@humanfs/core': [ '0.19.1' ],
119 silly audit   '@humanfs/node': [ '0.16.7' ],
119 silly audit   '@humanwhocodes/module-importer': [ '1.0.1' ],
119 silly audit   '@humanwhocodes/retry': [ '0.4.3' ],
119 silly audit   '@img/colour': [ '1.0.0' ],
119 silly audit   '@img/sharp-darwin-arm64': [ '0.34.4' ],
119 silly audit   '@img/sharp-darwin-x64': [ '0.34.4' ],
119 silly audit   '@img/sharp-libvips-darwin-arm64': [ '1.2.3' ],
119 silly audit   '@img/sharp-libvips-darwin-x64': [ '1.2.3' ],
119 silly audit   '@img/sharp-libvips-linux-arm': [ '1.2.3' ],
119 silly audit   '@img/sharp-libvips-linux-arm64': [ '1.2.3' ],
119 silly audit   '@img/sharp-libvips-linux-ppc64': [ '1.2.3' ],
119 silly audit   '@img/sharp-libvips-linux-s390x': [ '1.2.3' ],
119 silly audit   '@img/sharp-libvips-linux-x64': [ '1.2.3' ],
119 silly audit   '@img/sharp-libvips-linuxmusl-arm64': [ '1.2.3' ],
119 silly audit   '@img/sharp-libvips-linuxmusl-x64': [ '1.2.3' ],
119 silly audit   '@img/sharp-linux-arm': [ '0.34.4' ],
119 silly audit   '@img/sharp-linux-arm64': [ '0.34.4' ],
119 silly audit   '@img/sharp-linux-ppc64': [ '0.34.4' ],
119 silly audit   '@img/sharp-linux-s390x': [ '0.34.4' ],
119 silly audit   '@img/sharp-linux-x64': [ '0.34.4' ],
119 silly audit   '@img/sharp-linuxmusl-arm64': [ '0.34.4' ],
119 silly audit   '@img/sharp-linuxmusl-x64': [ '0.34.4' ],
119 silly audit   '@img/sharp-wasm32': [ '0.34.4' ],
119 silly audit   '@img/sharp-win32-arm64': [ '0.34.4' ],
119 silly audit   '@img/sharp-win32-ia32': [ '0.34.4' ],
119 silly audit   '@img/sharp-win32-x64': [ '0.34.4' ],
119 silly audit   '@jridgewell/gen-mapping': [ '0.3.13' ],
119 silly audit   '@jridgewell/remapping': [ '2.3.5' ],
119 silly audit   '@jridgewell/resolve-uri': [ '3.1.2' ],
119 silly audit   '@jridgewell/sourcemap-codec': [ '1.5.5' ],
119 silly audit   '@jridgewell/trace-mapping': [ '0.3.31' ],
119 silly audit   '@napi-rs/wasm-runtime': [ '0.2.12' ],
119 silly audit   '@next/eslint-plugin-next': [ '15.5.5' ],
119 silly audit   '@nodelib/fs.scandir': [ '2.1.5' ],
119 silly audit   '@nodelib/fs.stat': [ '2.0.5' ],
119 silly audit   '@nodelib/fs.walk': [ '1.2.8' ],
119 silly audit   '@nolyfill/is-core-module': [ '1.0.39' ],
119 silly audit   '@rtsao/scc': [ '1.1.0' ],
119 silly audit   '@rushstack/eslint-patch': [ '1.14.1' ],
119 silly audit   '@swc/helpers': [ '0.5.15' ],
119 silly audit   '@tailwindcss/node': [ '4.1.16' ],
119 silly audit   '@tailwindcss/oxide': [ '4.1.16' ],
119 silly audit   '@tailwindcss/oxide-android-arm64': [ '4.1.16' ],
119 silly audit   '@tailwindcss/oxide-darwin-arm64': [ '4.1.16' ],
119 silly audit   '@tailwindcss/oxide-darwin-x64': [ '4.1.16' ],
119 silly audit   '@tailwindcss/oxide-freebsd-x64': [ '4.1.16' ],
119 silly audit   '@tailwindcss/oxide-linux-arm-gnueabihf': [ '4.1.16' ],
119 silly audit   '@tailwindcss/oxide-linux-arm64-gnu': [ '4.1.16' ],
119 silly audit   '@tailwindcss/oxide-linux-arm64-musl': [ '4.1.16' ],
119 silly audit   '@tailwindcss/oxide-linux-x64-gnu': [ '4.1.16' ],
119 silly audit   '@tailwindcss/oxide-linux-x64-musl': [ '4.1.16' ],
119 silly audit   '@tailwindcss/oxide-win32-arm64-msvc': [ '4.1.16' ],
119 silly audit   '@tailwindcss/oxide-win32-x64-msvc': [ '4.1.16' ],
119 silly audit   '@tailwindcss/postcss': [ '4.1.16' ],
119 silly audit   '@tybys/wasm-util': [ '0.10.1' ],
119 silly audit   '@types/estree': [ '1.0.8' ],
119 silly audit   '@types/json-schema': [ '7.0.15' ],
119 silly audit   '@types/json5': [ '0.0.29' ],
119 silly audit   '@types/node': [ '20.19.24' ],
119 silly audit   '@types/react': [ '19.2.2' ],
119 silly audit   '@types/react-dom': [ '19.2.2' ],
119 silly audit   '@typescript-eslint/eslint-plugin': [ '8.46.2' ],
119 silly audit   ignore: [ '7.0.5', '5.3.2' ],
119 silly audit   '@typescript-eslint/parser': [ '8.46.2' ],
119 silly audit   '@typescript-eslint/project-service': [ '8.46.2' ],
119 silly audit   '@typescript-eslint/scope-manager': [ '8.46.2' ],
119 silly audit   '@typescript-eslint/tsconfig-utils': [ '8.46.2' ],
119 silly audit   '@typescript-eslint/type-utils': [ '8.46.2' ],
119 silly audit   '@typescript-eslint/types': [ '8.46.2' ],
119 silly audit   '@typescript-eslint/typescript-estree': [ '8.46.2' ],
119 silly audit   'brace-expansion': [ '2.0.2', '1.1.12' ],
119 silly audit   'fast-glob': [ '3.3.3', '3.3.1' ],
119 silly audit   'glob-parent': [ '5.1.2', '6.0.2' ],
119 silly audit   minimatch: [ '9.0.5', '3.1.2' ],
119 silly audit   '@typescript-eslint/utils': [ '8.46.2' ],
119 silly audit   '@typescript-eslint/visitor-keys': [ '8.46.2' ],
119 silly audit   '@unrs/resolver-binding-android-arm-eabi': [ '1.11.1' ],
119 silly audit   '@unrs/resolver-binding-android-arm64': [ '1.11.1' ],
119 silly audit   '@unrs/resolver-binding-darwin-arm64': [ '1.11.1' ],
119 silly audit   '@unrs/resolver-binding-darwin-x64': [ '1.11.1' ],
119 silly audit   '@unrs/resolver-binding-freebsd-x64': [ '1.11.1' ],
119 silly audit   '@unrs/resolver-binding-linux-arm-gnueabihf': [ '1.11.1' ],
119 silly audit   '@unrs/resolver-binding-linux-arm-musleabihf': [ '1.11.1' ],
119 silly audit   '@unrs/resolver-binding-linux-arm64-gnu': [ '1.11.1' ],
119 silly audit   '@unrs/resolver-binding-linux-arm64-musl': [ '1.11.1' ],
119 silly audit   '@unrs/resolver-binding-linux-ppc64-gnu': [ '1.11.1' ],
119 silly audit   '@unrs/resolver-binding-linux-riscv64-gnu': [ '1.11.1' ],
119 silly audit   '@unrs/resolver-binding-linux-riscv64-musl': [ '1.11.1' ],
119 silly audit   '@unrs/resolver-binding-linux-s390x-gnu': [ '1.11.1' ],
119 silly audit   '@unrs/resolver-binding-linux-x64-gnu': [ '1.11.1' ],
119 silly audit   '@unrs/resolver-binding-linux-x64-musl': [ '1.11.1' ],
119 silly audit   '@unrs/resolver-binding-wasm32-wasi': [ '1.11.1' ],
119 silly audit   '@unrs/resolver-binding-win32-arm64-msvc': [ '1.11.1' ],
119 silly audit   '@unrs/resolver-binding-win32-ia32-msvc': [ '1.11.1' ],
119 silly audit   '@unrs/resolver-binding-win32-x64-msvc': [ '1.11.1' ],
119 silly audit   acorn: [ '8.15.0' ],
119 silly audit   'acorn-jsx': [ '5.3.2' ],
119 silly audit   ajv: [ '6.12.6' ],
119 silly audit   'ansi-styles': [ '4.3.0' ],
119 silly audit   aos: [ '2.3.4' ],
119 silly audit   argparse: [ '2.0.1' ],
119 silly audit   'aria-query': [ '5.3.2' ],
119 silly audit   'array-buffer-byte-length': [ '1.0.2' ],
119 silly audit   'array-includes': [ '3.1.9' ],
119 silly audit   'array.prototype.findlast': [ '1.2.5' ],
119 silly audit   'array.prototype.findlastindex': [ '1.2.6' ],
119 silly audit   'array.prototype.flat': [ '1.3.3' ],
119 silly audit   'array.prototype.flatmap': [ '1.3.3' ],
119 silly audit   'array.prototype.tosorted': [ '1.1.4' ],
119 silly audit   'arraybuffer.prototype.slice': [ '1.0.4' ],
119 silly audit   'ast-types-flow': [ '0.0.8' ],
119 silly audit   'async-function': [ '1.0.0' ],
119 silly audit   asynckit: [ '0.4.0' ],
119 silly audit   'available-typed-arrays': [ '1.0.7' ],
119 silly audit   'axe-core': [ '4.11.0' ],
119 silly audit   axios: [ '1.13.1' ],
119 silly audit   'axobject-query': [ '4.1.0' ],
119 silly audit   'balanced-match': [ '1.0.2' ],
119 silly audit   braces: [ '3.0.3' ],
119 silly audit   'call-bind': [ '1.0.8' ],
119 silly audit   'call-bind-apply-helpers': [ '1.0.2' ],
119 silly audit   'call-bound': [ '1.0.4' ],
119 silly audit   callsites: [ '3.1.0' ],
119 silly audit   'caniuse-lite': [ '1.0.30001751' ],
119 silly audit   chalk: [ '4.1.2' ],
119 silly audit   'classlist-polyfill': [ '1.2.0' ],
119 silly audit   'client-only': [ '0.0.1' ],
119 silly audit   'color-convert': [ '2.0.1' ],
119 silly audit   'color-name': [ '1.1.4' ],
119 silly audit   'combined-stream': [ '1.0.8' ],
119 silly audit   'concat-map': [ '0.0.1' ],
119 silly audit   'cross-spawn': [ '7.0.6' ],
119 silly audit   csstype: [ '3.1.3' ],
119 silly audit   'damerau-levenshtein': [ '1.0.8' ],
119 silly audit   'data-view-buffer': [ '1.0.2' ],
119 silly audit   'data-view-byte-length': [ '1.0.2' ],
119 silly audit   'data-view-byte-offset': [ '1.0.1' ],
119 silly audit   debug: [ '4.4.3', '3.2.7' ],
119 silly audit   'deep-is': [ '0.1.4' ],
119 silly audit   'define-data-property': [ '1.1.4' ],
119 silly audit   'define-properties': [ '1.2.1' ],
119 silly audit   'delayed-stream': [ '1.0.0' ],
119 silly audit   'detect-libc': [ '2.1.2' ],
119 silly audit   doctrine: [ '2.1.0' ],
119 silly audit   'dunder-proto': [ '1.0.1' ],
119 silly audit   'emoji-regex': [ '9.2.2' ],
119 silly audit   'enhanced-resolve': [ '5.18.3' ],
119 silly audit   'es-abstract': [ '1.24.0' ],
119 silly audit   'es-define-property': [ '1.0.1' ],
119 silly audit   'es-errors': [ '1.3.0' ],
119 silly audit   'es-iterator-helpers': [ '1.2.1' ],
119 silly audit   'es-object-atoms': [ '1.1.1' ],
119 silly audit   'es-set-tostringtag': [ '2.1.0' ],
119 silly audit   'es-shim-unscopables': [ '1.1.0' ],
119 silly audit   'es-to-primitive': [ '1.3.0' ],
119 silly audit   'escape-string-regexp': [ '4.0.0' ],
119 silly audit   eslint: [ '9.38.0' ],
119 silly audit   'eslint-config-next': [ '15.5.5' ],
119 silly audit   'eslint-import-resolver-node': [ '0.3.9' ],
119 silly audit   'eslint-import-resolver-typescript': [ '3.10.1' ],
119 silly audit   'eslint-module-utils': [ '2.12.1' ],
119 silly audit   'eslint-plugin-import': [ '2.32.0' ],
119 silly audit   semver: [ '6.3.1', '7.7.3' ],
119 silly audit   'eslint-plugin-jsx-a11y': [ '6.10.2' ],
119 silly audit   'eslint-plugin-react': [ '7.37.5' ],
119 silly audit   'eslint-plugin-react-hooks': [ '5.2.0' ],
119 silly audit   resolve: [ '2.0.0-next.5', '1.22.11' ],
119 silly audit   'eslint-scope': [ '8.4.0' ],
119 silly audit   espree: [ '10.4.0' ],
119 silly audit   esquery: [ '1.6.0' ],
119 silly audit   esrecurse: [ '4.3.0' ],
119 silly audit   estraverse: [ '5.3.0' ],
119 silly audit   esutils: [ '2.0.3' ],
119 silly audit   'fast-deep-equal': [ '3.1.3' ],
119 silly audit   'fast-json-stable-stringify': [ '2.1.0' ],
119 silly audit   'fast-levenshtein': [ '2.0.6' ],
119 silly audit   fastq: [ '1.19.1' ],
119 silly audit   'file-entry-cache': [ '8.0.0' ],
119 silly audit   'fill-range': [ '7.1.1' ],
119 silly audit   'find-up': [ '5.0.0' ],
119 silly audit   'flat-cache': [ '4.0.1' ],
119 silly audit   flatted: [ '3.3.3' ],
119 silly audit   'follow-redirects': [ '1.15.11' ],
119 silly audit   'for-each': [ '0.3.5' ],
119 silly audit   'form-data': [ '4.0.4' ],
119 silly audit   'function-bind': [ '1.1.2' ],
119 silly audit   'function.prototype.name': [ '1.1.8' ],
119 silly audit   'functions-have-names': [ '1.2.3' ],
119 silly audit   'generator-function': [ '2.0.1' ],
119 silly audit   'get-intrinsic': [ '1.3.0' ],
119 silly audit   'get-proto': [ '1.0.1' ],
119 silly audit   'get-symbol-description': [ '1.1.0' ],
119 silly audit   'get-tsconfig': [ '4.13.0' ],
119 silly audit   globals: [ '14.0.0' ],
119 silly audit   globalthis: [ '1.0.4' ],
119 silly audit   gopd: [ '1.2.0' ],
119 silly audit   'graceful-fs': [ '4.2.11' ],
119 silly audit   graphemer: [ '1.4.0' ],
119 silly audit   'has-bigints': [ '1.1.0' ],
119 silly audit   'has-flag': [ '4.0.0' ],
119 silly audit   'has-property-descriptors': [ '1.0.2' ],
119 silly audit   'has-proto': [ '1.2.0' ],
119 silly audit   'has-symbols': [ '1.1.0' ],
119 silly audit   'has-tostringtag': [ '1.0.2' ],
119 silly audit   hasown: [ '2.0.2' ],
119 silly audit   'import-fresh': [ '3.3.1' ],
119 silly audit   imurmurhash: [ '0.1.4' ],
119 silly audit   'internal-slot': [ '1.1.0' ],
119 silly audit   'is-array-buffer': [ '3.0.5' ],
119 silly audit   'is-async-function': [ '2.1.1' ],
119 silly audit   'is-bigint': [ '1.1.0' ],
119 silly audit   'is-boolean-object': [ '1.2.2' ],
119 silly audit   'is-bun-module': [ '2.0.0' ],
119 silly audit   'is-callable': [ '1.2.7' ],
119 silly audit   'is-core-module': [ '2.16.1' ],
119 silly audit   'is-data-view': [ '1.0.2' ],
119 silly audit   'is-date-object': [ '1.1.0' ],
119 silly audit   'is-extglob': [ '2.1.1' ],
119 silly audit   'is-finalizationregistry': [ '1.1.1' ],
119 silly audit   'is-generator-function': [ '1.1.2' ],
119 silly audit   'is-glob': [ '4.0.3' ],
119 silly audit   'is-map': [ '2.0.3' ],
119 silly audit   'is-negative-zero': [ '2.0.3' ],
119 silly audit   'is-number': [ '7.0.0' ],
119 silly audit   'is-number-object': [ '1.1.1' ],
119 silly audit   'is-regex': [ '1.2.1' ],
119 silly audit   'is-set': [ '2.0.3' ],
119 silly audit   'is-shared-array-buffer': [ '1.0.4' ],
119 silly audit   'is-string': [ '1.1.1' ],
119 silly audit   'is-symbol': [ '1.1.1' ],
119 silly audit   'is-typed-array': [ '1.1.15' ],
119 silly audit   'is-weakmap': [ '2.0.2' ],
119 silly audit   'is-weakref': [ '1.1.1' ],
119 silly audit   'is-weakset': [ '2.0.4' ],
119 silly audit   isarray: [ '2.0.5' ],
119 silly audit   isexe: [ '2.0.0' ],
119 silly audit   'iterator.prototype': [ '1.1.5' ],
119 silly audit   jiti: [ '2.6.1' ],
119 silly audit   jose: [ '6.1.0' ],
119 silly audit   'js-tokens': [ '4.0.0' ],
119 silly audit   'js-yaml': [ '4.1.0' ],
119 silly audit   'json-buffer': [ '3.0.1' ],
119 silly audit   'json-schema-traverse': [ '0.4.1' ],
119 silly audit   'json-stable-stringify-without-jsonify': [ '1.0.1' ],
119 silly audit   json5: [ '1.0.2' ],
119 silly audit   'jsx-ast-utils': [ '3.3.5' ],
119 silly audit   keyv: [ '4.5.4' ],
119 silly audit   'language-subtag-registry': [ '0.3.23' ],
119 silly audit   'language-tags': [ '1.0.9' ],
119 silly audit   levn: [ '0.4.1' ],
119 silly audit   lightningcss: [ '1.30.2' ],
119 silly audit   'lightningcss-android-arm64': [ '1.30.2' ],
119 silly audit   'lightningcss-darwin-arm64': [ '1.30.2' ],
119 silly audit   'lightningcss-darwin-x64': [ '1.30.2' ],
119 silly audit   'lightningcss-freebsd-x64': [ '1.30.2' ],
119 silly audit   'lightningcss-linux-arm-gnueabihf': [ '1.30.2' ],
119 silly audit   'lightningcss-linux-arm64-gnu': [ '1.30.2' ],
119 silly audit   'lightningcss-linux-arm64-musl': [ '1.30.2' ],
119 silly audit   'lightningcss-linux-x64-gnu': [ '1.30.2' ],
119 silly audit   'lightningcss-linux-x64-musl': [ '1.30.2' ],
119 silly audit   'lightningcss-win32-arm64-msvc': [ '1.30.2' ],
119 silly audit   'lightningcss-win32-x64-msvc': [ '1.30.2' ],
119 silly audit   'locate-path': [ '6.0.0' ],
119 silly audit   'lodash.debounce': [ '4.0.8' ],
119 silly audit   'lodash.merge': [ '4.6.2' ],
119 silly audit   'lodash.throttle': [ '4.1.1' ],
119 silly audit   'loose-envify': [ '1.4.0' ],
119 silly audit   'lucide-react': [ '0.552.0' ],
119 silly audit   'magic-string': [ '0.30.21' ],
119 silly audit   'math-intrinsics': [ '1.1.0' ],
119 silly audit   merge2: [ '1.4.1' ],
119 silly audit   micromatch: [ '4.0.8' ],
119 silly audit   'mime-db': [ '1.52.0' ],
119 silly audit   'mime-types': [ '2.1.35' ],
119 silly audit   minimist: [ '1.2.8' ],
119 silly audit   ms: [ '2.1.3' ],
119 silly audit   nanoid: [ '3.3.11' ],
119 silly audit   'napi-postinstall': [ '0.3.4' ],
119 silly audit   'natural-compare': [ '1.4.0' ],
119 silly audit   postcss: [ '8.5.6', '8.4.31' ],
119 silly audit   'object-assign': [ '4.1.1' ],
119 silly audit   'object-inspect': [ '1.13.4' ],
119 silly audit   'object-keys': [ '1.1.1' ],
119 silly audit   'object.assign': [ '4.1.7' ],
119 silly audit   'object.entries': [ '1.1.9' ],
119 silly audit   'object.fromentries': [ '2.0.8' ],
119 silly audit   'object.groupby': [ '1.0.3' ],
119 silly audit   'object.values': [ '1.2.1' ],
119 silly audit   optionator: [ '0.9.4' ],
119 silly audit   'own-keys': [ '1.0.1' ],
119 silly audit   'p-limit': [ '3.1.0' ],
119 silly audit   'p-locate': [ '5.0.0' ],
119 silly audit   'parent-module': [ '1.0.1' ],
119 silly audit   'path-exists': [ '4.0.0' ],
119 silly audit   'path-key': [ '3.1.1' ],
119 silly audit   'path-parse': [ '1.0.7' ],
119 silly audit   picocolors: [ '1.1.1' ],
119 silly audit   picomatch: [ '2.3.1', '4.0.3' ],
119 silly audit   'possible-typed-array-names': [ '1.1.0' ],
119 silly audit   'prelude-ls': [ '1.2.1' ],
119 silly audit   'prop-types': [ '15.8.1' ],
119 silly audit   'proxy-from-env': [ '1.1.0' ],
119 silly audit   punycode: [ '2.3.1' ],
119 silly audit   'queue-microtask': [ '1.2.3' ],
119 silly audit   'react-is': [ '16.13.1' ],
119 silly audit   'reflect.getprototypeof': [ '1.0.10' ],
119 silly audit   'regexp.prototype.flags': [ '1.5.4' ],
119 silly audit   'resolve-from': [ '4.0.0' ],
119 silly audit   'resolve-pkg-maps': [ '1.0.0' ],
119 silly audit   reusify: [ '1.1.0' ],
119 silly audit   'run-parallel': [ '1.2.0' ],
119 silly audit   'safe-array-concat': [ '1.1.3' ],
119 silly audit   'safe-push-apply': [ '1.0.0' ],
119 silly audit   'safe-regex-test': [ '1.1.0' ],
119 silly audit   'set-function-length': [ '1.2.2' ],
119 silly audit   'set-function-name': [ '2.0.2' ],
119 silly audit   'set-proto': [ '1.0.0' ],
119 silly audit   sharp: [ '0.34.4' ],
119 silly audit   'shebang-command': [ '2.0.0' ],
119 silly audit   'shebang-regex': [ '3.0.0' ],
119 silly audit   'side-channel': [ '1.1.0' ],
119 silly audit   'side-channel-list': [ '1.0.0' ],
119 silly audit   'side-channel-map': [ '1.0.1' ],
119 silly audit   'side-channel-weakmap': [ '1.0.2' ],
119 silly audit   'source-map-js': [ '1.2.1' ],
119 silly audit   'stable-hash': [ '0.0.5' ],
119 silly audit   'stop-iteration-iterator': [ '1.1.0' ],
119 silly audit   'string.prototype.includes': [ '2.0.1' ],
119 silly audit   'string.prototype.matchall': [ '4.0.12' ],
119 silly audit   'string.prototype.repeat': [ '1.0.0' ],
119 silly audit   'string.prototype.trim': [ '1.2.10' ],
119 silly audit   'string.prototype.trimend': [ '1.0.9' ],
119 silly audit   'string.prototype.trimstart': [ '1.0.8' ],
119 silly audit   'strip-bom': [ '3.0.0' ],
119 silly audit   'strip-json-comments': [ '3.1.1' ],
119 silly audit   'styled-jsx': [ '5.1.6' ],
119 silly audit   'supports-color': [ '7.2.0' ],
119 silly audit   'supports-preserve-symlinks-flag': [ '1.0.0' ],
119 silly audit   tailwindcss: [ '4.1.16' ],
119 silly audit   tapable: [ '2.3.0' ],
119 silly audit   tinyglobby: [ '0.2.15' ],
119 silly audit   fdir: [ '6.5.0' ],
119 silly audit   'to-regex-range': [ '5.0.1' ],
119 silly audit   'ts-api-utils': [ '2.1.0' ],
119 silly audit   'tsconfig-paths': [ '3.15.0' ],
119 silly audit   tslib: [ '2.8.1' ],
119 silly audit   'type-check': [ '0.4.0' ],
119 silly audit   'typed-array-buffer': [ '1.0.3' ],
119 silly audit   'typed-array-byte-length': [ '1.0.3' ],
119 silly audit   'typed-array-byte-offset': [ '1.0.4' ],
119 silly audit   'typed-array-length': [ '1.0.7' ],
119 silly audit   typescript: [ '5.9.3' ],
119 silly audit   'unbox-primitive': [ '1.1.0' ],
119 silly audit   'undici-types': [ '6.21.0' ],
119 silly audit   'unrs-resolver': [ '1.11.1' ],
119 silly audit   'uri-js': [ '4.4.1' ],
119 silly audit   which: [ '2.0.2' ],
119 silly audit   'which-boxed-primitive': [ '1.1.1' ],
119 silly audit   'which-builtin-type': [ '1.2.1' ],
119 silly audit   'which-collection': [ '1.0.2' ],
119 silly audit   'which-typed-array': [ '1.1.19' ],
119 silly audit   'word-wrap': [ '1.2.5' ],
119 silly audit   'yocto-queue': [ '0.1.0' ],
119 silly audit   next: [ '16.1.1' ],
119 silly audit   react: [ '19.2.3' ],
119 silly audit   'react-dom': [ '19.2.3' ],
119 silly audit   '@next/env': [ '16.1.1' ],
119 silly audit   '@next/swc-darwin-arm64': [ '16.1.1' ],
119 silly audit   '@next/swc-darwin-x64': [ '16.1.1' ],
119 silly audit   '@next/swc-linux-arm64-gnu': [ '16.1.1' ],
119 silly audit   '@next/swc-linux-arm64-musl': [ '16.1.1' ],
119 silly audit   '@next/swc-linux-x64-gnu': [ '16.1.1' ],
119 silly audit   '@next/swc-linux-x64-musl': [ '16.1.1' ],
119 silly audit   '@next/swc-win32-arm64-msvc': [ '16.1.1' ],
119 silly audit   '@next/swc-win32-x64-msvc': [ '16.1.1' ],
119 silly audit   'baseline-browser-mapping': [ '2.9.11' ],
119 silly audit   scheduler: [ '0.27.0' ],
119 silly audit   '@tailwindcss/oxide-wasm32-wasi': [ '4.1.16' ]
119 silly audit }
120 verbose reify failed optional dependency D:\Projects\Swasth-Raho\Frontend\hospital\node_modules\@next\swc-win32-arm64-msvc
121 silly reify mark deleted [
121 silly reify   'D:\\Projects\\Swasth-Raho\\Frontend\\hospital\\node_modules\\@next\\swc-win32-arm64-msvc'
121 silly reify ]
122 verbose reify failed optional dependency D:\Projects\Swasth-Raho\Frontend\hospital\node_modules\@next\swc-linux-x64-musl
123 silly reify mark deleted [
123 silly reify   'D:\\Projects\\Swasth-Raho\\Frontend\\hospital\\node_modules\\@next\\swc-linux-x64-musl'
123 silly reify ]
124 verbose reify failed optional dependency D:\Projects\Swasth-Raho\Frontend\hospital\node_modules\@next\swc-linux-x64-gnu
125 silly reify mark deleted [
125 silly reify   'D:\\Projects\\Swasth-Raho\\Frontend\\hospital\\node_modules\\@next\\swc-linux-x64-gnu'
125 silly reify ]
126 verbose reify failed optional dependency D:\Projects\Swasth-Raho\Frontend\hospital\node_modules\@next\swc-linux-arm64-musl
127 silly reify mark deleted [
127 silly reify   'D:\\Projects\\Swasth-Raho\\Frontend\\hospital\\node_modules\\@next\\swc-linux-arm64-musl'
127 silly reify ]
128 verbose reify failed optional dependency D:\Projects\Swasth-Raho\Frontend\hospital\node_modules\@next\swc-linux-arm64-gnu
129 silly reify mark deleted [
129 silly reify   'D:\\Projects\\Swasth-Raho\\Frontend\\hospital\\node_modules\\@next\\swc-linux-arm64-gnu'
129 silly reify ]
130 verbose reify failed optional dependency D:\Projects\Swasth-Raho\Frontend\hospital\node_modules\@next\swc-darwin-x64
131 silly reify mark deleted [
131 silly reify   'D:\\Projects\\Swasth-Raho\\Frontend\\hospital\\node_modules\\@next\\swc-darwin-x64'
131 silly reify ]
132 verbose reify failed optional dependency D:\Projects\Swasth-Raho\Frontend\hospital\node_modules\@next\swc-darwin-arm64
133 silly reify mark deleted [
133 silly reify   'D:\\Projects\\Swasth-Raho\\Frontend\\hospital\\node_modules\\@next\\swc-darwin-arm64'
133 silly reify ]
134 verbose reify failed optional dependency D:\Projects\Swasth-Raho\Frontend\hospital\node_modules\lightningcss-win32-arm64-msvc
135 silly reify mark deleted [
135 silly reify   'D:\\Projects\\Swasth-Raho\\Frontend\\hospital\\node_modules\\lightningcss-win32-arm64-msvc'
135 silly reify ]
136 verbose reify failed optional dependency D:\Projects\Swasth-Raho\Frontend\hospital\node_modules\lightningcss-linux-x64-musl
137 silly reify mark deleted [
137 silly reify   'D:\\Projects\\Swasth-Raho\\Frontend\\hospital\\node_modules\\lightningcss-linux-x64-musl'
137 silly reify ]
138 verbose reify failed optional dependency D:\Projects\Swasth-Raho\Frontend\hospital\node_modules\lightningcss-linux-x64-gnu
139 silly reify mark deleted [
139 silly reify   'D:\\Projects\\Swasth-Raho\\Frontend\\hospital\\node_modules\\lightningcss-linux-x64-gnu'
139 silly reify ]
140 verbose reify failed optional dependency D:\Projects\Swasth-Raho\Frontend\hospital\node_modules\lightningcss-linux-arm64-musl
141 silly reify mark deleted [
141 silly reify   'D:\\Projects\\Swasth-Raho\\Frontend\\hospital\\node_modules\\lightningcss-linux-arm64-musl'
141 silly reify ]
142 verbose reify failed optional dependency D:\Projects\Swasth-Raho\Frontend\hospital\node_modules\lightningcss-linux-arm64-gnu
143 silly reify mark deleted [
143 silly reify   'D:\\Projects\\Swasth-Raho\\Frontend\\hospital\\node_modules\\lightningcss-linux-arm64-gnu'
143 silly reify ]
144 verbose reify failed optional dependency D:\Projects\Swasth-Raho\Frontend\hospital\node_modules\lightningcss-linux-arm-gnueabihf
145 silly reify mark deleted [
145 silly reify   'D:\\Projects\\Swasth-Raho\\Frontend\\hospital\\node_modules\\lightningcss-linux-arm-gnueabihf'
145 silly reify ]
146 verbose reify failed optional dependency D:\Projects\Swasth-Raho\Frontend\hospital\node_modules\lightningcss-freebsd-x64
147 silly reify mark deleted [
147 silly reify   'D:\\Projects\\Swasth-Raho\\Frontend\\hospital\\node_modules\\lightningcss-freebsd-x64'
147 silly reify ]
148 verbose reify failed optional dependency D:\Projects\Swasth-Raho\Frontend\hospital\node_modules\lightningcss-darwin-x64
149 silly reify mark deleted [
149 silly reify   'D:\\Projects\\Swasth-Raho\\Frontend\\hospital\\node_modules\\lightningcss-darwin-x64'
149 silly reify ]
150 verbose reify failed optional dependency D:\Projects\Swasth-Raho\Frontend\hospital\node_modules\lightningcss-darwin-arm64
151 silly reify mark deleted [
151 silly reify   'D:\\Projects\\Swasth-Raho\\Frontend\\hospital\\node_modules\\lightningcss-darwin-arm64'
151 silly reify ]
152 verbose reify failed optional dependency D:\Projects\Swasth-Raho\Frontend\hospital\node_modules\lightningcss-android-arm64
153 silly reify mark deleted [
153 silly reify   'D:\\Projects\\Swasth-Raho\\Frontend\\hospital\\node_modules\\lightningcss-android-arm64'
153 silly reify ]
154 verbose reify failed optional dependency D:\Projects\Swasth-Raho\Frontend\hospital\node_modules\@unrs\resolver-binding-win32-ia32-msvc
155 silly reify mark deleted [
155 silly reify   'D:\\Projects\\Swasth-Raho\\Frontend\\hospital\\node_modules\\@unrs\\resolver-binding-win32-ia32-msvc'
155 silly reify ]
156 verbose reify failed optional dependency D:\Projects\Swasth-Raho\Frontend\hospital\node_modules\@unrs\resolver-binding-win32-arm64-msvc
157 silly reify mark deleted [
157 silly reify   'D:\\Projects\\Swasth-Raho\\Frontend\\hospital\\node_modules\\@unrs\\resolver-binding-win32-arm64-msvc'
157 silly reify ]
158 verbose reify failed optional dependency D:\Projects\Swasth-Raho\Frontend\hospital\node_modules\@unrs\resolver-binding-wasm32-wasi
159 silly reify mark deleted [
159 silly reify   'D:\\Projects\\Swasth-Raho\\Frontend\\hospital\\node_modules\\@unrs\\resolver-binding-wasm32-wasi'
159 silly reify ]
160 verbose reify failed optional dependency D:\Projects\Swasth-Raho\Frontend\hospital\node_modules\@unrs\resolver-binding-linux-x64-musl
161 silly reify mark deleted [
161 silly reify   'D:\\Projects\\Swasth-Raho\\Frontend\\hospital\\node_modules\\@unrs\\resolver-binding-linux-x64-musl'
161 silly reify ]
162 verbose reify failed optional dependency D:\Projects\Swasth-Raho\Frontend\hospital\node_modules\@unrs\resolver-binding-linux-x64-gnu
163 silly reify mark deleted [
163 silly reify   'D:\\Projects\\Swasth-Raho\\Frontend\\hospital\\node_modules\\@unrs\\resolver-binding-linux-x64-gnu'
163 silly reify ]
164 verbose reify failed optional dependency D:\Projects\Swasth-Raho\Frontend\hospital\node_modules\@unrs\resolver-binding-linux-s390x-gnu
165 silly reify mark deleted [
165 silly reify   'D:\\Projects\\Swasth-Raho\\Frontend\\hospital\\node_modules\\@unrs\\resolver-binding-linux-s390x-gnu'
165 silly reify ]
166 verbose reify failed optional dependency D:\Projects\Swasth-Raho\Frontend\hospital\node_modules\@unrs\resolver-binding-linux-riscv64-musl
167 silly reify mark deleted [
167 silly reify   'D:\\Projects\\Swasth-Raho\\Frontend\\hospital\\node_modules\\@unrs\\resolver-binding-linux-riscv64-musl'
167 silly reify ]
168 verbose reify failed optional dependency D:\Projects\Swasth-Raho\Frontend\hospital\node_modules\@unrs\resolver-binding-linux-riscv64-gnu
169 silly reify mark deleted [
169 silly reify   'D:\\Projects\\Swasth-Raho\\Frontend\\hospital\\node_modules\\@unrs\\resolver-binding-linux-riscv64-gnu'
169 silly reify ]
170 verbose reify failed optional dependency D:\Projects\Swasth-Raho\Frontend\hospital\node_modules\@unrs\resolver-binding-linux-ppc64-gnu
171 silly reify mark deleted [
171 silly reify   'D:\\Projects\\Swasth-Raho\\Frontend\\hospital\\node_modules\\@unrs\\resolver-binding-linux-ppc64-gnu'
171 silly reify ]
172 verbose reify failed optional dependency D:\Projects\Swasth-Raho\Frontend\hospital\node_modules\@unrs\resolver-binding-linux-arm64-musl
173 silly reify mark deleted [
173 silly reify   'D:\\Projects\\Swasth-Raho\\Frontend\\hospital\\node_modules\\@unrs\\resolver-binding-linux-arm64-musl'
173 silly reify ]
174 verbose reify failed optional dependency D:\Projects\Swasth-Raho\Frontend\hospital\node_modules\@unrs\resolver-binding-linux-arm64-gnu
175 silly reify mark deleted [
175 silly reify   'D:\\Projects\\Swasth-Raho\\Frontend\\hospital\\node_modules\\@unrs\\resolver-binding-linux-arm64-gnu'
175 silly reify ]
176 verbose reify failed optional dependency D:\Projects\Swasth-Raho\Frontend\hospital\node_modules\@unrs\resolver-binding-linux-arm-musleabihf
177 silly reify mark deleted [
177 silly reify   'D:\\Projects\\Swasth-Raho\\Frontend\\hospital\\node_modules\\@unrs\\resolver-binding-linux-arm-musleabihf'
177 silly reify ]
178 verbose reify failed optional dependency D:\Projects\Swasth-Raho\Frontend\hospital\node_modules\@unrs\resolver-binding-linux-arm-gnueabihf
179 silly reify mark deleted [
179 silly reify   'D:\\Projects\\Swasth-Raho\\Frontend\\hospital\\node_modules\\@unrs\\resolver-binding-linux-arm-gnueabihf'
179 silly reify ]
180 verbose reify failed optional dependency D:\Projects\Swasth-Raho\Frontend\hospital\node_modules\@unrs\resolver-binding-freebsd-x64
181 silly reify mark deleted [
181 silly reify   'D:\\Projects\\Swasth-Raho\\Frontend\\hospital\\node_modules\\@unrs\\resolver-binding-freebsd-x64'
181 silly reify ]
182 verbose reify failed optional dependency D:\Projects\Swasth-Raho\Frontend\hospital\node_modules\@unrs\resolver-binding-darwin-x64
183 silly reify mark deleted [
183 silly reify   'D:\\Projects\\Swasth-Raho\\Frontend\\hospital\\node_modules\\@unrs\\resolver-binding-darwin-x64'
183 silly reify ]
184 verbose reify failed optional dependency D:\Projects\Swasth-Raho\Frontend\hospital\node_modules\@unrs\resolver-binding-darwin-arm64
185 silly reify mark deleted [
185 silly reify   'D:\\Projects\\Swasth-Raho\\Frontend\\hospital\\node_modules\\@unrs\\resolver-binding-darwin-arm64'
185 silly reify ]
186 verbose reify failed optional dependency D:\Projects\Swasth-Raho\Frontend\hospital\node_modules\@unrs\resolver-binding-android-arm64
187 silly reify mark deleted [
187 silly reify   'D:\\Projects\\Swasth-Raho\\Frontend\\hospital\\node_modules\\@unrs\\resolver-binding-android-arm64'
187 silly reify ]
188 verbose reify failed optional dependency D:\Projects\Swasth-Raho\Frontend\hospital\node_modules\@unrs\resolver-binding-android-arm-eabi
189 silly reify mark deleted [
189 silly reify   'D:\\Projects\\Swasth-Raho\\Frontend\\hospital\\node_modules\\@unrs\\resolver-binding-android-arm-eabi'
189 silly reify ]
190 verbose reify failed optional dependency D:\Projects\Swasth-Raho\Frontend\hospital\node_modules\@tailwindcss\oxide-win32-arm64-msvc
191 silly reify mark deleted [
191 silly reify   'D:\\Projects\\Swasth-Raho\\Frontend\\hospital\\node_modules\\@tailwindcss\\oxide-win32-arm64-msvc'
191 silly reify ]
192 verbose reify failed optional dependency D:\Projects\Swasth-Raho\Frontend\hospital\node_modules\@tailwindcss\oxide-linux-x64-musl
193 silly reify mark deleted [
193 silly reify   'D:\\Projects\\Swasth-Raho\\Frontend\\hospital\\node_modules\\@tailwindcss\\oxide-linux-x64-musl'
193 silly reify ]
194 verbose reify failed optional dependency D:\Projects\Swasth-Raho\Frontend\hospital\node_modules\@tailwindcss\oxide-linux-x64-gnu
195 silly reify mark deleted [
195 silly reify   'D:\\Projects\\Swasth-Raho\\Frontend\\hospital\\node_modules\\@tailwindcss\\oxide-linux-x64-gnu'
195 silly reify ]
196 verbose reify failed optional dependency D:\Projects\Swasth-Raho\Frontend\hospital\node_modules\@tailwindcss\oxide-linux-arm64-musl
197 silly reify mark deleted [
197 silly reify   'D:\\Projects\\Swasth-Raho\\Frontend\\hospital\\node_modules\\@tailwindcss\\oxide-linux-arm64-musl'
197 silly reify ]
198 verbose reify failed optional dependency D:\Projects\Swasth-Raho\Frontend\hospital\node_modules\@tailwindcss\oxide-linux-arm64-gnu
199 silly reify mark deleted [
199 silly reify   'D:\\Projects\\Swasth-Raho\\Frontend\\hospital\\node_modules\\@tailwindcss\\oxide-linux-arm64-gnu'
199 silly reify ]
200 verbose reify failed optional dependency D:\Projects\Swasth-Raho\Frontend\hospital\node_modules\@tailwindcss\oxide-linux-arm-gnueabihf
201 silly reify mark deleted [
201 silly reify   'D:\\Projects\\Swasth-Raho\\Frontend\\hospital\\node_modules\\@tailwindcss\\oxide-linux-arm-gnueabihf'
201 silly reify ]
202 verbose reify failed optional dependency D:\Projects\Swasth-Raho\Frontend\hospital\node_modules\@tailwindcss\oxide-freebsd-x64
203 silly reify mark deleted [
203 silly reify   'D:\\Projects\\Swasth-Raho\\Frontend\\hospital\\node_modules\\@tailwindcss\\oxide-freebsd-x64'
203 silly reify ]
204 verbose reify failed optional dependency D:\Projects\Swasth-Raho\Frontend\hospital\node_modules\@tailwindcss\oxide-darwin-x64
205 silly reify mark deleted [
205 silly reify   'D:\\Projects\\Swasth-Raho\\Frontend\\hospital\\node_modules\\@tailwindcss\\oxide-darwin-x64'
205 silly reify ]
206 verbose reify failed optional dependency D:\Projects\Swasth-Raho\Frontend\hospital\node_modules\@tailwindcss\oxide-darwin-arm64
207 silly reify mark deleted [
207 silly reify   'D:\\Projects\\Swasth-Raho\\Frontend\\hospital\\node_modules\\@tailwindcss\\oxide-darwin-arm64'
207 silly reify ]
208 verbose reify failed optional dependency D:\Projects\Swasth-Raho\Frontend\hospital\node_modules\@tailwindcss\oxide-android-arm64
209 silly reify mark deleted [
209 silly reify   'D:\\Projects\\Swasth-Raho\\Frontend\\hospital\\node_modules\\@tailwindcss\\oxide-android-arm64'
209 silly reify ]
210 verbose reify failed optional dependency D:\Projects\Swasth-Raho\Frontend\hospital\node_modules\@img\sharp-win32-ia32
211 silly reify mark deleted [
211 silly reify   'D:\\Projects\\Swasth-Raho\\Frontend\\hospital\\node_modules\\@img\\sharp-win32-ia32'
211 silly reify ]
212 verbose reify failed optional dependency D:\Projects\Swasth-Raho\Frontend\hospital\node_modules\@img\sharp-win32-arm64
213 silly reify mark deleted [
213 silly reify   'D:\\Projects\\Swasth-Raho\\Frontend\\hospital\\node_modules\\@img\\sharp-win32-arm64'
213 silly reify ]
214 verbose reify failed optional dependency D:\Projects\Swasth-Raho\Frontend\hospital\node_modules\@img\sharp-wasm32
215 silly reify mark deleted [
215 silly reify   'D:\\Projects\\Swasth-Raho\\Frontend\\hospital\\node_modules\\@img\\sharp-wasm32'
215 silly reify ]
216 verbose reify failed optional dependency D:\Projects\Swasth-Raho\Frontend\hospital\node_modules\@img\sharp-linuxmusl-x64
217 silly reify mark deleted [
217 silly reify   'D:\\Projects\\Swasth-Raho\\Frontend\\hospital\\node_modules\\@img\\sharp-linuxmusl-x64'
217 silly reify ]
218 verbose reify failed optional dependency D:\Projects\Swasth-Raho\Frontend\hospital\node_modules\@img\sharp-linuxmusl-arm64
219 silly reify mark deleted [
219 silly reify   'D:\\Projects\\Swasth-Raho\\Frontend\\hospital\\node_modules\\@img\\sharp-linuxmusl-arm64'
219 silly reify ]
220 verbose reify failed optional dependency D:\Projects\Swasth-Raho\Frontend\hospital\node_modules\@img\sharp-linux-x64
221 silly reify mark deleted [
221 silly reify   'D:\\Projects\\Swasth-Raho\\Frontend\\hospital\\node_modules\\@img\\sharp-linux-x64'
221 silly reify ]
222 verbose reify failed optional dependency D:\Projects\Swasth-Raho\Frontend\hospital\node_modules\@img\sharp-linux-s390x
223 silly reify mark deleted [
223 silly reify   'D:\\Projects\\Swasth-Raho\\Frontend\\hospital\\node_modules\\@img\\sharp-linux-s390x'
223 silly reify ]
224 verbose reify failed optional dependency D:\Projects\Swasth-Raho\Frontend\hospital\node_modules\@img\sharp-linux-ppc64
225 silly reify mark deleted [
225 silly reify   'D:\\Projects\\Swasth-Raho\\Frontend\\hospital\\node_modules\\@img\\sharp-linux-ppc64'
225 silly reify ]
226 verbose reify failed optional dependency D:\Projects\Swasth-Raho\Frontend\hospital\node_modules\@img\sharp-linux-arm64
227 silly reify mark deleted [
227 silly reify   'D:\\Projects\\Swasth-Raho\\Frontend\\hospital\\node_modules\\@img\\sharp-linux-arm64'
227 silly reify ]
228 verbose reify failed optional dependency D:\Projects\Swasth-Raho\Frontend\hospital\node_modules\@img\sharp-linux-arm
229 silly reify mark deleted [
229 silly reify   'D:\\Projects\\Swasth-Raho\\Frontend\\hospital\\node_modules\\@img\\sharp-linux-arm'
229 silly reify ]
230 verbose reify failed optional dependency D:\Projects\Swasth-Raho\Frontend\hospital\node_modules\@img\sharp-libvips-linuxmusl-x64
231 silly reify mark deleted [
231 silly reify   'D:\\Projects\\Swasth-Raho\\Frontend\\hospital\\node_modules\\@img\\sharp-libvips-linuxmusl-x64'
231 silly reify ]
232 verbose reify failed optional dependency D:\Projects\Swasth-Raho\Frontend\hospital\node_modules\@img\sharp-libvips-linuxmusl-arm64
233 silly reify mark deleted [
233 silly reify   'D:\\Projects\\Swasth-Raho\\Frontend\\hospital\\node_modules\\@img\\sharp-libvips-linuxmusl-arm64'
233 silly reify ]
234 verbose reify failed optional dependency D:\Projects\Swasth-Raho\Frontend\hospital\node_modules\@img\sharp-libvips-linux-x64
235 silly reify mark deleted [
235 silly reify   'D:\\Projects\\Swasth-Raho\\Frontend\\hospital\\node_modules\\@img\\sharp-libvips-linux-x64'
235 silly reify ]
236 verbose reify failed optional dependency D:\Projects\Swasth-Raho\Frontend\hospital\node_modules\@img\sharp-libvips-linux-s390x
237 silly reify mark deleted [
237 silly reify   'D:\\Projects\\Swasth-Raho\\Frontend\\hospital\\node_modules\\@img\\sharp-libvips-linux-s390x'
237 silly reify ]
238 verbose reify failed optional dependency D:\Projects\Swasth-Raho\Frontend\hospital\node_modules\@img\sharp-libvips-linux-ppc64
239 silly reify mark deleted [
239 silly reify   'D:\\Projects\\Swasth-Raho\\Frontend\\hospital\\node_modules\\@img\\sharp-libvips-linux-ppc64'
239 silly reify ]
240 verbose reify failed optional dependency D:\Projects\Swasth-Raho\Frontend\hospital\node_modules\@img\sharp-libvips-linux-arm64
241 silly reify mark deleted [
241 silly reify   'D:\\Projects\\Swasth-Raho\\Frontend\\hospital\\node_modules\\@img\\sharp-libvips-linux-arm64'
241 silly reify ]
242 verbose reify failed optional dependency D:\Projects\Swasth-Raho\Frontend\hospital\node_modules\@img\sharp-libvips-linux-arm
243 silly reify mark deleted [
243 silly reify   'D:\\Projects\\Swasth-Raho\\Frontend\\hospital\\node_modules\\@img\\sharp-libvips-linux-arm'
243 silly reify ]
244 verbose reify failed optional dependency D:\Projects\Swasth-Raho\Frontend\hospital\node_modules\@img\sharp-libvips-darwin-x64
245 silly reify mark deleted [
245 silly reify   'D:\\Projects\\Swasth-Raho\\Frontend\\hospital\\node_modules\\@img\\sharp-libvips-darwin-x64'
245 silly reify ]
246 verbose reify failed optional dependency D:\Projects\Swasth-Raho\Frontend\hospital\node_modules\@img\sharp-libvips-darwin-arm64
247 silly reify mark deleted [
247 silly reify   'D:\\Projects\\Swasth-Raho\\Frontend\\hospital\\node_modules\\@img\\sharp-libvips-darwin-arm64'
247 silly reify ]
248 verbose reify failed optional dependency D:\Projects\Swasth-Raho\Frontend\hospital\node_modules\@img\sharp-darwin-x64
249 silly reify mark deleted [
249 silly reify   'D:\\Projects\\Swasth-Raho\\Frontend\\hospital\\node_modules\\@img\\sharp-darwin-x64'
249 silly reify ]
250 verbose reify failed optional dependency D:\Projects\Swasth-Raho\Frontend\hospital\node_modules\@img\sharp-darwin-arm64
251 silly reify mark deleted [
251 silly reify   'D:\\Projects\\Swasth-Raho\\Frontend\\hospital\\node_modules\\@img\\sharp-darwin-arm64'
251 silly reify ]
252 http cache @next/env@https://registry.npmjs.org/@next/env/-/env-16.1.1.tgz 0ms (cache hit)
253 http cache scheduler@https://registry.npmjs.org/scheduler/-/scheduler-0.27.0.tgz 0ms (cache hit)
254 http cache baseline-browser-mapping@https://registry.npmjs.org/baseline-browser-mapping/-/baseline-browser-mapping-2.9.11.tgz 0ms (cache hit)
255 http cache @next/swc-win32-x64-msvc@https://registry.npmjs.org/@next/swc-win32-x64-msvc/-/swc-win32-x64-msvc-16.1.1.tgz 0ms (cache hit)
256 http cache react-dom@https://registry.npmjs.org/react-dom/-/react-dom-19.2.3.tgz 0ms (cache hit)
257 http cache react@https://registry.npmjs.org/react/-/react-19.2.3.tgz 0ms (cache hit)
258 http cache next@https://registry.npmjs.org/next/-/next-16.1.1.tgz 0ms (cache hit)
259 silly tarball no local data for @next/env@https://registry.npmjs.org/@next/env/-/env-16.1.1.tgz. Extracting by manifest.
260 silly tarball no local data for scheduler@https://registry.npmjs.org/scheduler/-/scheduler-0.27.0.tgz. Extracting by manifest.
261 silly tarball no local data for baseline-browser-mapping@https://registry.npmjs.org/baseline-browser-mapping/-/baseline-browser-mapping-2.9.11.tgz. Extracting by manifest.
262 silly tarball no local data for @next/swc-win32-x64-msvc@https://registry.npmjs.org/@next/swc-win32-x64-msvc/-/swc-win32-x64-msvc-16.1.1.tgz. Extracting by manifest.
263 silly tarball no local data for react-dom@https://registry.npmjs.org/react-dom/-/react-dom-19.2.3.tgz. Extracting by manifest.
264 silly tarball no local data for react@https://registry.npmjs.org/react/-/react-19.2.3.tgz. Extracting by manifest.
265 silly tarball no local data for next@https://registry.npmjs.org/next/-/next-16.1.1.tgz. Extracting by manifest.
266 http fetch GET 200 https://registry.npmjs.org/baseline-browser-mapping/-/baseline-browser-mapping-2.9.11.tgz 346ms (cache miss)
267 http fetch GET 200 https://registry.npmjs.org/scheduler/-/scheduler-0.27.0.tgz 357ms (cache miss)
268 http fetch GET 200 https://registry.npmjs.org/react/-/react-19.2.3.tgz 383ms (cache miss)
269 http fetch POST 200 https://registry.npmjs.org/-/npm/v1/security/advisories/bulk 559ms
270 silly audit report {
270 silly audit report   'js-yaml': [
270 silly audit report     {
270 silly audit report       id: 1109802,
270 silly audit report       url: 'https://github.com/advisories/GHSA-mh29-5h37-fv8m',
270 silly audit report       title: 'js-yaml has prototype pollution in merge (<<)',
270 silly audit report       severity: 'moderate',
270 silly audit report       vulnerable_versions: '>=4.0.0 <4.1.1',
270 silly audit report       cwe: [Array],
270 silly audit report       cvss: [Object]
270 silly audit report     }
270 silly audit report   ]
270 silly audit report }
271 silly packumentCache corgi:https://registry.npmjs.org/js-yaml cache-miss
272 http fetch GET 200 https://registry.npmjs.org/js-yaml 87ms (cache miss)
273 silly packumentCache corgi:https://registry.npmjs.org/js-yaml set size:undefined disposed:false
274 silly packumentCache corgi:https://registry.npmjs.org/@eslint%2feslintrc cache-miss
275 http fetch GET 200 https://registry.npmjs.org/@eslint%2feslintrc 272ms (cache miss)
276 silly packumentCache corgi:https://registry.npmjs.org/@eslint%2feslintrc set size:undefined disposed:false
277 http fetch GET 200 https://registry.npmjs.org/@next/env/-/env-16.1.1.tgz 1312ms (cache miss)
278 http fetch GET 200 https://registry.npmjs.org/react-dom/-/react-dom-19.2.3.tgz 2964ms (cache miss)
279 http fetch GET 200 https://registry.npmjs.org/@next/swc-win32-x64-msvc/-/swc-win32-x64-msvc-16.1.1.tgz 57715ms (cache miss)
280 http fetch GET 200 https://registry.npmjs.org/next/-/next-16.1.1.tgz 76346ms (cache miss)
281 silly ADD node_modules/baseline-browser-mapping
282 silly ADD node_modules/@next/swc-win32-arm64-msvc
283 silly ADD node_modules/@next/swc-linux-x64-musl
284 silly ADD node_modules/@next/swc-linux-x64-gnu
285 silly ADD node_modules/@next/swc-linux-arm64-musl
286 silly ADD node_modules/@next/swc-linux-arm64-gnu
287 silly ADD node_modules/@next/swc-darwin-x64
288 silly ADD node_modules/@next/swc-darwin-arm64
289 silly ADD node_modules/lightningcss-win32-arm64-msvc
290 silly ADD node_modules/lightningcss-linux-x64-musl
291 silly ADD node_modules/lightningcss-linux-x64-gnu
292 silly ADD node_modules/lightningcss-linux-arm64-musl
293 silly ADD node_modules/lightningcss-linux-arm64-gnu
294 silly ADD node_modules/lightningcss-linux-arm-gnueabihf
295 silly ADD node_modules/lightningcss-freebsd-x64
296 silly ADD node_modules/lightningcss-darwin-x64
297 silly ADD node_modules/lightningcss-darwin-arm64
298 silly ADD node_modules/lightningcss-android-arm64
299 silly ADD node_modules/@unrs/resolver-binding-win32-ia32-msvc
300 silly ADD node_modules/@unrs/resolver-binding-win32-arm64-msvc
301 silly ADD node_modules/@unrs/resolver-binding-wasm32-wasi
302 silly ADD node_modules/@unrs/resolver-binding-linux-x64-musl
303 silly ADD node_modules/@unrs/resolver-binding-linux-x64-gnu
304 silly ADD node_modules/@unrs/resolver-binding-linux-s390x-gnu
305 silly ADD node_modules/@unrs/resolver-binding-linux-riscv64-musl
306 silly ADD node_modules/@unrs/resolver-binding-linux-riscv64-gnu
307 silly ADD node_modules/@unrs/resolver-binding-linux-ppc64-gnu
308 silly ADD node_modules/@unrs/resolver-binding-linux-arm64-musl
309 silly ADD node_modules/@unrs/resolver-binding-linux-arm64-gnu
310 silly ADD node_modules/@unrs/resolver-binding-linux-arm-musleabihf
311 silly ADD node_modules/@unrs/resolver-binding-linux-arm-gnueabihf
312 silly ADD node_modules/@unrs/resolver-binding-freebsd-x64
313 silly ADD node_modules/@unrs/resolver-binding-darwin-x64
314 silly ADD node_modules/@unrs/resolver-binding-darwin-arm64
315 silly ADD node_modules/@unrs/resolver-binding-android-arm64
316 silly ADD node_modules/@unrs/resolver-binding-android-arm-eabi
317 silly ADD node_modules/@tailwindcss/oxide-win32-arm64-msvc
318 silly ADD node_modules/@tailwindcss/oxide-wasm32-wasi
319 silly ADD node_modules/@tailwindcss/oxide-linux-x64-musl
320 silly ADD node_modules/@tailwindcss/oxide-linux-x64-gnu
321 silly ADD node_modules/@tailwindcss/oxide-linux-arm64-musl
322 silly ADD node_modules/@tailwindcss/oxide-linux-arm64-gnu
323 silly ADD node_modules/@tailwindcss/oxide-linux-arm-gnueabihf
324 silly ADD node_modules/@tailwindcss/oxide-freebsd-x64
325 silly ADD node_modules/@tailwindcss/oxide-darwin-x64
326 silly ADD node_modules/@tailwindcss/oxide-darwin-arm64
327 silly ADD node_modules/@tailwindcss/oxide-android-arm64
328 silly ADD node_modules/@img/sharp-win32-ia32
329 silly ADD node_modules/@img/sharp-win32-arm64
330 silly ADD node_modules/@img/sharp-wasm32
331 silly ADD node_modules/@img/sharp-linuxmusl-x64
332 silly ADD node_modules/@img/sharp-linuxmusl-arm64
333 silly ADD node_modules/@img/sharp-linux-x64
334 silly ADD node_modules/@img/sharp-linux-s390x
335 silly ADD node_modules/@img/sharp-linux-ppc64
336 silly ADD node_modules/@img/sharp-linux-arm64
337 silly ADD node_modules/@img/sharp-linux-arm
338 silly ADD node_modules/@img/sharp-libvips-linuxmusl-x64
339 silly ADD node_modules/@img/sharp-libvips-linuxmusl-arm64
340 silly ADD node_modules/@img/sharp-libvips-linux-x64
341 silly ADD node_modules/@img/sharp-libvips-linux-s390x
342 silly ADD node_modules/@img/sharp-libvips-linux-ppc64
343 silly ADD node_modules/@img/sharp-libvips-linux-arm64
344 silly ADD node_modules/@img/sharp-libvips-linux-arm
345 silly ADD node_modules/@img/sharp-libvips-darwin-x64
346 silly ADD node_modules/@img/sharp-libvips-darwin-arm64
347 silly ADD node_modules/@img/sharp-darwin-x64
348 silly ADD node_modules/@img/sharp-darwin-arm64
349 silly CHANGE node_modules/@next/swc-win32-x64-msvc
350 silly CHANGE node_modules/@next/env
351 silly CHANGE node_modules/scheduler
352 silly CHANGE node_modules/react-dom
353 silly CHANGE node_modules/react
354 silly CHANGE node_modules/next
355 verbose cwd D:\Projects\Swasth-Raho\Frontend\hospital
356 verbose os Windows_NT 10.0.22631
357 verbose node v22.17.0
358 verbose npm  v11.5.2
359 verbose exit 0
360 info ok
