0 verbose cli C:\Program Files\nodejs\node.exe C:\Users\Asus\AppData\Roaming\npm\node_modules\npm\bin\npm-cli.js
1 info using npm@11.5.2
2 info using node@v22.17.0
0 verbose cli C:\Program Files\nodejs\node.exe C:\Users\Asus\AppData\Roaming\npm\node_modules\npm\bin\npm-cli.js
3 silly config load:file:C:\Users\Asus\AppData\Roaming\npm\node_modules\npm\npmrc
4 silly config load:file:d:\Projects\Swasth-Raho\Frontend\hospital\.npmrc
5 silly config load:file:C:\Users\Asus\.npmrc
6 silly config load:file:C:\Users\Asus\AppData\Roaming\npm\etc\npmrc
7 verbose title npm view @tailwindcss/postcss description dist-tags.latest homepage version time
1 info using npm@11.5.2
8 verbose argv "view" "--json" "--" "@tailwindcss/postcss" "description" "dist-tags.latest" "homepage" "version" "time"
2 info using node@v22.17.0
3 silly config load:file:C:\Users\Asus\AppData\Roaming\npm\node_modules\npm\npmrc
4 silly config load:file:d:\Projects\Swasth-Raho\Frontend\hospital\.npmrc
5 silly config load:file:C:\Users\Asus\.npmrc
9 verbose logfile logs-max:10 dir:D:\Projects\Swasth-Raho\Frontend\hospital\npm-cache\_logs\2025-12-27T14_27_31_981Z-
6 silly config load:file:C:\Users\Asus\AppData\Roaming\npm\etc\npmrc
7 verbose title npm view @tailwindcss/postcss description dist-tags.latest homepage version time
10 verbose logfile D:\Projects\Swasth-Raho\Frontend\hospital\npm-cache\_logs\2025-12-27T14_27_31_981Z-debug-0.log
8 verbose argv "view" "--json" "--" "@tailwindcss/postcss" "description" "dist-tags.latest" "homepage" "version" "time"
9 verbose logfile logs-max:10 dir:D:\Projects\Swasth-Raho\Frontend\hospital\npm-cache\_logs\2025-12-27T14_27_31_981Z-
10 verbose logfile D:\Projects\Swasth-Raho\Frontend\hospital\npm-cache\_logs\2025-12-27T14_27_31_981Z-debug-0.log
11 silly logfile done cleaning log files
11 silly logfile done cleaning log files
12 http fetch GET 200 https://registry.npmjs.org/@tailwindcss%2fpostcss 535ms (cache revalidated)
13 verbose cwd d:\Projects\Swasth-Raho\Frontend\hospital
14 verbose os Windows_NT 10.0.22631
15 verbose node v22.17.0
16 verbose npm  v11.5.2
17 verbose exit 0
18 info ok
12 http fetch GET 200 https://registry.npmjs.org/@tailwindcss%2fpostcss 713ms (cache revalidated)
13 verbose cwd d:\Projects\Swasth-Raho\Frontend\hospital
14 verbose os Windows_NT 10.0.22631
15 verbose node v22.17.0
16 verbose npm  v11.5.2
17 verbose exit 0
18 info ok
