0 verbose cli C:\Program Files\nodejs\node.exe C:\Users\Asus\AppData\Roaming\npm\node_modules\npm\bin\npm-cli.js
1 info using npm@11.5.2
2 info using node@v22.17.0
3 silly config load:file:C:\Users\Asus\AppData\Roaming\npm\node_modules\npm\npmrc
4 silly config load:file:D:\Projects\Swasth-Raho\Frontend\hospital\.npmrc
5 silly config load:file:C:\Users\Asus\.npmrc
6 silly config load:file:C:\Users\Asus\AppData\Roaming\npm\etc\npmrc
7 verbose title npm install three @react-three/fiber @react-three/drei
8 verbose argv "install" "three" "@react-three/fiber" "@react-three/drei"
9 verbose logfile logs-max:10 dir:D:\Projects\Swasth-Raho\Frontend\hospital\npm-cache\_logs\2026-04-07T13_41_08_025Z-
10 verbose logfile D:\Projects\Swasth-Raho\Frontend\hospital\npm-cache\_logs\2026-04-07T13_41_08_025Z-debug-0.log
11 silly logfile start cleaning logs, removing 1 files
12 silly packumentCache heap:2197815296 maxSize:549453824 maxEntrySize:274726912
13 silly logfile done cleaning log files
14 silly idealTree buildDeps
15 silly fetch manifest three@*
16 silly packumentCache full:https://registry.npmjs.org/three cache-miss
17 http fetch GET 200 https://registry.npmjs.org/three 1065ms (cache miss)
18 silly packumentCache full:https://registry.npmjs.org/three set size:undefined disposed:false
19 silly fetch manifest @react-three/fiber@*
20 silly packumentCache full:https://registry.npmjs.org/@react-three%2ffiber cache-miss
21 http fetch GET 200 https://registry.npmjs.org/@react-three%2ffiber 433ms (cache miss)
22 silly packumentCache full:https://registry.npmjs.org/@react-three%2ffiber set size:undefined disposed:false
23 silly fetch manifest expo@>=43.0
24 silly packumentCache full:https://registry.npmjs.org/expo cache-miss
25 http fetch GET 200 https://registry.npmjs.org/expo 436ms (cache miss)
26 silly packumentCache full:https://registry.npmjs.org/expo set size:undefined disposed:false
27 silly fetch manifest @expo/dom-webview@*
28 silly packumentCache full:https://registry.npmjs.org/@expo%2fdom-webview cache-miss
29 http fetch GET 200 https://registry.npmjs.org/@expo%2fdom-webview 381ms (cache miss)
30 silly packumentCache full:https://registry.npmjs.org/@expo%2fdom-webview set size:undefined disposed:false
31 silly fetch manifest react@^19.2.3
32 silly packumentCache full:https://registry.npmjs.org/react cache-miss
33 http fetch GET 200 https://registry.npmjs.org/react 330ms (cache updated)
34 silly packumentCache full:https://registry.npmjs.org/react set size:undefined disposed:false
35 silly fetch manifest react-native@*
36 silly packumentCache full:https://registry.npmjs.org/react-native cache-miss
37 http fetch GET 200 https://registry.npmjs.org/react-native 401ms (cache miss)
38 silly packumentCache full:https://registry.npmjs.org/react-native set size:undefined disposed:false
39 silly fetch manifest @types/react@^19
40 silly packumentCache full:https://registry.npmjs.org/@types%2freact cache-miss
41 http fetch GET 200 https://registry.npmjs.org/@types%2freact 158ms (cache updated)
42 silly packumentCache full:https://registry.npmjs.org/@types%2freact set size:undefined disposed:false
43 silly fetch manifest @expo/metro-runtime@*
44 silly packumentCache full:https://registry.npmjs.org/@expo%2fmetro-runtime cache-miss
45 http fetch GET 200 https://registry.npmjs.org/@expo%2fmetro-runtime 95ms (cache miss)
46 silly packumentCache full:https://registry.npmjs.org/@expo%2fmetro-runtime set size:undefined disposed:false
47 silly fetch manifest react-dom@^19.2.3
48 silly packumentCache full:https://registry.npmjs.org/react-dom cache-miss
49 http fetch GET 200 https://registry.npmjs.org/react-dom 394ms (cache updated)
50 silly packumentCache full:https://registry.npmjs.org/react-dom set size:undefined disposed:false
51 silly fetch manifest react-native-webview@*
52 silly packumentCache full:https://registry.npmjs.org/react-native-webview cache-miss
53 http fetch GET 200 https://registry.npmjs.org/react-native-webview 177ms (cache miss)
54 silly packumentCache full:https://registry.npmjs.org/react-native-webview set size:undefined disposed:false
55 silly fetch manifest expo-asset@>=8.4
56 silly packumentCache full:https://registry.npmjs.org/expo-asset cache-miss
57 http fetch GET 200 https://registry.npmjs.org/expo-asset 381ms (cache miss)
58 silly packumentCache full:https://registry.npmjs.org/expo-asset set size:undefined disposed:false
59 silly fetch manifest expo-file-system@>=11.0
60 silly packumentCache full:https://registry.npmjs.org/expo-file-system cache-miss
61 http fetch GET 200 https://registry.npmjs.org/expo-file-system 111ms (cache miss)
62 silly packumentCache full:https://registry.npmjs.org/expo-file-system set size:undefined disposed:false
63 silly fetch manifest expo-gl@>=11.0
64 silly packumentCache full:https://registry.npmjs.org/expo-gl cache-miss
65 http fetch GET 200 https://registry.npmjs.org/expo-gl 92ms (cache miss)
66 silly packumentCache full:https://registry.npmjs.org/expo-gl set size:undefined disposed:false
67 silly fetch manifest react-native-reanimated@*
68 silly packumentCache full:https://registry.npmjs.org/react-native-reanimated cache-miss
69 http fetch GET 200 https://registry.npmjs.org/react-native-reanimated 247ms (cache miss)
70 silly packumentCache full:https://registry.npmjs.org/react-native-reanimated set size:undefined disposed:false
71 silly fetch manifest react-native-worklets@0.8.x
72 silly packumentCache full:https://registry.npmjs.org/react-native-worklets cache-miss
73 http fetch GET 200 https://registry.npmjs.org/react-native-worklets 165ms (cache miss)
74 silly packumentCache full:https://registry.npmjs.org/react-native-worklets set size:undefined disposed:false
75 silly fetch manifest @babel/core@*
76 silly packumentCache full:https://registry.npmjs.org/@babel%2fcore cache-miss
77 http fetch GET 200 https://registry.npmjs.org/@babel%2fcore 97ms (cache miss)
78 silly packumentCache full:https://registry.npmjs.org/@babel%2fcore set size:undefined disposed:false
79 silly fetch manifest @react-native/metro-config@*
80 silly packumentCache full:https://registry.npmjs.org/@react-native%2fmetro-config cache-miss
81 http fetch GET 200 https://registry.npmjs.org/@react-native%2fmetro-config 109ms (cache miss)
82 silly packumentCache full:https://registry.npmjs.org/@react-native%2fmetro-config set size:undefined disposed:false
83 silly fetch manifest react-native-web@*
84 silly packumentCache full:https://registry.npmjs.org/react-native-web cache-miss
85 http fetch GET 200 https://registry.npmjs.org/react-native-web 97ms (cache miss)
86 silly packumentCache full:https://registry.npmjs.org/react-native-web set size:undefined disposed:false
87 silly fetch manifest @react-three/drei@*
88 silly packumentCache full:https://registry.npmjs.org/@react-three%2fdrei cache-miss
89 http fetch GET 200 https://registry.npmjs.org/@react-three%2fdrei 2168ms (cache miss)
90 silly packumentCache full:https://registry.npmjs.org/@react-three%2fdrei set size:undefined disposed:false
91 silly placeDep ROOT @react-three/drei@10.7.7 OK for: hospital@0.1.0 want: *
92 silly placeDep ROOT three@0.183.2 OK for: @react-three/drei@10.7.7 want: >=0.159
93 silly placeDep ROOT @react-three/fiber@9.5.0 OK for: @react-three/drei@10.7.7 want: ^9.0.0
94 silly placeDep ROOT @react-three/fiber@9.5.0 REPLACE for: hospital@0.1.0 want: *
95 silly placeDep ROOT three@0.183.2 REPLACE for: hospital@0.1.0 want: *
96 silly fetch manifest maath@^0.10.8
97 silly packumentCache full:https://registry.npmjs.org/maath cache-miss
98 silly fetch manifest hls.js@^1.5.17
99 silly packumentCache full:https://registry.npmjs.org/hls.js cache-miss
100 silly fetch manifest zustand@^5.0.1
101 silly packumentCache full:https://registry.npmjs.org/zustand cache-miss
102 silly fetch manifest meshline@^3.3.1
103 silly packumentCache full:https://registry.npmjs.org/meshline cache-miss
104 silly fetch manifest stats-gl@^2.2.8
105 silly packumentCache full:https://registry.npmjs.org/stats-gl cache-miss
106 silly fetch manifest stats.js@^0.17.0
107 silly packumentCache full:https://registry.npmjs.org/stats.js cache-miss
108 silly fetch manifest cross-env@^7.0.3
109 silly packumentCache full:https://registry.npmjs.org/cross-env cache-miss
110 http fetch GET 200 https://registry.npmjs.org/maath 148ms (cache miss)
111 silly packumentCache full:https://registry.npmjs.org/maath set size:undefined disposed:false
112 silly fetch manifest detect-gpu@^5.0.56
113 silly packumentCache full:https://registry.npmjs.org/detect-gpu cache-miss
114 http fetch GET 200 https://registry.npmjs.org/stats.js 526ms (cache miss)
115 silly packumentCache full:https://registry.npmjs.org/stats.js set size:undefined disposed:false
116 silly fetch manifest glsl-noise@^0.0.0
117 silly packumentCache full:https://registry.npmjs.org/glsl-noise cache-miss
118 http fetch GET 200 https://registry.npmjs.org/cross-env 562ms (cache miss)
119 silly packumentCache full:https://registry.npmjs.org/cross-env set size:undefined disposed:false
120 silly fetch manifest tunnel-rat@^0.1.2
121 silly packumentCache full:https://registry.npmjs.org/tunnel-rat cache-miss
122 http fetch GET 200 https://registry.npmjs.org/detect-gpu 437ms (cache miss)
123 silly packumentCache full:https://registry.npmjs.org/detect-gpu set size:undefined disposed:false
124 silly fetch manifest three-stdlib@^2.35.6
125 silly packumentCache full:https://registry.npmjs.org/three-stdlib cache-miss
126 http fetch GET 200 https://registry.npmjs.org/zustand 620ms (cache miss)
127 silly packumentCache full:https://registry.npmjs.org/zustand set size:undefined disposed:false
128 silly fetch manifest suspend-react@^0.1.3
129 silly packumentCache full:https://registry.npmjs.org/suspend-react cache-miss
130 http fetch GET 200 https://registry.npmjs.org/glsl-noise 119ms (cache miss)
131 silly packumentCache full:https://registry.npmjs.org/glsl-noise set size:undefined disposed:false
132 silly fetch manifest utility-types@^3.11.0
133 silly packumentCache full:https://registry.npmjs.org/utility-types cache-miss
134 http fetch GET 200 https://registry.npmjs.org/tunnel-rat 89ms (cache miss)
135 silly packumentCache full:https://registry.npmjs.org/tunnel-rat set size:undefined disposed:false
136 silly fetch manifest @babel/runtime@^7.26.0
137 silly packumentCache full:https://registry.npmjs.org/@babel%2fruntime cache-miss
138 http fetch GET 200 https://registry.npmjs.org/three-stdlib 139ms (cache miss)
139 silly packumentCache full:https://registry.npmjs.org/three-stdlib set size:undefined disposed:false
140 silly fetch manifest three-mesh-bvh@^0.8.3
141 silly packumentCache full:https://registry.npmjs.org/three-mesh-bvh cache-miss
142 http fetch GET 200 https://registry.npmjs.org/suspend-react 136ms (cache miss)
143 silly packumentCache full:https://registry.npmjs.org/suspend-react set size:undefined disposed:false
144 silly fetch manifest camera-controls@^3.1.0
145 silly packumentCache full:https://registry.npmjs.org/camera-controls cache-miss
146 http fetch GET 200 https://registry.npmjs.org/stats-gl 862ms (cache miss)
147 silly packumentCache full:https://registry.npmjs.org/stats-gl set size:undefined disposed:false
148 silly fetch manifest troika-three-text@^0.52.4
149 silly packumentCache full:https://registry.npmjs.org/troika-three-text cache-miss
150 http fetch GET 200 https://registry.npmjs.org/meshline 889ms (cache miss)
151 silly packumentCache full:https://registry.npmjs.org/meshline set size:undefined disposed:false
152 silly fetch manifest @use-gesture/react@^10.3.1
153 silly packumentCache full:https://registry.npmjs.org/@use-gesture%2freact cache-miss
154 http fetch GET 200 https://registry.npmjs.org/three-mesh-bvh 205ms (cache miss)
155 silly packumentCache full:https://registry.npmjs.org/three-mesh-bvh set size:undefined disposed:false
156 silly fetch manifest @monogrid/gainmap-js@^3.0.6
157 silly packumentCache full:https://registry.npmjs.org/@monogrid%2fgainmap-js cache-miss
158 http fetch GET 200 https://registry.npmjs.org/utility-types 588ms (cache miss)
159 silly packumentCache full:https://registry.npmjs.org/utility-types set size:undefined disposed:false
160 silly fetch manifest @mediapipe/tasks-vision@0.10.17
161 silly packumentCache full:https://registry.npmjs.org/@mediapipe%2ftasks-vision cache-miss
162 http fetch GET 200 https://registry.npmjs.org/troika-three-text 392ms (cache miss)
163 silly packumentCache full:https://registry.npmjs.org/troika-three-text set size:undefined disposed:false
164 silly fetch manifest buffer@^6.0.3
165 silly packumentCache full:https://registry.npmjs.org/buffer cache-miss
166 http fetch GET 200 https://registry.npmjs.org/@babel%2fruntime 607ms (cache miss)
167 silly packumentCache full:https://registry.npmjs.org/@babel%2fruntime set size:undefined disposed:false
168 silly fetch manifest zustand@^5.0.3
169 silly packumentCache full:https://registry.npmjs.org/zustand cache-miss
170 http fetch GET 200 https://registry.npmjs.org/camera-controls 566ms (cache miss)
171 silly packumentCache full:https://registry.npmjs.org/camera-controls set size:undefined disposed:false
172 silly fetch manifest its-fine@^2.0.0
173 silly packumentCache full:https://registry.npmjs.org/its-fine cache-miss
174 http cache https://registry.npmjs.org/zustand 87ms (cache hit)
175 silly packumentCache full:https://registry.npmjs.org/zustand set size:499606 disposed:false
176 silly fetch manifest base64-js@^1.5.1
177 silly packumentCache full:https://registry.npmjs.org/base64-js cache-miss
178 http fetch GET 200 https://registry.npmjs.org/@monogrid%2fgainmap-js 476ms (cache miss)
179 silly packumentCache full:https://registry.npmjs.org/@monogrid%2fgainmap-js set size:undefined disposed:false
180 silly fetch manifest @types/webxr@*
181 silly packumentCache full:https://registry.npmjs.org/@types%2fwebxr cache-miss
182 http fetch GET 200 https://registry.npmjs.org/buffer 208ms (cache miss)
183 silly packumentCache full:https://registry.npmjs.org/buffer set size:undefined disposed:false
184 silly fetch manifest @babel/runtime@^7.17.8
185 silly packumentCache full:https://registry.npmjs.org/@babel%2fruntime cache-miss
186 http cache https://registry.npmjs.org/@babel%2fruntime 48ms (cache hit)
187 silly packumentCache full:https://registry.npmjs.org/@babel%2fruntime set size:3372292 disposed:false
188 silly fetch manifest react-use-measure@^2.1.7
189 silly packumentCache full:https://registry.npmjs.org/react-use-measure cache-miss
190 http fetch GET 200 https://registry.npmjs.org/base64-js 162ms (cache miss)
191 silly packumentCache full:https://registry.npmjs.org/base64-js set size:undefined disposed:false
192 silly fetch manifest its-fine@^2.0.0
193 silly packumentCache full:https://registry.npmjs.org/its-fine cache-miss
194 http fetch GET 200 https://registry.npmjs.org/react-use-measure 128ms (cache miss)
195 silly packumentCache full:https://registry.npmjs.org/react-use-measure set size:undefined disposed:false
196 silly fetch manifest @types/webxr@*
197 silly packumentCache full:https://registry.npmjs.org/@types%2fwebxr cache-miss
198 http fetch GET 200 https://registry.npmjs.org/@types%2fwebxr 447ms (cache miss)
199 silly packumentCache full:https://registry.npmjs.org/@types%2fwebxr set size:undefined disposed:false
200 http fetch GET 200 https://registry.npmjs.org/@types%2fwebxr 204ms (cache miss)
201 silly packumentCache full:https://registry.npmjs.org/@types%2fwebxr set size:undefined disposed:false
202 http fetch GET 200 https://registry.npmjs.org/hls.js 1936ms (cache miss)
203 silly packumentCache full:https://registry.npmjs.org/hls.js set size:undefined disposed:false
204 http fetch GET 200 https://registry.npmjs.org/@use-gesture%2freact 1432ms (cache miss)
205 silly packumentCache full:https://registry.npmjs.org/@use-gesture%2freact set size:undefined disposed:false
206 http fetch GET 200 https://registry.npmjs.org/@mediapipe%2ftasks-vision 1086ms (cache miss)
207 silly packumentCache full:https://registry.npmjs.org/@mediapipe%2ftasks-vision set size:undefined disposed:false
208 http fetch GET 200 https://registry.npmjs.org/its-fine 794ms (cache miss)
209 silly packumentCache full:https://registry.npmjs.org/its-fine set size:undefined disposed:false
210 http fetch GET 200 https://registry.npmjs.org/its-fine 1064ms (cache miss)
211 silly packumentCache full:https://registry.npmjs.org/its-fine set size:undefined disposed:false
212 silly fetch manifest @types/three@>=0.134.0
213 silly packumentCache full:https://registry.npmjs.org/@types%2fthree cache-miss
214 http fetch GET 200 https://registry.npmjs.org/@types%2fthree 477ms (cache miss)
215 silly packumentCache full:https://registry.npmjs.org/@types%2fthree set size:undefined disposed:false
216 silly fetch manifest three@>=0.159
217 silly packumentCache full:https://registry.npmjs.org/three cache-miss
218 http cache https://registry.npmjs.org/three 20ms (cache hit)
219 silly packumentCache full:https://registry.npmjs.org/three set size:921533 disposed:false
220 silly fetch manifest @types/react@>=18.0.0
221 silly packumentCache full:https://registry.npmjs.org/@types%2freact cache-miss
222 http cache https://registry.npmjs.org/@types%2freact 34ms (cache hit)
223 silly packumentCache full:https://registry.npmjs.org/@types%2freact set size:2588964 disposed:false
224 silly fetch manifest immer@>=9.0.6
225 silly packumentCache full:https://registry.npmjs.org/immer cache-miss
226 http fetch GET 200 https://registry.npmjs.org/immer 141ms (cache updated)
227 silly packumentCache full:https://registry.npmjs.org/immer set size:undefined disposed:false
228 silly fetch manifest react@^19
229 silly packumentCache full:https://registry.npmjs.org/react cache-miss
230 http cache https://registry.npmjs.org/react 69ms (cache hit)
231 silly packumentCache full:https://registry.npmjs.org/react set size:6585005 disposed:false
232 silly fetch manifest use-sync-external-store@^1.4.0
233 silly packumentCache full:https://registry.npmjs.org/use-sync-external-store cache-miss
234 http fetch GET 200 https://registry.npmjs.org/use-sync-external-store 340ms (cache updated)
235 silly packumentCache full:https://registry.npmjs.org/use-sync-external-store set size:undefined disposed:false
236 silly placeDep ROOT @babel/runtime@7.29.2 OK for: @react-three/drei@10.7.7 want: ^7.26.0
237 silly placeDep ROOT @mediapipe/tasks-vision@0.10.17 OK for: @react-three/drei@10.7.7 want: 0.10.17
238 silly placeDep ROOT @monogrid/gainmap-js@3.4.0 OK for: @react-three/drei@10.7.7 want: ^3.0.6
239 silly placeDep ROOT @use-gesture/react@10.3.1 OK for: @react-three/drei@10.7.7 want: ^10.3.1
240 silly placeDep ROOT camera-controls@3.1.2 OK for: @react-three/drei@10.7.7 want: ^3.1.0
241 silly placeDep ROOT cross-env@7.0.3 OK for: @react-three/drei@10.7.7 want: ^7.0.3
242 silly placeDep ROOT detect-gpu@5.0.70 OK for: @react-three/drei@10.7.7 want: ^5.0.56
243 silly placeDep ROOT glsl-noise@0.0.0 OK for: @react-three/drei@10.7.7 want: ^0.0.0
244 silly placeDep ROOT hls.js@1.6.15 OK for: @react-three/drei@10.7.7 want: ^1.5.17
245 silly placeDep ROOT maath@0.10.8 OK for: @react-three/drei@10.7.7 want: ^0.10.8
246 silly placeDep ROOT @types/three@0.183.1 OK for: maath@0.10.8 want: >=0.134.0
247 silly placeDep ROOT meshline@3.3.1 OK for: @react-three/drei@10.7.7 want: ^3.3.1
248 silly placeDep ROOT stats-gl@2.4.2 OK for: @react-three/drei@10.7.7 want: ^2.2.8
249 silly placeDep ROOT stats.js@0.17.0 OK for: @react-three/drei@10.7.7 want: ^0.17.0
250 silly placeDep ROOT suspend-react@0.1.3 OK for: @react-three/drei@10.7.7 want: ^0.1.3
251 silly placeDep ROOT three-mesh-bvh@0.8.3 OK for: @react-three/drei@10.7.7 want: ^0.8.3
252 silly placeDep ROOT three-stdlib@2.36.1 OK for: @react-three/drei@10.7.7 want: ^2.35.6
253 silly placeDep ROOT troika-three-text@0.52.4 OK for: @react-three/drei@10.7.7 want: ^0.52.4
254 silly placeDep ROOT tunnel-rat@0.1.2 OK for: @react-three/drei@10.7.7 want: ^0.1.2
255 silly placeDep ROOT utility-types@3.11.0 OK for: @react-three/drei@10.7.7 want: ^3.11.0
256 silly placeDep ROOT zustand@5.0.12 OK for: @react-three/drei@10.7.7 want: ^5.0.1
257 silly fetch manifest promise-worker-transferable@^1.0.4
258 silly packumentCache full:https://registry.npmjs.org/promise-worker-transferable cache-miss
259 silly fetch manifest @use-gesture/core@10.3.1
260 silly packumentCache full:https://registry.npmjs.org/@use-gesture%2fcore cache-miss
261 silly fetch manifest webgl-constants@^1.1.1
262 silly packumentCache full:https://registry.npmjs.org/webgl-constants cache-miss
263 silly fetch manifest fflate@~0.8.2
264 silly packumentCache full:https://registry.npmjs.org/fflate cache-miss
265 silly fetch manifest @types/webxr@>=0.5.17
266 silly packumentCache full:https://registry.npmjs.org/@types%2fwebxr cache-miss
267 silly fetch manifest @webgpu/types@*
268 silly packumentCache full:https://registry.npmjs.org/@webgpu%2ftypes cache-miss
269 silly fetch manifest meshoptimizer@~1.0.1
270 silly packumentCache full:https://registry.npmjs.org/meshoptimizer cache-miss
271 http fetch GET 200 https://registry.npmjs.org/promise-worker-transferable 303ms (cache miss)
272 silly packumentCache full:https://registry.npmjs.org/promise-worker-transferable set size:undefined disposed:false
273 silly fetch manifest @types/stats.js@*
274 silly packumentCache full:https://registry.npmjs.org/@types%2fstats.js cache-miss
275 http cache https://registry.npmjs.org/@types%2fwebxr 315ms (cache hit)
276 silly packumentCache full:https://registry.npmjs.org/@types%2fwebxr set size:64472 disposed:false
277 silly fetch manifest @tweenjs/tween.js@~23.1.3
278 silly packumentCache full:https://registry.npmjs.org/@tweenjs%2ftween.js cache-miss
279 http fetch GET 200 https://registry.npmjs.org/webgl-constants 384ms (cache miss)
280 silly packumentCache full:https://registry.npmjs.org/webgl-constants set size:undefined disposed:false
281 silly fetch manifest @dimforge/rapier3d-compat@~0.12.0
282 silly packumentCache full:https://registry.npmjs.org/@dimforge%2frapier3d-compat cache-miss
283 http fetch GET 200 https://registry.npmjs.org/fflate 419ms (cache miss)
284 silly packumentCache full:https://registry.npmjs.org/fflate set size:undefined disposed:false
285 silly fetch manifest three@^0.170.0
286 silly packumentCache full:https://registry.npmjs.org/three cache-hit
287 silly fetch manifest @types/draco3d@^1.4.0
288 silly packumentCache full:https://registry.npmjs.org/@types%2fdraco3d cache-miss
289 http fetch GET 200 https://registry.npmjs.org/@types%2fdraco3d 196ms (cache miss)
290 silly packumentCache full:https://registry.npmjs.org/@types%2fdraco3d set size:undefined disposed:false
291 silly fetch manifest @types/offscreencanvas@^2019.6.4
292 silly packumentCache full:https://registry.npmjs.org/@types%2foffscreencanvas cache-miss
293 http fetch GET 200 https://registry.npmjs.org/@types%2fstats.js 393ms (cache miss)
294 silly packumentCache full:https://registry.npmjs.org/@types%2fstats.js set size:undefined disposed:false
295 silly fetch manifest @types/webxr@^0.5.2
296 silly packumentCache full:https://registry.npmjs.org/@types%2fwebxr cache-hit
297 silly fetch manifest draco3d@^1.4.1
298 silly packumentCache full:https://registry.npmjs.org/draco3d cache-miss
299 http fetch GET 200 https://registry.npmjs.org/@use-gesture%2fcore 734ms (cache miss)
300 silly packumentCache full:https://registry.npmjs.org/@use-gesture%2fcore set size:undefined disposed:false
301 silly fetch manifest fflate@^0.6.9
302 silly packumentCache full:https://registry.npmjs.org/fflate cache-miss
303 http cache https://registry.npmjs.org/fflate 28ms (cache hit)
304 silly packumentCache full:https://registry.npmjs.org/fflate set size:230492 disposed:false
305 silly fetch manifest potpack@^1.0.1
306 silly packumentCache full:https://registry.npmjs.org/potpack cache-miss
307 http fetch GET 200 https://registry.npmjs.org/potpack 104ms (cache miss)
308 silly packumentCache full:https://registry.npmjs.org/potpack set size:undefined disposed:false
309 silly fetch manifest bidi-js@^1.0.2
310 silly packumentCache full:https://registry.npmjs.org/bidi-js cache-miss
311 http fetch GET 200 https://registry.npmjs.org/meshoptimizer 943ms (cache miss)
312 silly packumentCache full:https://registry.npmjs.org/meshoptimizer set size:undefined disposed:false
313 silly fetch manifest troika-three-utils@^0.52.4
314 silly packumentCache full:https://registry.npmjs.org/troika-three-utils cache-miss
315 http fetch GET 200 https://registry.npmjs.org/bidi-js 134ms (cache miss)
316 silly packumentCache full:https://registry.npmjs.org/bidi-js set size:undefined disposed:false
317 silly fetch manifest troika-worker-utils@^0.52.0
318 silly packumentCache full:https://registry.npmjs.org/troika-worker-utils cache-miss
319 http fetch GET 200 https://registry.npmjs.org/troika-three-utils 117ms (cache miss)
320 silly packumentCache full:https://registry.npmjs.org/troika-three-utils set size:undefined disposed:false
321 silly fetch manifest webgl-sdf-generator@1.1.1
322 silly packumentCache full:https://registry.npmjs.org/webgl-sdf-generator cache-miss
323 http fetch GET 200 https://registry.npmjs.org/draco3d 377ms (cache miss)
324 silly packumentCache full:https://registry.npmjs.org/draco3d set size:undefined disposed:false
325 silly fetch manifest zustand@^4.3.2
326 silly packumentCache full:https://registry.npmjs.org/zustand cache-hit
327 http fetch GET 200 https://registry.npmjs.org/troika-worker-utils 90ms (cache miss)
328 silly packumentCache full:https://registry.npmjs.org/troika-worker-utils set size:undefined disposed:false
329 http fetch GET 200 https://registry.npmjs.org/@webgpu%2ftypes 1223ms (cache miss)
330 silly packumentCache full:https://registry.npmjs.org/@webgpu%2ftypes set size:undefined disposed:false
331 http fetch GET 200 https://registry.npmjs.org/@tweenjs%2ftween.js 923ms (cache miss)
332 silly packumentCache full:https://registry.npmjs.org/@tweenjs%2ftween.js set size:undefined disposed:false
333 http fetch GET 200 https://registry.npmjs.org/@dimforge%2frapier3d-compat 928ms (cache miss)
334 silly packumentCache full:https://registry.npmjs.org/@dimforge%2frapier3d-compat set size:undefined disposed:false
335 http fetch GET 200 https://registry.npmjs.org/webgl-sdf-generator 367ms (cache miss)
336 silly packumentCache full:https://registry.npmjs.org/webgl-sdf-generator set size:undefined disposed:false
337 http fetch GET 200 https://registry.npmjs.org/@types%2foffscreencanvas 1204ms (cache miss)
338 silly packumentCache full:https://registry.npmjs.org/@types%2foffscreencanvas set size:undefined disposed:false
339 silly placeDep ROOT promise-worker-transferable@1.0.4 OK for: @monogrid/gainmap-js@3.4.0 want: ^1.0.4
340 silly fetch manifest is-promise@^2.1.0
341 silly packumentCache full:https://registry.npmjs.org/is-promise cache-miss
342 silly fetch manifest lie@^3.0.2
343 silly packumentCache full:https://registry.npmjs.org/lie cache-miss
344 http fetch GET 200 https://registry.npmjs.org/is-promise 70ms (cache miss)
345 silly packumentCache full:https://registry.npmjs.org/is-promise set size:undefined disposed:false
346 http fetch GET 200 https://registry.npmjs.org/lie 74ms (cache miss)
347 silly packumentCache full:https://registry.npmjs.org/lie set size:undefined disposed:false
348 silly fetch manifest react@>=19 <19.3
349 silly packumentCache full:https://registry.npmjs.org/react cache-miss
350 http cache https://registry.npmjs.org/react 73ms (cache hit)
351 silly packumentCache full:https://registry.npmjs.org/react set size:6585005 disposed:false
352 silly fetch manifest react-dom@>=19 <19.3
353 silly packumentCache full:https://registry.npmjs.org/react-dom cache-miss
354 http cache https://registry.npmjs.org/react-dom 60ms (cache hit)
355 silly packumentCache full:https://registry.npmjs.org/react-dom set size:8756153 disposed:false
356 silly placeDep ROOT @types/webxr@0.5.24 OK for: @react-three/fiber@9.5.0 want: *
357 silly placeDep ROOT base64-js@1.5.1 OK for: @react-three/fiber@9.5.0 want: ^1.5.1
358 silly placeDep ROOT buffer@6.0.3 OK for: @react-three/fiber@9.5.0 want: ^6.0.3
359 silly placeDep ROOT its-fine@2.0.0 OK for: @react-three/fiber@9.5.0 want: ^2.0.0
360 silly placeDep ROOT react-use-measure@2.1.7 OK for: @react-three/fiber@9.5.0 want: ^2.1.7
361 silly fetch manifest ieee754@^1.2.1
362 silly packumentCache full:https://registry.npmjs.org/ieee754 cache-miss
363 silly fetch manifest @types/react-reconciler@^0.28.9
364 silly packumentCache full:https://registry.npmjs.org/@types%2freact-reconciler cache-miss
365 http fetch GET 200 https://registry.npmjs.org/ieee754 77ms (cache miss)
366 silly packumentCache full:https://registry.npmjs.org/ieee754 set size:undefined disposed:false
367 http fetch GET 200 https://registry.npmjs.org/@types%2freact-reconciler 81ms (cache miss)
368 silly packumentCache full:https://registry.npmjs.org/@types%2freact-reconciler set size:undefined disposed:false
369 silly placeDep ROOT @dimforge/rapier3d-compat@0.12.0 OK for: @types/three@0.183.1 want: ~0.12.0
370 silly placeDep ROOT @tweenjs/tween.js@23.1.3 OK for: @types/three@0.183.1 want: ~23.1.3
371 silly placeDep ROOT @types/stats.js@0.17.4 OK for: @types/three@0.183.1 want: *
372 silly placeDep ROOT @webgpu/types@0.1.69 OK for: @types/three@0.183.1 want: *
373 silly placeDep ROOT fflate@0.8.2 OK for: @types/three@0.183.1 want: ~0.8.2
374 silly placeDep ROOT meshoptimizer@1.0.1 OK for: @types/three@0.183.1 want: ~1.0.1
375 silly placeDep ROOT @use-gesture/core@10.3.1 OK for: @use-gesture/react@10.3.1 want: 10.3.1
376 silly placeDep ROOT ieee754@1.2.1 OK for: buffer@6.0.3 want: ^1.2.1
377 silly placeDep ROOT webgl-constants@1.1.1 OK for: detect-gpu@5.0.70 want: ^1.1.1
378 silly fetch manifest @types/react@*
379 silly packumentCache full:https://registry.npmjs.org/@types%2freact cache-miss
380 http cache https://registry.npmjs.org/@types%2freact 30ms (cache hit)
381 silly packumentCache full:https://registry.npmjs.org/@types%2freact set size:2588964 disposed:false
382 silly placeDep ROOT @types/react-reconciler@0.28.9 OK for: its-fine@2.0.0 want: ^0.28.9
383 silly placeDep ROOT is-promise@2.2.2 OK for: promise-worker-transferable@1.0.4 want: ^2.1.0
384 silly placeDep ROOT lie@3.3.0 OK for: promise-worker-transferable@1.0.4 want: ^3.0.2
385 silly fetch manifest immediate@~3.0.5
386 silly packumentCache full:https://registry.npmjs.org/immediate cache-miss
387 http fetch GET 200 https://registry.npmjs.org/immediate 69ms (cache miss)
388 silly packumentCache full:https://registry.npmjs.org/immediate set size:undefined disposed:false
389 silly placeDep ROOT immediate@3.0.6 OK for: lie@3.3.0 want: ~3.0.5
390 silly placeDep node_modules/stats-gl three@0.170.0 OK for: stats-gl@2.4.2 want: ^0.170.0
391 silly placeDep ROOT @types/draco3d@1.4.10 OK for: three-stdlib@2.36.1 want: ^1.4.0
392 silly placeDep ROOT @types/offscreencanvas@2019.7.3 OK for: three-stdlib@2.36.1 want: ^2019.6.4
393 silly placeDep ROOT draco3d@1.5.7 OK for: three-stdlib@2.36.1 want: ^1.4.1
394 silly placeDep node_modules/three-stdlib fflate@0.6.10 OK for: three-stdlib@2.36.1 want: ^0.6.9
395 silly placeDep ROOT potpack@1.0.2 OK for: three-stdlib@2.36.1 want: ^1.0.1
396 silly fetch manifest three@>=0.125.0
397 silly packumentCache full:https://registry.npmjs.org/three cache-hit
398 silly placeDep ROOT bidi-js@1.0.3 OK for: troika-three-text@0.52.4 want: ^1.0.2
399 silly placeDep ROOT troika-three-utils@0.52.4 OK for: troika-three-text@0.52.4 want: ^0.52.4
400 silly placeDep ROOT troika-worker-utils@0.52.0 OK for: troika-three-text@0.52.4 want: ^0.52.0
401 silly placeDep ROOT webgl-sdf-generator@1.1.1 OK for: troika-three-text@0.52.4 want: 1.1.1
402 silly fetch manifest require-from-string@^2.0.2
403 silly packumentCache full:https://registry.npmjs.org/require-from-string cache-miss
404 http fetch GET 200 https://registry.npmjs.org/require-from-string 67ms (cache miss)
405 silly packumentCache full:https://registry.npmjs.org/require-from-string set size:undefined disposed:false
406 silly placeDep ROOT require-from-string@2.0.2 OK for: bidi-js@1.0.3 want: ^2.0.2
407 silly fetch manifest @types/react@>=16.8
408 silly packumentCache full:https://registry.npmjs.org/@types%2freact cache-miss
409 http cache https://registry.npmjs.org/@types%2freact 24ms (cache hit)
410 silly packumentCache full:https://registry.npmjs.org/@types%2freact set size:2588964 disposed:false
411 silly fetch manifest react@>=16.8
412 silly packumentCache full:https://registry.npmjs.org/react cache-miss
413 http cache https://registry.npmjs.org/react 52ms (cache hit)
414 silly packumentCache full:https://registry.npmjs.org/react set size:6585005 disposed:false
415 silly placeDep node_modules/tunnel-rat zustand@4.5.7 OK for: tunnel-rat@0.1.2 want: ^4.3.2
416 silly reify moves {}
417 silly audit bulk request {
417 silly audit   '@alloc/quick-lru': [ '5.2.0' ],
417 silly audit   '@emnapi/core': [ '1.7.1' ],
417 silly audit   '@emnapi/runtime': [ '1.7.1' ],
417 silly audit   '@emnapi/wasi-threads': [ '1.1.0' ],
417 silly audit   '@eslint-community/eslint-utils': [ '4.9.0' ],
417 silly audit   'eslint-visitor-keys': [ '3.4.3', '4.2.1' ],
417 silly audit   '@eslint-community/regexpp': [ '4.12.2' ],
417 silly audit   '@eslint/config-array': [ '0.21.1' ],
417 silly audit   '@eslint/config-helpers': [ '0.4.2' ],
417 silly audit   '@eslint/core': [ '0.17.0' ],
417 silly audit   '@eslint/eslintrc': [ '3.3.3' ],
417 silly audit   '@eslint/js': [ '9.39.2' ],
417 silly audit   '@eslint/object-schema': [ '2.1.7' ],
417 silly audit   '@eslint/plugin-kit': [ '0.4.1' ],
417 silly audit   '@humanfs/core': [ '0.19.1' ],
417 silly audit   '@humanfs/node': [ '0.16.7' ],
417 silly audit   '@humanwhocodes/module-importer': [ '1.0.1' ],
417 silly audit   '@humanwhocodes/retry': [ '0.4.3' ],
417 silly audit   '@img/colour': [ '1.0.0' ],
417 silly audit   '@img/sharp-darwin-arm64': [ '0.34.5' ],
417 silly audit   '@img/sharp-darwin-x64': [ '0.34.5' ],
417 silly audit   '@img/sharp-libvips-darwin-arm64': [ '1.2.4' ],
417 silly audit   '@img/sharp-libvips-darwin-x64': [ '1.2.4' ],
417 silly audit   '@img/sharp-libvips-linux-arm': [ '1.2.4' ],
417 silly audit   '@img/sharp-libvips-linux-arm64': [ '1.2.4' ],
417 silly audit   '@img/sharp-libvips-linux-ppc64': [ '1.2.4' ],
417 silly audit   '@img/sharp-libvips-linux-riscv64': [ '1.2.4' ],
417 silly audit   '@img/sharp-libvips-linux-s390x': [ '1.2.4' ],
417 silly audit   '@img/sharp-libvips-linux-x64': [ '1.2.4' ],
417 silly audit   '@img/sharp-libvips-linuxmusl-arm64': [ '1.2.4' ],
417 silly audit   '@img/sharp-libvips-linuxmusl-x64': [ '1.2.4' ],
417 silly audit   '@img/sharp-linux-arm': [ '0.34.5' ],
417 silly audit   '@img/sharp-linux-arm64': [ '0.34.5' ],
417 silly audit   '@img/sharp-linux-ppc64': [ '0.34.5' ],
417 silly audit   '@img/sharp-linux-riscv64': [ '0.34.5' ],
417 silly audit   '@img/sharp-linux-s390x': [ '0.34.5' ],
417 silly audit   '@img/sharp-linux-x64': [ '0.34.5' ],
417 silly audit   '@img/sharp-linuxmusl-arm64': [ '0.34.5' ],
417 silly audit   '@img/sharp-linuxmusl-x64': [ '0.34.5' ],
417 silly audit   '@img/sharp-wasm32': [ '0.34.5' ],
417 silly audit   '@img/sharp-win32-arm64': [ '0.34.5' ],
417 silly audit   '@img/sharp-win32-ia32': [ '0.34.5' ],
417 silly audit   '@img/sharp-win32-x64': [ '0.34.5' ],
417 silly audit   '@jridgewell/gen-mapping': [ '0.3.13' ],
417 silly audit   '@jridgewell/remapping': [ '2.3.5' ],
417 silly audit   '@jridgewell/resolve-uri': [ '3.1.2' ],
417 silly audit   '@jridgewell/sourcemap-codec': [ '1.5.5' ],
417 silly audit   '@jridgewell/trace-mapping': [ '0.3.31' ],
417 silly audit   '@napi-rs/wasm-runtime': [ '0.2.12' ],
417 silly audit   '@next/env': [ '16.1.1' ],
417 silly audit   '@next/eslint-plugin-next': [ '15.5.5' ],
417 silly audit   '@next/swc-darwin-arm64': [ '16.1.1' ],
417 silly audit   '@next/swc-darwin-x64': [ '16.1.1' ],
417 silly audit   '@next/swc-linux-arm64-gnu': [ '16.1.1' ],
417 silly audit   '@next/swc-linux-arm64-musl': [ '16.1.1' ],
417 silly audit   '@next/swc-linux-x64-gnu': [ '16.1.1' ],
417 silly audit   '@next/swc-linux-x64-musl': [ '16.1.1' ],
417 silly audit   '@next/swc-win32-arm64-msvc': [ '16.1.1' ],
417 silly audit   '@next/swc-win32-x64-msvc': [ '16.1.1' ],
417 silly audit   '@nodelib/fs.scandir': [ '2.1.5' ],
417 silly audit   '@nodelib/fs.stat': [ '2.0.5' ],
417 silly audit   '@nodelib/fs.walk': [ '1.2.8' ],
417 silly audit   '@nolyfill/is-core-module': [ '1.0.39' ],
417 silly audit   '@reduxjs/toolkit': [ '2.11.2' ],
417 silly audit   immer: [ '11.1.3', '10.2.0' ],
417 silly audit   '@rtsao/scc': [ '1.1.0' ],
417 silly audit   '@rushstack/eslint-patch': [ '1.15.0' ],
417 silly audit   '@socket.io/component-emitter': [ '3.1.2' ],
417 silly audit   '@standard-schema/spec': [ '1.1.0' ],
417 silly audit   '@standard-schema/utils': [ '0.3.0' ],
417 silly audit   '@swc/helpers': [ '0.5.15' ],
417 silly audit   '@tailwindcss/node': [ '4.1.18' ],
417 silly audit   '@tailwindcss/oxide': [ '4.1.18' ],
417 silly audit   '@tailwindcss/oxide-android-arm64': [ '4.1.18' ],
417 silly audit   '@tailwindcss/oxide-darwin-arm64': [ '4.1.18' ],
417 silly audit   '@tailwindcss/oxide-darwin-x64': [ '4.1.18' ],
417 silly audit   '@tailwindcss/oxide-freebsd-x64': [ '4.1.18' ],
417 silly audit   '@tailwindcss/oxide-linux-arm-gnueabihf': [ '4.1.18' ],
417 silly audit   '@tailwindcss/oxide-linux-arm64-gnu': [ '4.1.18' ],
417 silly audit   '@tailwindcss/oxide-linux-arm64-musl': [ '4.1.18' ],
417 silly audit   '@tailwindcss/oxide-linux-x64-gnu': [ '4.1.18' ],
417 silly audit   '@tailwindcss/oxide-linux-x64-musl': [ '4.1.18' ],
417 silly audit   '@tailwindcss/oxide-wasm32-wasi': [ '4.1.18' ],
417 silly audit   '@tailwindcss/oxide-win32-arm64-msvc': [ '4.1.18' ],
417 silly audit   '@tailwindcss/oxide-win32-x64-msvc': [ '4.1.18' ],
417 silly audit   '@tailwindcss/postcss': [ '4.1.18' ],
417 silly audit   '@tybys/wasm-util': [ '0.10.1' ],
417 silly audit   '@types/d3-array': [ '3.2.2' ],
417 silly audit   '@types/d3-color': [ '3.1.3' ],
417 silly audit   '@types/d3-ease': [ '3.0.2' ],
417 silly audit   '@types/d3-interpolate': [ '3.0.4' ],
417 silly audit   '@types/d3-path': [ '3.1.1' ],
417 silly audit   '@types/d3-scale': [ '4.0.9' ],
417 silly audit   '@types/d3-shape': [ '3.1.8' ],
417 silly audit   '@types/d3-time': [ '3.0.4' ],
417 silly audit   '@types/d3-timer': [ '3.0.2' ],
417 silly audit   '@types/estree': [ '1.0.8' ],
417 silly audit   '@types/json-schema': [ '7.0.15' ],
417 silly audit   '@types/json5': [ '0.0.29' ],
417 silly audit   '@types/node': [ '20.19.27' ],
417 silly audit   '@types/react': [ '19.2.7' ],
417 silly audit   '@types/react-dom': [ '19.2.3' ],
417 silly audit   '@types/use-sync-external-store': [ '0.0.6' ],
417 silly audit   '@typescript-eslint/eslint-plugin': [ '8.50.1' ],
417 silly audit   ignore: [ '7.0.5', '5.3.2' ],
417 silly audit   '@typescript-eslint/parser': [ '8.50.1' ],
417 silly audit   '@typescript-eslint/project-service': [ '8.50.1' ],
417 silly audit   '@typescript-eslint/scope-manager': [ '8.50.1' ],
417 silly audit   '@typescript-eslint/tsconfig-utils': [ '8.50.1' ],
417 silly audit   '@typescript-eslint/type-utils': [ '8.50.1' ],
417 silly audit   '@typescript-eslint/types': [ '8.50.1' ],
417 silly audit   '@typescript-eslint/typescript-estree': [ '8.50.1' ],
417 silly audit   'brace-expansion': [ '2.0.2', '1.1.12' ],
417 silly audit   minimatch: [ '9.0.5', '3.1.2' ],
417 silly audit   '@typescript-eslint/utils': [ '8.50.1' ],
417 silly audit   '@typescript-eslint/visitor-keys': [ '8.50.1' ],
417 silly audit   '@unrs/resolver-binding-android-arm-eabi': [ '1.11.1' ],
417 silly audit   '@unrs/resolver-binding-android-arm64': [ '1.11.1' ],
417 silly audit   '@unrs/resolver-binding-darwin-arm64': [ '1.11.1' ],
417 silly audit   '@unrs/resolver-binding-darwin-x64': [ '1.11.1' ],
417 silly audit   '@unrs/resolver-binding-freebsd-x64': [ '1.11.1' ],
417 silly audit   '@unrs/resolver-binding-linux-arm-gnueabihf': [ '1.11.1' ],
417 silly audit   '@unrs/resolver-binding-linux-arm-musleabihf': [ '1.11.1' ],
417 silly audit   '@unrs/resolver-binding-linux-arm64-gnu': [ '1.11.1' ],
417 silly audit   '@unrs/resolver-binding-linux-arm64-musl': [ '1.11.1' ],
417 silly audit   '@unrs/resolver-binding-linux-ppc64-gnu': [ '1.11.1' ],
417 silly audit   '@unrs/resolver-binding-linux-riscv64-gnu': [ '1.11.1' ],
417 silly audit   '@unrs/resolver-binding-linux-riscv64-musl': [ '1.11.1' ],
417 silly audit   '@unrs/resolver-binding-linux-s390x-gnu': [ '1.11.1' ],
417 silly audit   '@unrs/resolver-binding-linux-x64-gnu': [ '1.11.1' ],
417 silly audit   '@unrs/resolver-binding-linux-x64-musl': [ '1.11.1' ],
417 silly audit   '@unrs/resolver-binding-wasm32-wasi': [ '1.11.1' ],
417 silly audit   '@unrs/resolver-binding-win32-arm64-msvc': [ '1.11.1' ],
417 silly audit   '@unrs/resolver-binding-win32-ia32-msvc': [ '1.11.1' ],
417 silly audit   '@unrs/resolver-binding-win32-x64-msvc': [ '1.11.1' ],
417 silly audit   acorn: [ '8.15.0' ],
417 silly audit   'acorn-jsx': [ '5.3.2' ],
417 silly audit   ajv: [ '6.12.6' ],
417 silly audit   'ansi-styles': [ '4.3.0' ],
417 silly audit   aos: [ '2.3.4' ],
417 silly audit   argparse: [ '2.0.1' ],
417 silly audit   'aria-query': [ '5.3.2' ],
417 silly audit   'array-buffer-byte-length': [ '1.0.2' ],
417 silly audit   'array-includes': [ '3.1.9' ],
417 silly audit   'array.prototype.findlast': [ '1.2.5' ],
417 silly audit   'array.prototype.findlastindex': [ '1.2.6' ],
417 silly audit   'array.prototype.flat': [ '1.3.3' ],
417 silly audit   'array.prototype.flatmap': [ '1.3.3' ],
417 silly audit   'array.prototype.tosorted': [ '1.1.4' ],
417 silly audit   'arraybuffer.prototype.slice': [ '1.0.4' ],
417 silly audit   'ast-types-flow': [ '0.0.8' ],
417 silly audit   'async-function': [ '1.0.0' ],
417 silly audit   asynckit: [ '0.4.0' ],
417 silly audit   'available-typed-arrays': [ '1.0.7' ],
417 silly audit   'axe-core': [ '4.11.0' ],
417 silly audit   axios: [ '1.13.2' ],
417 silly audit   'axobject-query': [ '4.1.0' ],
417 silly audit   'balanced-match': [ '1.0.2' ],
417 silly audit   'baseline-browser-mapping': [ '2.9.11' ],
417 silly audit   braces: [ '3.0.3' ],
417 silly audit   'call-bind': [ '1.0.8' ],
417 silly audit   'call-bind-apply-helpers': [ '1.0.2' ],
417 silly audit   'call-bound': [ '1.0.4' ],
417 silly audit   callsites: [ '3.1.0' ],
417 silly audit   'caniuse-lite': [ '1.0.30001761' ],
417 silly audit   chalk: [ '4.1.2' ],
417 silly audit   'classlist-polyfill': [ '1.2.0' ],
417 silly audit   'client-only': [ '0.0.1' ],
417 silly audit   clsx: [ '2.1.1' ],
417 silly audit   'color-convert': [ '2.0.1' ],
417 silly audit   'color-name': [ '1.1.4' ],
417 silly audit   'combined-stream': [ '1.0.8' ],
417 silly audit   'concat-map': [ '0.0.1' ],
417 silly audit   'cross-spawn': [ '7.0.6' ],
417 silly audit   csstype: [ '3.2.3' ],
417 silly audit   'd3-array': [ '3.2.4' ],
417 silly audit   'd3-color': [ '3.1.0' ],
417 silly audit   'd3-ease': [ '3.0.1' ],
417 silly audit   'd3-format': [ '3.1.2' ],
417 silly audit   'd3-interpolate': [ '3.0.1' ],
417 silly audit   'd3-path': [ '3.1.0' ],
417 silly audit   'd3-scale': [ '4.0.2' ],
417 silly audit   'd3-shape': [ '3.2.0' ],
417 silly audit   'd3-time': [ '3.1.0' ],
417 silly audit   'd3-time-format': [ '4.1.0' ],
417 silly audit   'd3-timer': [ '3.0.1' ],
417 silly audit   'damerau-levenshtein': [ '1.0.8' ],
417 silly audit   'data-view-buffer': [ '1.0.2' ],
417 silly audit   'data-view-byte-length': [ '1.0.2' ],
417 silly audit   'data-view-byte-offset': [ '1.0.1' ],
417 silly audit   debug: [ '4.4.3', '3.2.7' ],
417 silly audit   'decimal.js-light': [ '2.5.1' ],
417 silly audit   'deep-is': [ '0.1.4' ],
417 silly audit   'define-data-property': [ '1.1.4' ],
417 silly audit   'define-properties': [ '1.2.1' ],
417 silly audit   'delayed-stream': [ '1.0.0' ],
417 silly audit   'detect-libc': [ '2.1.2' ],
417 silly audit   doctrine: [ '2.1.0' ],
417 silly audit   'dunder-proto': [ '1.0.1' ],
417 silly audit   'emoji-regex': [ '9.2.2' ],
417 silly audit   'engine.io-client': [ '6.6.4' ],
417 silly audit   'engine.io-parser': [ '5.2.3' ],
417 silly audit   'enhanced-resolve': [ '5.18.4' ],
417 silly audit   'es-abstract': [ '1.24.1' ],
417 silly audit   'es-define-property': [ '1.0.1' ],
417 silly audit   'es-errors': [ '1.3.0' ],
417 silly audit   'es-iterator-helpers': [ '1.2.2' ],
417 silly audit   'es-object-atoms': [ '1.1.1' ],
417 silly audit   'es-set-tostringtag': [ '2.1.0' ],
417 silly audit   'es-shim-unscopables': [ '1.1.0' ],
417 silly audit   'es-to-primitive': [ '1.3.0' ],
417 silly audit   'es-toolkit': [ '1.44.0' ],
417 silly audit   'escape-string-regexp': [ '4.0.0' ],
417 silly audit   eslint: [ '9.39.2' ],
417 silly audit   'eslint-config-next': [ '15.5.5' ],
417 silly audit   'eslint-import-resolver-node': [ '0.3.9' ],
417 silly audit   'eslint-import-resolver-typescript': [ '3.10.1' ],
417 silly audit   'eslint-module-utils': [ '2.12.1' ],
417 silly audit   'eslint-plugin-import': [ '2.32.0' ],
417 silly audit   semver: [ '6.3.1', '7.7.3' ],
417 silly audit   'eslint-plugin-jsx-a11y': [ '6.10.2' ],
417 silly audit   'eslint-plugin-react': [ '7.37.5' ],
417 silly audit   'eslint-plugin-react-hooks': [ '5.2.0' ],
417 silly audit   resolve: [ '2.0.0-next.5', '1.22.11' ],
417 silly audit   'eslint-scope': [ '8.4.0' ],
417 silly audit   espree: [ '10.4.0' ],
417 silly audit   esquery: [ '1.6.0' ],
417 silly audit   esrecurse: [ '4.3.0' ],
417 silly audit   estraverse: [ '5.3.0' ],
417 silly audit   esutils: [ '2.0.3' ],
417 silly audit   eventemitter3: [ '5.0.4' ],
417 silly audit   'fast-deep-equal': [ '3.1.3' ],
417 silly audit   'fast-glob': [ '3.3.1' ],
417 silly audit   'glob-parent': [ '5.1.2', '6.0.2' ],
417 silly audit   'fast-json-stable-stringify': [ '2.1.0' ],
417 silly audit   'fast-levenshtein': [ '2.0.6' ],
417 silly audit   fastq: [ '1.20.1' ],
417 silly audit   'file-entry-cache': [ '8.0.0' ],
417 silly audit   'fill-range': [ '7.1.1' ],
417 silly audit   'find-up': [ '5.0.0' ],
417 silly audit   'flat-cache': [ '4.0.1' ],
417 silly audit   flatted: [ '3.3.3' ],
417 silly audit   'follow-redirects': [ '1.15.11' ],
417 silly audit   'for-each': [ '0.3.5' ],
417 silly audit   'form-data': [ '4.0.5' ],
417 silly audit   'function-bind': [ '1.1.2' ],
417 silly audit   'function.prototype.name': [ '1.1.8' ],
417 silly audit   'functions-have-names': [ '1.2.3' ],
417 silly audit   'generator-function': [ '2.0.1' ],
417 silly audit   'get-intrinsic': [ '1.3.0' ],
417 silly audit   'get-proto': [ '1.0.1' ],
417 silly audit   'get-symbol-description': [ '1.1.0' ],
417 silly audit   'get-tsconfig': [ '4.13.0' ],
417 silly audit   globals: [ '14.0.0' ],
417 silly audit   globalthis: [ '1.0.4' ],
417 silly audit   gopd: [ '1.2.0' ],
417 silly audit   'graceful-fs': [ '4.2.11' ],
417 silly audit   'has-bigints': [ '1.1.0' ],
417 silly audit   'has-flag': [ '4.0.0' ],
417 silly audit   'has-property-descriptors': [ '1.0.2' ],
417 silly audit   'has-proto': [ '1.2.0' ],
417 silly audit   'has-symbols': [ '1.1.0' ],
417 silly audit   'has-tostringtag': [ '1.0.2' ],
417 silly audit   hasown: [ '2.0.2' ],
417 silly audit   'import-fresh': [ '3.3.1' ],
417 silly audit   imurmurhash: [ '0.1.4' ],
417 silly audit   'internal-slot': [ '1.1.0' ],
417 silly audit   internmap: [ '2.0.3' ],
417 silly audit   'is-array-buffer': [ '3.0.5' ],
417 silly audit   'is-async-function': [ '2.1.1' ],
417 silly audit   'is-bigint': [ '1.1.0' ],
417 silly audit   'is-boolean-object': [ '1.2.2' ],
417 silly audit   'is-bun-module': [ '2.0.0' ],
417 silly audit   'is-callable': [ '1.2.7' ],
417 silly audit   'is-core-module': [ '2.16.1' ],
417 silly audit   'is-data-view': [ '1.0.2' ],
417 silly audit   'is-date-object': [ '1.1.0' ],
417 silly audit   'is-extglob': [ '2.1.1' ],
417 silly audit   'is-finalizationregistry': [ '1.1.1' ],
417 silly audit   'is-generator-function': [ '1.1.2' ],
417 silly audit   'is-glob': [ '4.0.3' ],
417 silly audit   'is-map': [ '2.0.3' ],
417 silly audit   'is-negative-zero': [ '2.0.3' ],
417 silly audit   'is-number': [ '7.0.0' ],
417 silly audit   'is-number-object': [ '1.1.1' ],
417 silly audit   'is-regex': [ '1.2.1' ],
417 silly audit   'is-set': [ '2.0.3' ],
417 silly audit   'is-shared-array-buffer': [ '1.0.4' ],
417 silly audit   'is-string': [ '1.1.1' ],
417 silly audit   'is-symbol': [ '1.1.1' ],
417 silly audit   'is-typed-array': [ '1.1.15' ],
417 silly audit   'is-weakmap': [ '2.0.2' ],
417 silly audit   'is-weakref': [ '1.1.1' ],
417 silly audit   'is-weakset': [ '2.0.4' ],
417 silly audit   isarray: [ '2.0.5' ],
417 silly audit   isexe: [ '2.0.0' ],
417 silly audit   'iterator.prototype': [ '1.1.5' ],
417 silly audit   jiti: [ '2.6.1' ],
417 silly audit   jose: [ '6.1.3' ],
417 silly audit   'js-cookie': [ '3.0.5' ],
417 silly audit   'js-tokens': [ '4.0.0' ],
417 silly audit   'js-yaml': [ '4.1.1' ],
417 silly audit   'json-buffer': [ '3.0.1' ],
417 silly audit   'json-schema-traverse': [ '0.4.1' ],
417 silly audit   'json-stable-stringify-without-jsonify': [ '1.0.1' ],
417 silly audit   json5: [ '1.0.2' ],
417 silly audit   'jsx-ast-utils': [ '3.3.5' ],
417 silly audit   keyv: [ '4.5.4' ],
417 silly audit   'language-subtag-registry': [ '0.3.23' ],
417 silly audit   'language-tags': [ '1.0.9' ],
417 silly audit   levn: [ '0.4.1' ],
417 silly audit   lightningcss: [ '1.30.2' ],
417 silly audit   'lightningcss-android-arm64': [ '1.30.2' ],
417 silly audit   'lightningcss-darwin-arm64': [ '1.30.2' ],
417 silly audit   'lightningcss-darwin-x64': [ '1.30.2' ],
417 silly audit   'lightningcss-freebsd-x64': [ '1.30.2' ],
417 silly audit   'lightningcss-linux-arm-gnueabihf': [ '1.30.2' ],
417 silly audit   'lightningcss-linux-arm64-gnu': [ '1.30.2' ],
417 silly audit   'lightningcss-linux-arm64-musl': [ '1.30.2' ],
417 silly audit   'lightningcss-linux-x64-gnu': [ '1.30.2' ],
417 silly audit   'lightningcss-linux-x64-musl': [ '1.30.2' ],
417 silly audit   'lightningcss-win32-arm64-msvc': [ '1.30.2' ],
417 silly audit   'lightningcss-win32-x64-msvc': [ '1.30.2' ],
417 silly audit   'locate-path': [ '6.0.0' ],
417 silly audit   'lodash.debounce': [ '4.0.8' ],
417 silly audit   'lodash.merge': [ '4.6.2' ],
417 silly audit   'lodash.throttle': [ '4.1.1' ],
417 silly audit   'loose-envify': [ '1.4.0' ],
417 silly audit   'lucide-react': [ '0.552.0' ],
417 silly audit   'magic-string': [ '0.30.21' ],
417 silly audit   'math-intrinsics': [ '1.1.0' ],
417 silly audit   merge2: [ '1.4.1' ],
417 silly audit   micromatch: [ '4.0.8' ],
417 silly audit   'mime-db': [ '1.52.0' ],
417 silly audit   'mime-types': [ '2.1.35' ],
417 silly audit   minimist: [ '1.2.8' ],
417 silly audit   ms: [ '2.1.3' ],
417 silly audit   nanoid: [ '3.3.11' ],
417 silly audit   'napi-postinstall': [ '0.3.4' ],
417 silly audit   'natural-compare': [ '1.4.0' ],
417 silly audit   next: [ '16.1.1' ],
417 silly audit   postcss: [ '8.4.31', '8.5.6' ],
417 silly audit   'object-assign': [ '4.1.1' ],
417 silly audit   'object-inspect': [ '1.13.4' ],
417 silly audit   'object-keys': [ '1.1.1' ],
417 silly audit   'object.assign': [ '4.1.7' ],
417 silly audit   'object.entries': [ '1.1.9' ],
417 silly audit   'object.fromentries': [ '2.0.8' ],
417 silly audit   'object.groupby': [ '1.0.3' ],
417 silly audit   'object.values': [ '1.2.1' ],
417 silly audit   optionator: [ '0.9.4' ],
417 silly audit   'own-keys': [ '1.0.1' ],
417 silly audit   'p-limit': [ '3.1.0' ],
417 silly audit   'p-locate': [ '5.0.0' ],
417 silly audit   'parent-module': [ '1.0.1' ],
417 silly audit   'path-exists': [ '4.0.0' ],
417 silly audit   'path-key': [ '3.1.1' ],
417 silly audit   'path-parse': [ '1.0.7' ],
417 silly audit   picocolors: [ '1.1.1' ],
417 silly audit   picomatch: [ '2.3.1', '4.0.3' ],
417 silly audit   'possible-typed-array-names': [ '1.1.0' ],
417 silly audit   'prelude-ls': [ '1.2.1' ],
417 silly audit   'prop-types': [ '15.8.1' ],
417 silly audit   'proxy-from-env': [ '1.1.0' ],
417 silly audit   punycode: [ '2.3.1' ],
417 silly audit   'queue-microtask': [ '1.2.3' ],
417 silly audit   react: [ '19.2.3' ],
417 silly audit   'react-dom': [ '19.2.3' ],
417 silly audit   'react-is': [ '16.13.1' ],
417 silly audit   'react-redux': [ '9.2.0' ],
417 silly audit   recharts: [ '3.7.0' ],
417 silly audit   redux: [ '5.0.1' ],
417 silly audit   'redux-thunk': [ '3.1.0' ],
417 silly audit   'reflect.getprototypeof': [ '1.0.10' ],
417 silly audit   'regexp.prototype.flags': [ '1.5.4' ],
417 silly audit   reselect: [ '5.1.1' ],
417 silly audit   'resolve-from': [ '4.0.0' ],
417 silly audit   'resolve-pkg-maps': [ '1.0.0' ],
417 silly audit   reusify: [ '1.1.0' ],
417 silly audit   'run-parallel': [ '1.2.0' ],
417 silly audit   'safe-array-concat': [ '1.1.3' ],
417 silly audit   'safe-push-apply': [ '1.0.0' ],
417 silly audit   'safe-regex-test': [ '1.1.0' ],
417 silly audit   scheduler: [ '0.27.0' ],
417 silly audit   'set-function-length': [ '1.2.2' ],
417 silly audit   'set-function-name': [ '2.0.2' ],
417 silly audit   'set-proto': [ '1.0.0' ],
417 silly audit   sharp: [ '0.34.5' ],
417 silly audit   'shebang-command': [ '2.0.0' ],
417 silly audit   'shebang-regex': [ '3.0.0' ],
417 silly audit   'side-channel': [ '1.1.0' ],
417 silly audit   'side-channel-list': [ '1.0.0' ],
417 silly audit   'side-channel-map': [ '1.0.1' ],
417 silly audit   'side-channel-weakmap': [ '1.0.2' ],
417 silly audit   'socket.io-client': [ '4.8.3' ],
417 silly audit   'socket.io-parser': [ '4.2.5' ],
417 silly audit   'source-map-js': [ '1.2.1' ],
417 silly audit   'stable-hash': [ '0.0.5' ],
417 silly audit   'stop-iteration-iterator': [ '1.1.0' ],
417 silly audit   'string.prototype.includes': [ '2.0.1' ],
417 silly audit   'string.prototype.matchall': [ '4.0.12' ],
417 silly audit   'string.prototype.repeat': [ '1.0.0' ],
417 silly audit   'string.prototype.trim': [ '1.2.10' ],
417 silly audit   'string.prototype.trimend': [ '1.0.9' ],
417 silly audit   'string.prototype.trimstart': [ '1.0.8' ],
417 silly audit   'strip-bom': [ '3.0.0' ],
417 silly audit   'strip-json-comments': [ '3.1.1' ],
417 silly audit   'styled-jsx': [ '5.1.6' ],
417 silly audit   'supports-color': [ '7.2.0' ],
417 silly audit   'supports-preserve-symlinks-flag': [ '1.0.0' ],
417 silly audit   'tailwind-merge': [ '3.4.0' ],
417 silly audit   tailwindcss: [ '4.1.18' ],
417 silly audit   tapable: [ '2.3.0' ],
417 silly audit   'tiny-invariant': [ '1.3.3' ],
417 silly audit   tinyglobby: [ '0.2.15' ],
417 silly audit   fdir: [ '6.5.0' ],
417 silly audit   'to-regex-range': [ '5.0.1' ],
417 silly audit   'ts-api-utils': [ '2.2.0' ],
417 silly audit   'tsconfig-paths': [ '3.15.0' ],
417 silly audit   tslib: [ '2.8.1' ],
417 silly audit   'type-check': [ '0.4.0' ],
417 silly audit   'typed-array-buffer': [ '1.0.3' ],
417 silly audit   'typed-array-byte-length': [ '1.0.3' ],
417 silly audit   'typed-array-byte-offset': [ '1.0.4' ],
417 silly audit   'typed-array-length': [ '1.0.7' ],
417 silly audit   typescript: [ '5.9.3' ],
417 silly audit   'unbox-primitive': [ '1.1.0' ],
417 silly audit   'undici-types': [ '6.21.0' ],
417 silly audit   'unrs-resolver': [ '1.11.1' ],
417 silly audit   'uri-js': [ '4.4.1' ],
417 silly audit   'use-sync-external-store': [ '1.6.0' ],
417 silly audit   'victory-vendor': [ '37.3.6' ],
417 silly audit   which: [ '2.0.2' ],
417 silly audit   'which-boxed-primitive': [ '1.1.1' ],
417 silly audit   'which-builtin-type': [ '1.2.1' ],
417 silly audit   'which-collection': [ '1.0.2' ],
417 silly audit   'which-typed-array': [ '1.1.19' ],
417 silly audit   'word-wrap': [ '1.2.5' ],
417 silly audit   ws: [ '8.18.3' ],
417 silly audit   'xmlhttprequest-ssl': [ '2.1.2' ],
417 silly audit   'yocto-queue': [ '0.1.0' ],
417 silly audit   '@react-three/drei': [ '10.7.7' ],
417 silly audit   '@react-three/fiber': [ '9.5.0' ],
417 silly audit   three: [ '0.183.2', '0.170.0' ],
417 silly audit   '@babel/runtime': [ '7.29.2' ],
417 silly audit   '@mediapipe/tasks-vision': [ '0.10.17' ],
417 silly audit   '@monogrid/gainmap-js': [ '3.4.0' ],
417 silly audit   '@use-gesture/react': [ '10.3.1' ],
417 silly audit   'camera-controls': [ '3.1.2' ],
417 silly audit   'cross-env': [ '7.0.3' ],
417 silly audit   'detect-gpu': [ '5.0.70' ],
417 silly audit   'glsl-noise': [ '0.0.0' ],
417 silly audit   'hls.js': [ '1.6.15' ],
417 silly audit   maath: [ '0.10.8' ],
417 silly audit   '@types/three': [ '0.183.1' ],
417 silly audit   meshline: [ '3.3.1' ],
417 silly audit   'stats-gl': [ '2.4.2' ],
417 silly audit   'stats.js': [ '0.17.0' ],
417 silly audit   'suspend-react': [ '0.1.3' ],
417 silly audit   'three-mesh-bvh': [ '0.8.3' ],
417 silly audit   'three-stdlib': [ '2.36.1' ],
417 silly audit   'troika-three-text': [ '0.52.4' ],
417 silly audit   'tunnel-rat': [ '0.1.2' ],
417 silly audit   'utility-types': [ '3.11.0' ],
417 silly audit   zustand: [ '5.0.12', '4.5.7' ],
417 silly audit   'promise-worker-transferable': [ '1.0.4' ],
417 silly audit   '@types/webxr': [ '0.5.24' ],
417 silly audit   'base64-js': [ '1.5.1' ],
417 silly audit   buffer: [ '6.0.3' ],
417 silly audit   'its-fine': [ '2.0.0' ],
417 silly audit   'react-use-measure': [ '2.1.7' ],
417 silly audit   '@dimforge/rapier3d-compat': [ '0.12.0' ],
417 silly audit   '@tweenjs/tween.js': [ '23.1.3' ],
417 silly audit   '@types/stats.js': [ '0.17.4' ],
417 silly audit   '@webgpu/types': [ '0.1.69' ],
417 silly audit   fflate: [ '0.8.2', '0.6.10' ],
417 silly audit   meshoptimizer: [ '1.0.1' ],
417 silly audit   '@use-gesture/core': [ '10.3.1' ],
417 silly audit   ieee754: [ '1.2.1' ],
417 silly audit   'webgl-constants': [ '1.1.1' ],
417 silly audit   '@types/react-reconciler': [ '0.28.9' ],
417 silly audit   'is-promise': [ '2.2.2' ],
417 silly audit   lie: [ '3.3.0' ],
417 silly audit   immediate: [ '3.0.6' ],
417 silly audit   '@types/draco3d': [ '1.4.10' ],
417 silly audit   '@types/offscreencanvas': [ '2019.7.3' ],
417 silly audit   draco3d: [ '1.5.7' ],
417 silly audit   potpack: [ '1.0.2' ],
417 silly audit   'bidi-js': [ '1.0.3' ],
417 silly audit   'troika-three-utils': [ '0.52.4' ],
417 silly audit   'troika-worker-utils': [ '0.52.0' ],
417 silly audit   'webgl-sdf-generator': [ '1.1.1' ],
417 silly audit   'require-from-string': [ '2.0.2' ]
417 silly audit }
418 http cache require-from-string@https://registry.npmjs.org/require-from-string/-/require-from-string-2.0.2.tgz 0ms (cache hit)
419 http cache webgl-sdf-generator@https://registry.npmjs.org/webgl-sdf-generator/-/webgl-sdf-generator-1.1.1.tgz 0ms (cache hit)
420 http cache troika-three-utils@https://registry.npmjs.org/troika-three-utils/-/troika-three-utils-0.52.4.tgz 0ms (cache hit)
421 http cache @types/offscreencanvas@https://registry.npmjs.org/@types/offscreencanvas/-/offscreencanvas-2019.7.3.tgz 0ms (cache hit)
422 http cache troika-worker-utils@https://registry.npmjs.org/troika-worker-utils/-/troika-worker-utils-0.52.0.tgz 0ms (cache hit)
423 http cache bidi-js@https://registry.npmjs.org/bidi-js/-/bidi-js-1.0.3.tgz 0ms (cache hit)
424 http cache potpack@https://registry.npmjs.org/potpack/-/potpack-1.0.2.tgz 0ms (cache hit)
425 http cache @types/draco3d@https://registry.npmjs.org/@types/draco3d/-/draco3d-1.4.10.tgz 0ms (cache hit)
426 http cache @types/react-reconciler@https://registry.npmjs.org/@types/react-reconciler/-/react-reconciler-0.28.9.tgz 0ms (cache hit)
427 http cache draco3d@https://registry.npmjs.org/draco3d/-/draco3d-1.5.7.tgz 0ms (cache hit)
428 http cache @use-gesture/core@https://registry.npmjs.org/@use-gesture/core/-/core-10.3.1.tgz 0ms (cache hit)
429 http cache immediate@https://registry.npmjs.org/immediate/-/immediate-3.0.6.tgz 0ms (cache hit)
430 http cache lie@https://registry.npmjs.org/lie/-/lie-3.3.0.tgz 0ms (cache hit)
431 http cache is-promise@https://registry.npmjs.org/is-promise/-/is-promise-2.2.2.tgz 0ms (cache hit)
432 http cache webgl-constants@https://registry.npmjs.org/webgl-constants/-/webgl-constants-1.1.1.tgz 0ms (cache hit)
433 http cache @webgpu/types@https://registry.npmjs.org/@webgpu/types/-/types-0.1.69.tgz 0ms (cache hit)
434 http cache @types/stats.js@https://registry.npmjs.org/@types/stats.js/-/stats.js-0.17.4.tgz 0ms (cache hit)
435 http cache @tweenjs/tween.js@https://registry.npmjs.org/@tweenjs/tween.js/-/tween.js-23.1.3.tgz 0ms (cache hit)
436 http cache @dimforge/rapier3d-compat@https://registry.npmjs.org/@dimforge/rapier3d-compat/-/rapier3d-compat-0.12.0.tgz 0ms (cache hit)
437 http cache fflate@https://registry.npmjs.org/fflate/-/fflate-0.8.2.tgz 0ms (cache hit)
438 http cache ieee754@https://registry.npmjs.org/ieee754/-/ieee754-1.2.1.tgz 0ms (cache hit)
439 http cache meshoptimizer@https://registry.npmjs.org/meshoptimizer/-/meshoptimizer-1.0.1.tgz 0ms (cache hit)
440 http cache @types/webxr@https://registry.npmjs.org/@types/webxr/-/webxr-0.5.24.tgz 0ms (cache hit)
441 http cache react-use-measure@https://registry.npmjs.org/react-use-measure/-/react-use-measure-2.1.7.tgz 0ms (cache hit)
442 http cache its-fine@https://registry.npmjs.org/its-fine/-/its-fine-2.0.0.tgz 0ms (cache hit)
443 http cache buffer@https://registry.npmjs.org/buffer/-/buffer-6.0.3.tgz 0ms (cache hit)
444 http cache base64-js@https://registry.npmjs.org/base64-js/-/base64-js-1.5.1.tgz 0ms (cache hit)
445 http cache zustand@https://registry.npmjs.org/zustand/-/zustand-5.0.12.tgz 0ms (cache hit)
446 http cache promise-worker-transferable@https://registry.npmjs.org/promise-worker-transferable/-/promise-worker-transferable-1.0.4.tgz 0ms (cache hit)
447 http cache utility-types@https://registry.npmjs.org/utility-types/-/utility-types-3.11.0.tgz 0ms (cache hit)
448 http cache tunnel-rat@https://registry.npmjs.org/tunnel-rat/-/tunnel-rat-0.1.2.tgz 0ms (cache hit)
449 http cache troika-three-text@https://registry.npmjs.org/troika-three-text/-/troika-three-text-0.52.4.tgz 0ms (cache hit)
450 http cache three-stdlib@https://registry.npmjs.org/three-stdlib/-/three-stdlib-2.36.1.tgz 0ms (cache hit)
451 http cache three-mesh-bvh@https://registry.npmjs.org/three-mesh-bvh/-/three-mesh-bvh-0.8.3.tgz 0ms (cache hit)
452 http cache suspend-react@https://registry.npmjs.org/suspend-react/-/suspend-react-0.1.3.tgz 0ms (cache hit)
453 http cache @types/three@https://registry.npmjs.org/@types/three/-/three-0.183.1.tgz 0ms (cache hit)
454 http cache stats.js@https://registry.npmjs.org/stats.js/-/stats.js-0.17.0.tgz 0ms (cache hit)
455 http cache stats-gl@https://registry.npmjs.org/stats-gl/-/stats-gl-2.4.2.tgz 0ms (cache hit)
456 http cache maath@https://registry.npmjs.org/maath/-/maath-0.10.8.tgz 0ms (cache hit)
457 http cache meshline@https://registry.npmjs.org/meshline/-/meshline-3.3.1.tgz 0ms (cache hit)
458 http cache hls.js@https://registry.npmjs.org/hls.js/-/hls.js-1.6.15.tgz 0ms (cache hit)
459 http cache glsl-noise@https://registry.npmjs.org/glsl-noise/-/glsl-noise-0.0.0.tgz 0ms (cache hit)
460 http cache detect-gpu@https://registry.npmjs.org/detect-gpu/-/detect-gpu-5.0.70.tgz 0ms (cache hit)
461 http cache cross-env@https://registry.npmjs.org/cross-env/-/cross-env-7.0.3.tgz 0ms (cache hit)
462 http cache @use-gesture/react@https://registry.npmjs.org/@use-gesture/react/-/react-10.3.1.tgz 0ms (cache hit)
463 http cache @monogrid/gainmap-js@https://registry.npmjs.org/@monogrid/gainmap-js/-/gainmap-js-3.4.0.tgz 0ms (cache hit)
464 http cache camera-controls@https://registry.npmjs.org/camera-controls/-/camera-controls-3.1.2.tgz 0ms (cache hit)
465 http cache @babel/runtime@https://registry.npmjs.org/@babel/runtime/-/runtime-7.29.2.tgz 0ms (cache hit)
466 http cache @react-three/fiber@https://registry.npmjs.org/@react-three/fiber/-/fiber-9.5.0.tgz 0ms (cache hit)
467 http cache @mediapipe/tasks-vision@https://registry.npmjs.org/@mediapipe/tasks-vision/-/tasks-vision-0.10.17.tgz 0ms (cache hit)
468 http cache three@https://registry.npmjs.org/three/-/three-0.183.2.tgz 0ms (cache hit)
469 http cache @react-three/drei@https://registry.npmjs.org/@react-three/drei/-/drei-10.7.7.tgz 0ms (cache hit)
470 http cache zustand@https://registry.npmjs.org/zustand/-/zustand-4.5.7.tgz 0ms (cache hit)
471 http cache fflate@https://registry.npmjs.org/fflate/-/fflate-0.6.10.tgz 0ms (cache hit)
472 http cache three@https://registry.npmjs.org/three/-/three-0.170.0.tgz 0ms (cache hit)
473 silly tarball no local data for require-from-string@https://registry.npmjs.org/require-from-string/-/require-from-string-2.0.2.tgz. Extracting by manifest.
474 silly tarball no local data for webgl-sdf-generator@https://registry.npmjs.org/webgl-sdf-generator/-/webgl-sdf-generator-1.1.1.tgz. Extracting by manifest.
475 silly tarball no local data for troika-three-utils@https://registry.npmjs.org/troika-three-utils/-/troika-three-utils-0.52.4.tgz. Extracting by manifest.
476 silly tarball no local data for @types/offscreencanvas@https://registry.npmjs.org/@types/offscreencanvas/-/offscreencanvas-2019.7.3.tgz. Extracting by manifest.
477 silly tarball no local data for troika-worker-utils@https://registry.npmjs.org/troika-worker-utils/-/troika-worker-utils-0.52.0.tgz. Extracting by manifest.
478 silly tarball no local data for bidi-js@https://registry.npmjs.org/bidi-js/-/bidi-js-1.0.3.tgz. Extracting by manifest.
479 silly tarball no local data for potpack@https://registry.npmjs.org/potpack/-/potpack-1.0.2.tgz. Extracting by manifest.
480 silly tarball no local data for @types/draco3d@https://registry.npmjs.org/@types/draco3d/-/draco3d-1.4.10.tgz. Extracting by manifest.
481 silly tarball no local data for @types/react-reconciler@https://registry.npmjs.org/@types/react-reconciler/-/react-reconciler-0.28.9.tgz. Extracting by manifest.
482 silly tarball no local data for draco3d@https://registry.npmjs.org/draco3d/-/draco3d-1.5.7.tgz. Extracting by manifest.
483 silly tarball no local data for @use-gesture/core@https://registry.npmjs.org/@use-gesture/core/-/core-10.3.1.tgz. Extracting by manifest.
484 silly tarball no local data for immediate@https://registry.npmjs.org/immediate/-/immediate-3.0.6.tgz. Extracting by manifest.
485 silly tarball no local data for lie@https://registry.npmjs.org/lie/-/lie-3.3.0.tgz. Extracting by manifest.
486 silly tarball no local data for is-promise@https://registry.npmjs.org/is-promise/-/is-promise-2.2.2.tgz. Extracting by manifest.
487 silly tarball no local data for webgl-constants@https://registry.npmjs.org/webgl-constants/-/webgl-constants-1.1.1.tgz. Extracting by manifest.
488 silly tarball no local data for @webgpu/types@https://registry.npmjs.org/@webgpu/types/-/types-0.1.69.tgz. Extracting by manifest.
489 silly tarball no local data for @types/stats.js@https://registry.npmjs.org/@types/stats.js/-/stats.js-0.17.4.tgz. Extracting by manifest.
490 silly tarball no local data for @tweenjs/tween.js@https://registry.npmjs.org/@tweenjs/tween.js/-/tween.js-23.1.3.tgz. Extracting by manifest.
491 silly tarball no local data for @dimforge/rapier3d-compat@https://registry.npmjs.org/@dimforge/rapier3d-compat/-/rapier3d-compat-0.12.0.tgz. Extracting by manifest.
492 silly tarball no local data for fflate@https://registry.npmjs.org/fflate/-/fflate-0.8.2.tgz. Extracting by manifest.
493 silly tarball no local data for ieee754@https://registry.npmjs.org/ieee754/-/ieee754-1.2.1.tgz. Extracting by manifest.
494 silly tarball no local data for meshoptimizer@https://registry.npmjs.org/meshoptimizer/-/meshoptimizer-1.0.1.tgz. Extracting by manifest.
495 silly tarball no local data for @types/webxr@https://registry.npmjs.org/@types/webxr/-/webxr-0.5.24.tgz. Extracting by manifest.
496 silly tarball no local data for react-use-measure@https://registry.npmjs.org/react-use-measure/-/react-use-measure-2.1.7.tgz. Extracting by manifest.
497 silly tarball no local data for its-fine@https://registry.npmjs.org/its-fine/-/its-fine-2.0.0.tgz. Extracting by manifest.
498 silly tarball no local data for buffer@https://registry.npmjs.org/buffer/-/buffer-6.0.3.tgz. Extracting by manifest.
499 silly tarball no local data for base64-js@https://registry.npmjs.org/base64-js/-/base64-js-1.5.1.tgz. Extracting by manifest.
500 silly tarball no local data for zustand@https://registry.npmjs.org/zustand/-/zustand-5.0.12.tgz. Extracting by manifest.
501 silly tarball no local data for promise-worker-transferable@https://registry.npmjs.org/promise-worker-transferable/-/promise-worker-transferable-1.0.4.tgz. Extracting by manifest.
502 silly tarball no local data for utility-types@https://registry.npmjs.org/utility-types/-/utility-types-3.11.0.tgz. Extracting by manifest.
503 silly tarball no local data for tunnel-rat@https://registry.npmjs.org/tunnel-rat/-/tunnel-rat-0.1.2.tgz. Extracting by manifest.
504 silly tarball no local data for troika-three-text@https://registry.npmjs.org/troika-three-text/-/troika-three-text-0.52.4.tgz. Extracting by manifest.
505 silly tarball no local data for three-stdlib@https://registry.npmjs.org/three-stdlib/-/three-stdlib-2.36.1.tgz. Extracting by manifest.
506 silly tarball no local data for three-mesh-bvh@https://registry.npmjs.org/three-mesh-bvh/-/three-mesh-bvh-0.8.3.tgz. Extracting by manifest.
507 silly tarball no local data for suspend-react@https://registry.npmjs.org/suspend-react/-/suspend-react-0.1.3.tgz. Extracting by manifest.
508 silly tarball no local data for @types/three@https://registry.npmjs.org/@types/three/-/three-0.183.1.tgz. Extracting by manifest.
509 silly tarball no local data for stats.js@https://registry.npmjs.org/stats.js/-/stats.js-0.17.0.tgz. Extracting by manifest.
510 silly tarball no local data for stats-gl@https://registry.npmjs.org/stats-gl/-/stats-gl-2.4.2.tgz. Extracting by manifest.
511 silly tarball no local data for maath@https://registry.npmjs.org/maath/-/maath-0.10.8.tgz. Extracting by manifest.
512 silly tarball no local data for meshline@https://registry.npmjs.org/meshline/-/meshline-3.3.1.tgz. Extracting by manifest.
513 silly tarball no local data for hls.js@https://registry.npmjs.org/hls.js/-/hls.js-1.6.15.tgz. Extracting by manifest.
514 silly tarball no local data for glsl-noise@https://registry.npmjs.org/glsl-noise/-/glsl-noise-0.0.0.tgz. Extracting by manifest.
515 silly tarball no local data for detect-gpu@https://registry.npmjs.org/detect-gpu/-/detect-gpu-5.0.70.tgz. Extracting by manifest.
516 silly tarball no local data for cross-env@https://registry.npmjs.org/cross-env/-/cross-env-7.0.3.tgz. Extracting by manifest.
517 silly tarball no local data for @use-gesture/react@https://registry.npmjs.org/@use-gesture/react/-/react-10.3.1.tgz. Extracting by manifest.
518 silly tarball no local data for @monogrid/gainmap-js@https://registry.npmjs.org/@monogrid/gainmap-js/-/gainmap-js-3.4.0.tgz. Extracting by manifest.
519 silly tarball no local data for camera-controls@https://registry.npmjs.org/camera-controls/-/camera-controls-3.1.2.tgz. Extracting by manifest.
520 silly tarball no local data for @babel/runtime@https://registry.npmjs.org/@babel/runtime/-/runtime-7.29.2.tgz. Extracting by manifest.
521 silly tarball no local data for @react-three/fiber@https://registry.npmjs.org/@react-three/fiber/-/fiber-9.5.0.tgz. Extracting by manifest.
522 silly tarball no local data for @mediapipe/tasks-vision@https://registry.npmjs.org/@mediapipe/tasks-vision/-/tasks-vision-0.10.17.tgz. Extracting by manifest.
523 silly tarball no local data for three@https://registry.npmjs.org/three/-/three-0.183.2.tgz. Extracting by manifest.
524 silly tarball no local data for @react-three/drei@https://registry.npmjs.org/@react-three/drei/-/drei-10.7.7.tgz. Extracting by manifest.
525 silly tarball no local data for zustand@https://registry.npmjs.org/zustand/-/zustand-4.5.7.tgz. Extracting by manifest.
526 silly tarball no local data for fflate@https://registry.npmjs.org/fflate/-/fflate-0.6.10.tgz. Extracting by manifest.
527 silly tarball no local data for three@https://registry.npmjs.org/three/-/three-0.170.0.tgz. Extracting by manifest.
528 http fetch POST 200 https://registry.npmjs.org/-/npm/v1/security/advisories/bulk 447ms
529 silly audit report {
529 silly audit report   'brace-expansion': [
529 silly audit report     {
529 silly audit report       id: 1115540,
529 silly audit report       url: 'https://github.com/advisories/GHSA-f886-m6hf-6m8v',
529 silly audit report       title: 'brace-expansion: Zero-step sequence causes process hang and memory exhaustion',
529 silly audit report       severity: 'moderate',
529 silly audit report       vulnerable_versions: '<1.1.13',
529 silly audit report       cwe: [Array],
529 silly audit report       cvss: [Object]
529 silly audit report     },
529 silly audit report     {
529 silly audit report       id: 1115541,
529 silly audit report       url: 'https://github.com/advisories/GHSA-f886-m6hf-6m8v',
529 silly audit report       title: 'brace-expansion: Zero-step sequence causes process hang and memory exhaustion',
529 silly audit report       severity: 'moderate',
529 silly audit report       vulnerable_versions: '>=2.0.0 <2.0.3',
529 silly audit report       cwe: [Array],
529 silly audit report       cvss: [Object]
529 silly audit report     }
529 silly audit report   ],
529 silly audit report   minimatch: [
529 silly audit report     {
529 silly audit report       id: 1113459,
529 silly audit report       url: 'https://github.com/advisories/GHSA-3ppc-4f35-3m26',
529 silly audit report       title: 'minimatch has a ReDoS via repeated wildcards with non-matching literal in pattern',
529 silly audit report       severity: 'high',
529 silly audit report       vulnerable_versions: '<3.1.3',
529 silly audit report       cwe: [Array],
529 silly audit report       cvss: [Object]
529 silly audit report     },
529 silly audit report     {
529 silly audit report       id: 1113465,
529 silly audit report       url: 'https://github.com/advisories/GHSA-3ppc-4f35-3m26',
529 silly audit report       title: 'minimatch has a ReDoS via repeated wildcards with non-matching literal in pattern',
529 silly audit report       severity: 'high',
529 silly audit report       vulnerable_versions: '>=9.0.0 <9.0.6',
529 silly audit report       cwe: [Array],
529 silly audit report       cvss: [Object]
529 silly audit report     },
529 silly audit report     {
529 silly audit report       id: 1113538,
529 silly audit report       url: 'https://github.com/advisories/GHSA-7r86-cg39-jmmj',
529 silly audit report       title: 'minimatch has ReDoS: matchOne() combinatorial backtracking via multiple non-adjacent GLOBSTAR segments',
529 silly audit report       severity: 'high',
529 silly audit report       vulnerable_versions: '<3.1.3',
529 silly audit report       cwe: [Array],
529 silly audit report       cvss: [Object]
529 silly audit report     },
529 silly audit report     {
529 silly audit report       id: 1113544,
529 silly audit report       url: 'https://github.com/advisories/GHSA-7r86-cg39-jmmj',
529 silly audit report       title: 'minimatch has ReDoS: matchOne() combinatorial backtracking via multiple non-adjacent GLOBSTAR segments',
529 silly audit report       severity: 'high',
529 silly audit report       vulnerable_versions: '>=9.0.0 <9.0.7',
529 silly audit report       cwe: [Array],
529 silly audit report       cvss: [Object]
529 silly audit report     },
529 silly audit report     {
529 silly audit report       id: 1113546,
529 silly audit report       url: 'https://github.com/advisories/GHSA-23c5-xmqv-rm74',
529 silly audit report       title: 'minimatch ReDoS: nested *() extglobs generate catastrophically backtracking regular expressions',
529 silly audit report       severity: 'high',
529 silly audit report       vulnerable_versions: '<3.1.4',
529 silly audit report       cwe: [Array],
529 silly audit report       cvss: [Object]
529 silly audit report     },
529 silly audit report     {
529 silly audit report       id: 1113552,
529 silly audit report       url: 'https://github.com/advisories/GHSA-23c5-xmqv-rm74',
529 silly audit report       title: 'minimatch ReDoS: nested *() extglobs generate catastrophically backtracking regular expressions',
529 silly audit report       severity: 'high',
529 silly audit report       vulnerable_versions: '>=9.0.0 <9.0.7',
529 silly audit report       cwe: [Array],
529 silly audit report       cvss: [Object]
529 silly audit report     }
529 silly audit report   ],
529 silly audit report   ajv: [
529 silly audit report     {
529 silly audit report       id: 1113714,
529 silly audit report       url: 'https://github.com/advisories/GHSA-2g4f-4pwh-qvx6',
529 silly audit report       title: 'ajv has ReDoS when using `$data` option',
529 silly audit report       severity: 'moderate',
529 silly audit report       vulnerable_versions: '<6.14.0',
529 silly audit report       cwe: [Array],
529 silly audit report       cvss: [Object]
529 silly audit report     }
529 silly audit report   ],
529 silly audit report   axios: [
529 silly audit report     {
529 silly audit report       id: 1113275,
529 silly audit report       url: 'https://github.com/advisories/GHSA-43fc-jf86-j433',
529 silly audit report       title: 'Axios is Vulnerable to Denial of Service via __proto__ Key in mergeConfig',
529 silly audit report       severity: 'high',
529 silly audit report       vulnerable_versions: '>=1.0.0 <=1.13.4',
529 silly audit report       cwe: [Array],
529 silly audit report       cvss: [Object]
529 silly audit report     }
529 silly audit report   ],
529 silly audit report   flatted: [
529 silly audit report     {
529 silly audit report       id: 1114526,
529 silly audit report       url: 'https://github.com/advisories/GHSA-25h7-pfq9-p65f',
529 silly audit report       title: 'flatted vulnerable to unbounded recursion DoS in parse() revive phase',
529 silly audit report       severity: 'high',
529 silly audit report       vulnerable_versions: '<3.4.0',
529 silly audit report       cwe: [Array],
529 silly audit report       cvss: [Object]
529 silly audit report     },
529 silly audit report     {
529 silly audit report       id: 1115357,
529 silly audit report       url: 'https://github.com/advisories/GHSA-rf6f-7fwh-wjgh',
529 silly audit report       title: 'Prototype Pollution via parse() in NodeJS flatted',
529 silly audit report       severity: 'high',
529 silly audit report       vulnerable_versions: '<=3.4.1',
529 silly audit report       cwe: [Array],
529 silly audit report       cvss: [Object]
529 silly audit report     }
529 silly audit report   ],
529 silly audit report   next: [
529 silly audit report     {
529 silly audit report       id: 1112592,
529 silly audit report       url: 'https://github.com/advisories/GHSA-9g9p-9gw9-jx7f',
529 silly audit report       title: 'Next.js self-hosted applications vulnerable to DoS via Image Optimizer remotePatterns configuration',
529 silly audit report       severity: 'moderate',
529 silly audit report       vulnerable_versions: '>=15.6.0-canary.0 <16.1.5',
529 silly audit report       cwe: [Array],
529 silly audit report       cvss: [Object]
529 silly audit report     },
529 silly audit report     {
529 silly audit report       id: 1112645,
529 silly audit report       url: 'https://github.com/advisories/GHSA-h25m-26qc-wcjf',
529 silly audit report       title: 'Next.js HTTP request deserialization can lead to DoS when using insecure React Server Components',
529 silly audit report       severity: 'high',
529 silly audit report       vulnerable_versions: '>=16.1.0-canary.0 <16.1.5',
529 silly audit report       cwe: [Array],
529 silly audit report       cvss: [Object]
529 silly audit report     },
529 silly audit report     {
529 silly audit report       id: 1112990,
529 silly audit report       url: 'https://github.com/advisories/GHSA-5f7q-jpqc-wp7h',
529 silly audit report       title: 'Next.js has Unbounded Memory Consumption via PPR Resume Endpoint ',
529 silly audit report       severity: 'moderate',
529 silly audit report       vulnerable_versions: '>=16.0.0-beta.0 <16.1.5',
529 silly audit report       cwe: [Array],
529 silly audit report       cvss: [Object]
529 silly audit report     },
529 silly audit report     {
529 silly audit report       id: 1114898,
529 silly audit report       url: 'https://github.com/advisories/GHSA-ggv3-7p47-pfv8',
529 silly audit report       title: 'Next.js: HTTP request smuggling in rewrites',
529 silly audit report       severity: 'moderate',
529 silly audit report       vulnerable_versions: '>=16.0.0-beta.0 <16.1.7',
529 silly audit report       cwe: [Array],
529 silly audit report       cvss: [Object]
529 silly audit report     },
529 silly audit report     {
529 silly audit report       id: 1114941,
529 silly audit report       url: 'https://github.com/advisories/GHSA-3x4c-7xq6-9pq8',
529 silly audit report       title: 'Next.js: Unbounded next/image disk cache growth can exhaust storage',
529 silly audit report       severity: 'moderate',
529 silly audit report       vulnerable_versions: '>=16.0.0-beta.0 <16.1.7',
529 silly audit report       cwe: [Array],
529 silly audit report       cvss: [Object]
529 silly audit report     },
529 silly audit report     {
529 silly audit report       id: 1114942,
529 silly audit report       url: 'https://github.com/advisories/GHSA-h27x-g6w4-24gq',
529 silly audit report       title: 'Next.js: Unbounded postponed resume buffering can lead to DoS',
529 silly audit report       severity: 'moderate',
529 silly audit report       vulnerable_versions: '>=16.0.1 <16.1.7',
529 silly audit report       cwe: [Array],
529 silly audit report       cvss: [Object]
529 silly audit report     },
529 silly audit report     {
529 silly audit report       id: 1114943,
529 silly audit report       url: 'https://github.com/advisories/GHSA-mq59-m269-xvcx',
529 silly audit report       title: 'Next.js: null origin can bypass Server Actions CSRF checks',
529 silly audit report       severity: 'moderate',
529 silly audit report       vulnerable_versions: '>=16.0.1 <16.1.7',
529 silly audit report       cwe: [Array],
529 silly audit report       cvss: [Object]
529 silly audit report     },
529 silly audit report     {
529 silly audit report       id: 1115360,
529 silly audit report       url: 'https://github.com/advisories/GHSA-jcc7-9wpm-mj36',
529 silly audit report       title: 'Next.js: null origin can bypass dev HMR websocket CSRF checks',
529 silly audit report       severity: 'low',
529 silly audit report       vulnerable_versions: '>=16.0.1 <16.1.7',
529 silly audit report       cwe: [Array],
529 silly audit report       cvss: [Object]
529 silly audit report     }
529 silly audit report   ],
529 silly audit report   picomatch: [
529 silly audit report     {
529 silly audit report       id: 1115549,
529 silly audit report       url: 'https://github.com/advisories/GHSA-3v7f-55p6-f55p',
529 silly audit report       title: 'Picomatch: Method Injection in POSIX Character Classes causes incorrect Glob Matching',
529 silly audit report       severity: 'moderate',
529 silly audit report       vulnerable_versions: '<2.3.2',
529 silly audit report       cwe: [Array],
529 silly audit report       cvss: [Object]
529 silly audit report     },
529 silly audit report     {
529 silly audit report       id: 1115551,
529 silly audit report       url: 'https://github.com/advisories/GHSA-3v7f-55p6-f55p',
529 silly audit report       title: 'Picomatch: Method Injection in POSIX Character Classes causes incorrect Glob Matching',
529 silly audit report       severity: 'moderate',
529 silly audit report       vulnerable_versions: '>=4.0.0 <4.0.4',
529 silly audit report       cwe: [Array],
529 silly audit report       cvss: [Object]
529 silly audit report     },
529 silly audit report     {
529 silly audit report       id: 1115552,
529 silly audit report       url: 'https://github.com/advisories/GHSA-c2c7-rcm5-vvqj',
529 silly audit report       title: 'Picomatch has a ReDoS vulnerability via extglob quantifiers',
529 silly audit report       severity: 'high',
529 silly audit report       vulnerable_versions: '<2.3.2',
529 silly audit report       cwe: [Array],
529 silly audit report       cvss: [Object]
529 silly audit report     },
529 silly audit report     {
529 silly audit report       id: 1115554,
529 silly audit report       url: 'https://github.com/advisories/GHSA-c2c7-rcm5-vvqj',
529 silly audit report       title: 'Picomatch has a ReDoS vulnerability via extglob quantifiers',
529 silly audit report       severity: 'high',
529 silly audit report       vulnerable_versions: '>=4.0.0 <4.0.4',
529 silly audit report       cwe: [Array],
529 silly audit report       cvss: [Object]
529 silly audit report     }
529 silly audit report   ],
529 silly audit report   'socket.io-parser': [
529 silly audit report     {
529 silly audit report       id: 1115154,
529 silly audit report       url: 'https://github.com/advisories/GHSA-677m-j7p3-52f9',
529 silly audit report       title: 'socket.io allows an unbounded number of binary attachments',
529 silly audit report       severity: 'high',
529 silly audit report       vulnerable_versions: '>=4.0.0 <4.2.6',
529 silly audit report       cwe: [Array],
529 silly audit report       cvss: [Object]
529 silly audit report     }
529 silly audit report   ]
529 silly audit report }
530 silly packumentCache corgi:https://registry.npmjs.org/brace-expansion cache-miss
531 silly packumentCache corgi:https://registry.npmjs.org/minimatch cache-miss
532 silly packumentCache corgi:https://registry.npmjs.org/ajv cache-miss
533 silly packumentCache corgi:https://registry.npmjs.org/axios cache-miss
534 silly packumentCache corgi:https://registry.npmjs.org/flatted cache-miss
535 silly packumentCache corgi:https://registry.npmjs.org/next cache-miss
536 silly packumentCache corgi:https://registry.npmjs.org/picomatch cache-miss
537 silly packumentCache corgi:https://registry.npmjs.org/socket.io-parser cache-miss
538 http fetch GET 200 https://registry.npmjs.org/require-from-string/-/require-from-string-2.0.2.tgz 603ms (cache miss)
539 http fetch GET 200 https://registry.npmjs.org/@types/offscreencanvas/-/offscreencanvas-2019.7.3.tgz 1297ms (cache miss)
540 http fetch GET 200 https://registry.npmjs.org/ieee754/-/ieee754-1.2.1.tgz 1284ms (cache miss)
541 http fetch GET 200 https://registry.npmjs.org/is-promise/-/is-promise-2.2.2.tgz 1424ms (cache miss)
542 http fetch GET 200 https://registry.npmjs.org/promise-worker-transferable/-/promise-worker-transferable-1.0.4.tgz 1417ms (cache miss)
543 http fetch GET 200 https://registry.npmjs.org/potpack/-/potpack-1.0.2.tgz 1486ms (cache miss)
544 http fetch GET 200 https://registry.npmjs.org/utility-types/-/utility-types-3.11.0.tgz 1472ms (cache miss)
545 http fetch GET 200 https://registry.npmjs.org/stats.js/-/stats.js-0.17.0.tgz 1618ms (cache miss)
546 http fetch GET 200 https://registry.npmjs.org/@types/draco3d/-/draco3d-1.4.10.tgz 2010ms (cache miss)
547 http fetch GET 200 https://registry.npmjs.org/@types/stats.js/-/stats.js-0.17.4.tgz 2006ms (cache miss)
548 http fetch GET 200 https://registry.npmjs.org/base64-js/-/base64-js-1.5.1.tgz 2336ms (cache miss)
549 http fetch GET 200 https://registry.npmjs.org/webgl-sdf-generator/-/webgl-sdf-generator-1.1.1.tgz 2373ms (cache miss)
550 http fetch GET 200 https://registry.npmjs.org/glsl-noise/-/glsl-noise-0.0.0.tgz 2374ms (cache miss)
551 http fetch GET 200 https://registry.npmjs.org/buffer/-/buffer-6.0.3.tgz 2457ms (cache miss)
552 http fetch GET 200 https://registry.npmjs.org/suspend-react/-/suspend-react-0.1.3.tgz 2451ms (cache miss)
553 http fetch GET 200 https://registry.npmjs.org/immediate/-/immediate-3.0.6.tgz 2532ms (cache miss)
554 http fetch GET 200 https://registry.npmjs.org/@webgpu/types/-/types-0.1.69.tgz 2983ms (cache miss)
555 http fetch GET 200 https://registry.npmjs.org/@use-gesture/react/-/react-10.3.1.tgz 3191ms (cache miss)
556 http fetch GET 200 https://registry.npmjs.org/@types/webxr/-/webxr-0.5.24.tgz 3774ms (cache miss)
557 http fetch GET 200 https://registry.npmjs.org/@types/react-reconciler/-/react-reconciler-0.28.9.tgz 3909ms (cache miss)
558 http fetch GET 200 https://registry.npmjs.org/react-use-measure/-/react-use-measure-2.1.7.tgz 4182ms (cache miss)
559 http fetch GET 200 https://registry.npmjs.org/brace-expansion 3940ms (cache miss)
560 silly packumentCache corgi:https://registry.npmjs.org/brace-expansion set size:undefined disposed:false
561 http fetch GET 200 https://registry.npmjs.org/flatted 3996ms (cache miss)
562 silly packumentCache corgi:https://registry.npmjs.org/flatted set size:undefined disposed:false
563 http fetch GET 200 https://registry.npmjs.org/its-fine/-/its-fine-2.0.0.tgz 4649ms (cache miss)
564 http fetch GET 200 https://registry.npmjs.org/troika-worker-utils/-/troika-worker-utils-0.52.0.tgz 5342ms (cache miss)
565 http fetch GET 200 https://registry.npmjs.org/lie/-/lie-3.3.0.tgz 5489ms (cache miss)
566 http fetch GET 200 https://registry.npmjs.org/picomatch 5379ms (cache miss)
567 silly packumentCache corgi:https://registry.npmjs.org/picomatch set size:undefined disposed:false
568 http fetch GET 200 https://registry.npmjs.org/minimatch 5421ms (cache miss)
569 silly packumentCache corgi:https://registry.npmjs.org/minimatch set size:undefined disposed:false
570 http fetch GET 200 https://registry.npmjs.org/meshline/-/meshline-3.3.1.tgz 5885ms (cache miss)
571 http fetch GET 200 https://registry.npmjs.org/@tweenjs/tween.js/-/tween.js-23.1.3.tgz 5906ms (cache miss)
572 http fetch GET 200 https://registry.npmjs.org/socket.io-parser 5594ms (cache miss)
573 silly packumentCache corgi:https://registry.npmjs.org/socket.io-parser set size:undefined disposed:false
574 http fetch GET 200 https://registry.npmjs.org/axios 5717ms (cache miss)
575 silly packumentCache corgi:https://registry.npmjs.org/axios set size:undefined disposed:false
576 http fetch GET 200 https://registry.npmjs.org/stats-gl/-/stats-gl-2.4.2.tgz 6256ms (cache miss)
577 http fetch GET 200 https://registry.npmjs.org/troika-three-utils/-/troika-three-utils-0.52.4.tgz 6470ms (cache miss)
578 http fetch GET 200 https://registry.npmjs.org/bidi-js/-/bidi-js-1.0.3.tgz 6467ms (cache miss)
579 http fetch GET 200 https://registry.npmjs.org/camera-controls/-/camera-controls-3.1.2.tgz 6444ms (cache miss)
580 http fetch GET 200 https://registry.npmjs.org/cross-env/-/cross-env-7.0.3.tgz 6472ms (cache miss)
581 http fetch GET 200 https://registry.npmjs.org/ajv 6116ms (cache miss)
582 silly packumentCache corgi:https://registry.npmjs.org/ajv set size:undefined disposed:false
583 http fetch GET 200 https://registry.npmjs.org/webgl-constants/-/webgl-constants-1.1.1.tgz 6859ms (cache miss)
584 http fetch GET 200 https://registry.npmjs.org/tunnel-rat/-/tunnel-rat-0.1.2.tgz 6914ms (cache miss)
585 http fetch GET 200 https://registry.npmjs.org/meshoptimizer/-/meshoptimizer-1.0.1.tgz 6997ms (cache miss)
586 http fetch GET 200 https://registry.npmjs.org/fflate/-/fflate-0.8.2.tgz 7191ms (cache miss)
587 http fetch GET 200 https://registry.npmjs.org/fflate/-/fflate-0.6.10.tgz 7490ms (cache miss)
588 http fetch GET 200 https://registry.npmjs.org/draco3d/-/draco3d-1.5.7.tgz 7690ms (cache miss)
589 http fetch GET 200 https://registry.npmjs.org/troika-three-text/-/troika-three-text-0.52.4.tgz 7897ms (cache miss)
590 http fetch GET 200 https://registry.npmjs.org/zustand/-/zustand-5.0.12.tgz 8310ms (cache miss)
591 http fetch GET 200 https://registry.npmjs.org/detect-gpu/-/detect-gpu-5.0.70.tgz 8419ms (cache miss)
592 http fetch GET 200 https://registry.npmjs.org/@react-three/fiber/-/fiber-9.5.0.tgz 9215ms (cache miss)
593 http fetch GET 200 https://registry.npmjs.org/@monogrid/gainmap-js/-/gainmap-js-3.4.0.tgz 9850ms (cache miss)
594 http fetch GET 200 https://registry.npmjs.org/@use-gesture/core/-/core-10.3.1.tgz 9924ms (cache miss)
595 http fetch GET 200 https://registry.npmjs.org/three-mesh-bvh/-/three-mesh-bvh-0.8.3.tgz 10528ms (cache miss)
596 http fetch GET 200 https://registry.npmjs.org/maath/-/maath-0.10.8.tgz 10907ms (cache miss)
597 http fetch GET 200 https://registry.npmjs.org/zustand/-/zustand-4.5.7.tgz 11180ms (cache miss)
598 http fetch GET 200 https://registry.npmjs.org/@dimforge/rapier3d-compat/-/rapier3d-compat-0.12.0.tgz 11402ms (cache miss)
599 http fetch GET 200 https://registry.npmjs.org/@babel/runtime/-/runtime-7.29.2.tgz 12140ms (cache miss)
600 http fetch GET 200 https://registry.npmjs.org/@mediapipe/tasks-vision/-/tasks-vision-0.10.17.tgz 12730ms (cache miss)
601 http fetch GET 200 https://registry.npmjs.org/next 12557ms (cache updated)
602 silly packumentCache corgi:https://registry.npmjs.org/next set size:undefined disposed:false
603 silly packumentCache corgi:https://registry.npmjs.org/@eslint%2fconfig-array cache-miss
604 silly packumentCache corgi:https://registry.npmjs.org/@eslint%2feslintrc cache-miss
605 silly packumentCache corgi:https://registry.npmjs.org/eslint cache-miss
606 silly packumentCache corgi:https://registry.npmjs.org/eslint-plugin-import cache-miss
607 silly packumentCache corgi:https://registry.npmjs.org/eslint-plugin-jsx-a11y cache-miss
608 silly packumentCache corgi:https://registry.npmjs.org/eslint-plugin-react cache-miss
609 http fetch GET 200 https://registry.npmjs.org/@eslint%2fconfig-array 226ms (cache miss)
610 silly packumentCache corgi:https://registry.npmjs.org/@eslint%2fconfig-array set size:undefined disposed:false
611 http fetch GET 200 https://registry.npmjs.org/@eslint%2feslintrc 234ms (cache updated)
612 silly packumentCache corgi:https://registry.npmjs.org/@eslint%2feslintrc set size:undefined disposed:false
613 http fetch GET 200 https://registry.npmjs.org/eslint-plugin-import 433ms (cache miss)
614 silly packumentCache corgi:https://registry.npmjs.org/eslint-plugin-import set size:undefined disposed:false
615 http fetch GET 200 https://registry.npmjs.org/eslint-plugin-jsx-a11y 447ms (cache miss)
616 silly packumentCache corgi:https://registry.npmjs.org/eslint-plugin-jsx-a11y set size:undefined disposed:false
617 http fetch GET 200 https://registry.npmjs.org/eslint-plugin-react 482ms (cache miss)
618 silly packumentCache corgi:https://registry.npmjs.org/eslint-plugin-react set size:undefined disposed:false
619 http fetch GET 200 https://registry.npmjs.org/eslint 580ms (cache miss)
620 silly packumentCache corgi:https://registry.npmjs.org/eslint set size:undefined disposed:false
621 silly packumentCache corgi:https://registry.npmjs.org/@typescript-eslint%2ftypescript-estree cache-miss
622 http fetch GET 200 https://registry.npmjs.org/@typescript-eslint%2ftypescript-estree 2096ms (cache miss)
623 silly packumentCache corgi:https://registry.npmjs.org/@typescript-eslint%2ftypescript-estree set size:undefined disposed:false
624 http fetch GET 200 https://registry.npmjs.org/@react-three/drei/-/drei-10.7.7.tgz 18555ms (cache miss)
625 silly packumentCache corgi:https://registry.npmjs.org/flat-cache cache-miss
626 http fetch GET 200 https://registry.npmjs.org/flat-cache 273ms (cache miss)
627 silly packumentCache corgi:https://registry.npmjs.org/flat-cache set size:undefined disposed:false
628 http fetch GET 200 https://registry.npmjs.org/hls.js/-/hls.js-1.6.15.tgz 19198ms (cache miss)
629 silly packumentCache corgi:https://registry.npmjs.org/micromatch cache-miss
630 http fetch GET 200 https://registry.npmjs.org/micromatch 190ms (cache miss)
631 silly packumentCache corgi:https://registry.npmjs.org/micromatch set size:undefined disposed:false
632 silly packumentCache corgi:https://registry.npmjs.org/tinyglobby cache-miss
633 silly packumentCache corgi:https://registry.npmjs.org/fdir cache-miss
634 http fetch GET 200 https://registry.npmjs.org/tinyglobby 182ms (cache miss)
635 silly packumentCache corgi:https://registry.npmjs.org/tinyglobby set size:undefined disposed:false
636 http fetch GET 200 https://registry.npmjs.org/fdir 194ms (cache miss)
637 silly packumentCache corgi:https://registry.npmjs.org/fdir set size:undefined disposed:false
638 silly packumentCache corgi:https://registry.npmjs.org/socket.io-client cache-miss
639 http fetch GET 200 https://registry.npmjs.org/socket.io-client 222ms (cache miss)
640 silly packumentCache corgi:https://registry.npmjs.org/socket.io-client set size:undefined disposed:false
641 http fetch GET 200 https://registry.npmjs.org/@types/three/-/three-0.183.1.tgz 24901ms (cache miss)
642 http fetch GET 200 https://registry.npmjs.org/three/-/three-0.170.0.tgz 39973ms (cache miss)
643 http fetch GET 200 https://registry.npmjs.org/three/-/three-0.183.2.tgz 41572ms (cache miss)
644 http fetch GET 200 https://registry.npmjs.org/three-stdlib/-/three-stdlib-2.36.1.tgz 43810ms (cache miss)
645 silly ADD node_modules/require-from-string
646 silly ADD node_modules/webgl-sdf-generator
647 silly ADD node_modules/troika-worker-utils
648 silly ADD node_modules/troika-three-utils
649 silly ADD node_modules/bidi-js
650 silly ADD node_modules/potpack
651 silly ADD node_modules/draco3d
652 silly ADD node_modules/@types/offscreencanvas
653 silly ADD node_modules/@types/draco3d
654 silly ADD node_modules/immediate
655 silly ADD node_modules/lie
656 silly ADD node_modules/is-promise
657 silly ADD node_modules/@types/react-reconciler
658 silly ADD node_modules/webgl-constants
659 silly ADD node_modules/ieee754
660 silly ADD node_modules/@use-gesture/core
661 silly ADD node_modules/meshoptimizer
662 silly ADD node_modules/fflate
663 silly ADD node_modules/@webgpu/types
664 silly ADD node_modules/@types/stats.js
665 silly ADD node_modules/@tweenjs/tween.js
666 silly ADD node_modules/@dimforge/rapier3d-compat
667 silly ADD node_modules/react-use-measure
668 silly ADD node_modules/its-fine
669 silly ADD node_modules/buffer
670 silly ADD node_modules/base64-js
671 silly ADD node_modules/@types/webxr
672 silly ADD node_modules/promise-worker-transferable
673 silly ADD node_modules/zustand
674 silly ADD node_modules/utility-types
675 silly ADD node_modules/tunnel-rat
676 silly ADD node_modules/tunnel-rat/node_modules/zustand
677 silly ADD node_modules/troika-three-text
678 silly ADD node_modules/three-stdlib
679 silly ADD node_modules/three-stdlib/node_modules/fflate
680 silly ADD node_modules/three-mesh-bvh
681 silly ADD node_modules/suspend-react
682 silly ADD node_modules/stats.js
683 silly ADD node_modules/stats-gl
684 silly ADD node_modules/stats-gl/node_modules/three
685 silly ADD node_modules/meshline
686 silly ADD node_modules/@types/three
687 silly ADD node_modules/maath
688 silly ADD node_modules/hls.js
689 silly ADD node_modules/glsl-noise
690 silly ADD node_modules/detect-gpu
691 silly ADD node_modules/cross-env
692 silly ADD node_modules/camera-controls
693 silly ADD node_modules/@use-gesture/react
694 silly ADD node_modules/@monogrid/gainmap-js
695 silly ADD node_modules/@mediapipe/tasks-vision
696 silly ADD node_modules/@babel/runtime
697 silly ADD node_modules/three
698 silly ADD node_modules/@react-three/fiber
699 silly ADD node_modules/@react-three/drei
700 verbose cwd D:\Projects\Swasth-Raho\Frontend\hospital
701 verbose os Windows_NT 10.0.26200
702 verbose node v22.17.0
703 verbose npm  v11.5.2
704 verbose exit 0
705 info ok
