0 verbose cli C:\Program Files\nodejs\node.exe C:\Users\Asus\AppData\Roaming\npm\node_modules\npm\bin\npm-cli.js
1 info using npm@11.5.2
2 info using node@v22.17.0
3 silly config load:file:C:\Users\Asus\AppData\Roaming\npm\node_modules\npm\npmrc
4 silly config load:file:D:\Projects\Swasth-Raho\Frontend\hospital\.npmrc
5 silly config load:file:C:\Users\Asus\.npmrc
6 silly config load:file:C:\Users\Asus\AppData\Roaming\npm\etc\npmrc
7 verbose title npm run dev
8 verbose argv "run" "dev"
9 verbose logfile logs-max:10 dir:D:\Projects\Swasth-Raho\Frontend\hospital\npm-cache\_logs\2026-01-14T07_09_40_747Z-
10 verbose logfile D:\Projects\Swasth-Raho\Frontend\hospital\npm-cache\_logs\2026-01-14T07_09_40_747Z-debug-0.log
11 silly logfile start cleaning logs, removing 1 files
12 silly logfile done cleaning log files
13 http fetch GET 200 https://registry.npmjs.org/npm 965ms
14 verbose cwd D:\Projects\Swasth-Raho\Frontend\hospital
15 verbose os Windows_NT 10.0.22631
16 verbose node v22.17.0
17 verbose npm  v11.5.2
18 notice
18 notice New [33mminor[39m version of npm available! [33m11.5.2[39m -> [34m11.7.0[39m
18 notice Changelog: [34mhttps://github.com/npm/cli/releases/tag/v11.7.0[39m
18 notice To update run: [4mnpm install -g npm@11.7.0[24m
18 notice  { force: true, [Symbol(proc-log.meta)]: true }
19 verbose exit 1
20 verbose code 1
21 error A complete log of this run can be found in: D:\Projects\Swasth-Raho\Frontend\hospital\npm-cache\_logs\2026-01-14T07_09_40_747Z-debug-0.log
