0 verbose cli C:\Program Files\nodejs\node.exe C:\Users\Asus\AppData\Roaming\npm\node_modules\npm\bin\npm-cli.js
1 info using npm@11.5.2
2 info using node@v22.17.0
3 silly config load:file:C:\Users\Asus\AppData\Roaming\npm\node_modules\npm\npmrc
4 silly config load:file:D:\Projects\Swasth-Raho\Frontend\hospital\.npmrc
5 silly config load:file:C:\Users\Asus\.npmrc
6 silly config load:file:C:\Users\Asus\AppData\Roaming\npm\etc\npmrc
7 verbose title npm run dev
8 verbose argv "run" "dev"
9 verbose logfile logs-max:10 dir:D:\Projects\Swasth-Raho\Frontend\hospital\npm-cache\_logs\2026-02-26T17_18_52_378Z-
10 verbose logfile D:\Projects\Swasth-Raho\Frontend\hospital\npm-cache\_logs\2026-02-26T17_18_52_378Z-debug-0.log
11 silly logfile start cleaning logs, removing 1 files
12 silly logfile done cleaning log files
13 http fetch GET https://registry.npmjs.org/npm attempt 1 failed with 500
14 http fetch GET 200 https://registry.npmjs.org/npm 11110ms attempt #2
15 verbose cwd D:\Projects\Swasth-Raho\Frontend\hospital
16 verbose os Windows_NT 10.0.22631
17 verbose node v22.17.0
18 verbose npm  v11.5.2
19 notice
19 notice New [33mminor[39m version of npm available! [33m11.5.2[39m -> [34m11.11.0[39m
19 notice Changelog: [34mhttps://github.com/npm/cli/releases/tag/v11.11.0[39m
19 notice To update run: [4mnpm install -g npm@11.11.0[24m
19 notice  { force: true, [Symbol(proc-log.meta)]: true }
20 verbose exit 1
21 verbose code 1
22 error A complete log of this run can be found in: D:\Projects\Swasth-Raho\Frontend\hospital\npm-cache\_logs\2026-02-26T17_18_52_378Z-debug-0.log
