0 verbose cli C:\Program Files\nodejs\node.exe C:\Users\Asus\AppData\Roaming\npm\node_modules\npm\bin\npm-cli.js
0 verbose cli C:\Program Files\nodejs\node.exe C:\Users\Asus\AppData\Roaming\npm\node_modules\npm\bin\npm-cli.js
0 verbose cli C:\Program Files\nodejs\node.exe C:\Users\Asus\AppData\Roaming\npm\node_modules\npm\bin\npm-cli.js
1 info using npm@11.5.2
1 info using npm@11.5.2
1 info using npm@11.5.2
2 info using node@v22.17.0
2 info using node@v22.17.0
2 info using node@v22.17.0
3 silly config load:file:C:\Users\Asus\AppData\Roaming\npm\node_modules\npm\npmrc
0 verbose cli C:\Program Files\nodejs\node.exe C:\Users\Asus\AppData\Roaming\npm\node_modules\npm\bin\npm-cli.js
3 silly config load:file:C:\Users\Asus\AppData\Roaming\npm\node_modules\npm\npmrc
4 silly config load:file:d:\Projects\Swasth-Raho\Frontend\hospital\.npmrc
5 silly config load:file:C:\Users\Asus\.npmrc
6 silly config load:file:C:\Users\Asus\AppData\Roaming\npm\etc\npmrc
4 silly config load:file:d:\Projects\Swasth-Raho\Frontend\hospital\.npmrc
7 verbose title npm view js-cookie description dist-tags.latest homepage version time
5 silly config load:file:C:\Users\Asus\.npmrc
1 info using npm@11.5.2
6 silly config load:file:C:\Users\Asus\AppData\Roaming\npm\etc\npmrc
8 verbose argv "view" "--json" "--" "js-cookie" "description" "dist-tags.latest" "homepage" "version" "time"
3 silly config load:file:C:\Users\Asus\AppData\Roaming\npm\node_modules\npm\npmrc
7 verbose title npm view lucide-react description dist-tags.latest homepage version time
2 info using node@v22.17.0
4 silly config load:file:d:\Projects\Swasth-Raho\Frontend\hospital\.npmrc
3 silly config load:file:C:\Users\Asus\AppData\Roaming\npm\node_modules\npm\npmrc
5 silly config load:file:C:\Users\Asus\.npmrc
4 silly config load:file:d:\Projects\Swasth-Raho\Frontend\hospital\.npmrc
6 silly config load:file:C:\Users\Asus\AppData\Roaming\npm\etc\npmrc
5 silly config load:file:C:\Users\Asus\.npmrc
9 verbose logfile logs-max:10 dir:D:\Projects\Swasth-Raho\Frontend\hospital\npm-cache\_logs\2026-04-07T07_15_43_055Z-
6 silly config load:file:C:\Users\Asus\AppData\Roaming\npm\etc\npmrc
8 verbose argv "view" "--json" "--" "lucide-react" "description" "dist-tags.latest" "homepage" "version" "time"
7 verbose title npm view recharts description dist-tags.latest homepage version time
7 verbose title npm view next description dist-tags.latest homepage version time
10 verbose logfile D:\Projects\Swasth-Raho\Frontend\hospital\npm-cache\_logs\2026-04-07T07_15_43_055Z-debug-0.log
8 verbose argv "view" "--json" "--" "recharts" "description" "dist-tags.latest" "homepage" "version" "time"
8 verbose argv "view" "--json" "--" "next" "description" "dist-tags.latest" "homepage" "version" "time"
9 verbose logfile logs-max:10 dir:D:\Projects\Swasth-Raho\Frontend\hospital\npm-cache\_logs\2026-04-07T07_15_43_055Z-
10 verbose logfile D:\Projects\Swasth-Raho\Frontend\hospital\npm-cache\_logs\2026-04-07T07_15_43_055Z-debug-0.log
9 verbose logfile logs-max:10 dir:D:\Projects\Swasth-Raho\Frontend\hospital\npm-cache\_logs\2026-04-07T07_15_43_055Z-
9 verbose logfile logs-max:10 dir:D:\Projects\Swasth-Raho\Frontend\hospital\npm-cache\_logs\2026-04-07T07_15_43_055Z-
10 verbose logfile D:\Projects\Swasth-Raho\Frontend\hospital\npm-cache\_logs\2026-04-07T07_15_43_055Z-debug-0.log
10 verbose logfile D:\Projects\Swasth-Raho\Frontend\hospital\npm-cache\_logs\2026-04-07T07_15_43_055Z-debug-0.log
11 silly logfile start cleaning logs, removing 1 files
11 silly logfile start cleaning logs, removing 1 files
11 silly logfile start cleaning logs, removing 1 files
11 silly logfile start cleaning logs, removing 1 files
12 silly logfile done cleaning log files
12 silly logfile done cleaning log files
12 silly logfile done cleaning log files
12 silly logfile done cleaning log files
13 http fetch GET 200 https://registry.npmjs.org/js-cookie 1300ms (cache revalidated)
14 verbose cwd d:\Projects\Swasth-Raho\Frontend\hospital
15 verbose os Windows_NT 10.0.26200
16 verbose node v22.17.0
17 verbose npm  v11.5.2
18 verbose exit 0
19 info ok
13 http fetch GET 200 https://registry.npmjs.org/recharts 1540ms (cache updated)
14 verbose cwd d:\Projects\Swasth-Raho\Frontend\hospital
15 verbose os Windows_NT 10.0.26200
16 verbose node v22.17.0
17 verbose npm  v11.5.2
18 verbose exit 0
19 info ok
13 http fetch GET 200 https://registry.npmjs.org/lucide-react 1772ms (cache updated)
14 verbose cwd d:\Projects\Swasth-Raho\Frontend\hospital
15 verbose os Windows_NT 10.0.26200
16 verbose node v22.17.0
17 verbose npm  v11.5.2
18 verbose exit 0
19 info ok
13 http fetch GET 200 https://registry.npmjs.org/next 2794ms (cache updated)
14 verbose cwd d:\Projects\Swasth-Raho\Frontend\hospital
15 verbose os Windows_NT 10.0.26200
16 verbose node v22.17.0
17 verbose npm  v11.5.2
18 verbose exit 0
19 info ok
