0 verbose cli C:\Program Files\nodejs\node.exe C:\Users\Asus\AppData\Roaming\npm\node_modules\npm\bin\npm-cli.js
1 info using npm@11.5.2
2 info using node@v22.17.0
3 silly config load:file:C:\Users\Asus\AppData\Roaming\npm\node_modules\npm\npmrc
4 silly config load:file:D:\Projects\Swasth-Raho\Frontend\hospital\.npmrc
5 silly config load:file:C:\Users\Asus\.npmrc
6 silly config load:file:C:\Users\Asus\AppData\Roaming\npm\etc\npmrc
7 verbose title npm i
8 verbose argv "i"
9 verbose logfile logs-max:10 dir:D:\Projects\Swasth-Raho\Frontend\hospital\npm-cache\_logs\2026-04-28T14_17_18_694Z-
10 verbose logfile D:\Projects\Swasth-Raho\Frontend\hospital\npm-cache\_logs\2026-04-28T14_17_18_694Z-debug-0.log
11 silly logfile start cleaning logs, removing 1 files
12 silly packumentCache heap:2197815296 maxSize:549453824 maxEntrySize:274726912
13 silly logfile done cleaning log files
14 silly idealTree buildDeps
15 silly reify moves {}
16 silly audit bulk request {
16 silly audit   '@alloc/quick-lru': [ '5.2.0' ],
16 silly audit   '@babel/runtime': [ '7.29.2' ],
16 silly audit   '@dimforge/rapier3d-compat': [ '0.12.0' ],
16 silly audit   '@emnapi/core': [ '1.7.1' ],
16 silly audit   '@emnapi/runtime': [ '1.7.1' ],
16 silly audit   '@emnapi/wasi-threads': [ '1.1.0' ],
16 silly audit   '@eslint-community/eslint-utils': [ '4.9.0' ],
16 silly audit   'eslint-visitor-keys': [ '3.4.3', '4.2.1' ],
16 silly audit   '@eslint-community/regexpp': [ '4.12.2' ],
16 silly audit   '@eslint/config-array': [ '0.21.1' ],
16 silly audit   '@eslint/config-helpers': [ '0.4.2' ],
16 silly audit   '@eslint/core': [ '0.17.0' ],
16 silly audit   '@eslint/eslintrc': [ '3.3.3' ],
16 silly audit   '@eslint/js': [ '9.39.2' ],
16 silly audit   '@eslint/object-schema': [ '2.1.7' ],
16 silly audit   '@eslint/plugin-kit': [ '0.4.1' ],
16 silly audit   '@humanfs/core': [ '0.19.1' ],
16 silly audit   '@humanfs/node': [ '0.16.7' ],
16 silly audit   '@humanwhocodes/module-importer': [ '1.0.1' ],
16 silly audit   '@humanwhocodes/retry': [ '0.4.3' ],
16 silly audit   '@img/colour': [ '1.0.0' ],
16 silly audit   '@img/sharp-darwin-arm64': [ '0.34.5' ],
16 silly audit   '@img/sharp-darwin-x64': [ '0.34.5' ],
16 silly audit   '@img/sharp-libvips-darwin-arm64': [ '1.2.4' ],
16 silly audit   '@img/sharp-libvips-darwin-x64': [ '1.2.4' ],
16 silly audit   '@img/sharp-libvips-linux-arm': [ '1.2.4' ],
16 silly audit   '@img/sharp-libvips-linux-arm64': [ '1.2.4' ],
16 silly audit   '@img/sharp-libvips-linux-ppc64': [ '1.2.4' ],
16 silly audit   '@img/sharp-libvips-linux-riscv64': [ '1.2.4' ],
16 silly audit   '@img/sharp-libvips-linux-s390x': [ '1.2.4' ],
16 silly audit   '@img/sharp-libvips-linux-x64': [ '1.2.4' ],
16 silly audit   '@img/sharp-libvips-linuxmusl-arm64': [ '1.2.4' ],
16 silly audit   '@img/sharp-libvips-linuxmusl-x64': [ '1.2.4' ],
16 silly audit   '@img/sharp-linux-arm': [ '0.34.5' ],
16 silly audit   '@img/sharp-linux-arm64': [ '0.34.5' ],
16 silly audit   '@img/sharp-linux-ppc64': [ '0.34.5' ],
16 silly audit   '@img/sharp-linux-riscv64': [ '0.34.5' ],
16 silly audit   '@img/sharp-linux-s390x': [ '0.34.5' ],
16 silly audit   '@img/sharp-linux-x64': [ '0.34.5' ],
16 silly audit   '@img/sharp-linuxmusl-arm64': [ '0.34.5' ],
16 silly audit   '@img/sharp-linuxmusl-x64': [ '0.34.5' ],
16 silly audit   '@img/sharp-wasm32': [ '0.34.5' ],
16 silly audit   '@img/sharp-win32-arm64': [ '0.34.5' ],
16 silly audit   '@img/sharp-win32-ia32': [ '0.34.5' ],
16 silly audit   '@img/sharp-win32-x64': [ '0.34.5' ],
16 silly audit   '@jridgewell/gen-mapping': [ '0.3.13' ],
16 silly audit   '@jridgewell/remapping': [ '2.3.5' ],
16 silly audit   '@jridgewell/resolve-uri': [ '3.1.2' ],
16 silly audit   '@jridgewell/sourcemap-codec': [ '1.5.5' ],
16 silly audit   '@jridgewell/trace-mapping': [ '0.3.31' ],
16 silly audit   '@mediapipe/tasks-vision': [ '0.10.17' ],
16 silly audit   '@monogrid/gainmap-js': [ '3.4.0' ],
16 silly audit   '@napi-rs/wasm-runtime': [ '0.2.12' ],
16 silly audit   '@next/env': [ '16.1.1' ],
16 silly audit   '@next/eslint-plugin-next': [ '15.5.5' ],
16 silly audit   '@next/swc-darwin-arm64': [ '16.1.1' ],
16 silly audit   '@next/swc-darwin-x64': [ '16.1.1' ],
16 silly audit   '@next/swc-linux-arm64-gnu': [ '16.1.1' ],
16 silly audit   '@next/swc-linux-arm64-musl': [ '16.1.1' ],
16 silly audit   '@next/swc-linux-x64-gnu': [ '16.1.1' ],
16 silly audit   '@next/swc-linux-x64-musl': [ '16.1.1' ],
16 silly audit   '@next/swc-win32-arm64-msvc': [ '16.1.1' ],
16 silly audit   '@next/swc-win32-x64-msvc': [ '16.1.1' ],
16 silly audit   '@nodelib/fs.scandir': [ '2.1.5' ],
16 silly audit   '@nodelib/fs.stat': [ '2.0.5' ],
16 silly audit   '@nodelib/fs.walk': [ '1.2.8' ],
16 silly audit   '@nolyfill/is-core-module': [ '1.0.39' ],
16 silly audit   '@react-three/drei': [ '10.7.7' ],
16 silly audit   '@react-three/fiber': [ '9.5.0' ],
16 silly audit   '@reduxjs/toolkit': [ '2.11.2' ],
16 silly audit   immer: [ '11.1.3', '10.2.0' ],
16 silly audit   '@rtsao/scc': [ '1.1.0' ],
16 silly audit   '@rushstack/eslint-patch': [ '1.15.0' ],
16 silly audit   '@socket.io/component-emitter': [ '3.1.2' ],
16 silly audit   '@standard-schema/spec': [ '1.1.0' ],
16 silly audit   '@standard-schema/utils': [ '0.3.0' ],
16 silly audit   '@swc/helpers': [ '0.5.15' ],
16 silly audit   '@tailwindcss/node': [ '4.1.18' ],
16 silly audit   '@tailwindcss/oxide': [ '4.1.18' ],
16 silly audit   '@tailwindcss/oxide-android-arm64': [ '4.1.18' ],
16 silly audit   '@tailwindcss/oxide-darwin-arm64': [ '4.1.18' ],
16 silly audit   '@tailwindcss/oxide-darwin-x64': [ '4.1.18' ],
16 silly audit   '@tailwindcss/oxide-freebsd-x64': [ '4.1.18' ],
16 silly audit   '@tailwindcss/oxide-linux-arm-gnueabihf': [ '4.1.18' ],
16 silly audit   '@tailwindcss/oxide-linux-arm64-gnu': [ '4.1.18' ],
16 silly audit   '@tailwindcss/oxide-linux-arm64-musl': [ '4.1.18' ],
16 silly audit   '@tailwindcss/oxide-linux-x64-gnu': [ '4.1.18' ],
16 silly audit   '@tailwindcss/oxide-linux-x64-musl': [ '4.1.18' ],
16 silly audit   '@tailwindcss/oxide-wasm32-wasi': [ '4.1.18' ],
16 silly audit   '@tailwindcss/oxide-win32-arm64-msvc': [ '4.1.18' ],
16 silly audit   '@tailwindcss/oxide-win32-x64-msvc': [ '4.1.18' ],
16 silly audit   '@tailwindcss/postcss': [ '4.1.18' ],
16 silly audit   '@tweenjs/tween.js': [ '23.1.3' ],
16 silly audit   '@tybys/wasm-util': [ '0.10.1' ],
16 silly audit   '@types/d3-array': [ '3.2.2' ],
16 silly audit   '@types/d3-color': [ '3.1.3' ],
16 silly audit   '@types/d3-ease': [ '3.0.2' ],
16 silly audit   '@types/d3-interpolate': [ '3.0.4' ],
16 silly audit   '@types/d3-path': [ '3.1.1' ],
16 silly audit   '@types/d3-scale': [ '4.0.9' ],
16 silly audit   '@types/d3-shape': [ '3.1.8' ],
16 silly audit   '@types/d3-time': [ '3.0.4' ],
16 silly audit   '@types/d3-timer': [ '3.0.2' ],
16 silly audit   '@types/draco3d': [ '1.4.10' ],
16 silly audit   '@types/estree': [ '1.0.8' ],
16 silly audit   '@types/json-schema': [ '7.0.15' ],
16 silly audit   '@types/json5': [ '0.0.29' ],
16 silly audit   '@types/node': [ '20.19.27' ],
16 silly audit   '@types/offscreencanvas': [ '2019.7.3' ],
16 silly audit   '@types/react': [ '19.2.7' ],
16 silly audit   '@types/react-dom': [ '19.2.3' ],
16 silly audit   '@types/react-reconciler': [ '0.28.9' ],
16 silly audit   '@types/stats.js': [ '0.17.4' ],
16 silly audit   '@types/three': [ '0.183.1' ],
16 silly audit   '@types/use-sync-external-store': [ '0.0.6' ],
16 silly audit   '@types/webxr': [ '0.5.24' ],
16 silly audit   '@typescript-eslint/eslint-plugin': [ '8.50.1' ],
16 silly audit   ignore: [ '7.0.5', '5.3.2' ],
16 silly audit   '@typescript-eslint/parser': [ '8.50.1' ],
16 silly audit   '@typescript-eslint/project-service': [ '8.50.1' ],
16 silly audit   '@typescript-eslint/scope-manager': [ '8.50.1' ],
16 silly audit   '@typescript-eslint/tsconfig-utils': [ '8.50.1' ],
16 silly audit   '@typescript-eslint/type-utils': [ '8.50.1' ],
16 silly audit   '@typescript-eslint/types': [ '8.50.1' ],
16 silly audit   '@typescript-eslint/typescript-estree': [ '8.50.1' ],
16 silly audit   'brace-expansion': [ '2.0.2', '1.1.12' ],
16 silly audit   minimatch: [ '9.0.5', '3.1.2' ],
16 silly audit   '@typescript-eslint/utils': [ '8.50.1' ],
16 silly audit   '@typescript-eslint/visitor-keys': [ '8.50.1' ],
16 silly audit   '@unrs/resolver-binding-android-arm-eabi': [ '1.11.1' ],
16 silly audit   '@unrs/resolver-binding-android-arm64': [ '1.11.1' ],
16 silly audit   '@unrs/resolver-binding-darwin-arm64': [ '1.11.1' ],
16 silly audit   '@unrs/resolver-binding-darwin-x64': [ '1.11.1' ],
16 silly audit   '@unrs/resolver-binding-freebsd-x64': [ '1.11.1' ],
16 silly audit   '@unrs/resolver-binding-linux-arm-gnueabihf': [ '1.11.1' ],
16 silly audit   '@unrs/resolver-binding-linux-arm-musleabihf': [ '1.11.1' ],
16 silly audit   '@unrs/resolver-binding-linux-arm64-gnu': [ '1.11.1' ],
16 silly audit   '@unrs/resolver-binding-linux-arm64-musl': [ '1.11.1' ],
16 silly audit   '@unrs/resolver-binding-linux-ppc64-gnu': [ '1.11.1' ],
16 silly audit   '@unrs/resolver-binding-linux-riscv64-gnu': [ '1.11.1' ],
16 silly audit   '@unrs/resolver-binding-linux-riscv64-musl': [ '1.11.1' ],
16 silly audit   '@unrs/resolver-binding-linux-s390x-gnu': [ '1.11.1' ],
16 silly audit   '@unrs/resolver-binding-linux-x64-gnu': [ '1.11.1' ],
16 silly audit   '@unrs/resolver-binding-linux-x64-musl': [ '1.11.1' ],
16 silly audit   '@unrs/resolver-binding-wasm32-wasi': [ '1.11.1' ],
16 silly audit   '@unrs/resolver-binding-win32-arm64-msvc': [ '1.11.1' ],
16 silly audit   '@unrs/resolver-binding-win32-ia32-msvc': [ '1.11.1' ],
16 silly audit   '@unrs/resolver-binding-win32-x64-msvc': [ '1.11.1' ],
16 silly audit   '@use-gesture/core': [ '10.3.1' ],
16 silly audit   '@use-gesture/react': [ '10.3.1' ],
16 silly audit   '@webgpu/types': [ '0.1.69' ],
16 silly audit   acorn: [ '8.15.0' ],
16 silly audit   'acorn-jsx': [ '5.3.2' ],
16 silly audit   ajv: [ '6.12.6' ],
16 silly audit   'ansi-styles': [ '4.3.0' ],
16 silly audit   aos: [ '2.3.4' ],
16 silly audit   argparse: [ '2.0.1' ],
16 silly audit   'aria-query': [ '5.3.2' ],
16 silly audit   'array-buffer-byte-length': [ '1.0.2' ],
16 silly audit   'array-includes': [ '3.1.9' ],
16 silly audit   'array.prototype.findlast': [ '1.2.5' ],
16 silly audit   'array.prototype.findlastindex': [ '1.2.6' ],
16 silly audit   'array.prototype.flat': [ '1.3.3' ],
16 silly audit   'array.prototype.flatmap': [ '1.3.3' ],
16 silly audit   'array.prototype.tosorted': [ '1.1.4' ],
16 silly audit   'arraybuffer.prototype.slice': [ '1.0.4' ],
16 silly audit   'ast-types-flow': [ '0.0.8' ],
16 silly audit   'async-function': [ '1.0.0' ],
16 silly audit   asynckit: [ '0.4.0' ],
16 silly audit   'available-typed-arrays': [ '1.0.7' ],
16 silly audit   'axe-core': [ '4.11.0' ],
16 silly audit   axios: [ '1.13.2' ],
16 silly audit   'axobject-query': [ '4.1.0' ],
16 silly audit   'balanced-match': [ '1.0.2' ],
16 silly audit   'base64-js': [ '1.5.1' ],
16 silly audit   'baseline-browser-mapping': [ '2.9.11' ],
16 silly audit   'bidi-js': [ '1.0.3' ],
16 silly audit   braces: [ '3.0.3' ],
16 silly audit   buffer: [ '6.0.3' ],
16 silly audit   'call-bind': [ '1.0.8' ],
16 silly audit   'call-bind-apply-helpers': [ '1.0.2' ],
16 silly audit   'call-bound': [ '1.0.4' ],
16 silly audit   callsites: [ '3.1.0' ],
16 silly audit   'camera-controls': [ '3.1.2' ],
16 silly audit   'caniuse-lite': [ '1.0.30001761' ],
16 silly audit   chalk: [ '4.1.2' ],
16 silly audit   'classlist-polyfill': [ '1.2.0' ],
16 silly audit   'client-only': [ '0.0.1' ],
16 silly audit   clsx: [ '2.1.1' ],
16 silly audit   'color-convert': [ '2.0.1' ],
16 silly audit   'color-name': [ '1.1.4' ],
16 silly audit   'combined-stream': [ '1.0.8' ],
16 silly audit   'concat-map': [ '0.0.1' ],
16 silly audit   'cross-env': [ '7.0.3' ],
16 silly audit   'cross-spawn': [ '7.0.6' ],
16 silly audit   csstype: [ '3.2.3' ],
16 silly audit   'd3-array': [ '3.2.4' ],
16 silly audit   'd3-color': [ '3.1.0' ],
16 silly audit   'd3-ease': [ '3.0.1' ],
16 silly audit   'd3-format': [ '3.1.2' ],
16 silly audit   'd3-interpolate': [ '3.0.1' ],
16 silly audit   'd3-path': [ '3.1.0' ],
16 silly audit   'd3-scale': [ '4.0.2' ],
16 silly audit   'd3-shape': [ '3.2.0' ],
16 silly audit   'd3-time': [ '3.1.0' ],
16 silly audit   'd3-time-format': [ '4.1.0' ],
16 silly audit   'd3-timer': [ '3.0.1' ],
16 silly audit   'damerau-levenshtein': [ '1.0.8' ],
16 silly audit   'data-view-buffer': [ '1.0.2' ],
16 silly audit   'data-view-byte-length': [ '1.0.2' ],
16 silly audit   'data-view-byte-offset': [ '1.0.1' ],
16 silly audit   debug: [ '4.4.3', '3.2.7' ],
16 silly audit   'decimal.js-light': [ '2.5.1' ],
16 silly audit   'deep-is': [ '0.1.4' ],
16 silly audit   'define-data-property': [ '1.1.4' ],
16 silly audit   'define-properties': [ '1.2.1' ],
16 silly audit   'delayed-stream': [ '1.0.0' ],
16 silly audit   'detect-gpu': [ '5.0.70' ],
16 silly audit   'detect-libc': [ '2.1.2' ],
16 silly audit   doctrine: [ '2.1.0' ],
16 silly audit   draco3d: [ '1.5.7' ],
16 silly audit   'dunder-proto': [ '1.0.1' ],
16 silly audit   'emoji-regex': [ '9.2.2' ],
16 silly audit   'engine.io-client': [ '6.6.4' ],
16 silly audit   'engine.io-parser': [ '5.2.3' ],
16 silly audit   'enhanced-resolve': [ '5.18.4' ],
16 silly audit   'es-abstract': [ '1.24.1' ],
16 silly audit   'es-define-property': [ '1.0.1' ],
16 silly audit   'es-errors': [ '1.3.0' ],
16 silly audit   'es-iterator-helpers': [ '1.2.2' ],
16 silly audit   'es-object-atoms': [ '1.1.1' ],
16 silly audit   'es-set-tostringtag': [ '2.1.0' ],
16 silly audit   'es-shim-unscopables': [ '1.1.0' ],
16 silly audit   'es-to-primitive': [ '1.3.0' ],
16 silly audit   'es-toolkit': [ '1.44.0' ],
16 silly audit   'escape-string-regexp': [ '4.0.0' ],
16 silly audit   eslint: [ '9.39.2' ],
16 silly audit   'eslint-config-next': [ '15.5.5' ],
16 silly audit   'eslint-import-resolver-node': [ '0.3.9' ],
16 silly audit   'eslint-import-resolver-typescript': [ '3.10.1' ],
16 silly audit   'eslint-module-utils': [ '2.12.1' ],
16 silly audit   'eslint-plugin-import': [ '2.32.0' ],
16 silly audit   semver: [ '6.3.1', '7.7.3' ],
16 silly audit   'eslint-plugin-jsx-a11y': [ '6.10.2' ],
16 silly audit   'eslint-plugin-react': [ '7.37.5' ],
16 silly audit   'eslint-plugin-react-hooks': [ '5.2.0' ],
16 silly audit   resolve: [ '2.0.0-next.5', '1.22.11' ],
16 silly audit   'eslint-scope': [ '8.4.0' ],
16 silly audit   espree: [ '10.4.0' ],
16 silly audit   esquery: [ '1.6.0' ],
16 silly audit   esrecurse: [ '4.3.0' ],
16 silly audit   estraverse: [ '5.3.0' ],
16 silly audit   esutils: [ '2.0.3' ],
16 silly audit   eventemitter3: [ '5.0.4' ],
16 silly audit   'fast-deep-equal': [ '3.1.3' ],
16 silly audit   'fast-glob': [ '3.3.1' ],
16 silly audit   'glob-parent': [ '5.1.2', '6.0.2' ],
16 silly audit   'fast-json-stable-stringify': [ '2.1.0' ],
16 silly audit   'fast-levenshtein': [ '2.0.6' ],
16 silly audit   fastq: [ '1.20.1' ],
16 silly audit   fflate: [ '0.8.2', '0.6.10' ],
16 silly audit   'file-entry-cache': [ '8.0.0' ],
16 silly audit   'fill-range': [ '7.1.1' ],
16 silly audit   'find-up': [ '5.0.0' ],
16 silly audit   'flat-cache': [ '4.0.1' ],
16 silly audit   flatted: [ '3.3.3' ],
16 silly audit   'follow-redirects': [ '1.15.11' ],
16 silly audit   'for-each': [ '0.3.5' ],
16 silly audit   'form-data': [ '4.0.5' ],
16 silly audit   'function-bind': [ '1.1.2' ],
16 silly audit   'function.prototype.name': [ '1.1.8' ],
16 silly audit   'functions-have-names': [ '1.2.3' ],
16 silly audit   'generator-function': [ '2.0.1' ],
16 silly audit   'get-intrinsic': [ '1.3.0' ],
16 silly audit   'get-proto': [ '1.0.1' ],
16 silly audit   'get-symbol-description': [ '1.1.0' ],
16 silly audit   'get-tsconfig': [ '4.13.0' ],
16 silly audit   globals: [ '14.0.0' ],
16 silly audit   globalthis: [ '1.0.4' ],
16 silly audit   'glsl-noise': [ '0.0.0' ],
16 silly audit   gopd: [ '1.2.0' ],
16 silly audit   'graceful-fs': [ '4.2.11' ],
16 silly audit   'has-bigints': [ '1.1.0' ],
16 silly audit   'has-flag': [ '4.0.0' ],
16 silly audit   'has-property-descriptors': [ '1.0.2' ],
16 silly audit   'has-proto': [ '1.2.0' ],
16 silly audit   'has-symbols': [ '1.1.0' ],
16 silly audit   'has-tostringtag': [ '1.0.2' ],
16 silly audit   hasown: [ '2.0.2' ],
16 silly audit   'hls.js': [ '1.6.15' ],
16 silly audit   ieee754: [ '1.2.1' ],
16 silly audit   immediate: [ '3.0.6' ],
16 silly audit   'import-fresh': [ '3.3.1' ],
16 silly audit   imurmurhash: [ '0.1.4' ],
16 silly audit   'internal-slot': [ '1.1.0' ],
16 silly audit   internmap: [ '2.0.3' ],
16 silly audit   'is-array-buffer': [ '3.0.5' ],
16 silly audit   'is-async-function': [ '2.1.1' ],
16 silly audit   'is-bigint': [ '1.1.0' ],
16 silly audit   'is-boolean-object': [ '1.2.2' ],
16 silly audit   'is-bun-module': [ '2.0.0' ],
16 silly audit   'is-callable': [ '1.2.7' ],
16 silly audit   'is-core-module': [ '2.16.1' ],
16 silly audit   'is-data-view': [ '1.0.2' ],
16 silly audit   'is-date-object': [ '1.1.0' ],
16 silly audit   'is-extglob': [ '2.1.1' ],
16 silly audit   'is-finalizationregistry': [ '1.1.1' ],
16 silly audit   'is-generator-function': [ '1.1.2' ],
16 silly audit   'is-glob': [ '4.0.3' ],
16 silly audit   'is-map': [ '2.0.3' ],
16 silly audit   'is-negative-zero': [ '2.0.3' ],
16 silly audit   'is-number': [ '7.0.0' ],
16 silly audit   'is-number-object': [ '1.1.1' ],
16 silly audit   'is-promise': [ '2.2.2' ],
16 silly audit   'is-regex': [ '1.2.1' ],
16 silly audit   'is-set': [ '2.0.3' ],
16 silly audit   'is-shared-array-buffer': [ '1.0.4' ],
16 silly audit   'is-string': [ '1.1.1' ],
16 silly audit   'is-symbol': [ '1.1.1' ],
16 silly audit   'is-typed-array': [ '1.1.15' ],
16 silly audit   'is-weakmap': [ '2.0.2' ],
16 silly audit   'is-weakref': [ '1.1.1' ],
16 silly audit   'is-weakset': [ '2.0.4' ],
16 silly audit   isarray: [ '2.0.5' ],
16 silly audit   isexe: [ '2.0.0' ],
16 silly audit   'iterator.prototype': [ '1.1.5' ],
16 silly audit   'its-fine': [ '2.0.0' ],
16 silly audit   jiti: [ '2.6.1' ],
16 silly audit   jose: [ '6.1.3' ],
16 silly audit   'js-cookie': [ '3.0.5' ],
16 silly audit   'js-tokens': [ '4.0.0' ],
16 silly audit   'js-yaml': [ '4.1.1' ],
16 silly audit   'json-buffer': [ '3.0.1' ],
16 silly audit   'json-schema-traverse': [ '0.4.1' ],
16 silly audit   'json-stable-stringify-without-jsonify': [ '1.0.1' ],
16 silly audit   json5: [ '1.0.2' ],
16 silly audit   'jsx-ast-utils': [ '3.3.5' ],
16 silly audit   keyv: [ '4.5.4' ],
16 silly audit   'language-subtag-registry': [ '0.3.23' ],
16 silly audit   'language-tags': [ '1.0.9' ],
16 silly audit   levn: [ '0.4.1' ],
16 silly audit   lie: [ '3.3.0' ],
16 silly audit   lightningcss: [ '1.30.2' ],
16 silly audit   'lightningcss-android-arm64': [ '1.30.2' ],
16 silly audit   'lightningcss-darwin-arm64': [ '1.30.2' ],
16 silly audit   'lightningcss-darwin-x64': [ '1.30.2' ],
16 silly audit   'lightningcss-freebsd-x64': [ '1.30.2' ],
16 silly audit   'lightningcss-linux-arm-gnueabihf': [ '1.30.2' ],
16 silly audit   'lightningcss-linux-arm64-gnu': [ '1.30.2' ],
16 silly audit   'lightningcss-linux-arm64-musl': [ '1.30.2' ],
16 silly audit   'lightningcss-linux-x64-gnu': [ '1.30.2' ],
16 silly audit   'lightningcss-linux-x64-musl': [ '1.30.2' ],
16 silly audit   'lightningcss-win32-arm64-msvc': [ '1.30.2' ],
16 silly audit   'lightningcss-win32-x64-msvc': [ '1.30.2' ],
16 silly audit   'locate-path': [ '6.0.0' ],
16 silly audit   'lodash.debounce': [ '4.0.8' ],
16 silly audit   'lodash.merge': [ '4.6.2' ],
16 silly audit   'lodash.throttle': [ '4.1.1' ],
16 silly audit   'loose-envify': [ '1.4.0' ],
16 silly audit   'lucide-react': [ '0.552.0' ],
16 silly audit   maath: [ '0.10.8' ],
16 silly audit   'magic-string': [ '0.30.21' ],
16 silly audit   'math-intrinsics': [ '1.1.0' ],
16 silly audit   merge2: [ '1.4.1' ],
16 silly audit   meshline: [ '3.3.1' ],
16 silly audit   meshoptimizer: [ '1.0.1' ],
16 silly audit   micromatch: [ '4.0.8' ],
16 silly audit   'mime-db': [ '1.52.0' ],
16 silly audit   'mime-types': [ '2.1.35' ],
16 silly audit   minimist: [ '1.2.8' ],
16 silly audit   ms: [ '2.1.3' ],
16 silly audit   nanoid: [ '3.3.11' ],
16 silly audit   'napi-postinstall': [ '0.3.4' ],
16 silly audit   'natural-compare': [ '1.4.0' ],
16 silly audit   next: [ '16.1.1' ],
16 silly audit   postcss: [ '8.4.31', '8.5.6' ],
16 silly audit   'object-assign': [ '4.1.1' ],
16 silly audit   'object-inspect': [ '1.13.4' ],
16 silly audit   'object-keys': [ '1.1.1' ],
16 silly audit   'object.assign': [ '4.1.7' ],
16 silly audit   'object.entries': [ '1.1.9' ],
16 silly audit   'object.fromentries': [ '2.0.8' ],
16 silly audit   'object.groupby': [ '1.0.3' ],
16 silly audit   'object.values': [ '1.2.1' ],
16 silly audit   optionator: [ '0.9.4' ],
16 silly audit   'own-keys': [ '1.0.1' ],
16 silly audit   'p-limit': [ '3.1.0' ],
16 silly audit   'p-locate': [ '5.0.0' ],
16 silly audit   'parent-module': [ '1.0.1' ],
16 silly audit   'path-exists': [ '4.0.0' ],
16 silly audit   'path-key': [ '3.1.1' ],
16 silly audit   'path-parse': [ '1.0.7' ],
16 silly audit   picocolors: [ '1.1.1' ],
16 silly audit   picomatch: [ '2.3.1', '4.0.3' ],
16 silly audit   'possible-typed-array-names': [ '1.1.0' ],
16 silly audit   potpack: [ '1.0.2' ],
16 silly audit   'prelude-ls': [ '1.2.1' ],
16 silly audit   'promise-worker-transferable': [ '1.0.4' ],
16 silly audit   'prop-types': [ '15.8.1' ],
16 silly audit   'proxy-from-env': [ '1.1.0' ],
16 silly audit   punycode: [ '2.3.1' ],
16 silly audit   'queue-microtask': [ '1.2.3' ],
16 silly audit   react: [ '19.2.3' ],
16 silly audit   'react-dom': [ '19.2.3' ],
16 silly audit   'react-is': [ '16.13.1' ],
16 silly audit   'react-redux': [ '9.2.0' ],
16 silly audit   'react-use-measure': [ '2.1.7' ],
16 silly audit   recharts: [ '3.7.0' ],
16 silly audit   redux: [ '5.0.1' ],
16 silly audit   'redux-thunk': [ '3.1.0' ],
16 silly audit   'reflect.getprototypeof': [ '1.0.10' ],
16 silly audit   'regexp.prototype.flags': [ '1.5.4' ],
16 silly audit   'require-from-string': [ '2.0.2' ],
16 silly audit   reselect: [ '5.1.1' ],
16 silly audit   'resolve-from': [ '4.0.0' ],
16 silly audit   'resolve-pkg-maps': [ '1.0.0' ],
16 silly audit   reusify: [ '1.1.0' ],
16 silly audit   'run-parallel': [ '1.2.0' ],
16 silly audit   'safe-array-concat': [ '1.1.3' ],
16 silly audit   'safe-push-apply': [ '1.0.0' ],
16 silly audit   'safe-regex-test': [ '1.1.0' ],
16 silly audit   scheduler: [ '0.27.0' ],
16 silly audit   'set-function-length': [ '1.2.2' ],
16 silly audit   'set-function-name': [ '2.0.2' ],
16 silly audit   'set-proto': [ '1.0.0' ],
16 silly audit   sharp: [ '0.34.5' ],
16 silly audit   'shebang-command': [ '2.0.0' ],
16 silly audit   'shebang-regex': [ '3.0.0' ],
16 silly audit   'side-channel': [ '1.1.0' ],
16 silly audit   'side-channel-list': [ '1.0.0' ],
16 silly audit   'side-channel-map': [ '1.0.1' ],
16 silly audit   'side-channel-weakmap': [ '1.0.2' ],
16 silly audit   'socket.io-client': [ '4.8.3' ],
16 silly audit   'socket.io-parser': [ '4.2.5' ],
16 silly audit   'source-map-js': [ '1.2.1' ],
16 silly audit   'stable-hash': [ '0.0.5' ],
16 silly audit   'stats-gl': [ '2.4.2' ],
16 silly audit   three: [ '0.170.0', '0.183.2' ],
16 silly audit   'stats.js': [ '0.17.0' ],
16 silly audit   'stop-iteration-iterator': [ '1.1.0' ],
16 silly audit   'string.prototype.includes': [ '2.0.1' ],
16 silly audit   'string.prototype.matchall': [ '4.0.12' ],
16 silly audit   'string.prototype.repeat': [ '1.0.0' ],
16 silly audit   'string.prototype.trim': [ '1.2.10' ],
16 silly audit   'string.prototype.trimend': [ '1.0.9' ],
16 silly audit   'string.prototype.trimstart': [ '1.0.8' ],
16 silly audit   'strip-bom': [ '3.0.0' ],
16 silly audit   'strip-json-comments': [ '3.1.1' ],
16 silly audit   'styled-jsx': [ '5.1.6' ],
16 silly audit   'supports-color': [ '7.2.0' ],
16 silly audit   'supports-preserve-symlinks-flag': [ '1.0.0' ],
16 silly audit   'suspend-react': [ '0.1.3' ],
16 silly audit   'tailwind-merge': [ '3.4.0' ],
16 silly audit   tailwindcss: [ '4.1.18' ],
16 silly audit   tapable: [ '2.3.0' ],
16 silly audit   'three-mesh-bvh': [ '0.8.3' ],
16 silly audit   'three-stdlib': [ '2.36.1' ],
16 silly audit   'tiny-invariant': [ '1.3.3' ],
16 silly audit   tinyglobby: [ '0.2.15' ],
16 silly audit   fdir: [ '6.5.0' ],
16 silly audit   'to-regex-range': [ '5.0.1' ],
16 silly audit   'troika-three-text': [ '0.52.4' ],
16 silly audit   'troika-three-utils': [ '0.52.4' ],
16 silly audit   'troika-worker-utils': [ '0.52.0' ],
16 silly audit   'ts-api-utils': [ '2.2.0' ],
16 silly audit   'tsconfig-paths': [ '3.15.0' ],
16 silly audit   tslib: [ '2.8.1' ],
16 silly audit   'tunnel-rat': [ '0.1.2' ],
16 silly audit   zustand: [ '4.5.7', '5.0.12' ],
16 silly audit   'type-check': [ '0.4.0' ],
16 silly audit   'typed-array-buffer': [ '1.0.3' ],
16 silly audit   'typed-array-byte-length': [ '1.0.3' ],
16 silly audit   'typed-array-byte-offset': [ '1.0.4' ],
16 silly audit   'typed-array-length': [ '1.0.7' ],
16 silly audit   typescript: [ '5.9.3' ],
16 silly audit   'unbox-primitive': [ '1.1.0' ],
16 silly audit   'undici-types': [ '6.21.0' ],
16 silly audit   'unrs-resolver': [ '1.11.1' ],
16 silly audit   'uri-js': [ '4.4.1' ],
16 silly audit   'use-sync-external-store': [ '1.6.0' ],
16 silly audit   'utility-types': [ '3.11.0' ],
16 silly audit   'victory-vendor': [ '37.3.6' ],
16 silly audit   'webgl-constants': [ '1.1.1' ],
16 silly audit   'webgl-sdf-generator': [ '1.1.1' ],
16 silly audit   which: [ '2.0.2' ],
16 silly audit   'which-boxed-primitive': [ '1.1.1' ],
16 silly audit   'which-builtin-type': [ '1.2.1' ],
16 silly audit   'which-collection': [ '1.0.2' ],
16 silly audit   'which-typed-array': [ '1.1.19' ],
16 silly audit   'word-wrap': [ '1.2.5' ],
16 silly audit   ws: [ '8.18.3' ],
16 silly audit   'xmlhttprequest-ssl': [ '2.1.2' ],
16 silly audit   'yocto-queue': [ '0.1.0' ]
16 silly audit }
17 http fetch POST 200 https://registry.npmjs.org/-/npm/v1/security/advisories/bulk 1056ms
18 silly audit report {
18 silly audit report   'brace-expansion': [
18 silly audit report     {
18 silly audit report       id: 1115540,
18 silly audit report       url: 'https://github.com/advisories/GHSA-f886-m6hf-6m8v',
18 silly audit report       title: 'brace-expansion: Zero-step sequence causes process hang and memory exhaustion',
18 silly audit report       severity: 'moderate',
18 silly audit report       vulnerable_versions: '<1.1.13',
18 silly audit report       cwe: [Array],
18 silly audit report       cvss: [Object]
18 silly audit report     },
18 silly audit report     {
18 silly audit report       id: 1115541,
18 silly audit report       url: 'https://github.com/advisories/GHSA-f886-m6hf-6m8v',
18 silly audit report       title: 'brace-expansion: Zero-step sequence causes process hang and memory exhaustion',
18 silly audit report       severity: 'moderate',
18 silly audit report       vulnerable_versions: '>=2.0.0 <2.0.3',
18 silly audit report       cwe: [Array],
18 silly audit report       cvss: [Object]
18 silly audit report     }
18 silly audit report   ],
18 silly audit report   minimatch: [
18 silly audit report     {
18 silly audit report       id: 1113459,
18 silly audit report       url: 'https://github.com/advisories/GHSA-3ppc-4f35-3m26',
18 silly audit report       title: 'minimatch has a ReDoS via repeated wildcards with non-matching literal in pattern',
18 silly audit report       severity: 'high',
18 silly audit report       vulnerable_versions: '<3.1.3',
18 silly audit report       cwe: [Array],
18 silly audit report       cvss: [Object]
18 silly audit report     },
18 silly audit report     {
18 silly audit report       id: 1113465,
18 silly audit report       url: 'https://github.com/advisories/GHSA-3ppc-4f35-3m26',
18 silly audit report       title: 'minimatch has a ReDoS via repeated wildcards with non-matching literal in pattern',
18 silly audit report       severity: 'high',
18 silly audit report       vulnerable_versions: '>=9.0.0 <9.0.6',
18 silly audit report       cwe: [Array],
18 silly audit report       cvss: [Object]
18 silly audit report     },
18 silly audit report     {
18 silly audit report       id: 1113538,
18 silly audit report       url: 'https://github.com/advisories/GHSA-7r86-cg39-jmmj',
18 silly audit report       title: 'minimatch has ReDoS: matchOne() combinatorial backtracking via multiple non-adjacent GLOBSTAR segments',
18 silly audit report       severity: 'high',
18 silly audit report       vulnerable_versions: '<3.1.3',
18 silly audit report       cwe: [Array],
18 silly audit report       cvss: [Object]
18 silly audit report     },
18 silly audit report     {
18 silly audit report       id: 1113544,
18 silly audit report       url: 'https://github.com/advisories/GHSA-7r86-cg39-jmmj',
18 silly audit report       title: 'minimatch has ReDoS: matchOne() combinatorial backtracking via multiple non-adjacent GLOBSTAR segments',
18 silly audit report       severity: 'high',
18 silly audit report       vulnerable_versions: '>=9.0.0 <9.0.7',
18 silly audit report       cwe: [Array],
18 silly audit report       cvss: [Object]
18 silly audit report     },
18 silly audit report     {
18 silly audit report       id: 1113546,
18 silly audit report       url: 'https://github.com/advisories/GHSA-23c5-xmqv-rm74',
18 silly audit report       title: 'minimatch ReDoS: nested *() extglobs generate catastrophically backtracking regular expressions',
18 silly audit report       severity: 'high',
18 silly audit report       vulnerable_versions: '<3.1.4',
18 silly audit report       cwe: [Array],
18 silly audit report       cvss: [Object]
18 silly audit report     },
18 silly audit report     {
18 silly audit report       id: 1113552,
18 silly audit report       url: 'https://github.com/advisories/GHSA-23c5-xmqv-rm74',
18 silly audit report       title: 'minimatch ReDoS: nested *() extglobs generate catastrophically backtracking regular expressions',
18 silly audit report       severity: 'high',
18 silly audit report       vulnerable_versions: '>=9.0.0 <9.0.7',
18 silly audit report       cwe: [Array],
18 silly audit report       cvss: [Object]
18 silly audit report     }
18 silly audit report   ],
18 silly audit report   ajv: [
18 silly audit report     {
18 silly audit report       id: 1113714,
18 silly audit report       url: 'https://github.com/advisories/GHSA-2g4f-4pwh-qvx6',
18 silly audit report       title: 'ajv has ReDoS when using `$data` option',
18 silly audit report       severity: 'moderate',
18 silly audit report       vulnerable_versions: '<6.14.0',
18 silly audit report       cwe: [Array],
18 silly audit report       cvss: [Object]
18 silly audit report     }
18 silly audit report   ],
18 silly audit report   axios: [
18 silly audit report     {
18 silly audit report       id: 1113275,
18 silly audit report       url: 'https://github.com/advisories/GHSA-43fc-jf86-j433',
18 silly audit report       title: 'Axios is Vulnerable to Denial of Service via __proto__ Key in mergeConfig',
18 silly audit report       severity: 'high',
18 silly audit report       vulnerable_versions: '>=1.0.0 <=1.13.4',
18 silly audit report       cwe: [Array],
18 silly audit report       cvss: [Object]
18 silly audit report     },
18 silly audit report     {
18 silly audit report       id: 1116673,
18 silly audit report       url: 'https://github.com/advisories/GHSA-3p68-rc4w-qgx5',
18 silly audit report       title: 'Axios has a NO_PROXY Hostname Normalization Bypass that Leads to SSRF',
18 silly audit report       severity: 'moderate',
18 silly audit report       vulnerable_versions: '>=1.0.0 <1.15.0',
18 silly audit report       cwe: [Array],
18 silly audit report       cvss: [Object]
18 silly audit report     },
18 silly audit report     {
18 silly audit report       id: 1116675,
18 silly audit report       url: 'https://github.com/advisories/GHSA-fvcv-3m26-pcqx',
18 silly audit report       title: 'Axios has Unrestricted Cloud Metadata Exfiltration via Header Injection Chain',
18 silly audit report       severity: 'moderate',
18 silly audit report       vulnerable_versions: '>=1.0.0 <1.15.0',
18 silly audit report       cwe: [Array],
18 silly audit report       cvss: [Object]
18 silly audit report     }
18 silly audit report   ],
18 silly audit report   flatted: [
18 silly audit report     {
18 silly audit report       id: 1114526,
18 silly audit report       url: 'https://github.com/advisories/GHSA-25h7-pfq9-p65f',
18 silly audit report       title: 'flatted vulnerable to unbounded recursion DoS in parse() revive phase',
18 silly audit report       severity: 'high',
18 silly audit report       vulnerable_versions: '<3.4.0',
18 silly audit report       cwe: [Array],
18 silly audit report       cvss: [Object]
18 silly audit report     },
18 silly audit report     {
18 silly audit report       id: 1115357,
18 silly audit report       url: 'https://github.com/advisories/GHSA-rf6f-7fwh-wjgh',
18 silly audit report       title: 'Prototype Pollution via parse() in NodeJS flatted',
18 silly audit report       severity: 'high',
18 silly audit report       vulnerable_versions: '<=3.4.1',
18 silly audit report       cwe: [Array],
18 silly audit report       cvss: [Object]
18 silly audit report     }
18 silly audit report   ],
18 silly audit report   'follow-redirects': [
18 silly audit report     {
18 silly audit report       id: 1116560,
18 silly audit report       url: 'https://github.com/advisories/GHSA-r4q5-vmmm-2653',
18 silly audit report       title: 'follow-redirects leaks Custom Authentication Headers to Cross-Domain Redirect Targets',
18 silly audit report       severity: 'moderate',
18 silly audit report       vulnerable_versions: '<=1.15.11',
18 silly audit report       cwe: [Array],
18 silly audit report       cvss: [Object]
18 silly audit report     }
18 silly audit report   ],
18 silly audit report   next: [
18 silly audit report     {
18 silly audit report       id: 1112592,
18 silly audit report       url: 'https://github.com/advisories/GHSA-9g9p-9gw9-jx7f',
18 silly audit report       title: 'Next.js self-hosted applications vulnerable to DoS via Image Optimizer remotePatterns configuration',
18 silly audit report       severity: 'moderate',
18 silly audit report       vulnerable_versions: '>=15.6.0-canary.0 <16.1.5',
18 silly audit report       cwe: [Array],
18 silly audit report       cvss: [Object]
18 silly audit report     },
18 silly audit report     {
18 silly audit report       id: 1112645,
18 silly audit report       url: 'https://github.com/advisories/GHSA-h25m-26qc-wcjf',
18 silly audit report       title: 'Next.js HTTP request deserialization can lead to DoS when using insecure React Server Components',
18 silly audit report       severity: 'high',
18 silly audit report       vulnerable_versions: '>=16.1.0-canary.0 <16.1.5',
18 silly audit report       cwe: [Array],
18 silly audit report       cvss: [Object]
18 silly audit report     },
18 silly audit report     {
18 silly audit report       id: 1114898,
18 silly audit report       url: 'https://github.com/advisories/GHSA-ggv3-7p47-pfv8',
18 silly audit report       title: 'Next.js: HTTP request smuggling in rewrites',
18 silly audit report       severity: 'moderate',
18 silly audit report       vulnerable_versions: '>=16.0.0-beta.0 <16.1.7',
18 silly audit report       cwe: [Array],
18 silly audit report       cvss: [Object]
18 silly audit report     },
18 silly audit report     {
18 silly audit report       id: 1114941,
18 silly audit report       url: 'https://github.com/advisories/GHSA-3x4c-7xq6-9pq8',
18 silly audit report       title: 'Next.js: Unbounded next/image disk cache growth can exhaust storage',
18 silly audit report       severity: 'moderate',
18 silly audit report       vulnerable_versions: '>=16.0.0-beta.0 <16.1.7',
18 silly audit report       cwe: [Array],
18 silly audit report       cvss: [Object]
18 silly audit report     },
18 silly audit report     {
18 silly audit report       id: 1114942,
18 silly audit report       url: 'https://github.com/advisories/GHSA-h27x-g6w4-24gq',
18 silly audit report       title: 'Next.js: Unbounded postponed resume buffering can lead to DoS',
18 silly audit report       severity: 'moderate',
18 silly audit report       vulnerable_versions: '>=16.0.1 <16.1.7',
18 silly audit report       cwe: [Array],
18 silly audit report       cvss: [Object]
18 silly audit report     },
18 silly audit report     {
18 silly audit report       id: 1114943,
18 silly audit report       url: 'https://github.com/advisories/GHSA-mq59-m269-xvcx',
18 silly audit report       title: 'Next.js: null origin can bypass Server Actions CSRF checks',
18 silly audit report       severity: 'moderate',
18 silly audit report       vulnerable_versions: '>=16.0.1 <16.1.7',
18 silly audit report       cwe: [Array],
18 silly audit report       cvss: [Object]
18 silly audit report     },
18 silly audit report     {
18 silly audit report       id: 1115360,
18 silly audit report       url: 'https://github.com/advisories/GHSA-jcc7-9wpm-mj36',
18 silly audit report       title: 'Next.js: null origin can bypass dev HMR websocket CSRF checks',
18 silly audit report       severity: 'low',
18 silly audit report       vulnerable_versions: '>=16.0.1 <16.1.7',
18 silly audit report       cwe: [Array],
18 silly audit report       cvss: [Object]
18 silly audit report     },
18 silly audit report     {
18 silly audit report       id: 1116305,
18 silly audit report       url: 'https://github.com/advisories/GHSA-5f7q-jpqc-wp7h',
18 silly audit report       title: 'Next.js has Unbounded Memory Consumption via PPR Resume Endpoint ',
18 silly audit report       severity: 'moderate',
18 silly audit report       vulnerable_versions: '>=16.0.0-beta.0 <16.1.5',
18 silly audit report       cwe: [Array],
18 silly audit report       cvss: [Object]
18 silly audit report     },
18 silly audit report     {
18 silly audit report       id: 1116375,
18 silly audit report       url: 'https://github.com/advisories/GHSA-q4gf-8mx6-v5v3',
18 silly audit report       title: 'Next.js has a Denial of Service with Server Components',
18 silly audit report       severity: 'high',
18 silly audit report       vulnerable_versions: '>=16.0.0-beta.0 <16.2.3',
18 silly audit report       cwe: [Array],
18 silly audit report       cvss: [Object]
18 silly audit report     }
18 silly audit report   ],
18 silly audit report   postcss: [
18 silly audit report     {
18 silly audit report       id: 1117015,
18 silly audit report       url: 'https://github.com/advisories/GHSA-qx2v-qp2m-jg93',
18 silly audit report       title: 'PostCSS has XSS via Unescaped </style> in its CSS Stringify Output',
18 silly audit report       severity: 'moderate',
18 silly audit report       vulnerable_versions: '<8.5.10',
18 silly audit report       cwe: [Array],
18 silly audit report       cvss: [Object]
18 silly audit report     }
18 silly audit report   ],
18 silly audit report   picomatch: [
18 silly audit report     {
18 silly audit report       id: 1115549,
18 silly audit report       url: 'https://github.com/advisories/GHSA-3v7f-55p6-f55p',
18 silly audit report       title: 'Picomatch: Method Injection in POSIX Character Classes causes incorrect Glob Matching',
18 silly audit report       severity: 'moderate',
18 silly audit report       vulnerable_versions: '<2.3.2',
18 silly audit report       cwe: [Array],
18 silly audit report       cvss: [Object]
18 silly audit report     },
18 silly audit report     {
18 silly audit report       id: 1115551,
18 silly audit report       url: 'https://github.com/advisories/GHSA-3v7f-55p6-f55p',
18 silly audit report       title: 'Picomatch: Method Injection in POSIX Character Classes causes incorrect Glob Matching',
18 silly audit report       severity: 'moderate',
18 silly audit report       vulnerable_versions: '>=4.0.0 <4.0.4',
18 silly audit report       cwe: [Array],
18 silly audit report       cvss: [Object]
18 silly audit report     },
18 silly audit report     {
18 silly audit report       id: 1115552,
18 silly audit report       url: 'https://github.com/advisories/GHSA-c2c7-rcm5-vvqj',
18 silly audit report       title: 'Picomatch has a ReDoS vulnerability via extglob quantifiers',
18 silly audit report       severity: 'high',
18 silly audit report       vulnerable_versions: '<2.3.2',
18 silly audit report       cwe: [Array],
18 silly audit report       cvss: [Object]
18 silly audit report     },
18 silly audit report     {
18 silly audit report       id: 1115554,
18 silly audit report       url: 'https://github.com/advisories/GHSA-c2c7-rcm5-vvqj',
18 silly audit report       title: 'Picomatch has a ReDoS vulnerability via extglob quantifiers',
18 silly audit report       severity: 'high',
18 silly audit report       vulnerable_versions: '>=4.0.0 <4.0.4',
18 silly audit report       cwe: [Array],
18 silly audit report       cvss: [Object]
18 silly audit report     }
18 silly audit report   ],
18 silly audit report   'socket.io-parser': [
18 silly audit report     {
18 silly audit report       id: 1115154,
18 silly audit report       url: 'https://github.com/advisories/GHSA-677m-j7p3-52f9',
18 silly audit report       title: 'socket.io allows an unbounded number of binary attachments',
18 silly audit report       severity: 'high',
18 silly audit report       vulnerable_versions: '>=4.0.0 <4.2.6',
18 silly audit report       cwe: [Array],
18 silly audit report       cvss: [Object]
18 silly audit report     }
18 silly audit report   ]
18 silly audit report }
19 silly packumentCache corgi:https://registry.npmjs.org/brace-expansion cache-miss
20 silly packumentCache corgi:https://registry.npmjs.org/minimatch cache-miss
21 silly packumentCache corgi:https://registry.npmjs.org/ajv cache-miss
22 silly packumentCache corgi:https://registry.npmjs.org/axios cache-miss
23 silly packumentCache corgi:https://registry.npmjs.org/flatted cache-miss
24 silly packumentCache corgi:https://registry.npmjs.org/follow-redirects cache-miss
25 silly packumentCache corgi:https://registry.npmjs.org/next cache-miss
26 silly packumentCache corgi:https://registry.npmjs.org/postcss cache-miss
27 silly packumentCache corgi:https://registry.npmjs.org/picomatch cache-miss
28 silly packumentCache corgi:https://registry.npmjs.org/socket.io-parser cache-miss
29 http fetch GET 200 https://registry.npmjs.org/brace-expansion 205ms (cache updated)
30 silly packumentCache corgi:https://registry.npmjs.org/brace-expansion set size:undefined disposed:false
31 http fetch GET 200 https://registry.npmjs.org/minimatch 302ms (cache revalidated)
32 silly packumentCache corgi:https://registry.npmjs.org/minimatch set size:168441 disposed:false
33 http fetch GET 200 https://registry.npmjs.org/flatted 311ms (cache revalidated)
34 silly packumentCache corgi:https://registry.npmjs.org/flatted set size:57858 disposed:false
35 http fetch GET 200 https://registry.npmjs.org/socket.io-parser 309ms (cache revalidated)
36 silly packumentCache corgi:https://registry.npmjs.org/socket.io-parser set size:66292 disposed:false
37 http fetch GET 200 https://registry.npmjs.org/picomatch 319ms (cache revalidated)
38 silly packumentCache corgi:https://registry.npmjs.org/picomatch set size:44414 disposed:false
39 http fetch GET 200 https://registry.npmjs.org/follow-redirects 332ms (cache miss)
40 silly packumentCache corgi:https://registry.npmjs.org/follow-redirects set size:undefined disposed:false
41 http fetch GET 200 https://registry.npmjs.org/ajv 384ms (cache updated)
42 silly packumentCache corgi:https://registry.npmjs.org/ajv set size:undefined disposed:false
43 http fetch GET 200 https://registry.npmjs.org/axios 402ms (cache updated)
44 silly packumentCache corgi:https://registry.npmjs.org/axios set size:undefined disposed:false
45 http fetch GET 200 https://registry.npmjs.org/postcss 428ms (cache miss)
46 silly packumentCache corgi:https://registry.npmjs.org/postcss set size:undefined disposed:false
47 http fetch GET 200 https://registry.npmjs.org/next 796ms (cache updated)
48 silly packumentCache corgi:https://registry.npmjs.org/next set size:undefined disposed:false
49 silly packumentCache corgi:https://registry.npmjs.org/@eslint%2fconfig-array cache-miss
50 silly packumentCache corgi:https://registry.npmjs.org/@eslint%2feslintrc cache-miss
51 silly packumentCache corgi:https://registry.npmjs.org/eslint cache-miss
52 silly packumentCache corgi:https://registry.npmjs.org/eslint-plugin-import cache-miss
53 silly packumentCache corgi:https://registry.npmjs.org/eslint-plugin-jsx-a11y cache-miss
54 silly packumentCache corgi:https://registry.npmjs.org/eslint-plugin-react cache-miss
55 http fetch GET 200 https://registry.npmjs.org/eslint-plugin-import 115ms (cache revalidated)
56 silly packumentCache corgi:https://registry.npmjs.org/eslint-plugin-import set size:238396 disposed:false
57 http fetch GET 200 https://registry.npmjs.org/eslint-plugin-jsx-a11y 119ms (cache revalidated)
58 silly packumentCache corgi:https://registry.npmjs.org/eslint-plugin-jsx-a11y set size:108835 disposed:false
59 http fetch GET 200 https://registry.npmjs.org/@eslint%2feslintrc 136ms (cache revalidated)
60 silly packumentCache corgi:https://registry.npmjs.org/@eslint%2feslintrc set size:83205 disposed:false
61 http fetch GET 200 https://registry.npmjs.org/eslint-plugin-react 136ms (cache revalidated)
62 silly packumentCache corgi:https://registry.npmjs.org/eslint-plugin-react set size:309843 disposed:false
63 http fetch GET 200 https://registry.npmjs.org/@eslint%2fconfig-array 157ms (cache updated)
64 silly packumentCache corgi:https://registry.npmjs.org/@eslint%2fconfig-array set size:undefined disposed:false
65 http fetch GET 200 https://registry.npmjs.org/eslint 190ms (cache updated)
66 silly packumentCache corgi:https://registry.npmjs.org/eslint set size:undefined disposed:false
67 silly packumentCache corgi:https://registry.npmjs.org/@typescript-eslint%2ftypescript-estree cache-miss
68 http fetch GET 200 https://registry.npmjs.org/@typescript-eslint%2ftypescript-estree 636ms (cache updated)
69 silly packumentCache corgi:https://registry.npmjs.org/@typescript-eslint%2ftypescript-estree set size:undefined disposed:false
70 silly packumentCache corgi:https://registry.npmjs.org/flat-cache cache-miss
71 http fetch GET 200 https://registry.npmjs.org/flat-cache 55ms (cache revalidated)
72 silly packumentCache corgi:https://registry.npmjs.org/flat-cache set size:50282 disposed:false
73 silly packumentCache corgi:https://registry.npmjs.org/@tailwindcss%2fpostcss cache-miss
74 http fetch GET 200 https://registry.npmjs.org/@tailwindcss%2fpostcss 1117ms (cache miss)
75 silly packumentCache corgi:https://registry.npmjs.org/@tailwindcss%2fpostcss set size:undefined disposed:false
76 silly packumentCache corgi:https://registry.npmjs.org/micromatch cache-miss
77 http fetch GET 200 https://registry.npmjs.org/micromatch 67ms (cache revalidated)
78 silly packumentCache corgi:https://registry.npmjs.org/micromatch set size:71776 disposed:false
79 silly packumentCache corgi:https://registry.npmjs.org/tinyglobby cache-miss
80 silly packumentCache corgi:https://registry.npmjs.org/fdir cache-miss
81 http fetch GET 200 https://registry.npmjs.org/fdir 78ms (cache revalidated)
82 silly packumentCache corgi:https://registry.npmjs.org/fdir set size:76905 disposed:false
83 http fetch GET 200 https://registry.npmjs.org/tinyglobby 82ms (cache updated)
84 silly packumentCache corgi:https://registry.npmjs.org/tinyglobby set size:undefined disposed:false
85 silly packumentCache corgi:https://registry.npmjs.org/socket.io-client cache-miss
86 http fetch GET 200 https://registry.npmjs.org/socket.io-client 69ms (cache revalidated)
87 silly packumentCache corgi:https://registry.npmjs.org/socket.io-client set size:195399 disposed:false
88 verbose cwd D:\Projects\Swasth-Raho\Frontend\hospital
89 verbose os Windows_NT 10.0.26200
90 verbose node v22.17.0
91 verbose npm  v11.5.2
92 verbose exit 0
93 info ok
